457
300
385
463
451
530
503
483
423
286
216
353
314
177
449
449
447
447
225
225
180
258
303
362
414
277
283
420
436
299
428
545
327
210
289
406
561
444
191
191
429
429
469
469
223
223
279
396
582
617
341
189
457
457
453
607
446
292
412
412
397
554
538
538
538
459
377
299
272
429
424
384
333
216
444
522
367
289
404
404
403
403
441
441
289
289
444
600
383
344
558
441
225
225
268
268
399
399
162
299
353
294
524
446
445
445
193
193
220
298
476
398
397
475
271
330
602
465
470
627
352
195
463
580
552
435
309
309
431
431
466
623
530
451
542
464
300
378
378
417
282
282
332
293
307
307
298
220
302
302
236
236
285
285
223
223
462
462
196
196
450
450
290
437
543
396
455
455
464
581
567
450
411
489
528
450
464
542
495
417
192
329
367
230
298
298
290
290
449
596
371
302
542
621
586
507
251
173
309
456
449
459
550
471
385
307
231
348
402
442
570
413
284
401
498
498
281
164
463
580
570
453
302
302
235
372
534
397
176
254
361
283
407
485
516
555
554
515
510
432
455
455
468
623
321
244
382
304
447
525
380
380
526
605
603
563
524
524
518
479
483
405
297
454
473
316
396
474
531
610
585
428
467
614
600
453
316
453
532
512
581
464
433
511
396
318
469
469
466
466
457
613
475
397
508
508
384
384
392
314
394
551
557
478
461
383
430
430
467
467
457
457
166
323
617
538
242
242
499
558
429
292
307
385
364
286
468
468
305
305
315
315
436
514
393
315
436
436
469
469
280
280
413
530
579
540
301
301
377
377
242
281
547
430
448
448
302
459
614
457
469
469
477
555
265
265
528
607
610
453
459
596
582
445
465
622
627
548
253
175
175
322
311
164
453
610
613
613
604
447
292
449
403
246
449
566
580
620
596
439
175
253
527
449
408
408
315
315
286
364
381
450
614
467
418
535
292
175
297
297
158
158
159
237
536
575
572
455
474
474
459
611
612
460
308
386
542
464
401
479
364
443
437
397
284
284
427
447
597
460
232
232
422
422
160
238
463
502
585
468
176
254
388
447
461
402
547
469
457
535
533
572
573
534
380
302
227
384
613
613
466
387
543
465
300
300
231
388
478
438
584
467
233
311
488
567
452
295
405
483
270
349
571
414
479
479
464
464
481
559
361
283
455
602
455
386
550
472
470
587
586
616
626
479
458
536
404
326
158
158
293
371
405
484
484
327
325
403
548
470
478
478
456
456
457
535
556
595
350
233
452
452
459
537
381
303
192
309
563
603
596
596
522
365
455
533
311
233
300
417
354
237
470
627
611
454
459
537
537
537
403
325
327
327
451
451
473
590
284
167
419
497
253
253
353
275
466
618
457
305
459
537
531
453
392
392
326
443
589
472
460
460
472
609
370
233
431
431
456
456
164
281
523
484
549
549
308
230
239
239
219
356
591
454
459
459
397
514
336
219
302
459
457
457
400
380
530
510
519
402
416
572
450
372
528
567
336
219
472
472
168
325
339
260
297
297
319
319
237
159
328
328
401
518
441
324
177
334
615
458
240
240
472
629
536
379
440
440
461
598
596
596
370
233
232
389
467
388
401
323
177
255
516
595
525
368
439
439
332
332
195
312
584
545
386
425
555
593
613
536
496
575
448
443
480
406
545
467
292
439
375
306
561
483
274
274
468
468
230
387
384
384
373
216
291
369
257
179
224
224
456
534
532
454
467
467
398
535
455
318
462
540
318
377
430
371
547
469
294
294
455
533
514
436
458
610
520
368
167
284
408
291
460
460
235
235
306
463
430
273
225
379
464
388
540
540
375
297
296
453
415
258
309
387
240
299
329
192
461
539
532
454
460
460
471
628
612
455
452
452
236
236
320
320
424
581
610
453
289
446
632
475
462
540
563
622
591
454
459
459
308
425
291
174
242
359
518
479
562
484
308
386
544
466
408
408
280
280
491
491
467
624
624
467
223
340
349
310
475
475
238
238
309
309
517
517
272
194
408
486
260
329
579
510
306
375
610
580
563
600
599
562
424
444
425
288
471
471
172
309
313
176
454
454
461
539
543
465
306
306
286
286
426
426
329
329
475
553
558
480
462
462
480
558
388
310
448
448
175
292
283
166
309
387
386
308
299
299
310
447
329
192
292
370
248
170
308
308
477
624
641
572
547
469
242
242
309
387
371
293
174
252
310
232
493
650
623
466
447
604
621
581
343
226
462
462
464
542
526
526
277
356
601
444
324
402
350
350
387
309
449
449
181
181
490
490
290
407
577
460
488
488
159
159
333
333
464
616
388
314
537
537
516
438
456
593
445
308
288
425
445
308
174
174
305
305
448
448
469
469
468
468
461
578
584
467
451
568
277
297
300
163
458
536
476
398
332
449
423
423
288
249
391
470
474
395
377
456
452
295
176
323
595
565
582
465
174
174
479
557
378
378
257
336
349
344
344
309
422
422
426
456
628
638
459
302
194
311
350
350
419
439
447
310
435
513
526
448
310
310
233
390
625
468
189
346
359
202
487
634
454
307
472
472
238
385
633
633
609
540
321
321
377
456
454
375
411
411
309
368
597
617
594
437
243
243
334
451
320
281
306
228
469
626
557
400
180
180
464
542
545
584
311
311
424
444
635
655
485
465
453
433
451
334
469
547
379
301
446
524
367
289
407
407
308
455
336
267
543
543
547
586
345
228
464
464
243
243
182
260
254
176
245
323
544
466
242
242
159
159
165
165
310
447
533
474
573
495
468
468
232
232
422
422
303
303
456
456
225
225
417
534
428
389
323
245
310
310
465
465
469
547
414
490
480
404
445
367
459
459
181
338
466
466
615
615
536
457
551
590
452
335
406
523
544
584
517
360
246
393
619
472
497
497
288
405
523
406
181
181
229
229
240
377
588
529
482
482
547
547
514
436
460
460
337
337
473
551
576
655
588
509
483
405
461
539
384
306
395
542
336
267
272
194
454
454
456
534
374
374
475
475
374
296
310
447
553
416
413
413
290
290
194
351
447
290
164
164
460
460
181
338
465
308
183
183
178
256
320
242
495
573
296
375
596
517
573
612
455
338
277
434
628
627
459
381
416
338
414
551
351
292
252
174
290
290
174
174
466
466
281
281
479
596
441
324
338
338
248
248
247
384
441
304
459
537
282
351
611
464
193
193
192
192
298
298
478
478
432
432
480
480
304
304
246
246
446
446
406
406
306
443
617
627
341
194
335
452
457
418
581
660
516
359
224
224
466
583
421
304
327
327
462
462
473
551
372
294
477
477
473
473
377
455
416
475
509
529
635
478
463
541
484
406
435
435
220
374
462
308
466
466
480
480
204
282
541
541
550
472
232
369
475
338
233
370
445
386
543
543
323
245
462
609
566
419
369
526
624
545
517
439
310
310
469
469
438
438
487
604
605
605
574
535
489
411
455
455
308
445
440
303
193
193
305
305
454
454
325
325
458
536
383
422
421
304
249
327
482
404
304
304
183
183
299
299
455
602
308
313
550
515
420
381
571
493
302
459
654
644
602
533
306
228
492
609
561
522
532
571
305
335
341
272
401
440
603
486
166
166
453
453
413
413
412
412
445
592
472
325
466
603
320
183
248
326
315
354
427
388
464
464
571
610
417
300
272
350
552
474
469
586
457
477
444
424
424
307
159
159
477
477
307
464
636
557
283
342
369
232
488
566
418
496
433
355
456
378
339
456
292
253
521
443
310
467
561
404
487
565
537
459
431
509
418
497
427
270
465
465
205
322
350
385
493
341
314
314
433
580
604
574
581
464
461
461
437
437
490
637
322
312
369
232
479
479
463
541
542
464
308
308
296
433
416
279
218
296
584
584
378
452
425
390
562
602
562
405
475
553
270
192
287
287
249
366
566
449
248
248
409
487
541
463
306
458
615
600
563
504
549
471
194
194
465
465
288
288
296
374
559
481
293
293
414
414
481
598
353
383
616
621
588
553
348
368
646
509
326
326
455
455
301
301
306
463
624
545
545
467
234
351
583
603
443
384
540
540
514
514
544
544
374
453
422
265
396
543
612
465
445
445
481
481
327
405
552
474
248
405
446
289
471
471
466
583
577
538
403
325
232
232
474
474
340
340
229
307
524
603
553
513
322
283
253
175
341
498
642
485
207
324
423
306
308
425
589
629
655
498
430
430
175
175
182
182
467
467
307
424
562
523
548
548
501
580
607
605
403
365
347
308
543
465
244
401
582
425
231
231
310
457
444
297
300
300
425
503
313
352
365
385
435
415
574
535
377
456
487
330
475
475
473
625
634
482
453
570
515
398
414
492
501
501
272
194
452
589
320
183
451
568
422
305
480
558
382
461
435
278
232
232
248
248
192
309
510
393
462
579
582
465
310
310
243
390
555
486
541
463
165
165
174
174
406
563
588
509
306
345
417
454
361
285
358
280
470
548
327
249
275
412
618
598
486
369
480
480
306
306
341
419
536
458
465
465
437
515
537
459
339
456
597
617
612
553
392
392
306
228
305
442
601
464
464
601
585
526
386
386
558
617
365
306
311
233
248
385
330
271
415
0
200
370
54
13
102
0
79
175
77
142
154
94
45
54
492
0
0
302
0
172
46
37
16
32
201
863
367
167
306
373
41
67
408
34
302
257
302
166
70
337
84
5
130
36
68
216
115
65
0
147
137
20
363
0
50
36
302
0
293
0
14
302
156
0
0
155
488
37
10
0
85
0
0
65
69
0
216
215
47
31
30
1962
668
84
185
147
22
237
482
15
14
114
821
163
193
151
90
66
38
110
147
1
1
167
200
143
56
122
105
173
302
249
67
23
8
87
302
228
64
131
26
7
36
13
93
81
199
190
77
63
0
80
79
39
149
302
1700
792
80
283
139
9
546
38
79
190
111
148
128
0
15
78
1950
1105
154
23
1074
865
386
163
632
123
127
0
447
333
213
104
84
17
10
37
0
23
429
18
77
82
31
111
189
331
806
0
25
123
587
434
147
129
342
124
510
92
24
162
276
73
125
60
66
2
132
366
175
267
301
111
10
47
22
4
147
267
90
116
104
68
110
69
148
0
184
80
64
70
297
302
158
231
302
72
167
21
322
437
84
3
148
79
1
2071
938
1
891
43
139
154
523
14
58
65
120
1978
725
15
1184
538
668
275
302
121
33
1182
805
154
19
66
209
394
74
33
274
254
15
0
118
127
3
148
2
143
95
58
0
0
163
101
151
32
302
0
501
231
1
330
158
8
226
70
163
4
79
67
0
4
34
74
81
7
136
39
121
12
9
293
135
166
85
162
533
214
85
2
0
185
173
0
229
70
282
215
45
306
16
4
288
1
84
38
381
2280
350
167
96
0
73
542
310
367
0
87
10
59
147
414
196
76
336
38
163
16
0
191
271
271
357
302
172
103
302
82
386
191
27
305
28
302
256
61
0
35
22
91
58
0
55
265
14
258
52
76
1816
609
12
220
49
273
40
23
202
83
8
118
3
278
1
9
104
68
13
297
573
40
190
18
17
89
43
52
36
92
9
50
0
49
134
146
188
1
18
2
21
210
122
24
17
153
82
63
27
182
243
328
1
10
113
235
0
280
41
0
67
0
2326
818
785
170
46
54
147
1
136
1178
255
280
15
6
1011
699
436
415
92
120
441
167
252
29
95
171
1282
477
452
313
508
0
166
302
169
20
181
257
4
303
238
50
13
8
97
1551
1098
11
123
43
130
839
322
455
2
31
15
0
155
64
36
43
71
244
158
42
1970
864
556
165
823
6
9
119
85
147
0
46
0
9
233
57
14
119
11
17
142
70
297
43
50
14
302
413
0
63
61
75
3
41
33
147
12
85
7
69
67
20
306
98
0
1609
556
105
254
235
0
302
114
272
318
302
463
174
14
64
220
70
311
93
37
81
70
46
325
0
7
21
25
0
180
226
134
178
44
400
7
88
329
8
30
19
67
302
358
90
0
6
302
407
152
68
352
8
2
49
0
0
51
212
39
79
147
1884
816
395
309
56
657
19
26
302
1
312
131
2120
947
323
22
629
655
18
169
50
130
451
34
144
29
50
87
160
3
81
208
0
16
263
149
214
131
178
3
65
4
0
1
1
1
177
25
70
302
395
42
0
73
0
302
210
57
116
7
42
63
50
186
70
191
66
201
300
368
27
74
191
151
3
236
57
262
51
5
52
94
49
309
248
0
302
192
30
38
148
193
0
62
49
83
23
137
135
50
88
10
0
182
33
23
72
78
147
1
1
209
120
33
79
24
27
81
350
995
44
1
127
11
1
0
39
152
274
242
112
95
1
399
54
302
184
142
233
52
0
303
321
39
15
165
238
187
90
195
119
2
98
7
302
318
157
58
0
7
1891
438
231
0
412
0
283
13
302
30
1
657
39
91
70
25
107
117
36
30
0
15
147
295
51
79
147
54
224
33
0
50
101
180
137
114
219
125
49
288
150
50
153
302
344
147
204
83
157
65
101
20
303
1
437
172
20
231
109
70
123
302
305
44
91
234
135
128
0
24
136
58
40
147
162
89
56
69
56
172
118
61
20
71
186
302
217
85
291
28
304
2457
1186
1128
134
25
24
199
14
0
16
110
461
5
211
5
136
125
0
201
179
193
0
297
285
0
303
30
255
153
97
83
148
0
437
168
160
41
168
35
653
302
302
144
132
579
86
0
99
79
40
0
106
130
41
94
44
57
205
8
31
301
4
61
84
33
24
302
364
197
0
212
6
0
188
316
58
60
26
100
33
19
8
23
3
147
1
50
207
19
36
0
7
23
115
281
38
277
242
18
335
450
3
104
147
76
172
6
94
117
66
33
22
27
148
181
107
1
272
268
0
20
360
2
19
1742
78
190
22
165
513
240
147
147
52
302
402
129
452
2286
740
1256
95
318
104
1
5
103
407
166
242
266
98
70
278
198
203
14
43
25
36
34
244
88
309
264
121
14
99
100
53
115
131
185
126
115
0
200
302
202
2462
0
589
302
725
977
573
249
303
111
215
24
128
147
387
79
40
6
389
4
10
178
27
28
148
52
302
267
14
119
0
95
108
147
15
0
299
7
3
153
41
23
97
39
7
131
2204
317
621
332
862
296
146
129
24
86
302
400
31
77
55
0
61
99
99
12
75
52
13
94
15
126
112
70
262
254
228
65
27
202
121
203
154
21
70
378
53
0
46
5
7
152
43
178
34
22
137
44
1
39
72
149
0
84
24
302
286
147
1
35
26
128
2
90
74
69
95
48
0
4
146
335
377
81
83
28
31
110
24
147
19
32
159
288
1
63
187
88
41
156
5
169
21
148
4
93
1
3
64
169
4
104
27
0
72
322
306
254
85
19
175
20
39
171
10
127
39
24
180
147
202
254
32
133
49
109
24
313
281
245
69
105
17
36
302
344
3
30
28
13
99
73
30
28
70
55
78
2
78
42
54
68
123
46
52
191
130
80
86
151
79
48
302
330
57
24
1
13
54
303
263
1
25
45
122
24
1
1285
583
65
29
3
3
3
1842
260
145
1129
46
103
150
147
1
30
170
94
302
1
0
267
1947
1153
9
236
209
19
101
558
327
0
26
13
136
29
107
0
147
137
29
69
7
169
39
253
1
142
164
63
302
310
299
378
97
2
68
210
11
75
147
213
1059
298
32
105
108
5
119
54
152
293
36
302
295
14
18
53
77
11
211
18
330
15
565
178
49
5
39
122
128
174
1
264
154
28
302
126
20
4
46
303
26
177
905
308
62
288
47
142
111
102
134
48
5
228
15
146
124
116
110
304
164
210
56
167
229
6
323
98
46
49
16
2298
933
1155
304
2
65
49
144
241
147
4
192
3
61
6
147
103
226
11
21
147
1
15
178
47
74
149
302
14
19
316
296
270
248
0
73
38
1
68
66
145
74
175
28
38
1
18
33
33
3
19
147
140
140
0
117
145
287
293
0
0
71
97
62
50
164
68
0
118
188
8
188
76
214
65
0
130
75
147
39
282
307
185
291
489
24
31
58
305
25
413
14
41
10
43
18
158
2638
1340
250
847
303
28
238
7
2
0
0
77
9
412
148
30
57
22
295
1
277
4
35
118
147
316
303
4
248
5
46
118
79
20
67
147
1
0
59
20
54
50
44
95
2841
0
894
253
214
1179
57
57
151
522
87
301
130
149
59
46
56
60
25
14
10
70
16
1
221
176
51
109
31
149
263
261
8
81
21
49
302
125
43
71
147
74
144
22
303
192
187
7
205
1
35
292
40
119
173
106
1
2
157
161
141
4
94
23
162
270
49
0
148
153
55
19
1
147
77
133
110
136
86
119
313
15
327
77
32
107
197
40
298
52
228
147
293
58
37
3
132
1
0
0
0
62
0
0
0
143
1
4
14
1
265
28
1
175
0
190
0
302
262
40
5
24
76
267
1
143
8
70
88
452
19
86
4
88
1
157
302
210
122
71
373
11
81
144
1
132
28
11
27
92
147
121
2496
532
847
1416
77
15
33
3
0
3
302
282
201
14
0
57
147
291
248
238
101
30
4
1563
1230
741
1212
22
57
68
180
184
214
133
225
23
0
303
109
381
134
42
8
26
1
2315
1354
703
169
69
285
67
238
51
90
210
238
198
187
302
4
99
150
147
1
102
9
197
2500
1183
0
158
139
147
114
11
363
520
1
52
31
123
146
236
84
52
16
97
122
315
53
7
1873
372
148
230
532
0
300
1
411
164
4
0
87
2060
1336
312
576
0
163
90
29
123
78
268
41
42
80
101
1138
371
34
11
147
446
308
109
147
146
0
42
30
278
0
29
40
27
0
181
153
92
80
174
125
71
34
46
115
106
273
4
30
238
34
148
165
303
283
20
3
34
31
13
16
302
379
27
80
181
189
111
22
123
89
1
70
1803
272
429
13
147
1
3
147
105
147
597
8
65
129
43
115
0
39
95
37
42
2277
1014
80
17
259
991
0
9
115
42
1
110
12
21
93
7
1
116
61
1
7
41
0
44
128
0
97
0
127
154
69
106
36
2337
1339
812
25
7
302
2
247
1
94
147
106
28
82
64
37
38
425
118
96
22
15
151
161
16
203
116
147
22
250
88
108
69
1
65
95
61
18
87
177
95
159
17
175
0
71
168
1
17
147
141
70
76
23
36
2
8
148
109
1
152
304
32
276
23
34
38
29
39
25
14
88
0
147
302
46
271
18
51
66
4
1
1
113
219
47
1
91
214
33
111
121
29
47
282
347
1
7
51
202
219
42
124
34
303
34
288
302
43
226
0
28
76
306
315
71
147
226
16
104
41
80
108
0
15
11
9
105
19
80
187
52
61
147
0
139
22
0
73
17
30
34
30
34
89
213
13
129
54
19
4
51
47
38
82
118
28
68
59
291
324
256
177
70
376
247
285
40
9
232
220
304
378
133
49
147
3
191
191
21
113
233
2851
1239
235
1035
18
19
13
33
147
110
282
462
68
36
362
77
133
0
12
225
1
15
0
55
5
12
11
205
216
186
26
197
67
77
30
3
20
152
2652
136
1104
1277
92
147
0
185
2
134
4
35
16
32
148
423
4
112
22
5
13
84
0
121
302
0
372
12
303
293
137
303
379
46
26
182
49
0
12
125
275
198
234
302
0
260
7
1718
161
211
81
70
540
98
86
220
183
517
175
340
58
47
150
0
149
249
174
167
232
25
12
3
302
69
60
4
158
10
85
4
24
91
29
153
245
85
1
83
32
147
143
18
43
147
291
14
67
298
10
207
469
246
6
9
302
197
1
41
237
115
158
71
327
193
1
152
1
28
68
0
14
79
194
17
147
77
141
8
168
8
212
77
153
427
8
32
2973
841
1442
739
2081
438
29
381
302
302
190
73
159
503
12
49
192
189
177
177
381
275
328
98
109
18
162
326
242
96
248
32
119
15
314
192
106
302
211
0
2
147
418
72
122
1
190
0
280
29
64
74
78
19
115
93
235
111
302
159
75
121
247
20
162
2342
1205
16
293
23
37
297
737
42
40
42
275
13
24
19
590
60
149
308
372
2
43
6
91
79
0
88
232
66
208
67
208
5
310
392
27
52
59
45
176
121
33
284
332
173
44
7
106
151
147
75
57
26
277
402
175
287
164
95
1
180
161
156
302
280
70
95
2
374
2339
1073
6
1355
97
147
0
125
79
32
13
147
238
81
133
2
9
5
50
100
155
153
271
40
488
116
235
64
89
140
37
50
122
217
151
126
81
73
38
0
180
1
153
2744
840
611
1
124
46
1378
32
1446
277
302
674
191
112
78
120
0
14
0
252
87
63
33
21
106
302
164
290
0
57
79
57
1809
540
34
57
395
198
108
19
194
140
155
1954
868
263
85
131
89
997
5
2
14
0
259
247
21
119
27
75
0
111
100
243
32
406
0
7
273
35
28
2
190
10
51
0
22
120
2
62
17
54
20
158
157
288
202
303
348
77
22
119
192
144
10
119
24
302
317
76
302
200
150
1
127
85
0
207
302
302
79
70
38
140
302
0
293
18
91
75
29
255
252
17
79
697
69
80
147
485
187
74
0
157
147
302
143
39
195
343
130
97
1
102
53
15
302
6
291
130
44
147
90
72
180
318
189
2117
676
25
292
25
20
21
2
501
303
1
0
14
408
168
52
376
194
208
24
18
13
65
7
62
1
147
2541
721
322
1150
7
303
312
272
1
219
446
181
79
9
39
254
49
171
188
306
371
143
80
1
28
45
42
91
33
134
101
79
307
324
179
209
9
147
122
171
43
160
124
302
384
302
234
40
112
20
70
0
275
4
166
1965
143
355
1310
916
692
184
193
379
148
1
0
168
345
1
159
24
55
224
4
52
115
274
85
182
14
40
441
142
307
0
115
314
23
21
28
68
305
310
2673
1298
0
32
19
1061
164
79
68
115
27
162
2
85
24
6
103
125
143
1
0
82
143
14
1
569
11
302
21
74
127
31
258
180
122
47
3
19
35
307
4
284
303
300
171
121
147
164
35
68
40
5
15
147
3
72
139
9
0
34
198
0
59
92
107
28
121
100
75
38
7
0
53
147
0
78
136
248
109
48
69
302
0
343
130
11
11
143
7
145
303
9
14
250
148
209
24
169
1
111
10
150
1205
0
1205
568
32
228
1155
44
26
89
5
0
0
109
22
70
141
117
120
64
8
464
212
155
1858
514
302
120
218
20
151
8
137
15
0
31
143
303
475
200
19
71
832
499
284
272
129
431
85
74
1
272
1
343
1
55
73
37
318
128
30
252
315
43
1273
1
1
415
41
259
152
61
178
413
611
249
387
1
189
134
475
2
6
12
70
208
152
227
12
45
37
63
153
5
19
358
81
0
8
303
207
158
1
44
145
132
203
195
262
151
130
0
97
10
148
0
2
131
67
0
1
104
302
253
148
154
82
1
56
77
86
289
394
8
6
49
13
304
177
103
20
53
0
