16
11
2
17
17
31
24
10
51
43
32
7
16
0
2
43
6
29
22
5
56
22
22
48
0
8
12
21
31
28
49
20
8
28
25
13
25
38
36
20
4
6
37
1
16
25
1
26
4
13
29
17
46
27
18
44
15
27
52
23
15
55
46
15
10
19
52
34
1
24
30
35
10
43
34
15
23
16
13
15
39
35
3
25
5
16
60
23
22
30
34
21
40
6
52
13
15
14
33
31
25
16
11
11
1
19
36
34
16
14
20
18
13
53
10
25
22
57
1
9
15
37
16
43
13
4
53
1
15
33
12
23
8
12
10
0
19
6
64
52
1
50
46
15
41
7
39
17
19
24
21
24
15
47
3
45
59
35
21
28
48
34
15
11
2
44
46
55
39
15
7
2
53
40
3
1
38
3
29
31
18
31
3
29
49
34
35
30
25
46
9
39
30
42
46
62
5
37
24
26
4
28
32
47
35
6
43
5
7
5
43
37
55
17
17
38
10
16
58
45
52
2
11
25
48
1
34
3
64
53
56
32
63
1
44
3
50
63
56
59
50
48
26
32
4
23
36
42
7
19
22
4
36
28
2
9
27
4
31
48
7
29
48
13
21
8
16
11
36
53
3
6
13
16
56
18
9
22
27
2
31
17
54
9
28
36
31
18
17
16
14
6
40
46
49
8
37
33
6
6
58
2
1
24
5
55
45
3
48
16
49
41
4
19
59
5
18
43
29
24
3
15
31
7
8
38
5
17
29
12
26
15
30
1
1
51
15
31
26
38
45
48
9
31
28
17
3
34
64
33
34
34
14
3
14
0
14
10
27
23
0
12
30
26
43
19
22
26
0
5
8
3
19
48
35
8
16
2
47
23
20
16
28
49
31
1
4
1
33
18
5
3
66
20
31
45
13
47
13
15
19
10
59
40
34
65
15
35
37
50
0
36
3
52
4
35
32
25
38
16
3
0
9
28
18
62
0
13
23
20
3
44
36
18
39
16
29
47
19
1
9
3
33
16
18
9
21
36
12
7
20
52
12
19
25
0
40
48
33
44
15
29
26
14
16
36
3
53
4
29
38
35
36
46
24
6
32
6
8
22
54
17
9
18
2
1
34
51
12
21
38
35
14
5
17
44
31
2
7
28
23
0
9
4
61
41
4
6
8
0
34
23
40
56
55
13
12
14
57
44
24
32
16
43
31
15
13
44
9
9
7
17
48
8
17
28
18
41
39
19
1
25
47
18
5
54
62
19
34
23
5
16
41
22
25
52
9
31
14
13
34
2
36
22
7
0
9
17
3
52
38
29
21
22
13
13
25
49
17
20
8
36
29
17
28
28
11
2
11
33
21
2
15
6
31
27
11
34
12
47
18
13
1
50
24
13
9
1
26
49
9
9
32
26
53
13
4
53
2
20
3
37
48
38
43
30
16
34
20
1
36
10
50
15
0
9
4
40
6
8
11
21
49
9
7
19
32
47
29
11
36
39
10
23
60
52
48
5
35
64
3
41
47
17
16
13
33
28
2
36
53
14
3
58
49
24
13
50
16
21
1
2
21
40
50
42
21
1
30
22
4
14
18
31
21
3
31
17
14
2
0
8
17
63
21
15
2
9
18
14
10
26
23
13
31
20
8
16
24
9
23
42
3
29
22
3
5
30
8
35
0
25
4
31
4
24
6
19
16
8
36
2
55
19
3
5
48
14
18
1
14
0
11
21
38
38
0
0
28
10
44
33
47
49
28
21
13
3
27
5
26
31
15
21
3
22
21
39
16
16
31
13
1
26
1
11
21
10
31
23
18
46
36
22
40
8
38
23
55
39
3
26
13
40
35
21
14
31
2
2
28
5
49
23
22
30
31
20
10
45
59
3
36
4
2
14
21
1
3
22
8
4
6
20
34
34
8
14
31
16
29
35
7
6
12
41
2
16
17
58
22
40
26
4
20
0
32
26
4
14
23
17
0
12
41
32
37
4
16
21
15
34
41
38
0
60
22
60
50
0
30
31
48
54
20
31
56
18
35
20
12
38
10
21
20
40
65
25
12
37
10
6
26
11
26
15
34
42
19
37
53
26
16
37
40
6
5
56
27
5
60
25
43
37
52
15
0
3
0
3
17
16
20
13
42
33
42
11
47
21
15
18
2
15
40
1
1
16
0
4
40
40
0
9
28
36
19
19
13
29
10
8
22
12
48
34
11
39
49
42
9
60
33
10
22
41
8
37
25
31
20
21
53
4
7
35
57
11
21
0
28
8
29
35
37
42
17
55
0
11
32
14
45
14
22
1
45
14
10
34
56
9
25
29
0
3
10
2
49
16
52
12
4
34
3
1
44
6
0
65
9
12
11
34
48
53
41
52
30
24
28
4
46
9
24
16
43
17
30
0
13
27
7
11
50
12
6
31
16
14
4
5
36
0
30
19
1
34
60
43
31
64
1
15
25
5
3
37
22
19
20
11
5
25
50
48
8
29
15
14
27
37
2
12
39
8
28
29
21
18
15
8
1
12
33
8
20
29
47
22
32
42
21
7
51
18
20
28
11
32
14
29
6
10
4
1
30
4
53
13
40
23
30
0
28
23
56
19
32
0
19
10
5
5
51
13
2
0
6
26
5
37
14
7
17
19
16
8
10
8
11
21
9
8
44
0
6
17
1
35
11
51
36
52
16
56
8
27
19
60
39
43
18
57
15
47
30
51
2
1
42
47
37
22
32
49
28
8
0
4
17
17
36
3
35
22
20
48
31
38
49
0
9
13
14
12
16
21
28
47
15
30
7
21
37
59
20
46
35
48
47
53
19
31
40
2
12
1
1
17
12
45
54
4
40
0
18
5
59
0
24
17
19
24
42
4
20
38
6
32
10
5
4
16
42
49
64
12
32
38
13
54
29
52
5
25
25
16
52
37
18
13
17
27
2
21
2
30
9
8
56
13
23
14
12
43
2
51
20
40
61
33
29
7
0
36
53
48
28
39
43
12
10
26
55
29
6
52
39
34
0
51
11
16
16
48
4
18
10
5
23
46
0
4
17
8
48
50
46
24
6
16
35
50
19
14
26
0
34
8
19
42
63
16
10
14
7
39
35
9
2
32
38
46
9
56
26
25
51
3
10
47
19
50
22
3
3
37
48
37
14
9
15
6
24
11
35
28
13
20
23
25
13
6
33
12
22
19
22
0
18
12
4
48
32
15
63
35
52
10
58
1
32
3
39
40
24
29
31
37
7
50
52
4
35
16
56
15
30
35
52
64
7
31
26
10
9
2
34
10
8
24
25
27
12
0
4
18
13
15
26
32
2
22
18
52
5
16
10
2
32
16
12
9
63
35
0
32
50
9
35
3
6
26
33
63
23
6
38
32
15
32
6
0
31
22
33
14
18
19
18
5
62
65
4
32
0
7
48
24
25
25
21
19
6
60
1
8
19
12
3
2
10
50
34
12
10
27
5
27
8
4
10
19
22
20
26
4
31
14
39
59
51
0
32
47
46
8
37
12
25
44
56
13
17
6
40
25
30
2
23
5
3
28
22
36
38
34
15
21
20
21
43
1
0
35
8
18
25
6
29
20
8
30
56
25
11
55
13
31
12
38
3
11
5
34
53
15
52
13
1
29
23
30
3
5
1
5
15
1
8
29
21
8
0
44
18
8
0
33
18
2
52
28
32
37
2
44
25
19
11
3
43
2
14
12
12
29
57
44
44
21
48
16
40
20
12
16
30
18
3
17
49
2
23
3
39
22
55
2
46
39
10
7
24
53
22
35
18
12
10
2
31
3
16
22
3
4
10
14
23
53
15
16
5
9
4
56
26
55
26
33
29
36
20
34
31
43
13
40
7
49
24
38
16
61
40
33
34
21
2
13
0
46
17
23
20
50
29
59
27
1
48
29
56
0
25
50
34
26
15
10
7
9
9
52
41
41
47
50
55
41
30
1
23
29
1
34
9
27
5
27
11
36
15
3
39
44
37
27
12
0
60
50
22
48
32
5
4
37
25
8
8
47
9
7
9
24
32
4
3
18
52
13
37
7
25
18
3
0
3
21
44
18
3
52
18
5
30
31
55
50
35
13
44
13
32
19
22
15
21
63
0
24
5
46
4
38
20
6
0
20
27
9
35
19
53
8
10
24
17
34
48
12
3
33
19
12
34
22
56
3
12
20
21
34
10
5
31
28
5
48
27
21
13
44
22
30
41
11
24
29
20
39
2
17
6
38
21
44
11
31
21
44
21
35
48
50
14
40
13
43
8
36
1
9
3
1
8
3
20
2
30
40
10
63
23
6
18
38
20
13
5
16
18
3
25
2
65
50
7
2
2
13
21
1
31
19
12
22
0
0
27
60
12
25
17
17
18
8
30
44
18
37
36
15
39
31
13
18
4
61
21
8
36
17
16
48
20
20
31
14
14
18
37
1
26
12
43
19
5
25
2
8
22
48
14
16
39
24
9
19
38
5
36
35
18
30
62
1
40
2
65
5
34
20
12
2
10
16
3
3
20
3
33
22
8
36
38
9
13
2
38
47
21
11
22
24
23
26
8
39
13
42
18
46
30
41
8
11
29
46
33
45
26
30
28
16
6
32
42
18
1
34
19
21
6
26
18
31
24
8
50
26
10
13
20
38
8
10
5
14
2
10
29
36
59
38
35
14
32
5
7
21
12
34
8
6
55
9
43
37
39
49
32
9
32
32
26
13
5
38
29
25
61
61
0
9
55
8
33
9
18
37
10
30
11
6
19
13
56
35
6
36
10
16
8
5
11
1
15
8
18
40
39
5
8
4
36
56
23
65
30
13
36
15
17
16
17
17
11
8
9
3
15
55
20
51
37
36
27
16
14
33
30
26
1
62
39
12
8
1
4
24
15
31
15
12
6
8
29
1
20
0
15
50
4
1
15
11
14
36
1
59
10
36
35
52
6
14
2
37
7
2
36
50
37
2
54
8
0
49
10
13
4
5
32
41
1
8
7
59
10
58
50
13
1
17
0
21
29
12
23
16
44
8
8
46
4
23
15
26
11
32
28
10
10
7
23
18
10
4
11
2
65
24
50
39
1
51
34
34
15
8
21
43
42
36
4
50
45
20
4
65
14
0
34
61
36
24
53
32
14
61
54
43
8
16
12
23
45
2
17
10
40
37
33
2
27
10
16
6
53
1
23
17
10
23
12
50
21
9
1
10
43
36
41
32
7
19
31
2
32
25
19
25
40
28
10
22
22
48
32
13
7
30
5
38
64
0
61
29
15
36
37
25
2
5
48
38
3
27
4
62
60
17
59
14
6
17
16
14
43
2
6
21
5
0
0
13
21
20
13
21
36
24
50
0
31
35
5
37
12
40
0
2
4
37
27
11
3
10
55
5
52
4
42
50
5
4
47
4
17
13
22
21
25
46
16
62
3
31
7
14
8
5
55
36
37
55
21
4
62
11
40
16
47
49
20
19
48
18
5
50
14
28
51
6
22
31
30
8
39
12
66
11
1
17
11
31
6
19
8
15
11
10
7
27
20
6
46
60
10
18
35
4
17
31
40
43
31
28
22
28
58
8
44
22
2
38
6
29
45
31
16
7
8
8
37
20
17
29
25
28
15
11
13
25
48
17
7
9
17
50
2
55
40
47
21
64
19
34
4
4
20
49
36
51
16
34
36
28
47
21
29
9
18
0
55
18
21
36
38
1
60
10
36
45
31
8
31
48
12
37
49
8
23
31
49
61
21
9
19
16
54
0
39
8
43
33
40
6
9
7
13
1
4
10
8
15
17
3
8
4
16
43
22
40
17
19
6
15
22
22
55
3
3
21
61
5
10
0
40
15
27
0
0
3
16
37
33
10
24
56
39
12
18
46
36
37
27
60
8
22
2
45
21
50
21
13
5
6
41
34
5
0
37
8
31
31
53
19
48
30
23
14
2
8
34
5
39
8
22
2
0
14
40
20
27
61
51
44
33
31
16
47
9
32
13
21
34
36
16
10
37
39
29
19
16
42
29
31
39
9
35
8
18
44
2
2
55
21
21
29
38
15
44
40
7
58
5
49
32
24
26
29
41
28
5
18
13
48
60
32
11
24
23
1
47
9
2
7
13
3
8
28
0
9
24
14
15
11
31
0
15
8
6
3
13
63
8
28
8
32
5
11
26
4
56
38
29
27
32
57
17
27
33
26
30
34
35
64
32
46
18
17
11
5
15
48
23
32
11
21
1
25
2
29
44
7
36
30
14
14
1
21
47
11
32
56
60
60
20
44
8
12
16
43
8
44
34
51
47
19
0
50
14
56
29
12
30
13
8
12
16
16
0
0
15
11
24
44
13
4
2
33
19
23
43
7
39
16
33
18
27
11
60
38
8
4
23
37
25
12
29
15
32
15
22
49
26
24
24
9
3
8
64
46
49
5
30
48
28
0
23
62
4
4
19
6
11
13
15
20
19
27
53
49
47
47
1
16
19
13
0
12
61
23
13
5
2
36
9
13
26
45
0
33
1
16
33
46
3
2
27
46
11
47
8
5
34
32
33
22
39
16
9
58
41
12
39
19
1
27
20
62
37
21
9
48
22
21
30
19
5
17
2
15
48
24
37
12
12
5
19
34
40
52
19
18
34
9
11
3
19
16
22
30
19
26
13
55
15
26
22
57
14
37
2
51
3
30
15
11
53
49
22
24
6
17
5
1
5
19
13
4
16
4
12
6
24
0
44
48
52
15
33
9
14
12
7
37
27
39
11
0
57
51
22
40
49
6
11
11
0
33
21
12
33
28
4
36
5
2
25
7
7
10
19
8
51
34
26
18
14
4
22
13
4
54
19
36
28
8
31
9
10
0
32
0
25
12
19
36
25
29
26
13
15
18
2
26
42
34
3
8
23
20
2
3
24
65
9
1
19
42
27
15
2
35
12
16
27
24
59
6
2
34
0
11
10
47
17
33
32
4
30
16
16
0
0
23
15
5
4
32
17
12
28
5
4
52
64
7
28
26
23
58
37
4
10
13
56
36
3
20
16
34
0
6
32
60
46
19
13
4
25
60
5
46
9
19
16
7
8
34
10
49
24
29
56
5
8
37
4
41
37
45
37
28
8
31
13
32
36
26
3
7
12
8
19
2
11
47
38
29
8
39
24
36
48
52
4
22
42
50
35
4
49
21
8
50
26
29
1
0
10
7
4
30
34
31
24
30
6
50
3
24
21
57
48
15
8
48
38
26
21
15
3
53
42
65
18
32
41
15
9
47
15
28
34
47
41
7
34
26
8
23
47
24
14
10
19
25
61
13
23
48
19
23
23
15
33
22
14
25
8
9
8
8
26
3
30
41
18
39
16
24
0
13
64
3
13
16
26
5
37
5
56
3
32
1
12
11
26
33
26
17
16
39
33
12
32
11
13
22
56
8
60
2
52
32
6
48
42
35
1
22
59
14
33
22
14
16
35
29
5
15
37
6
2
14
46
29
8
14
42
14
18
6
11
60
46
28
61
8
0
27
56
1
4
36
35
9
20
13
6
1
31
12
25
14
15
34
0
22
13
47
35
47
34
13
39
25
44
43
22
16
25
49
11
0
30
22
40
25
48
32
8
48
11
21
31
53
23
40
13
19
27
13
21
9
36
19
24
18
8
2
20
10
23
16
38
19
35
10
27
12
54
21
46
2
17
3
41
48
20
55
13
37
55
8
55
16
9
40
3
28
11
37
7
13
43
18
5
53
22
2
13
19
3
6
7
34
28
31
10
5
46
8
48
3
56
31
7
28
11
47
34
27
44
5
3
38
30
19
6
26
1
1
4
28
4
19
1
6
14
26
6
13
32
10
1
10
21
57
1
23
0
38
19
2
27
11
16
20
26
4
53
44
11
55
16
12
8
2
14
16
4
1
21
4
2
11
18
6
4
22
16
14
5
4
52
11
56
14
42
56
13
18
48
2
0
5
5
25
1
50
26
13
33
6
33
2
18
4
46
51
49
48
40
4
6
22
22
8
6
25
13
1
16
60
6
2
18
1
21
54
26
37
26
24
4
48
6
10
14
4
6
51
35
18
27
48
22
30
2
1
13
34
10
7
16
34
10
6
12
27
40
59
24
21
1
1
1
1
0
46
44
1
6
36
27
2
50
14
49
21
9
33
4
38
34
2
1
13
26
9
27
35
14
7
17
24
38
60
5
4
29
12
24
14
11
39
8
31
35
10
7
40
16
14
35
5
19
13
24
24
23
50
37
35
21
37
31
17
44
42
29
13
61
30
17
17
7
17
15
13
26
6
0
38
32
20
1
8
4
40
35
8
31
35
5
25
18
3
0
2
30
60
49
1
7
58
29
2
24
15
30
8
26
35
24
35
1
28
8
25
13
17
28
36
8
30
20
3
1
40
3
11
3
37
20
18
11
17
39
2
46
21
22
21
11
12
6
11
25
6
36
37
0
3
37
39
3
46
16
56
2
11
3
2
30
29
16
28
15
37
46
55
28
4
13
9
30
5
35
60
1
10
40
32
16
22
1
25
31
0
5
37
15
60
15
7
7
13
3
14
36
15
33
21
21
27
31
8
14
34
13
9
24
23
45
6
40
18
12
63
1
2
8
32
45
38
38
1
8
18
52
15
32
22
20
25
40
28
33
40
14
2
22
22
18
34
8
39
12
26
13
27
1
20
26
1
13
46
37
9
52
35
20
44
46
63
0
15
11
8
18
3
46
48
46
32
23
24
29
14
5
28
50
31
60
13
7
14
61
31
38
8
16
25
23
44
19
7
12
56
43
8
0
5
65
6
50
13
28
19
36
6
41
12
30
20
4
0
49
60
17
28
42
56
15
1
51
35
11
5
21
43
8
8
10
22
17
29
27
7
4
42
44
26
25
34
36
6
8
54
40
29
21
5
27
8
30
6
15
5
32
37
4
44
20
37
5
4
15
29
46
55
59
26
1
3
6
0
39
33
49
36
22
3
9
13
6
47
37
54
0
21
15
34
65
10
48
6
7
7
19
44
33
9
40
19
16
25
31
8
44
26
18
14
32
8
6
15
24
0
7
23
18
6
55
11
20
9
22
15
10
17
31
48
15
28
23
27
33
56
15
3
10
23
44
2
33
21
52
13
34
36
2
29
22
12
1
16
28
39
16
4
14
47
29
40
8
39
8
33
7
7
16
63
16
4
33
4
27
65
45
1
47
14
32
48
14
47
44
37
25
43
16
38
8
2
48
15
11
14
48
27
3
15
55
18
7
13
3
16
18
25
46
4
17
53
7
4
2
39
25
38
8
17
33
0
5
33
56
21
7
0
17
7
23
19
29
32
16
2
12
3
18
45
12
13
32
36
6
2
36
38
18
55
12
6
20
57
26
55
4
62
6
14
8
15
19
60
24
30
34
29
11
38
18
27
28
40
15
40
28
44
60
48
29
31
32
24
42
0
14
16
49
19
52
34
4
4
44
11
8
31
36
36
14
8
0
9
38
1
29
11
12
40
27
33
0
1
2
5
50
1
45
52
22
42
0
3
13
23
18
31
13
13
2
21
57
24
0
14
2
44
21
15
34
63
25
48
45
12
38
16
5
38
11
4
35
3
50
31
2
53
30
2
17
22
22
38
17
17
21
22
50
49
24
29
44
11
2
0
29
23
32
26
24
42
36
16
14
14
50
18
44
52
14
18
16
2
1
12
6
11
59
16
1
6
10
3
50
27
32
39
13
2
19
41
9
11
15
40
13
59
3
43
33
5
37
29
5
46
13
4
7
34
22
25
8
15
58
35
1
11
15
0
22
52
21
26
56
7
36
64
5
3
36
10
26
15
16
35
33
18
34
6
16
18
22
2
15
12
23
34
59
12
20
64
29
38
25
1
29
25
10
10
48
51
31
4
36
17
48
59
2
20
2
2
8
10
6
57
0
35
12
40
21
1
32
16
28
34
54
37
60
37
5
33
9
11
23
28
9
22
22
6
1
15
21
26
15
25
15
60
2
29
2
5
0
39
44
5
15
0
37
3
11
30
9
2
10
15
26
17
39
24
0
16
45
19
8
12
43
2
46
3
9
37
46
40
35
41
49
3
2
51
14
24
48
31
33
1
16
6
27
38
27
27
43
29
1
32
32
11
14
36
17
10
15
33
4
21
8
15
57
11
32
10
43
15
19
15
48
0
18
25
48
48
30
19
24
12
33
11
8
17
20
15
11
47
13
39
12
23
25
7
5
4
35
5
19
18
15
30
5
33
9
36
13
27
39
52
0
47
2309
1703
1261
114
2172
3340
346
3293
2174
5108
1582
5906
8584
275
2656
8764
3504
322
6211
2543
3334
3594
642
5011
4554
1412
3388
939
2087
3273
5068
7940
2761
691
2184
4176
2704
9981
9808
737
6232
491
4665
3761
4896
2723
4528
7422
5980
920
5001
2835
3248
136
2772
1158
3879
6940
882
2763
1606
2991
988
998
6261
412
6786
248
6152
6727
3527
764
1085
5961
1796
4069
94
2306
7321
1264
2559
953
359
2343
3266
282
1786
2394
5417
3593
7223
1358
6773
2138
3741
3957
545
8010
5782
1845
2873
1839
8319
2361
7286
4196
5310
3675
406
8077
149
290
200
5461
2055
2700
267
3083
5207
3416
4629
2049
419
354
5996
376
189
4303
4426
203
7754
50
4212
7347
5541
5142
1919
3834
1263
3413
5281
381
319
3588
141
5564
722
3642
91
550
4197
1669
402
8298
822
2959
5852
4137
9660
4469
4071
1521
2199
3465
478
1548
7207
7273
795
7074
2354
6220
4766
4304
3214
5028
167
1914
663
7119
8108
4631
5187
6042
5319
836
2620
2969
3463
1248
9606
8474
9420
7571
6998
2599
361
3580
514
4886
3627
5174
5036
2559
4154
1105
4657
1304
3010
4341
2503
2638
2572
305
288
7670
5131
8018
559
1455
3124
185
821
3170
4860
1641
1007
271
1417
1171
1087
2239
4262
2332
5969
3639
5049
2728
5759
9160
4406
5387
739
4101
3165
3079
2072
1432
238
1749
4345
1984
645
1956
3127
3569
3725
9590
946
1726
6482
696
1637
7984
5620
3131
369
876
1904
4873
1624
2547
7141
3332
1800
6466
4081
1671
3041
2177
5921
3003
2166
6700
1510
7094
1352
3947
7222
3957
3066
6992
3098
8027
1829
1038
6766
2889
2494
4413
5903
5489
4628
944
1466
648
5466
6670
9129
1611
1954
3229
9619
4043
1263
2331
2896
4589
185
4875
2801
3035
6912
417
4310
313
1152
7779
1956
5496
2834
432
9138
2720
818
1566
7036
7683
186
904
9700
5325
4857
5347
1986
2369
2901
6302
639
4695
7908
4121
2737
2673
5099
681
14
8514
706
498
6535
21
651
2
6134
2001
2117
7203
1010
3301
7945
4473
1582
6652
3809
4304
1367
9272
288
3442
5379
3345
4890
4714
4795
1168
5397
4281
3483
7262
1106
898
1283
579
1363
1677
134
4126
974
8793
7504
1649
1728
2170
1200
907
8335
7855
2965
4189
7682
4106
647
2724
3715
5054
2956
5283
156
1660
5567
2149
2808
1076
9203
5242
4230
2495
853
3244
4500
6246
2667
2448
4678
3939
5000
5723
28
2070
226
1909
3032
5455
1429
247
4367
2989
7929
8244
558
1741
5389
5288
5466
1762
4647
367
7588
186
9068
1481
2881
6290
179
398
6200
8527
3037
2264
5037
5638
1223
1331
158
385
6138
46
5841
1601
1331
1789
4910
2833
3368
6113
6770
168
3513
5921
3962
8883
3189
5316
3964
2
5643
5290
5134
6261
9314
2350
2133
4797
98
498
3284
344
1383
204
1106
4994
2560
7265
6729
4028
563
3804
5591
2318
7333
7765
3585
4366
5162
7145
559
279
1848
3475
7518
5910
3528
7262
5419
9067
9368
4276
1116
534
682
4088
2152
8311
1924
4914
6834
701
1577
1642
2533
1410
1163
3360
2400
1247
1106
2220
3499
2105
335
2559
4109
1167
8152
8907
1893
10322
734
1303
2049
9951
5465
1360
6122
8435
1904
3869
2670
1701
4315
5856
2807
2615
527
3761
4518
1350
2245
1080
2076
7435
1158
4464
2692
3933
6746
826
1834
4178
7287
2928
2303
5063
2215
3442
2288
3465
1651
1692
253
2818
4601
626
631
2904
3718
3664
8318
529
971
2902
2366
1241
760
2886
3269
5173
8226
1756
2906
443
896
1033
1267
2263
5780
1384
2475
3118
4924
999
5666
5695
3421
1110
2905
1225
431
3846
2900
6099
4383
2686
5708
137
5867
3355
6656
2282
1606
527
1449
1084
5899
3317
8468
6108
5461
2173
3989
3030
7584
362
4148
3952
2056
5386
1120
643
2717
5810
5855
996
1652
1837
7535
5335
1183
7372
4507
3506
2078
2430
1598
4260
7427
378
1064
6715
188
1464
7652
9611
6931
9066
9837
880
216
3830
2109
9648
3352
86
2516
1339
3726
4318
4296
2254
3363
1401
3490
1613
2350
6551
4572
13
1033
4604
4937
4043
2308
1107
483
5014
2076
3761
4870
5240
506
6151
1873
1217
4058
3926
4106
6593
4507
5002
5091
3079
8022
5613
2654
7209
625
3251
2475
3685
1078
1835
2482
5393
623
4603
3320
6003
655
913
9808
801
3961
8686
2074
6056
4409
2413
2217
512
5463
2016
9299
3967
170
2528
3208
1603
4080
938
3554
4219
446
226
2958
3693
1235
2719
2226
8362
3846
1207
3880
3596
1870
5134
5397
9523
910
4126
6347
4581
867
3829
5873
5037
4032
9250
3730
3084
1640
2982
6987
829
3750
1506
6537
7869
1428
44
7762
699
5637
501
271
1576
6266
160
6862
4709
7294
1398
3184
1777
872
1033
2439
4824
4895
5601
3359
5590
1653
16
4260
6530
3413
1722
1761
1199
7459
658
5156
3027
4709
5961
1184
2104
336
3363
8378
3175
7647
658
3355
6266
944
4858
2492
10282
5224
3154
2818
3066
1982
689
1698
6023
4163
178
752
5367
26
2278
4066
2903
1345
764
6058
1045
3825
7315
389
5109
1488
2111
4405
7355
5683
8921
7145
7512
2153
8312
7251
4489
1792
9731
2237
137
5438
6549
3523
4077
8727
7644
624
7481
409
8
3738
2222
3695
4419
599
4175
199
5853
3133
7416
4388
748
1395
4258
2596
580
363
129
4838
5835
2719
9201
8265
120
2355
3053
7305
5752
10073
6419
963
1119
71
5431
2878
2531
5854
4133
323
5377
6148
4155
5496
2144
390
7616
5198
1989
3944
2426
2613
4884
1008
2356
7901
1271
1533
1300
7156
2945
3364
1220
1092
6960
2192
7048
8749
4493
1217
2369
3910
2191
1020
7415
1369
1423
6734
1614
5172
2228
3404
7100
276
882
2474
3333
1360
8129
7859
4114
881
2357
7596
5082
7516
2401
538
3507
3364
1003
1077
807
1652
4377
795
5608
7507
2666
1911
998
3386
2642
4156
6361
957
354
3000
6854
7745
1878
947
1265
240
4302
3831
619
527
1828
7543
3200
702
4422
7807
6081
4668
7668
1594
5078
2866
4112
5803
1886
9139
700
9720
1222
6183
1174
2187
8912
3396
829
4245
7528
2009
5672
5759
4912
6901
4287
3904
2797
10309
88
1884
1009
6224
1535
316
7596
4269
3698
162
2848
2874
5492
6366
5599
7498
884
1825
3470
3008
14
4283
141
1205
7138
2037
4931
4203
5116
2636
821
6135
8378
6965
6313
1677
2852
4499
60
6428
4999
1841
7784
1721
97
3573
2407
3323
4393
3204
4148
747
4814
1708
8906
5116
3367
1399
3473
1547
1726
1754
4789
3832
1796
2016
6064
1675
2981
1371
4848
3056
551
7185
569
5145
1751
2544
2399
275
4359
2630
6625
4280
7117
5337
5702
1059
3883
6233
8954
921
144
2702
1273
443
1279
5361
2513
2686
121
7261
9313
1401
5521
4246
3893
2079
8666
725
3837
3134
4857
4943
1705
1321
9581
2792
676
3963
2664
3065
4314
4577
7570
4082
1524
2615
7725
3721
4850
3874
219
1249
2789
3774
893
3515
66
1499
2248
98
2374
831
1608
8577
5960
5378
8323
3830
2941
1329
5917
248
4774
2794
681
1406
6628
2146
3753
1402
151
653
460
4396
3572
38
6100
4254
4001
438
4462
664
6378
1026
5324
6029
1803
153
512
1612
7495
5564
6946
205
16
3645
7675
3868
2624
2726
4132
5740
5373
2566
3047
652
4903
4370
4018
6790
1018
5457
8966
8866
6416
2962
560
7744
4424
5061
249
1625
3486
394
4922
6463
339
1138
5833
2143
3185
6294
7331
5996
5397
861
176
4300
502
6045
4131
1499
1088
991
1428
8783
2522
3744
2350
2211
7356
673
2511
3539
6704
5158
1661
711
4184
6347
733
1347
490
3411
8567
6567
106
2613
4073
3228
2554
6409
3930
1262
3155
4342
5140
6803
1882
1316
6897
968
3209
189
8024
8526
8801
1182
6480
7834
898
2061
3066
2528
2022
6131
1681
1380
1173
509
1433
1518
3556
879
3197
634
4276
3583
1938
1723
5033
1932
1670
1172
3611
6402
7348
151
7514
175
2148
7195
3730
6873
7027
1942
3240
3173
1846
5328
580
9440
3073
6463
9135
7552
3558
3257
3704
4644
1117
3387
6012
3342
2600
3520
1327
3674
6296
1105
2322
4066
1105
2052
459
8059
9298
4840
2681
2610
4413
2061
155
8800
1510
2
942
6121
4211
9530
1442
6435
944
8960
2571
3745
2925
7020
4591
477
3490
3663
9239
3662
2211
2623
3051
373
3457
7247
1625
3036
4788
9458
273
3185
5615
2735
1015
820
6134
3774
7734
1489
5145
2195
4941
596
3162
2081
9323
5949
2698
1384
2923
4833
2357
1994
2552
7823
2347
5013
7699
1250
3206
8172
4
4827
6887
2348
114
1066
2522
3361
2885
1516
6393
5839
2586
5336
4401
4553
1531
8190
7522
5564
4093
3231
353
2665
814
5131
916
8281
1735
3468
8370
4708
5450
2186
1703
6562
351
4535
1781
1273
2900
5158
5855
630
23
481
1503
1811
2156
3752
1907
1014
5966
7461
1671
5742
1637
5791
1217
3604
4868
4513
2871
2755
4277
3160
2675
10194
5912
5189
1738
1288
2239
3558
81
482
5000
4754
7857
4222
317
5779
1223
8125
433
6596
2294
6214
7186
7409
1281
5948
4819
1981
1248
2271
1940
5431
1918
720
1559
1945
6457
2784
143
2804
281
3326
5610
3724
2602
4928
1009
6944
2147
1305
6118
3055
779
7082
8960
252
7827
5192
2497
3105
2267
3371
7025
2054
2357
4254
3732
7928
4904
1618
7557
3743
140
5237
4826
5362
2745
3731
2539
3130
1758
6504
695
8696
2977
423
271
8147
2865
5891
5067
3947
3504
4841
888
966
10129
446
2818
2463
4446
5463
1121
1470
4820
3954
5295
6888
711
5466
1178
1655
448
4000
6838
360
4757
1123
3488
5696
2354
2719
295
2221
3035
3189
461
3512
7800
86
6739
1446
1699
2730
1369
3359
1655
1540
4234
6186
1578
5508
2323
9224
7661
1484
868
4645
4276
1975
5092
1597
1300
6736
1961
8103
6062
6311
5371
1950
8099
3876
2036
9567
7270
1776
5682
4527
8363
844
3161
5522
3046
1908
1473
8614
1682
19
5164
8375
2653
3224
6730
1489
3018
1733
237
2014
4648
903
3188
1005
7668
2400
1968
814
3805
1451
6841
1279
2268
852
4846
637
9352
405
6572
214
7943
469
3166
6127
329
3992
3322
733
1245
7418
24
7399
1851
2098
2778
6733
729
3995
1104
292
4322
2473
2148
1
5520
3727
7297
3437
3269
20
279
4258
933
6202
1366
7773
6960
5070
1086
6336
10163
1638
1218
6958
2174
4234
1581
3797
3588
5488
8486
6468
2643
7353
4489
5656
6456
8
1686
8168
3420
4072
7511
5329
1570
1447
4549
5386
991
8908
4485
3451
5942
3854
2281
5202
348
6365
3692
5014
8091
423
2767
5342
2177
5223
6341
177
7096
6038
5064
4158
2322
6886
8355
5618
8249
2953
1542
773
2710
3432
6126
3683
1446
2886
3524
2192
6584
1487
1542
9085
3973
8375
2670
4740
4111
3813
6286
8223
593
7208
1487
2618
1287
1612
2658
5386
263
103
1336
3013
6478
2337
990
999
4166
3871
5998
7560
2355
9488
1396
246
1748
4526
1954
4998
4062
685
2558
458
1521
5998
2584
10002
4257
2696
1288
4833
4603
5609
5115
7361
4711
156
3616
5735
4192
2520
7776
4508
2878
1544
6670
7990
1186
2288
2173
5031
6228
5837
441
973
2748
7719
434
1586
924
681
4902
7170
1337
563
1680
2135
9110
554
8916
7539
2193
423
3140
4085
5192
7722
4054
6370
1218
5634
737
5163
3226
1749
1155
2848
3112
921
626
4393
6150
3047
3779
5797
2828
7221
3518
1596
252
73
3069
4069
6419
5441
2384
1092
3361
1790
3286
174
447
1739
7174
530
837
2733
6299
6108
2688
9949
8329
4402
2177
2626
2129
3940
690
2839
1325
2766
7347
3110
3098
5872
281
3804
660
2968
4338
552
1382
53
1955
394
4260
1256
1459
1842
909
323
1613
829
1288
1502
3972
615
2769
409
3534
8092
4667
4749
10286
1649
9369
49
4151
4888
861
189
1808
5511
3982
1408
2577
1353
3994
2080
3914
10356
3285
3830
4569
1970
4470
3787
5431
5841
2646
6823
3616
3295
6515
6490
2364
433
5341
5074
2217
872
1442
4182
2248
3678
6587
1243
967
4010
4887
7971
1017
5833
9428
1693
5573
4498
952
1803
3202
1527
8909
7520
2392
8229
7980
8487
4351
5522
1317
8489
4242
1299
691
7393
8617
528
878
1411
3085
2378
4919
2853
6642
1544
6186
1283
5903
198
1356
7688
3067
3181
1417
5975
835
7796
530
6835
6522
3297
648
3012
4264
5535
3662
6035
268
1532
7009
7293
2424
205
2613
479
5928
2111
7053
9964
6886
256
2389
5866
2853
2027
3763
1500
1367
3300
520
3703
553
773
3607
507
514
10391
420
1511
1084
3646
4618
2929
1998
4801
422
5168
496
3541
455
7808
4645
940
5041
910
602
2378
131
4731
1797
1485
3303
4384
807
865
508
5682
2393
3430
1367
4705
2683
4566
65
2523
1540
1088
6172
3370
5428
2557
403
4055
5579
6038
2202
7893
3107
1936
3980
3485
7
1340
2300
4275
257
3090
5975
707
4263
6961
2092
10092
7579
2772
9067
1067
6559
317
1297
942
477
2667
1135
9587
1118
6105
3765
4114
7072
3228
1077
8342
5518
4760
10100
532
4608
797
2123
5502
4603
158
1558
3012
1433
1390
1490
3102
4222
7022
2704
3961
5429
4203
5127
4674
1627
2785
6036
6176
813
1170
4120
3650
736
4781
1190
3948
8439
8878
7010
6226
357
1675
7134
5423
4387
1448
1246
1220
1758
1973
7807
1463
1711
2146
425
1024
2726
4888
589
3438
7836
6722
5345
4685
2245
2409
4714
7620
2431
1240
2242
3257
5643
1993
2681
357
5570
4766
7210
5487
1040
894
8314
7047
8837
6057
1874
4030
5386
10330
1507
7886
4198
16
4632
3189
6096
1432
4047
3299
649
710
3190
7484
6623
5928
2200
2364
4880
39
7652
5543
2401
6497
6132
609
271
548
5809
6545
6931
10
3599
682
1887
3731
5507
2134
4343
6085
8619
2318
2556
3921
3855
90
349
1311
4030
1826
5089
3085
1146
25
891
1873
3951
1965
1715
2389
5214
1043
654
480
3288
4121
9024
1488
4906
45
431
4989
3303
724
6974
987
3351
3399
3530
523
10
2360
1270
2124
764
8100
4501
8913
4
1392
3635
844
3916
434
347
874
3888
939
1135
5986
1011
4722
3892
8827
7846
3930
7500
9625
63
91
2128
575
6693
77
4535
3488
2720
67
1310
2375
10463
4935
3933
3200
5160
3473
5309
6043
1243
12
40
1853
4715
3499
8896
846
4831
5293
4744
1112
1244
7190
1489
4249
5686
670
2520
583
5688
519
6827
6197
10012
708
2650
1264
975
2171
702
4483
6215
6132
3815
5022
3695
8367
7322
2260
8789
4233
2476
5735
1305
2346
1196
1799
8708
801
6632
6618
4681
1827
6939
3170
2510
2214
7076
8723
4222
1206
527
1301
6443
7128
796
5786
9382
4552
2253
538
5041
347
3808
8799
483
321
5275
1161
3856
3883
1699
1778
5109
4312
4169
9432
4019
605
3577
638
4151
662
2858
4023
4217
7453
1462
819
2475
5141
4204
2487
9858
6080
5782
3506
2443
4586
1537
1313
135
3696
4225
2434
2678
4662
3608
1377
3736
337
7319
6483
3432
3102
8326
5783
2242
963
4110
2248
736
4477
2228
652
1429
8171
9603
4998
3836
2911
5363
7366
9005
3120
1882
694
746
1381
1184
152
2081
3177
3761
405
4183
4951
3185
8320
5305
8731
7090
1078
4875
2256
6865
5356
1223
3448
6944
2280
131
4423
2539
105
9374
836
7169
2362
1594
3415
1231
2062
760
1209
6336
917
3493
2708
871
1172
1722
4052
5687
3054
1674
5323
556
6436
330
4038
3875
1526
848
2143
3391
6704
8173
6245
3749
8956
5827
10426
4861
5879
8828
4010
2378
6007
530
2660
4413
584
600
1470
3179
7199
3273
88
8421
7583
1858
5668
692
7400
3357
3528
1702
2662
5123
2311
3935
149
1410
4734
7603
9963
7329
4666
404
1046
4737
5559
5658
4135
3342
5713
757
1592
5669
2680
7375
7516
6756
4770
3204
2210
3784
3932
7001
4840
6562
1879
44
281
7867
3549
7936
497
5494
2035
1032
640
10120
7314
3752
6730
5586
1984
315
5382
1975
417
4118
6160
7072
5681
2203
3822
4056
1603
2979
69
2692
6288
1374
8530
5420
3275
6153
2519
331
1059
1406
3119
6069
57
252
4769
10542
7864
5698
7058
4930
841
3960
1699
410
1424
82
7492
923
2321
4451
5776
5936
7850
5316
8826
6823
1257
1968
7929
1070
872
1858
290
7114
3541
2971
695
7979
1285
426
3848
2542
3739
994
6944
680
4112
1455
5645
8082
5484
406
4157
6108
9323
1821
8846
2588
5669
218
3295
4061
3887
3911
168
6003
4914
6930
4363
7631
5040
5047
2731
1067
2367
2797
3540
8145
711
2288
276
3333
218
1036
121
1326
3532
8243
5371
8215
8346
7287
4277
5810
1658
4143
1914
2544
2712
1953
2088
867
75
1460
1871
1441
997
4248
202
2500
4845
3376
5283
2093
1576
5827
3872
3688
3769
762
4776
4334
8526
3988
2922
737
577
3719
207
5670
2877
5163
2775
8567
6311
10524
1683
7180
4409
1555
3131
836
3168
1981
6973
6348
4059
592
5445
766
2282
10051
7173
1500
1405
3225
1956
3722
7659
405
860
4311
1214
1646
578
8239
381
5710
782
6078
3940
2609
4065
7672
4382
1872
5925
6909
4665
167
7136
5640
8825
2383
8527
3292
410
799
1448
2426
4459
7982
781
3604
2651
7682
616
2779
462
440
4906
2184
2078
8042
492
8061
1667
3699
1128
2555
223
635
1546
6662
9075
3742
8482
5808
797
4858
5753
3964
2929
1864
1427
3950
1281
556
833
4692
1640
5114
1301
1478
3160
6270
9214
2089
1078
7458
4670
6279
2524
52
100
2231
9027
2069
1703
720
4507
2193
2508
2603
541
176
3059
5771
1652
8494
745
1314
1989
5801
2952
418
1624
3261
6933
911
3852
5466
7295
669
168
328
8661
2554
1129
1974
3083
3916
3453
5624
219
4860
2526
4389
2856
1065
6501
3522
2676
7528
3531
5152
1762
537
7517
5321
4073
1300
5287
5183
969
1280
1327
56
628
6180
6243
6568
2971
8367
474
618
3003
1678
4836
7397
1015
1026
3258
5755
4597
1555
1219
480
3088
2923
5673
12
537
6656
1229
4885
3307
3950
9943
5131
3965
115
1420
4209
2852
3061
1967
1159
3166
6762
3629
4065
3083
4655
4228
7488
1011
3787
1470
909
2464
8316
6588
5248
4040
3259
106
3320
8468
5847
1219
2374
257
1289
847
5582
2798
770
5809
750
1061
157
4370
1272
1180
6121
9609
2464
8324
2867
1203
1279
3555
2630
3961
3299
6876
6268
9544
5910
3383
6349
1200
4528
130
4782
132
2509
3466
2367
2240
2802
6528
5890
3792
909
3472
8685
1464
4337
1778
2325
4109
5157
1628
6271
4512
878
1941
841
2160
8362
9631
3787
2503
8275
1051
1737
6261
5549
3415
6937
3129
1741
4388
1264
936
769
1933
2909
3057
3684
730
10515
3691
6194
5334
1408
7343
3702
5551
1104
6311
2086
4994
1425
5586
1524
5202
6608
3
1815
99
2011
9356
264
8172
1488
4932
1966
4593
2697
7199
378
1907
2604
3410
1326
3911
3693
1203
3490
1612
2468
8345
715
1911
189
1329
2585
2011
1883
3118
5804
6065
4627
7490
4171
6380
4201
23
3317
4479
1570
1839
3164
839
2705
1058
4287
1468
880
6394
2573
3429
2900
336
1382
1171
646
978
3809
7357
962
6381
4093
246
2590
8803
4178
2268
6207
1567
3289
3005
8077
2579
7329
2358
4021
641
34
2309
911
424
2134
3664
4020
2929
2868
1118
4204
2050
6972
8408
289
5714
6034
4029
3771
5896
1046
1784
2052
688
3364
3028
6804
3519
3149
9849
1803
182
471
1395
3439
3418
4216
1519
25
690
4440
3992
2674
2937
2692
1422
495
2915
100
424
1008
8084
8687
1817
1516
3588
2993
2222
4841
2780
1986
2224
3321
5349
2245
4866
4294
3144
2798
3064
3646
785
5597
4415
8690
5440
3212
2717
6907
3609
6250
7381
2600
611
3735
4170
251
7017
2999
624
2971
403
8623
781
952
4026
1275
2227
943
345
4508
1686
3807
1063
77
7929
2302
6769
4776
3228
1787
2260
9125
2013
3546
3081
7836
1080
880
742
3653
9701
4281
3642
3844
7253
23
7967
401
327
10544
80
1304
6651
4320
4120
3905
182
648
3510
7110
4193
4181
5461
894
4809
745
1949
7011
375
1173
4208
2015
1207
4559
653
3148
6626
2480
1723
6628
7424
630
2084
7655
1812
5882
4553
299
4439
3586
35
7558
7952
3979
563
2993
3699
1486
8293
5381
5107
2623
1009
1888
8900
6192
5541
7812
1640
281
226
2711
3520
1589
2403
1779
163
2382
4441
2106
5751
6524
6412
4067
1594
3147
5218
3214
2624
1795
802
3275
1128
4100
1722
5485
359
3148
1575
1213
390
3214
4403
4912
618
2100
4007
4351
1619
3229
2784
1546
1016
4477
8987
804
921
1706
1189
7051
3744
6852
6058
10456
1112
5542
5115
5582
4018
381
8817
4150
435
9870
2217
6827
1491
3672
780
317
6390
2019
5985
2437
2646
2723
828
1484
1780
2260
952
8610
9
3496
5320
3947
1004
6453
2436
7549
4775
4548
7772
358
1068
2315
1664
283
995
1745
7482
1384
4139
809
1623
6222
1986
488
6334
9022
1686
3808
1801
4461
2740
4462
2636
2410
308
3592
940
6968
2846
5670
824
7529
4988
4961
5142
3445
4667
3019
7699
2821
4307
1370
4213
260
3239
2081
8255
1044
1156
2635
1056
6118
3732
7006
2026
5948
1713
2933
1439
5158
6206
3771
3830
3078
1652
2299
4196
839
3265
532
713
1392
2174
5734
2550
7210
2361
3878
9888
1130
7853
894
3439
5186
563
3514
7392
4837
3035
8926
3936
1109
5760
4216
1512
1840
396
166
4266
3060
6425
2999
1005
4532
827
5303
6727
3288
1931
5574
9484
3748
9866
3606
6772
16
5745
2486
2001
8048
533
3403
8724
2633
3014
2540
382
1497
4600
3960
3453
132
2025
7385
3970
3065
818
9074
6724
1354
5720
2880
2374
2704
4424
361
396
2469
5348
5415
155
5885
7037
1163
417
6708
4766
5877
8609
5697
7419
2768
2670
9189
3397
10344
5605
1440
1402
5250
2983
4706
654
2483
965
1905
7928
5218
6424
414
3097
8466
2718
741
7629
3942
2017
2553
9234
2394
4249
3774
3914
1853
6830
230
2148
6320
2608
5337
6520
5439
9939
2891
870
4825
3418
1590
1194
7059
6184
557
1796
8896
3567
6890
1376
1173
4600
613
3477
121
254
2312
1636
2963
4478
2487
5816
4594
975
6745
2639
4677
1599
1060
2280
1646
6917
548
3154
1888
8201
4818
4134
1800
2465
4393
4739
5592
540
6248
2932
2785
6639
4229
5802
322
2082
1046
6386
490
4768
58
1286
3516
5350
3809
106
4811
695
5241
3336
3320
9035
6208
3144
1485
2117
9961
545
5074
931
5147
1918
141
710
1109
887
7439
4037
7804
6836
2714
3643
949
2764
6898
7092
84
5590
6520
1866
3573
3021
3189
4463
7694
3007
7079
5168
228
2107
4371
118
3550
964
1926
2110
4960
8588
4079
5674
3137
1733
3788
2422
3711
7534
8272
133
6609
209
5392
1267
2815
7861
1300
1260
2853
2038
8517
3624
8582
1468
4684
2593
5285
3923
6027
530
7228
8508
7571
5849
1543
3071
2527
387
4521
1937
3362
3884
765
3388
1856
5437
163
3890
6204
1700
2273
10227
1748
595
2451
6108
6434
5536
1034
5584
3818
3337
3103
9768
1887
6261
2708
7132
4569
2838
4764
3552
1734
1558
2607
1829
8532
9370
5874
5756
3697
4707
4579
1527
2412
2168
1936
2342
1019
5895
2501
8982
239
1494
7753
4345
1270
4231
2514
9091
2462
652
6207
8578
1969
3339
598
8024
5281
1089
3334
10394
6593
1539
7234
4064
5935
7186
2362
147
2121
3030
3389
4159
1845
1072
7040
3338
1997
3003
2555
790
1174
2364
2173
7366
642
5944
502
1159
1597
689
6966
7231
1696
9276
3814
5555
360
440
4915
2038
678
6009
5182
4948
6298
670
3755
1428
7847
7109
1638
5072
2171
607
4521
116
5675
4459
9269
4341
1782
701
6500
7030
897
1390
1480
2793
6762
3434
2652
3692
5305
195
7970
6223
1465
1016
5611
1064
7305
9204
4356
6029
1710
2770
5973
5330
2206
3799
211
1365
7295
2271
612
957
3307
3595
5273
2851
1729
1639
3360
5961
8695
1088
6509
3068
6684
2894
6456
2242
2702
8984
8479
3852
3799
4724
4434
4417
62
7905
1830
8822
2929
2052
3149
6430
617
6476
6388
4847
2696
5612
3679
6652
2511
6995
8258
4467
5120
9839
379
4957
3796
3710
6550
2056
8683
4814
2898
1970
849
1542
7148
5378
7156
2590
220
1960
254
2910
2592
481
6178
641
5873
3232
5361
1451
3697
2925
2442
6587
4978
2740
2477
315
1367
3126
416
4318
6795
167
904
1693
3230
770
4946
8978
1746
4114
5903
2672
7258
1462
163
438
4109
2367
3936
2370
5424
5633
9836
80
2361
6099
3166
816
136
3594
2113
4447
4244
2367
8742
2673
3954
5597
5924
613
1445
3442
3356
2075
3748
2379
1974
3897
3711
2685
1485
193
1872
3693
6092
821
6811
3204
5967
3152
8681
6514
2579
2325
3557
2849
1035
6050
4697
3952
5743
2125
6253
651
3762
1412
3516
5327
4724
2888
6867
8378
3088
2070
5875
1621
3880
1971
317
1956
4500
1190
4113
5195
5863
7452
5857
2551
8208
2465
1645
1137
3259
3644
4600
9056
637
5896
3097
7586
3541
3487
3086
3925
2574
5616
327
275
2959
1476
5983
5365
1039
2949
4058
383
1018
8443
1418
2409
697
4130
4786
3262
3780
4542
4269
3404
6079
6186
3248
3736
674
6469
1808
1599
1506
152
6035
3313
5811
6416
6107
3822
6025
6601
1285
6084
1472
639
3153
1454
8390
6025
3340
511
2099
4527
1929
8314
5462
816
5446
2833
4603
6772
10057
241
560
4330
279
2361
1802
4142
7255
3005
3091
1746
6658
3491
4154
1287
2206
7539
2531
2586
990
6234
5907
5908
6759
4931
6950
7710
5403
7220
177
586
7592
8387
1968
5262
2971
1800
2277
5779
10490
3685
2619
5065
174
7475
1330
4128
7386
4169
4922
2177
2236
7501
9499
4699
2319
265
5256
7935
1163
7265
6015
5418
3209
1485
9840
2623
1704
4134
1922
1816
7419
4119
1106
4087
3776
4321
2352
1410
9013
3972
6970
1558
1613
2965
1003
5430
7171
783
5569
1097
3605
8341
2077
5578
6638
1664
710
1906
5264
5591
4231
782
1518
7801
3414
787
4448
4562
4290
2357
361
3128
6771
8953
449
6866
2089
3503
6657
2852
5858
8971
5550
1763
2277
2702
954
1967
0
0
0
5
0
4
0
5
4
4
2
9
1
5
3
5
6
3
6
6
4
5
8
8
10
3
2
6
10
7
4
4
1
9
6
6
3
5
5
4
6
8
4
5
10
8
5
4
7
6
5
7
6
6
9
10
5
5
2
11
4
6
8
6
12
7
11
3
8
9
4
6
13
7
10
4
8
3
5
11
10
10
12
3
11
7
12
6
2
12
8
8
10
0
7
5
10
8
8
14
10
9
7
12
11
7
8
5
8
8
10
7
11
10
13
8
12
9
9
8
5
12
5
12
4
9
8
8
8
6
10
9
9
13
9
10
6
7
11
12
7
11
10
15
11
8
7
7
5
10
10
11
9
7
9
11
10
12
8
8
7
8
7
13
11
10
7
4
9
10
10
9
4
4
10
9
7
8
8
10
7
9
11
8
9
9
9
7
4
10
13
11
7
5
12
6
7
10
8
14
7
10
7
6
13
8
10
9
9
15
12
9
7
7
9
11
10
14
9
7
8
6
9
6
9
9
7
4
2
13
13
8
9
4
6
13
7
12
9
10
11
8
10
14
9
10
11
9
6
10
13
12
8
14
10
11
12
11
11
11
4
8
11
10
9
10
8
7
9
11
11
5
11
10
9
7
6
8
7
7
9
8
10
10
10
4
10
8
11
6
11
12
8
12
11
5
13
14
5
7
13
9
9
15
8
14
8
11
5
16
8
8
9
12
9
13
15
5
13
11
12
10
9
11
11
6
13
11
14
8
11
8
7
11
11
12
7
12
7
11
11
10
12
10
7
5
6
12
16
8
10
6
8
9
8
6
11
10
11
14
9
8
11
8
15
6
14
8
8
9
13
12
10
12
12
14
9
10
3
15
10
12
11
11
13
13
9
16
11
14
8
14
11
10
10
9
6
12
12
17
15
13
10
8
8
10
15
9
11
11
10
8
5
7
9
12
12
13
12
10
11
12
6
11
8
13
13
5
5
3
8
10
6
7
15
9
5
6
13
7
6
8
14
17
16
8
11
12
10
7
4
8
8
9
9
8
9
5
7
16
10
10
11
5
10
12
14
17
12
12
13
4
10
11
13
3
7
15
8
6
9
14
8
10
3
5
7
13
9
8
15
13
9
13
7
13
12
4
12
11
11
10
12
3
10
3
11
14
10
17
6
10
6
17
7
3
10
6
11
12
8
10
10
7
8
12
10
10
6
2
9
12
8
12
11
8
11
9
10
9
15
10
10
14
7
11
12
12
10
13
13
12
12
8
11
9
9
6
9
6
11
9
9
11
8
13
11
13
13
11
10
14
11
11
11
12
10
11
10
15
9
13
10
9
12
15
11
9
12
10
6
11
8
7
13
5
18
12
6
3
15
9
11
10
7
6
11
9
12
9
12
12
12
9
11
12
12
6
5
8
4
13
10
11
17
10
5
9
9
12
13
10
10
14
7
10
7
12
6
11
10
14
10
16
8
13
9
12
12
16
9
11
16
12
6
6
12
12
8
14
13
10
9
14
9
16
8
11
13
12
15
6
14
10
14
9
12
7
10
10
9
13
9
6
8
12
14
9
15
13
6
12
11
13
11
6
12
10
17
1
11
16
14
14
9
13
11
8
9
9
8
8
7
13
9
15
6
10
7
8
12
13
12
9
13
9
15
2
6
16
11
15
5
5
6
8
9
7
8
8
8
14
12
11
11
8
13
5
15
6
8
13
10
16
7
7
4
8
13
13
11
13
13
12
11
10
8
13
7
13
9
8
9
12
9
8
10
11
10
9
9
10
9
11
11
5
16
10
18
8
13
10
7
10
15
11
11
15
15
12
8
9
10
5
8
9
9
4
6
14
10
18
14
10
14
10
10
12
8
11
8
12
9
13
0
19
15
11
7
13
11
5
4
14
14
9
8
13
11
12
13
7
12
9
12
11
5
12
13
8
9
17
9
14
14
7
14
12
8
7
9
7
10
12
10
17
8
11
12
17
5
17
6
12
16
10
12
5
8
13
12
11
15
8
14
9
9
11
12
5
16
8
6
12
8
12
9
11
9
12
8
12
12
11
10
7
13
10
17
13
8
13
7
12
7
10
13
13
10
14
10
10
10
11
10
12
12
11
12
5
7
5
13
7
13
12
7
11
11
8
10
9
10
13
7
14
14
14
13
13
8
8
11
10
10
9
12
14
13
11
10
12
9
14
14
11
6
10
14
5
11
10
13
8
16
11
7
4
18
12
12
11
10
13
6
8
15
11
12
16
14
11
11
13
14
11
12
10
11
18
15
11
14
10
10
13
5
13
8
10
11
16
12
13
12
11
12
11
7
12
10
11
12
15
1
10
10
9
14
7
12
5
7
11
14
8
12
6
13
13
10
13
10
6
10
5
13
8
12
10
8
7
17
14
12
12
12
10
10
7
13
5
6
9
6
11
9
9
12
7
7
9
14
8
11
11
10
12
10
13
9
12
12
4
13
8
5
9
11
14
9
10
13
12
12
9
9
10
11
16
10
10
8
15
8
12
15
14
12
14
4
15
11
13
7
8
8
12
8
15
8
12
13
12
11
11
12
10
13
10
10
9
13
10
9
13
10
11
16
12
14
12
12
16
11
11
11
12
12
10
11
6
14
9
10
13
14
11
15
11
8
6
11
8
10
8
9
11
15
13
8
9
11
10
9
14
11
13
10
14
11
4
13
13
8
8
16
12
12
11
14
7
15
14
10
7
9
15
11
9
10
7
6
10
10
9
13
11
11
16
14
14
9
9
7
13
5
15
6
9
7
15
17
9
10
15
14
8
7
10
8
14
14
13
7
11
13
15
14
9
13
15
10
11
9
11
13
11
8
11
13
13
12
14
13
19
10
14
7
14
14
12
15
11
11
10
13
10
4
10
14
11
8
8
12
5
13
10
10
11
8
9
11
12
10
10
10
7
10
8
6
11
17
9
8
4
7
5
15
10
16
12
14
6
12
15
7
3
9
13
7
10
13
5
10
12
13
12
7
16
12
7
7
12
13
14
12
11
8
11
17
10
13
11
4
11
10
14
10
12
6
8
13
13
9
10
12
7
10
11
12
8
13
15
9
11
13
6
6
10
8
11
13
5
14
5
10
9
10
13
7
15
15
11
13
7
12
9
10
9
11
11
9
16
10
8
7
12
15
8
12
13
11
5
13
14
8
8
13
7
12
10
11
12
6
6
11
11
6
12
11
9
12
9
13
6
7
5
12
4
10
12
13
11
12
11
4
8
15
17
10
11
12
7
14
12
10
8
11
12
11
7
7
8
15
13
11
15
12
7
11
14
15
14
14
10
13
8
10
7
10
8
6
9
11
12
15
16
11
13
13
11
10
12
11
12
11
10
11
18
9
7
13
17
7
9
14
11
11
8
14
8
10
7
10
14
12
12
13
10
13
18
9
11
8
8
7
8
10
15
11
12
12
7
10
12
11
11
7
9
9
11
11
6
4
7
10
12
7
14
7
13
13
13
8
10
14
6
16
14
8
8
11
10
10
11
13
8
13
11
11
3
14
8
17
13
8
12
14
13
10
12
5
8
13
12
15
12
11
6
11
7
11
10
9
9
9
14
16
5
10
9
10
6
13
16
11
11
8
11
13
15
15
6
13
14
10
12
13
11
7
13
5
9
8
6
7
7
13
9
8
11
13
8
11
12
12
7
13
16
14
8
9
11
13
9
13
15
11
8
5
10
13
13
14
14
5
10
8
9
5
11
12
13
12
5
8
11
9
10
7
10
11
10
13
8
13
12
15
9
10
14
10
9
13
12
14
11
3
14
14
3
5
16
12
10
8
10
12
14
8
10
13
4
14
11
8
12
8
10
5
7
14
14
7
14
11
11
9
10
7
8
9
14
8
9
10
7
6
10
13
13
16
12
13
4
10
11
10
15
13
11
12
6
9
10
16
7
11
11
13
8
12
11
10
7
8
13
14
6
20
13
7
12
10
12
11
5
7
13
10
6
11
9
16
13
12
10
15
12
5
11
10
10
13
16
13
12
12
16
13
12
9
13
12
14
12
16
10
10
9
12
16
12
11
14
14
6
8
14
14
7
5
12
9
11
10
9
10
11
14
12
11
10
12
13
7
9
10
13
14
11
16
11
14
10
16
6
12
7
18
9
8
9
11
7
12
8
15
13
6
10
5
8
10
8
7
7
8
11
10
13
14
13
15
14
7
12
11
11
13
13
10
4
13
13
9
9
6
9
8
7
7
14
9
14
13
8
9
12
15
16
9
11
7
15
13
12
9
9
10
15
6
14
6
7
10
7
12
11
10
10
8
16
9
10
7
16
9
12
8
10
10
10
9
11
7
11
9
8
5
11
11
14
11
10
12
5
16
9
15
9
14
10
11
11
7
10
12
8
10
8
9
11
6
12
9
9
14
14
13
10
15
12
6
10
10
14
9
9
11
8
13
9
9
10
12
7
12
9
12
10
8
7
12
13
10
16
8
10
10
11
11
13
4
15
14
11
13
12
14
7
15
12
16
7
10
8
6
3
12
6
15
10
10
15
14
12
14
12
12
6
6
11
12
12
7
9
16
9
8
12
10
6
10
11
5
13
13
9
11
15
8
10
7
8
14
12
10
12
3
16
8
7
13
14
6
7
16
11
6
6
9
11
8
10
14
17
8
11
9
12
10
10
7
11
13
8
9
13
15
12
13
9
11
11
9
11
8
16
17
9
10
12
13
15
6
11
13
15
15
13
13
9
17
18
11
15
15
11
9
5
10
7
10
10
14
9
14
0
14
10
5
16
10
12
5
9
6
10
7
11
10
12
11
11
9
11
15
11
6
14
10
9
10
16
9
8
10
11
14
18
2
9
14
14
12
10
10
13
12
10
12
11
12
16
10
12
10
12
7
8
13
17
16
7
9
6
15
15
11
17
12
16
12
18
14
6
11
12
13
10
10
7
8
10
12
17
14
13
6
7
14
7
10
12
9
20
9
7
15
13
9
14
8
9
9
18
15
10
13
8
11
13
6
6
12
10
8
6
11
13
12
15
15
14
13
5
7
12
11
13
9
16
12
17
15
7
14
9
6
14
7
8
11
9
9
8
15
9
12
11
13
6
8
13
9
9
12
8
12
13
8
9
16
6
16
11
13
13
10
14
16
13
17
9
11
11
10
8
14
11
9
13
14
9
15
16
10
11
7
9
7
11
11
9
10
12
13
9
12
10
11
16
11
9
18
10
9
9
3
12
8
14
13
10
6
11
12
15
13
10
11
13
13
7
14
13
13
12
12
14
13
7
10
7
10
15
14
11
13
8
8
13
11
12
12
16
9
15
9
8
8
14
9
14
11
6
15
8
10
12
16
17
9
8
11
12
13
11
12
11
12
7
14
12
10
10
13
16
10
7
11
10
10
13
12
8
9
9
9
7
12
16
12
12
11
9
11
10
14
5
14
5
9
12
14
10
13
6
14
12
12
17
11
13
13
8
13
6
5
7
13
5
8
13
9
9
10
17
13
12
14
11
12
12
14
16
11
7
11
12
12
6
15
7
10
15
12
7
8
8
10
5
12
15
8
9
8
14
8
10
14
10
3
10
7
11
12
15
10
15
14
15
10
16
13
8
12
10
11
13
10
11
11
11
9
8
13
12
9
17
14
12
9
5
14
13
17
9
15
4
7
13
17
11
10
13
10
12
5
4
8
14
12
10
13
13
13
10
12
7
11
12
12
10
6
6
15
16
11
8
6
12
12
9
12
13
17
14
9
16
5
14
10
5
12
8
13
10
13
14
12
13
10
15
13
11
11
8
12
13
11
10
10
11
11
14
8
13
10
13
11
10
13
13
18
13
8
14
12
5
10
6
12
13
13
15
10
6
12
9
9
15
16
12
9
12
10
5
12
11
10
12
10
13
2
11
11
13
10
12
17
11
9
11
11
10
14
11
10
6
14
15
16
9
9
13
10
11
10
9
10
6
11
11
11
16
10
12
15
15
11
11
17
10
2
16
6
11
11
10
6
10
6
12
12
10
16
7
8
8
16
4
12
7
15
14
10
12
4
10
8
11
17
8
14
11
13
9
11
6
13
10
9
9
9
10
13
6
11
17
10
14
14
19
11
13
17
12
11
1
7
12
16
21
7
11
12
14
13
13
13
15
10
9
11
6
9
9
15
10
13
8
6
8
7
13
10
5
10
9
9
7
6
9
11
12
6
8
8
4
13
13
16
11
7
10
10
15
13
18
16
9
9
11
5
10
11
12
10
13
12
18
10
14
10
9
12
15
9
15
14
9
12
11
9
11
14
7
10
6
12
10
14
10
7
11
15
11
10
9
11
11
10
9
9
13
14
10
6
9
8
12
7
11
11
10
14
16
11
11
14
11
11
10
11
10
9
16
12
13
11
10
18
11
13
15
8
11
11
10
15
11
13
8
9
14
10
12
10
15
8
11
9
4
14
11
8
9
14
13
11
13
15
11
15
14
13
9
10
18
8
7
12
10
2
6
13
8
15
11
19
19
11
11
11
11
14
9
11
11
15
8
11
11
9
16
12
10
11
14
12
13
13
17
15
15
11
9
12
11
13
7
14
12
8
12
15
16
14
12
16
13
9
15
11
10
14
15
13
11
14
9
13
11
15
13
14
8
7
15
14
10
12
13
15
19
6
15
13
7
10
12
12
14
10
8
12
8
12
11
8
8
15
10
14
11
8
11
13
8
11
7
14
14
7
11
10
7
12
9
12
17
13
14
10
11
14
15
10
15
10
12
11
8
12
12
10
9
9
12
10
6
7
11
15
14
11
15
10
8
10
8
10
8
10
10
1
8
15
13
9
13
13
12
10
11
15
6
10
10
13
8
11
9
13
9
6
14
13
13
10
10
9
10
10
15
13
11
9
16
10
11
10
13
11
10
8
15
7
17
10
14
11
13
10
10
9
11
7
13
11
13
9
6
7
9
12
13
13
16
8
12
13
9
8
12
15
13
12
13
6
13
13
10
5
12
14
11
7
10
15
9
9
11
13
11
10
14
11
12
9
10
11
16
13
10
14
15
11
14
9
15
15
10
10
4
6
10
17
11
10
8
10
8
11
10
10
11
14
15
11
14
9
13
6
7
20
11
11
8
13
9
17
6
18
11
13
12
16
12
13
12
11
14
12
15
11
16
13
12
14
13
7
8
7
13
11
15
15
14
5
11
13
16
12
8
8
13
9
16
7
14
13
10
12
13
10
10
14
14
16
12
7
15
9
13
12
16
8
12
9
14
11
11
15
11
9
15
13
14
13
14
11
14
8
11
12
10
6
12
8
9
10
14
11
8
8
14
12
13
7
15
7
11
16
15
5
15
9
8
12
9
14
6
11
11
5
9
14
8
10
11
13
8
14
13
15
15
14
11
11
10
12
2
10
13
16
11
15
10
14
14
12
9
10
14
10
9
14
4
12
11
13
12
10
14
13
13
8
13
15
9
10
7
7
11
8
12
9
9
11
11
14
16
14
13
13
16
7
10
9
4
8
15
15
13
7
13
14
11
11
15
21
11
11
15
13
12
11
7
6
10
9
9
11
10
7
13
12
11
12
16
12
11
7
15
13
3
11
6
12
14
9
12
14
12
10
13
10
18
11
13
13
15
16
13
8
8
15
12
11
15
8
11
8
8
13
13
9
15
13
12
12
11
11
11
16
9
13
8
12
11
9
12
12
13
11
8
9
8
10
12
10
12
7
14
12
10
13
3
10
11
12
10
11
10
9
11
11
10
5
8
10
10
5
10
9
14
13
12
15
13
10
11
8
10
11
10
11
10
14
9
13
11
11
11
11
12
12
19
12
5
12
8
11
13
15
12
13
12
11
11
12
8
16
13
12
13
19
10
13
10
14
15
9
14
8
13
13
14
10
6
10
11
7
14
13
13
8
11
9
9
11
11
14
14
11
11
14
13
15
12
13
7
10
12
9
12
11
5
7
12
8
13
17
8
6
11
17
11
8
11
15
12
13
11
8
9
10
16
11
15
7
8
6
5
10
17
11
7
12
10
8
11
14
15
13
9
16
15
12
13
11
10
9
14
11
10
12
13
9
15
10
9
7
12
11
8
12
11
13
12
13
9
7
13
13
11
7
9
12
12
11
10
12
12
15
13
11
7
12
8
11
9
11
13
10
5
12
9
11
9
9
7
11
12
7
8
11
12
10
13
12
9
9
13
17
10
18
9
11
12
14
8
11
9
9
13
9
11
11
8
11
13
12
9
16
13
14
13
12
8
14
16
9
10
7
17
11
9
11
9
11
4
9
13
6
11
8
11
10
7
14
13
17
9
13
11
8
12
11
10
15
13
11
10
13
14
12
9
11
16
14
15
10
4
15
14
6
12
14
12
13
9
14
10
13
11
12
17
10
8
10
13
11
12
12
9
11
11
12
11
13
10
11
12
8
11
13
9
11
13
14
8
7
10
12
12
10
15
12
12
13
10
9
14
6
12
16
10
6
10
11
8
7
13
17
5
10
15
14
12
8
15
9
12
10
13
16
14
14
7
9
11
15
9
16
14
5
8
8
9
11
14
8
11
12
12
13
12
13
10
9
14
9
8
8
4
10
7
13
10
9
14
10
12
12
13
13
12
14
5
13
14
14
11
10
10
14
9
12
15
9
15
14
13
10
14
11
12
10
14
8
13
9
15
7
11
9
13
10
10
13
13
13
10
8
15
9
8
11
12
6
9
10
17
19
15
13
12
14
12
13
11
13
9
13
6
5
10
8
11
9
9
5
15
7
12
14
12
15
15
10
11
8
5
4
8
14
8
11
12
14
11
7
15
13
10
8
13
10
11
17
7
9
17
15
8
9
10
17
11
6
16
16
13
12
11
12
14
9
15
3
2
5
17
13
6
9
5
11
12
14
14
14
8
11
6
11
13
9
11
9
11
3
9
9
9
6
10
11
9
12
12
12
14
9
12
14
16
8
16
14
11
8
8
8
9
10
10
10
12
11
15
13
10
11
13
12
8
9
16
15
16
9
8
8
11
11
8
10
8
11
9
14
14
10
9
13
12
7
8
11
10
8
15
15
9
15
11
11
9
13
6
18
16
13
14
11
14
11
14
11
13
12
9
13
17
16
14
14
12
14
13
12
10
9
8
12
8
12
10
12
14
15
16
11
11
11
10
6
4
12
11
10
9
8
14
10
12
8
20
11
10
13
9
8
9
16
10
9
13
12
4
10
13
12
10
10
12
11
8
13
13
12
8
13
14
12
8
12
11
12
7
16
9
8
17
13
13
17
11
14
18
13
12
14
10
5
10
13
14
13
15
11
9
10
12
13
14
13
7
14
13
7
11
7
11
17
13
11
9
14
13
14
11
8
13
12
16
5
17
12
8
9
15
12
8
13
15
7
12
14
17
8
9
11
10
12
13
12
11
10
12
14
14
16
12
11
10
10
12
12
10
8
14
9
11
11
9
10
12
9
14
14
8
10
10
18
11
12
15
12
4
15
13
9
16
6
10
10
17
10
11
12
14
15
14
12
11
17
9
10
12
20
11
12
14
12
8
14
8
14
14
11
8
9
11
18
12
14
14
11
15
9
11
17
13
9
12
12
14
9
9
12
10
10
11
13
14
10
10
14
14
12
18
5
15
4
6
8
15
16
10
7
8
4
9
13
10
9
12
15
5
10
9
9
16
14
7
12
15
11
9
10
12
11
10
12
13
10
11
7
13
12
10
7
12
10
10
13
13
10
16
13
7
9
12
14
11
14
7
9
9
11
13
15
9
12
11
7
9
10
14
13
12
13
10
12
13
7
6
7
9
14
8
12
2
10
12
8
15
16
9
10
12
10
10
14
16
13
13
13
15
6
13
10
14
12
11
7
13
10
11
13
11
12
7
7
12
14
10
14
10
8
17
12
11
12
9
7
12
13
14
12
15
12
9
9
12
13
13
11
9
8
12
5
12
8
14
11
14
11
13
9
5
9
10
12
7
9
10
15
11
12
10
7
19
9
7
11
10
12
13
13
14
15
14
13
9
10
16
15
7
11
14
10
8
12
13
14
4
14
16
14
13
8
15
13
16
13
11
9
7
15
14
8
12
18
9
7
9
12
8
12
15
13
9
10
9
10
16
14
7
7
13
11
8
12
12
12
6
10
14
9
11
13
13
13
9
13
11
8
9
9
16
16
13
9
17
7
14
17
12
11
5
11
9
9
11
12
15
11
12
12
8
7
12
17
4
11
12
13
13
13
13
14
13
11
11
15
14
13
12
9
15
11
6
11
12
10
13
13
13
14
9
12
17
14
13
15
9
13
9
11
12
16
12
8
13
15
13
14
9
14
13
8
14
16
16
15
12
12
9
10
12
13
9
5
17
13
14
13
9
12
8
9
16
16
9
12
12
8
11
16
15
13
14
10
16
13
11
10
10
10
15
13
14
11
9
16
14
12
12
5
12
12
9
8
15
6
8
6
14
11
10
10
12
8
10
8
12
10
9
5
17
14
10
12
13
9
12
9
11
7
15
14
13
11
11
15
12
14
11
19
15
14
12
14
10
8
14
8
15
14
12
12
11
15
12
7
13
13
9
12
11
8
11
9
14
16
14
9
12
7
7
12
11
11
13
9
14
6
5
9
10
12
11
16
5
13
7
16
10
12
13
17
18
14
8
13
19
6
12
9
13
9
11
13
9
10
9
11
14
12
11
7
16
8
6
11
13
13
14
9
13
16
16
12
7
16
13
7
12
15
6
14
8
8
15
14
6
16
10
5
13
13
9
10
9
9
9
18
16
12
6
11
14
11
15
14
8
15
12
10
15
7
11
7
12
14
14
9
8
8
12
12
9
5
19
12
17
12
8
12
8
13
13
17
8
9
9
12
17
12
13
8
15
13
10
14
11
16
13
15
10
12
12
10
12
15
6
12
14
5
11
5
8
13
8
11
15
12
8
14
14
11
15
13
8
9
7
8
10
9
14
12
6
11
12
6
14
12
18
10
11
10
13
13
10
10
12
9
15
13
13
19
9
11
14
9
11
14
9
7
12
10
12
3
15
14
10
10
5
12
15
13
13
10
11
12
12
18
11
12
12
9
11
19
7
12
10
11
10
7
13
15
10
10
11
11
7
9
12
14
9
14
7
8
9
7
12
17
12
10
9
18
14
10
11
11
15
10
11
10
9
13
16
11
9
10
11
16
15
12
12
17
9
12
11
9
12
12
10
14
12
8
14
15
13
8
16
11
13
7
8
12
9
10
14
7
9
12
7
7
12
11
8
8
9
12
11
6
10
14
8
16
14
14
12
14
11
12
12
7
8
10
14
13
12
13
13
17
15
8
13
14
12
11
9
12
12
13
11
17
12
13
11
9
11
16
11
9
12
9
15
15
11
9
7
12
6
12
11
10
15
17
12
11
14
12
16
9
10
10
15
9
13
10
11
13
10
10
18
10
11
9
11
9
5
14
15
10
13
4
12
10
9
12
7
13
9
12
14
9
12
8
12
14
10
12
12
9
8
14
10
14
12
9
12
9
13
11
10
12
4
13
15
13
8
14
9
11
13
9
15
11
10
12
14
9
10
10
10
7
12
12
16
5
15
9
9
10
12
9
18
11
9
9
9
10
19
15
17
5
9
10
11
9
10
7
14
8
9
3
6
11
12
14
18
11
12
8
9
13
14
16
16
17
8
13
13
12
13
5
13
7
15
8
10
10
11
11
11
9
13
11
13
15
14
10
15
13
14
10
16
13
13
12
2
17
8
12
5
11
12
11
12
7
14
9
8
20
9
11
11
11
9
9
16
10
12
7
11
13
14
6
10
14
13
15
9
10
17
10
16
13
12
9
9
6
12
18
7
9
12
13
12
15
11
15
9
9
9
11
14
11
14
12
10
15
17
11
18
12
7
9
14
12
11
4
10
5
9
9
6
10
12
5
11
8
13
9
18
16
8
20
10
17
14
8
10
8
14
5
12
10
13
7
13
12
5
11
9
13
8
11
12
8
12
12
15
11
13
10
15
12
8
5
7
8
13
6
13
6
11
8
7
9
8
10
12
14
11
11
15
10
11
13
11
7
10
11
9
9
15
11
15
9
14
14
11
9
13
10
14
8
10
11
10
11
11
14
9
13
8
10
9
7
10
11
13
14
12
9
12
11
14
12
13
7
10
17
14
12
13
16
12
11
14
8
10
16
14
12
13
11
8
14
18
12
12
8
8
14
8
13
6
13
14
16
3
16
10
13
14
13
11
14
12
11
12
8
15
9
12
14
14
9
13
15
10
4
11
9
12
9
13
16
16
15
9
12
11
11
12
11
16
10
8
12
10
16
9
11
10
12
12
13
6
15
13
10
12
12
11
12
7
9
15
8
8
11
14
10
12
11
9
10
9
8
9
14
8
7
13
13
12
11
13
12
12
8
13
8
20
8
12
10
11
10
14
11
5
14
11
14
12
11
11
11
10
15
7
14
10
11
15
11
11
13
10
10
9
7
12
6
9
20
14
6
9
14
10
11
10
12
9
7
6
15
11
14
9
16
9
11
8
8
12
6
13
15
10
6
14
13
13
10
10
9
9
12
10
10
13
7
13
12
10
14
8
10
3
15
6
10
12
10
10
12
12
10
5
12
13
15
10
17
9
14
15
7
11
9
7
8
5
15
10
13
11
14
11
12
11
5
9
15
10
13
3
10
8
3
14
5
7
7
6
14
8
13
8
17
11
5
11
8
13
7
17
13
15
7
12
12
13
14
14
11
14
9
8
11
12
13
14
10
13
10
14
13
15
9
14
7
12
7
16
14
14
13
11
12
9
9
10
16
15
16
2
12
11
13
13
13
11
13
10
14
12
12
11
12
12
14
12
16
8
13
15
13
12
10
17
10
10
12
7
10
13
15
9
17
12
8
12
12
9
13
14
11
12
13
11
10
12
15
8
7
9
15
14
16
5
1
11
12
14
2
11
10
5
13
10
11
12
14
15
17
10
7
9
8
15
16
15
11
12
15
9
12
11
12
14
8
11
14
10
12
9
10
15
11
10
13
12
10
13
13
10
10
9
10
18
6
13
11
4
8
11
13
13
6
13
10
11
12
11
12
8
12
11
5
16
15
13
12
2
13
14
10
11
10
10
10
10
13
9
13
14
10
15
14
13
8
13
12
13
8
13
11
10
14
13
9
13
13
15
12
11
11
14
13
7
10
13
9
8
12
14
10
16
14
5
13
11
12
14
15
17
6
8
13
13
13
14
12
12
13
14
13
12
12
5
8
8
9
5
8
15
12
11
10
12
11
11
10
12
3
13
10
15
12
17
16
5
10
10
8
7
17
10
15
11
13
13
8
14
10
12
10
12
14
14
9
15
11
15
7
9
8
11
15
9
11
15
12
10
10
11
13
5
11
8
11
14
5
9
13
16
11
8
14
8
9
11
16
14
11
12
12
9
10
16
13
11
14
12
14
13
12
12
12
9
9
16
13
5
15
13
11
9
10
15
13
15
12
12
10
12
1
12
13
13
14
13
9
8
16
12
9
6
7
10
7
12
10
6
16
12
10
8
13
13
13
3
9
9
11
15
13
10
8
8
5
10
8
10
15
14
15
11
9
10
12
14
16
13
13
12
14
11
15
15
11
11
11
12
4
14
12
12
19
6
10
6
8
14
9
9
11
9
13
12
7
9
6
10
16
10
9
1
9
14
11
15
11
10
12
13
9
12
8
14
8
11
11
8
7
8
12
13
9
10
8
10
11
7
13
6
15
8
13
7
7
11
15
10
9
8
14
11
9
11
10
10
10
10
19
11
6
14
12
11
11
7
14
15
9
6
7
10
12
13
9
16
11
10
6
13
14
9
14
10
13
16
8
6
9
5
11
12
9
16
17
10
9
11
13
13
12
13
11
10
11
9
9
17
18
5
12
11
14
16
16
12
9
15
7
13
16
8
9
11
12
11
17
13
17
17
11
9
11
10
12
5
15
11
8
11
15
11
14
14
11
14
12
12
10
10
2
18
11
7
8
10
8
5
13
11
11
13
7
11
18
5
13
12
11
7
13
13
10
9
14
14
12
12
12
12
10
9
8
11
9
12
12
6
9
12
11
10
11
10
10
8
7
6
10
14
11
10
9
14
14
12
6
14
11
17
12
8
12
10
18
11
8
16
14
10
7
9
12
18
15
11
12
12
17
16
7
11
10
6
9
11
10
9
11
5
14
11
4
12
9
13
14
9
6
9
13
14
16
6
10
7
12
12
5
12
16
14
17
14
10
17
13
16
11
11
16
12
10
9
10
9
14
8
12
8
14
6
17
14
11
11
11
14
9
10
9
12
11
12
10
6
7
6
9
16
9
9
11
12
10
18
11
17
12
5
15
20
12
15
13
8
13
14
10
12
11
10
14
12
14
17
13
5
12
8
10
14
14
13
9
13
11
9
12
11
9
16
12
11
12
5
15
12
16
15
16
9
15
8
11
8
15
12
16
9
12
14
6
16
16
10
9
15
7
9
15
11
9
15
13
10
11
12
16
8
13
7
13
9
15
12
15
6
10
10
6
9
14
6
10
14
10
16
11
10
9
4
11
17
9
8
10
7
9
10
7
14
16
13
12
11
6
8
8
14
11
14
12
12
10
12
7
13
14
19
11
14
12
12
10
9
15
5
8
12
9
8
4
13
9
16
13
10
10
8
13
14
15
9
11
13
16
11
14
8
15
8
12
13
11
12
7
15
12
13
11
14
10
9
9
10
7
9
9
10
10
16
14
15
14
8
15
15
11
7
9
12
15
12
12
14
10
14
11
12
13
5
15
13
12
11
11
9
13
14
15
15
12
13
9
14
16
6
13
11
10
11
8
12
7
10
13
13
13
12
11
11
13
14
12
10
12
12
12
12
7
11
12
9
10
13
8
14
14
12
13
13
13
14
8
11
10
14
13
15
13
12
11
9
16
7
9
10
12
10
16
9
13
8
8
11
19
6
13
8
14
15
11
9
10
12
11
14
14
10
12
12
13
12
13
14
9
11
13
16
11
11
5
11
7
12
11
13
15
11
5
14
17
12
16
7
8
9
14
10
7
5
10
6
11
16
11
9
10
11
7
17
16
10
14
12
9
15
15
11
8
9
15
8
20
7
14
13
16
9
10
11
12
9
12
9
10
14
13
11
8
13
18
16
9
15
13
13
13
15
12
14
13
9
12
9
10
11
14
11
7
15
10
15
11
11
9
12
8
14
15
7
10
19
10
12
7
12
12
14
11
13
13
14
13
8
15
8
14
9
6
9
11
14
13
11
9
11
11
15
12
10
10
11
7
10
10
16
11
16
14
14
13
11
16
5
10
12
11
10
9
11
12
9
10
12
6
15
6
14
11
17
9
12
15
8
15
10
8
13
17
11
13
11
13
11
15
9
11
17
7
13
17
11
16
8
7
11
14
10
16
9
15
6
6
10
8
8
11
8
13
9
12
13
13
9
15
19
9
10
14
11
10
9
13
13
15
7
9
3
8
11
6
11
11
15
15
11
8
2
12
14
10
9
6
11
11
17
14
13
6
12
10
13
14
14
13
16
14
17
17
7
10
8
8
11
12
9
10
11
17
11
8
14
18
9
12
9
16
11
13
19
8
13
10
10
12
7
15
13
13
4
4
10
14
10
13
13
10
15
15
7
18
12
18
13
8
11
15
16
12
16
10
14
8
11
11
16
12
14
12
10
11
13
8
14
13
13
10
9
12
15
14
17
16
11
10
11
10
13
8
13
12
7
13
14
9
11
14
12
9
10
10
11
12
13
14
13
14
8
13
8
10
6
16
15
11
11
8
9
7
12
13
8
14
11
15
19
13
11
12
16
9
14
11
17
8
9
16
8
8
10
8
10
14
11
15
6
14
15
14
13
10
15
11
12
16
12
14
14
11
8
14
13
15
7
7
12
13
12
11
12
5
11
15
9
13
15
9
14
16
12
12
14
13
13
9
16
11
12
12
9
10
7
13
9
14
13
11
7
11
14
7
13
14
11
11
9
13
11
10
10
12
11
10
11
13
13
11
14
10
5
6
9
13
12
15
12
10
12
16
12
11
11
6
6
13
8
12
10
10
10
9
13
10
12
8
13
10
11
14
13
11
14
7
13
9
14
11
6
8
13
10
9
10
4
11
11
14
11
9
11
9
12
9
11
11
16
6
5
7
10
9
12
11
7
9
10
11
8
11
12
10
10
14
7
9
15
13
11
15
15
17
6
16
12
11
12
12
10
13
9
11
9
10
10
12
12
14
14
16
12
8
9
9
8
9
5
5
3
15
13
13
11
14
7
7
9
16
11
9
12
12
14
13
15
15
12
8
11
12
5
13
10
13
9
12
8
4
10
8
9
14
15
13
16
8
12
15
16
7
12
15
15
11
13
16
12
14
13
10
11
15
14
15
8
8
12
14
13
17
9
11
11
10
10
12
11
8
8
8
9
12
10
13
15
14
15
10
4
18
14
10
7
9
15
6
13
13
13
14
16
7
12
15
13
11
14
12
16
16
13
12
12
6
11
19
10
11
11
10
14
9
11
9
7
13
14
13
17
14
13
11
12
12
12
9
14
12
9
11
14
6
15
10
8
17
10
11
12
13
12
13
8
9
15
12
7
16
16
10
12
9
10
14
13
12
13
13
17
9
15
9
6
13
11
11
7
14
15
8
12
8
13
13
9
9
17
16
12
14
11
12
18
15
9
12
13
12
15
12
9
10
11
16
13
8
10
9
9
12
6
12
9
9
14
5
14
7
13
14
10
6
8
13
9
12
15
16
13
14
10
14
11
15
10
6
15
10
9
14
8
11
14
14
7
15
10
12
15
13
14
13
14
14
7
9
15
12
13
10
15
9
11
7
15
13
11
13
11
15
11
12
12
11
11
10
13
10
15
15
9
10
12
16
14
8
17
8
12
10
8
14
14
11
6
17
11
7
9
17
14
15
10
7
13
9
12
7
14
16
13
14
7
8
14
10
10
12
14
11
10
14
15
15
12
12
13
11
11
10
13
8
12
10
10
8
9
17
10
11
11
11
9
10
4
16
9
13
12
13
13
11
10
14
9
11
10
13
13
9
14
5
14
16
11
8
9
16
6
13
14
10
11
18
9
4
13
12
15
13
11
13
15
10
14
10
12
11
14
15
15
12
12
10
16
7
10
9
16
13
12
15
7
16
10
12
6
11
10
14
10
10
17
9
15
17
14
13
10
9
9
11
13
13
14
12
12
18
10
11
12
11
13
12
9
11
13
8
9
12
10
11
12
16
15
11
13
10
16
15
15
11
11
15
11
13
14
13
17
13
10
11
13
12
13
10
6
13
9
18
14
8
12
6
7
11
16
9
8
10
13
12
19
10
9
17
13
9
11
13
13
10
13
14
9
12
9
10
12
13
9
16
11
16
9
12
13
13
10
14
11
14
10
13
16
9
10
7
13
9
12
9
19
9
12
7
15
11
9
10
12
12
16
15
10
12
15
9
17
10
14
13
13
13
9
14
11
14
12
13
12
15
12
9
13
9
12
13
12
7
10
16
10
9
14
12
5
11
14
10
2
14
12
12
8
11
12
14
11
9
12
12
11
15
8
12
7
10
10
13
12
8
12
12
11
6
12
10
13
12
13
16
13
13
14
10
16
16
10
11
15
16
14
13
9
8
17
13
9
9
9
9
17
9
8
11
10
15
11
15
11
10
8
8
11
13
13
10
14
18
9
15
14
9
13
14
13
13
12
13
9
8
14
11
13
5
11
10
16
11
11
13
6
11
12
12
12
7
12
8
9
11
13
14
17
8
6
8
15
9
11
7
15
10
15
12
15
10
9
9
10
12
12
12
9
8
11
15
11
12
11
15
10
10
6
15
13
12
10
11
9
12
15
15
10
11
14
17
15
9
14
14
19
16
10
12
9
17
10
12
9
15
12
12
7
10
16
9
15
11
11
11
16
6
7
12
8
12
5
10
15
9
8
8
13
13
10
13
7
12
11
14
14
14
12
16
14
12
6
12
12
16
13
11
11
8
15
9
9
12
11
12
10
12
6
6
12
9
13
9
16
16
12
13
13
12
11
7
9
12
14
10
16
14
13
14
6
10
11
14
15
11
9
13
14
13
11
10
10
10
11
7
10
9
7
11
16
13
13
13
13
16
12
14
12
7
14
9
11
9
16
11
13
10
12
6
12
12
16
14
9
9
11
11
9
14
7
10
16
13
14
14
11
12
8
8
13
8
10
11
9
9
11
7
13
4
15
13
7
15
11
9
16
7
15
18
11
18
12
11
13
11
14
7
12
14
11
12
14
12
13
11
12
15
11
9
10
10
10
11
11
11
9
11
11
15
15
17
13
11
17
9
9
15
9
13
8
15
12
7
13
13
16
9
16
16
11
14
13
14
9
10
15
14
16
11
8
12
11
12
10
9
13
13
15
7
10
9
12
13
16
19
9
9
11
9
15
10
15
13
12
14
13
17
11
8
9
12
8
12
5
9
10
13
16
12
18
18
13
13
10
10
17
13
12
10
11
9
13
13
18
13
12
14
16
10
5
16
8
13
5
16
10
6
9
12
10
10
5
8
15
4
11
7
14
11
5
16
12
9
11
17
8
8
13
12
11
8
11
11
16
12
11
13
15
13
9
14
9
7
18
6
17
9
13
13
10
11
8
11
14
11
17
7
13
8
9
11
4
11
11
8
9
14
12
12
8
14
11
15
11
6
13
15
12
10
11
5
11
6
6
7
13
16
10
7
12
10
15
11
8
13
8
12
18
7
14
16
15
9
11
8
14
13
13
16
16
12
15
13
5
11
13
9
10
11
11
8
14
10
11
10
13
6
16
11
12
12
8
14
9
12
12
13
9
10
11
13
10
10
14
13
10
11
8
10
9
10
9
9
12
8
9
19
13
13
15
17
17
6
8
14
11
11
13
13
7
11
11
12
14
9
9
14
10
10
12
8
11
10
13
9
9
11
8
11
4
11
12
7
12
11
11
12
15
10
11
8
9
12
9
8
6
7
14
11
10
11
9
14
13
6
15
7
15
10
5
14
11
10
11
12
12
10
16
11
12
13
10
9
16
16
9
11
9
16
12
13
8
16
4
11
11
19
8
16
11
10
13
6
10
11
11
16
9
13
14
10
11
12
9
12
9
11
8
14
13
14
12
15
13
17
17
10
15
10
13
13
11
17
13
10
12
13
11
10
9
14
13
6
6
12
14
14
13
13
16
14
7
9
13
7
9
9
13
14
15
12
12
10
12
9
10
17
9
7
18
13
8
10
14
7
14
9
14
10
18
14
13
14
13
10
15
15
16
16
16
8
11
13
8
17
20
13
9
13
14
11
13
12
13
15
12
16
14
12
10
13
18
9
9
13
16
15
8
16
6
12
16
14
12
8
6
11
9
9
11
17
14
11
14
10
15
11
13
16
10
10
9
12
17
9
6
12
16
11
15
8
10
12
8
11
11
8
12
14
13
17
8
12
12
16
12
10
11
9
11
13
11
12
7
11
14
11
14
9
13
12
11
7
9
2
12
10
12
14
11
10
14
15
10
8
9
13
11
10
9
12
14
15
10
13
9
8
13
9
13
15
15
10
11
14
14
6
16
10
12
11
9
16
13
12
12
14
7
15
10
18
11
12
9
13
12
10
12
5
13
12
11
10
13
18
11
16
9
9
10
13
15
11
10
12
9
13
11
7
6
14
13
12
19
9
11
10
12
7
11
11
12
10
10
10
9
14
13
17
10
12
15
9
8
6
9
16
10
10
7
11
10
10
7
5
12
8
6
15
10
13
11
10
8
13
10
7
7
13
10
13
10
14
10
7
11
10
14
11
8
6
5
10
15
12
15
9
16
7
10
9
11
11
12
10
14
13
13
16
15
16
14
14
12
10
13
10
12
7
9
14
15
8
11
6
10
13
15
5
13
11
10
16
9
12
11
12
12
16
10
16
16
12
12
11
17
13
15
13
8
13
10
12
16
9
11
13
9
12
11
12
13
13
10
12
16
10
12
16
10
11
7
18
11
12
10
9
15
10
11
14
8
12
10
13
14
15
10
12
7
17
15
11
7
10
11
16
16
8
7
11
7
17
12
5
7
17
8
10
14
13
12
7
13
7
15
15
14
10
7
10
12
10
12
10
9
12
12
16
13
11
10
11
12
10
7
11
16
10
14
11
6
14
9
12
14
9
12
17
11
12
12
11
13
13
13
11
3
19
14
16
12
13
13
16
12
15
14
12
9
10
14
11
11
14
10
14
15
6
13
15
10
12
8
6
14
10
11
8
10
12
11
14
13
9
10
15
9
13
9
11
13
13
11
9
10
16
12
15
13
6
11
14
11
12
13
7
7
8
11
17
10
13
7
11
11
11
11
12
8
5
12
14
9
12
11
9
9
10
14
11
15
17
9
13
9
8
8
11
7
13
8
14
13
7
12
8
13
13
4
12
8
11
15
11
11
8
11
9
11
18
11
2
12
5
13
12
9
16
7
15
7
6
11
13
12
11
11
14
8
13
14
13
13
15
18
13
10
15
7
12
17
16
6
14
12
14
9
10
12
3
6
19
12
13
10
9
14
18
16
13
15
11
11
10
12
7
11
15
9
8
14
10
14
8
10
11
9
9
1
8
12
14
7
10
11
6
16
15
9
4
12
10
11
14
15
10
11
11
13
13
10
9
9
9
12
8
12
13
12
12
8
11
13
13
8
9
10
13
14
13
10
13
10
13
15
14
9
6
9
19
9
10
2
7
11
13
16
13
11
14
6
13
16
14
12
12
13
11
9
16
10
13
16
11
12
7
16
11
12
11
11
11
10
10
9
10
15
11
11
8
12
12
9
10
15
10
15
4
11
7
10
11
10
9
13
14
12
14
7
10
10
6
14
19
14
9
11
12
12
12
7
13
13
11
10
11
14
9
12
14
8
15
10
12
12
12
10
8
14
7
10
8
12
11
11
14
15
14
9
7
9
14
15
7
11
12
12
15
11
7
10
16
8
10
11
17
10
10
13
15
11
14
8
13
13
7
11
7
13
14
12
11
9
16
15
15
14
14
12
10
10
12
14
21
9
4
9
10
8
11
6
10
15
11
13
11
8
9
9
9
15
16
13
10
9
11
6
4
10
11
11
8
12
13
10
13
14
4
7
13
14
12
8
9
15
11
13
12
14
16
15
14
13
11
13
16
14
12
11
11
15
12
7
15
10
10
10
15
11
9
9
15
9
9
5
14
9
13
7
12
14
13
9
9
11
13
11
11
12
15
15
13
10
12
9
9
8
11
11
15
10
10
11
10
12
17
17
8
11
13
10
13
8
8
10
17
9
12
8
7
13
8
11
16
12
7
14
12
15
15
8
8
14
9
12
8
9
10
11
10
12
10
12
7
10
9
16
14
8
8
13
6
11
10
13
16
8
13
16
11
16
9
3
11
14
7
14
13
10
13
14
14
15
9
13
15
10
14
13
11
14
10
13
14
14
11
10
10
11
10
10
12
9
13
11
8
11
9
14
13
9
14
9
10
9
11
11
6
12
8
9
6
14
13
16
15
10
5
17
4
17
17
13
11
15
11
13
9
13
10
12
12
12
11
16
12
12
17
11
12
12
15
13
16
14
16
13
9
11
9
12
11
6
15
13
15
9
13
7
11
11
12
9
8
10
13
10
10
14
15
6
8
13
10
12
13
8
9
10
7
9
13
17
11
10
15
15
10
14
13
14
13
15
13
12
13
12
12
8
12
13
14
10
9
7
11
10
17
14
10
17
14
8
14
16
6
15
7
10
8
12
10
9
14
12
10
9
17
17
12
9
9
8
9
13
11
12
17
10
13
18
9
13
11
13
11
9
11
6
5
20
16
15
16
13
16
14
9
14
12
9
12
9
11
17
8
10
9
11
14
7
14
15
12
14
17
14
11
15
7
18
7
13
13
12
16
16
12
9
14
11
13
10
13
12
7
6
10
13
17
0
0
20
88
20
120
0
54
45
6
104
91
58
84
52
73
30
49
12
86
75
17
114
0
50
75
51
77
85
33
108
120
60
78
111
10
107
64
56
51
117
75
26
100
98
21
52
93
31
5
118
73
18
81
25
70
100
62
118
108
74
91
7
40
47
77
67
113
47
21
46
39
56
96
8
114
67
108
28
34
126
12
26
48
53
84
105
106
118
42
159
117
90
41
89
92
65
53
16
22
127
139
39
12
74
51
33
86
112
111
12
108
74
90
100
68
85
48
126
32
21
50
61
48
51
87
81
52
86
48
90
65
114
117
63
51
77
4
80
92
0
9
93
108
76
20
98
87
75
94
100
23
94
44
35
97
63
57
123
135
115
17
89
59
36
95
116
112
75
106
55
94
83
79
61
106
11
70
50
70
5
27
115
46
99
61
95
66
12
46
125
121
46
33
69
19
53
84
59
109
108
91
163
90
124
81
20
62
113
21
59
83
142
43
44
28
125
39
93
63
41
105
124
69
20
72
41
38
99
150
87
9
44
97
132
109
43
67
56
118
31
49
110
111
68
39
99
26
69
95
86
53
104
91
112
112
158
41
83
33
64
59
61
112
112
48
69
42
78
68
76
117
84
96
0
129
126
119
118
86
56
109
17
25
129
39
67
65
151
77
107
123
57
105
74
97
26
82
102
101
101
117
83
96
114
33
65
87
106
140
65
60
119
131
130
99
76
27
64
100
42
44
18
94
39
61
49
55
104
54
92
113
74
56
95
101
87
16
32
109
94
132
100
62
145
54
40
85
78
59
128
34
62
64
23
104
108
95
65
65
24
46
82
6
98
33
45
80
134
80
61
110
122
59
139
117
115
152
52
97
107
50
53
106
85
135
108
77
108
29
33
63
108
75
53
36
121
26
100
104
22
24
92
82
25
129
29
9
116
67
47
64
141
121
109
129
79
82
134
103
59
80
65
15
46
105
26
86
67
47
48
131
86
107
107
51
74
129
64
80
78
114
42
87
75
120
80
82
90
95
114
25
60
57
117
120
11
118
73
24
11
100
85
64
109
49
24
61
86
89
38
98
104
135
110
70
98
77
58
52
147
77
47
44
38
87
63
74
34
133
52
37
96
65
124
61
84
99
32
93
133
58
106
46
87
58
80
74
79
37
117
81
90
15
110
82
28
56
122
35
66
88
84
81
102
70
93
109
146
17
115
81
91
104
111
45
106
106
139
72
94
98
36
89
108
44
100
88
31
101
53
131
132
85
118
60
69
38
46
13
135
62
48
2
40
19
90
29
98
46
91
65
78
114
43
105
96
75
39
35
61
84
148
108
41
101
24
31
86
85
110
112
113
53
62
102
111
40
51
47
85
62
73
74
102
58
124
97
26
127
129
21
42
49
124
144
69
70
33
49
73
110
99
91
69
142
103
79
65
81
52
80
100
79
28
45
24
24
43
71
99
48
64
52
156
129
14
85
43
78
81
112
121
23
57
134
60
84
32
127
132
110
141
81
25
96
111
100
52
49
80
64
57
85
93
164
77
28
53
28
130
96
105
71
59
64
56
50
78
53
100
97
33
52
79
66
60
39
86
88
42
87
77
34
139
50
55
63
97
112
64
30
101
122
91
86
101
63
57
30
45
87
51
74
44
46
123
89
33
31
110
92
39
81
14
97
122
46
58
29
88
53
93
78
66
149
115
45
107
99
64
133
45
125
27
69
77
76
122
90
59
92
43
128
82
98
96
106
7
119
69
35
45
87
59
80
87
57
112
41
57
26
38
38
34
42
43
99
37
123
91
56
82
76
102
75
97
80
86
58
68
152
126
49
153
69
90
25
55
119
82
62
106
154
110
90
58
121
68
50
81
131
53
108
49
45
102
97
37
107
25
53
94
35
140
110
75
113
42
71
40
89
63
57
31
104
60
88
75
15
41
85
7
53
51
46
81
30
96
83
45
87
11
21
69
88
35
55
115
115
90
43
40
74
107
85
73
5
106
91
97
98
120
48
105
137
70
111
50
47
110
60
102
59
40
101
74
89
92
115
52
106
80
103
24
51
98
85
95
69
24
22
116
128
74
78
109
120
46
74
40
43
34
82
59
111
84
130
41
98
35
149
74
68
24
42
62
120
0
72
54
93
127
79
148
128
69
58
95
44
120
101
114
55
39
33
76
122
69
88
71
77
73
69
104
30
75
13
39
110
32
18
20
47
57
75
153
77
37
35
49
52
112
123
66
47
93
66
30
77
84
61
94
126
50
69
47
124
103
109
98
91
113
107
86
77
92
64
98
68
103
88
128
76
119
71
111
66
63
87
36
117
131
32
108
92
44
75
103
103
107
48
73
132
128
48
47
111
85
18
85
163
68
88
63
25
110
59
76
142
81
93
89
103
35
47
58
27
101
13
49
85
51
103
42
15
38
100
124
63
45
80
127
92
95
40
47
92
61
76
100
127
80
87
133
66
33
112
109
54
52
95
139
31
38
87
36
103
86
121
60
116
43
94
119
138
70
98
167
96
24
35
6
87
147
85
134
39
15
120
47
49
74
83
69
75
61
97
130
25
16
87
86
114
109
87
86
73
86
93
8
64
85
122
49
119
94
68
106
17
102
45
39
71
62
88
103
66
10
111
56
28
88
63
92
21
89
58
92
93
53
84
103
126
102
38
22
63
97
73
70
62
43
42
122
27
145
83
96
108
32
89
100
43
88
79
151
104
50
57
125
127
104
106
65
84
25
34
90
20
130
130
138
45
105
93
34
64
16
96
99
16
80
91
62
140
117
102
123
80
117
74
95
71
126
105
74
66
29
63
84
29
116
87
11
74
138
51
138
85
112
57
122
89
70
37
111
104
43
27
16
53
74
83
125
113
138
102
85
130
102
95
74
97
51
51
119
112
66
95
44
137
115
55
58
76
91
130
127
89
125
116
126
96
62
47
121
163
62
36
52
85
108
12
111
14
131
93
90
64
89
82
56
52
7
58
98
83
55
89
108
68
108
32
34
107
103
111
129
35
17
131
23
87
24
32
125
130
71
93
95
57
55
124
44
114
58
77
18
71
143
59
6
77
77
23
92
26
40
113
48
69
41
135
106
50
95
96
58
118
56
110
101
123
81
42
33
81
40
42
36
114
57
61
23
10
57
103
102
128
30
59
85
52
30
75
112
20
101
102
49
53
7
108
110
68
117
89
48
62
40
87
132
105
17
65
74
30
82
40
32
86
110
100
124
76
88
60
106
89
54
75
130
76
114
114
100
29
34
108
87
104
53
61
70
65
56
70
28
92
99
57
73
108
91
106
106
80
84
82
52
123
90
78
132
56
74
125
88
84
26
124
83
89
130
96
84
85
42
144
20
30
78
19
123
95
134
77
103
118
103
26
118
35
62
102
54
119
107
116
40
23
87
40
41
98
12
83
43
114
63
67
100
36
27
35
96
99
122
87
98
24
111
106
71
138
72
113
96
51
50
42
103
24
69
44
83
28
78
140
43
97
83
60
74
53
53
84
75
83
62
52
113
100
121
96
26
105
20
75
98
50
30
65
138
90
89
77
62
150
46
13
41
82
86
86
37
115
91
124
104
38
53
57
107
48
36
80
158
65
51
113
69
57
59
108
17
87
28
77
88
142
117
11
93
96
107
126
122
95
40
22
45
58
10
34
63
118
88
106
94
83
36
108
56
71
42
64
121
109
118
24
37
16
29
97
111
62
114
35
67
127
147
70
123
50
115
103
67
126
71
158
115
78
86
138
131
129
104
71
112
27
47
110
63
90
4
57
112
58
105
59
73
86
67
117
130
109
52
14
34
124
70
25
96
87
115
62
83
38
61
76
117
71
92
54
134
29
37
100
75
92
70
110
125
118
121
109
79
92
140
84
21
62
91
3
130
86
91
123
98
37
64
68
29
61
119
10
44
50
85
65
123
103
149
52
72
23
93
77
78
110
107
56
36
49
68
107
91
126
78
113
80
32
18
61
42
25
83
129
94
90
107
50
46
62
39
77
136
45
65
87
27
37
96
109
59
56
108
50
84
53
8
55
56
76
104
75
29
132
101
58
64
69
95
96
114
106
34
80
122
61
100
26
36
63
56
77
6
56
37
121
25
118
102
50
32
140
64
44
69
16
65
87
116
53
58
56
100
121
96
88
68
113
92
74
88
36
56
114
33
131
65
138
15
144
39
60
96
42
90
73
110
97
28
63
37
68
39
100
69
125
116
88
46
53
114
75
43
48
147
61
99
86
84
89
134
122
139
98
95
67
58
100
103
78
130
37
92
89
132
93
115
71
106
78
95
57
68
113
95
103
145
41
141
30
64
88
62
115
95
55
143
75
86
95
84
61
29
36
81
130
132
91
47
40
105
28
100
32
69
28
34
74
20
50
111
41
93
103
65
86
124
83
109
74
32
58
93
100
122
61
96
100
93
52
65
89
53
90
72
35
65
44
106
115
99
33
14
112
56
31
11
49
137
141
114
19
141
84
73
23
102
143
108
130
117
123
119
138
53
19
103
23
40
85
130
11
66
49
45
102
107
29
164
89
69
48
66
137
26
15
37
27
74
88
65
94
139
93
100
19
125
85
104
119
71
102
74
144
35
60
26
101
62
128
33
95
100
44
62
62
105
107
83
124
70
34
85
74
78
12
94
112
101
145
72
119
123
117
102
81
98
85
82
29
123
86
89
13
63
38
79
31
102
109
143
116
87
35
33
128
55
56
76
56
27
84
60
20
117
141
49
38
91
29
92
84
18
112
82
114
101
76
33
141
88
109
11
22
29
35
77
39
43
46
128
116
138
82
82
115
56
137
58
94
43
57
71
95
83
68
164
85
117
14
76
12
44
81
88
65
108
33
34
132
122
109
102
103
95
55
98
99
86
50
75
124
71
110
60
100
5
55
132
58
114
79
55
129
101
108
29
120
69
118
55
80
94
44
82
29
5
96
19
37
68
144
89
101
55
103
73
119
91
17
107
45
27
86
102
23
71
112
85
111
90
78
118
100
92
114
70
26
129
32
121
56
106
122
115
96
41
97
97
100
138
125
99
106
115
100
35
98
126
69
57
111
72
92
84
97
93
98
10
96
114
121
57
64
151
110
70
55
53
67
86
68
94
115
103
61
93
32
135
90
70
84
43
45
96
79
64
83
109
95
100
84
110
77
35
90
94
93
78
73
58
68
73
45
59
96
88
120
116
63
86
38
79
45
42
44
96
27
94
55
40
83
92
94
48
27
98
43
88
93
109
54
54
59
147
114
129
24
104
36
71
50
52
102
157
36
66
86
79
32
35
82
41
110
19
42
128
45
54
86
63
89
67
68
134
83
93
22
76
86
107
101
125
35
89
121
82
41
61
27
92
61
63
78
30
73
21
96
136
53
133
16
22
48
1
133
73
124
72
53
91
48
103
94
95
80
64
38
83
84
76
97
130
104
61
89
129
79
42
27
42
142
56
54
64
34
32
82
95
83
44
87
117
78
29
136
78
44
17
40
107
38
101
78
60
81
59
48
96
141
19
49
58
72
140
112
123
70
157
86
106
77
38
55
114
14
69
42
103
99
57
70
46
45
35
123
51
98
96
74
39
85
71
7
48
54
122
105
52
67
107
63
39
115
78
65
78
55
52
158
79
82
24
118
80
115
74
154
95
16
51
123
36
162
37
71
57
67
71
111
146
87
79
60
90
65
52
120
110
98
68
67
54
63
94
55
57
76
62
96
146
39
118
89
137
101
67
5
109
128
95
99
65
31
89
27
43
97
160
51
140
78
50
29
59
31
70
73
60
139
22
172
50
24
47
131
79
56
28
125
178
106
106
60
52
31
68
73
87
57
43
118
59
105
23
56
43
106
31
111
78
103
91
111
25
27
42
136
60
66
89
86
45
62
24
110
107
5
94
74
71
121
64
80
136
49
38
67
57
126
13
63
45
87
83
88
110
43
154
74
65
43
84
96
38
34
46
93
33
25
91
130
110
80
94
46
115
122
108
61
116
45
72
60
50
12
79
51
116
132
66
51
124
68
67
31
64
114
116
73
118
88
27
135
49
118
128
36
110
72
66
47
11
49
125
107
75
49
21
65
53
100
29
45
100
115
71
124
70
100
122
57
52
98
137
54
65
81
123
146
150
54
92
119
30
35
126
59
89
13
67
66
58
43
16
98
90
55
22
34
10
79
41
84
129
130
112
117
29
114
49
147
82
21
75
100
47
43
68
135
37
67
101
12
110
35
112
72
109
67
82
99
166
7
69
116
65
104
31
90
71
99
84
138
107
81
34
89
52
78
59
55
98
59
113
133
101
121
28
41
31
86
90
99
136
88
59
62
112
97
75
65
72
3
97
112
97
75
90
116
57
60
91
85
87
83
34
37
65
114
97
79
91
100
83
87
81
48
102
105
48
151
49
90
95
66
23
122
49
121
17
88
61
112
17
109
47
90
117
35
144
85
79
34
77
87
45
127
116
74
64
45
44
80
145
143
122
133
136
150
33
94
61
94
102
52
70
2
80
78
79
50
54
5
54
86
56
48
46
54
89
114
75
67
15
27
68
72
18
24
29
65
126
84
69
100
79
121
97
52
33
85
102
105
71
105
113
78
107
72
32
52
63
102
105
103
51
48
149
63
98
46
26
88
26
37
48
68
82
88
78
61
152
152
99
84
105
84
70
97
70
27
38
111
80
78
30
129
52
101
88
142
30
114
100
43
121
115
57
58
24
89
87
33
109
108
25
26
85
100
92
70
52
118
117
39
22
76
168
95
96
15
78
64
106
62
18
33
122
96
96
100
57
86
89
24
66
129
91
51
99
60
42
84
109
104
86
84
31
108
48
77
109
51
71
89
76
29
121
107
117
60
71
68
102
72
120
118
20
74
68
16
39
63
104
86
110
106
66
76
123
60
59
93
142
111
85
111
119
102
128
79
100
54
44
90
124
58
28
73
74
67
69
110
110
52
31
115
19
35
59
107
128
108
21
80
84
69
104
41
108
121
82
82
22
98
34
78
29
51
148
111
97
20
79
109
111
57
51
54
156
107
18
81
84
63
152
89
73
17
119
24
104
7
31
84
96
11
56
59
65
50
122
104
23
166
109
44
91
59
76
121
58
59
73
17
76
8
33
112
103
114
61
76
67
42
50
57
138
102
94
58
107
80
90
127
36
96
73
118
73
68
73
115
95
91
101
88
55
99
53
110
57
58
95
33
81
82
34
66
57
48
117
73
107
100
7
92
152
64
32
51
115
122
60
16
95
106
89
81
101
82
79
76
73
45
117
53
89
68
99
91
54
21
20
98
54
120
84
48
53
64
22
52
23
72
35
68
39
75
69
55
97
94
130
32
84
66
102
36
112
60
52
44
106
52
76
17
54
100
50
74
50
79
101
58
113
59
21
109
151
105
127
127
115
59
60
80
108
32
64
86
92
40
37
102
35
127
81
70
40
18
72
43
125
70
45
79
72
60
23
53
43
42
119
117
96
123
61
62
38
109
75
119
34
55
16
68
31
22
138
109
137
105
79
58
90
52
40
99
40
120
25
54
54
66
78
115
77
118
64
50
87
45
54
52
104
147
24
76
27
124
87
32
110
71
48
64
82
75
132
69
78
104
92
26
108
107
69
114
80
75
31
68
43
54
59
67
81
36
50
48
98
74
25
50
22
86
37
96
66
82
48
48
13
42
53
101
50
68
100
103
39
65
28
85
39
99
45
26
101
71
27
32
38
89
91
68
82
88
33
75
143
117
100
88
63
54
82
77
102
143
78
151
52
5
38
82
11
31
54
119
18
81
34
40
30
58
97
51
105
91
78
104
124
84
75
47
124
124
25
133
70
69
82
55
63
108
105
110
87
26
41
48
82
67
99
104
89
124
71
49
40
83
88
147
83
112
88
119
117
68
95
39
65
143
65
55
82
89
31
81
31
28
105
84
88
74
65
115
19
48
86
75
73
58
74
104
83
78
62
24
110
44
64
97
118
115
85
53
37
87
103
107
54
77
33
79
121
99
56
117
95
53
37
12
78
108
114
13
126
37
114
24
99
64
98
84
77
91
25
109
102
98
48
73
47
69
108
96
62
64
38
128
105
96
78
10
28
118
69
117
82
86
90
104
104
112
71
30
146
92
25
106
59
75
101
86
138
96
121
93
120
34
68
62
51
82
91
77
101
136
125
109
70
120
83
106
62
15
82
94
49
98
65
125
75
102
69
86
44
24
85
117
108
54
85
145
56
14
101
108
47
100
31
96
129
132
67
59
50
74
36
56
102
50
116
131
132
72
54
109
57
78
45
135
115
132
73
109
61
60
82
108
62
74
53
57
79
38
109
44
97
67
92
87
20
58
58
125
120
120
69
119
66
53
15
130
36
120
99
101
67
65
78
83
33
61
85
64
22
76
122
102
80
40
50
56
34
140
84
98
93
49
75
150
86
82
77
74
81
126
109
78
83
111
73
27
114
54
47
38
79
16
88
87
102
108
78
105
118
141
68
124
19
131
117
132
57
66
62
14
154
91
94
78
19
33
112
58
112
42
76
110
8
88
96
107
71
87
43
32
68
44
99
10
96
99
77
105
24
50
22
103
127
102
38
51
23
126
133
101
56
36
88
70
132
12
80
102
52
85
112
53
29
35
89
79
122
109
23
109
120
60
120
103
110
117
99
115
85
71
39
61
110
130
90
19
52
87
39
47
146
15
75
32
125
111
48
117
24
87
77
128
113
6
114
79
119
30
102
77
16
34
85
70
71
64
74
71
66
115
71
78
33
94
86
46
90
95
92
132
126
5
39
80
21
95
29
123
122
62
49
112
69
88
122
144
31
31
103
106
139
23
44
67
22
58
26
117
82
62
134
121
22
65
109
73
54
120
141
77
102
23
95
60
131
85
48
105
96
76
115
30
9
98
59
104
36
65
79
133
122
105
68
102
62
15
34
64
61
73
86
38
106
90
48
80
63
5
86
114
90
92
88
107
31
82
162
116
84
75
111
110
116
38
43
50
102
100
85
73
86
59
81
113
31
32
88
125
102
117
78
140
36
73
54
114
113
103
85
78
68
1
90
142
29
102
25
133
27
24
113
85
34
30
78
74
121
55
100
97
98
61
52
33
95
120
129
94
98
110
94
70
32
83
120
73
134
33
77
61
83
112
62
67
101
42
35
96
83
72
57
84
58
68
56
116
105
124
81
67
112
50
118
72
98
63
110
106
68
63
84
94
30
89
100
95
95
76
87
45
107
145
118
26
88
70
49
135
17
29
21
106
119
64
35
10
80
96
55
58
103
22
108
99
51
83
25
122
31
68
67
86
65
30
92
42
51
55
134
76
84
72
121
115
49
59
109
90
52
19
42
128
66
64
23
107
42
144
42
37
121
56
84
111
101
42
44
53
115
93
100
83
120
117
31
92
86
72
121
88
88
113
74
52
25
88
102
58
55
39
67
73
26
104
63
88
44
147
153
95
114
136
89
39
111
84
76
25
66
88
107
151
133
120
25
72
10
96
70
122
40
143
71
127
79
104
87
44
136
118
101
70
26
60
121
102
106
66
22
99
132
107
37
73
92
95
110
103
102
85
55
117
87
107
100
39
94
52
43
24
67
73
63
84
134
103
111
113
45
114
58
87
79
94
117
76
31
127
58
50
77
42
55
103
100
84
104
115
78
48
95
44
100
112
87
125
82
83
22
82
21
74
50
52
95
102
115
96
19
28
70
113
104
108
6
82
78
40
57
82
145
38
129
51
40
74
26
75
57
35
74
141
127
108
93
28
101
135
52
85
92
105
72
77
82
74
86
79
5
94
113
103
9
73
62
91
47
83
134
148
107
57
57
92
84
95
12
99
76
77
62
62
89
76
57
70
129
88
50
113
10
55
113
60
95
35
57
70
70
87
109
58
121
41
129
50
51
31
61
138
117
17
78
82
102
140
59
101
29
80
98
104
119
108
93
22
64
53
7
93
111
84
80
124
136
109
138
18
65
99
94
80
56
136
39
91
20
100
89
53
96
107
84
51
33
70
65
66
116
69
99
58
78
90
131
69
75
70
126
121
43
127
145
43
99
48
69
14
52
55
84
43
110
36
123
53
58
34
22
15
110
83
41
120
100
121
6
135
81
29
37
76
46
107
36
50
91
91
52
39
24
42
35
26
24
56
123
104
94
23
89
129
43
65
84
31
57
72
124
118
84
89
38
121
24
25
117
35
17
80
37
69
36
113
62
105
59
32
76
32
41
88
110
51
80
67
61
71
89
46
29
100
96
46
113
52
31
88
70
13
59
108
110
37
84
70
137
100
8
104
76
110
149
97
53
63
40
47
104
32
114
90
54
109
104
108
99
22
116
117
119
108
74
27
60
92
85
132
82
115
106
94
15
150
91
88
159
80
17
43
100
99
65
103
101
85
60
39
49
70
106
101
81
109
71
121
71
107
47
24
119
38
28
94
78
78
105
72
50
126
50
126
84
59
68
64
113
79
97
53
82
80
96
115
36
112
99
77
13
117
86
83
116
121
54
49
109
56
100
129
55
46
103
83
108
26
71
109
127
34
106
103
99
61
124
123
74
37
21
85
91
163
79
85
85
4
91
139
43
56
39
106
77
28
98
65
117
159
125
36
67
156
27
67
92
87
93
92
63
86
116
119
76
73
55
90
47
45
49
81
72
49
135
110
15
96
26
66
47
125
100
103
88
7
14
30
12
103
16
49
24
74
71
67
107
98
121
106
63
106
47
65
53
69
100
99
41
100
18
28
110
47
109
45
88
115
127
135
79
121
84
27
106
79
95
7
69
106
131
44
99
37
125
72
68
93
89
16
105
80
36
108
90
30
41
101
143
2
25
82
66
128
70
90
99
74
54
101
90
80
61
74
34
30
112
151
31
44
35
109
72
67
66
114
104
107
135
104
117
115
114
125
81
130
54
128
59
132
12
88
96
101
51
103
118
78
142
51
56
83
101
72
23
16
15
91
117
67
101
75
119
43
99
40
72
28
43
93
83
110
128
115
68
49
76
72
83
39
98
92
84
49
80
77
109
122
78
56
84
77
125
40
90
95
42
76
130
141
100
53
97
55
81
77
122
21
89
123
1
73
50
39
101
43
58
43
77
137
52
125
71
122
22
25
122
26
109
125
44
74
128
61
54
104
78
130
8
54
17
116
130
91
75
86
72
97
130
65
101
22
93
95
61
122
85
118
136
42
39
38
126
71
88
95
114
145
84
100
80
47
84
70
124
36
125
81
93
44
15
118
12
105
113
139
104
85
83
76
52
46
120
55
65
66
87
61
72
66
77
138
37
37
95
100
77
78
30
113
28
76
3
48
25
112
76
62
52
99
47
18
9
86
51
68
82
59
39
138
83
80
17
32
95
98
20
63
130
130
86
78
53
36
51
79
123
91
104
44
95
32
59
117
80
89
75
96
72
89
40
101
13
65
118
122
39
31
113
58
46
31
66
21
72
150
95
98
31
51
132
65
81
134
160
123
124
58
51
115
117
90
116
132
124
64
137
63
34
26
110
123
67
35
71
39
120
70
70
47
135
97
83
88
8
121
80
161
134
108
78
58
104
4
63
71
25
79
56
74
118
129
55
84
113
13
26
56
63
52
104
29
81
73
20
50
60
101
35
144
8
127
121
63
89
30
68
115
30
100
115
68
123
53
8
146
97
34
96
83
76
14
48
138
86
110
113
87
90
58
116
77
125
9
92
109
64
93
106
53
40
60
58
18
70
42
62
102
62
31
63
14
121
46
117
50
32
11
132
21
163
79
43
138
150
113
63
79
69
60
122
84
93
61
38
148
47
61
50
19
95
35
73
49
47
95
163
124
27
21
62
44
77
50
51
118
135
109
67
57
74
31
68
38
43
44
70
42
82
15
75
79
101
49
45
38
19
37
55
131
31
15
103
74
69
136
89
62
95
115
38
20
110
107
108
53
135
104
93
72
34
102
21
74
102
32
153
69
72
45
164
64
34
61
83
73
121
85
109
49
63
112
96
59
121
121
94
38
117
74
65
42
116
67
84
18
81
139
92
71
107
123
20
121
25
16
71
17
50
59
111
49
74
112
36
74
40
74
57
93
70
107
51
100
44
67
32
11
73
79
87
107
117
131
21
118
85
109
51
94
39
141
65
86
88
124
85
88
105
44
24
99
30
91
112
82
137
25
72
86
64
57
62
41
53
22
49
67
78
63
169
46
83
91
136
61
114
55
120
122
65
48
71
130
70
29
94
58
51
103
25
93
7
112
89
118
98
106
43
158
79
47
147
35
61
16
65
54
58
58
66
49
20
58
95
80
96
156
133
20
38
75
105
50
95
136
91
105
50
81
88
131
92
127
49
125
102
121
100
140
26
103
42
99
53
91
54
90
52
34
107
105
72
121
146
46
69
76
74
70
48
43
98
80
46
89
70
21
52
99
28
39
109
74
105
39
90
99
53
140
127
81
130
106
91
53
117
84
60
125
70
80
75
104
74
87
62
37
20
42
51
70
124
66
75
48
86
53
129
118
41
124
75
131
96
98
70
76
122
122
150
82
61
49
79
95
21
132
63
113
118
38
114
68
84
55
17
99
51
74
50
30
112
39
92
81
53
52
35
58
113
37
51
68
84
74
91
125
38
83
138
80
109
108
21
112
66
106
66
122
86
44
111
147
69
123
106
78
129
16
119
48
67
54
86
120
66
110
53
111
81
60
130
34
59
87
81
58
42
43
41
69
109
106
96
51
118
46
37
27
130
83
54
62
86
35
47
106
35
86
121
79
115
129
124
88
116
98
50
98
89
120
51
66
110
83
63
93
50
94
111
84
107
66
85
98
62
79
74
58
75
85
65
52
52
94
68
99
54
53
94
90
35
154
154
138
69
99
78
118
86
53
90
104
78
116
22
146
105
55
133
32
124
68
78
56
127
111
96
117
78
62
125
18
58
70
107
73
32
82
71
61
113
121
49
54
159
116
44
98
59
88
82
52
130
49
45
115
121
46
66
41
108
29
88
64
123
110
108
70
70
31
95
110
32
10
7
62
115
20
65
32
92
39
114
40
124
118
95
75
101
67
88
114
14
67
28
57
127
72
65
82
112
72
24
8
149
68
88
74
40
20
58
52
82
59
90
101
25
47
74
73
121
142
30
47
156
69
88
98
114
80
91
59
74
81
82
104
52
76
107
111
91
88
116
35
12
74
50
75
67
29
104
66
139
83
144
66
114
95
89
103
25
94
133
52
88
36
87
33
63
71
96
64
26
133
71
129
118
95
148
111
133
96
89
112
87
144
124
10
91
53
43
71
68
97
100
39
28
85
133
22
104
151
62
144
83
130
41
134
60
31
20
31
94
49
120
131
77
107
143
73
29
124
111
115
105
109
131
44
49
115
70
78
55
20
31
77
118
115
96
120
75
99
49
61
69
107
67
71
113
100
122
24
89
72
76
75
132
25
21
48
112
89
80
121
74
55
78
76
36
20
110
44
118
73
80
45
90
53
67
68
87
89
39
85
66
50
60
27
140
40
21
51
76
82
28
67
76
55
43
76
83
144
79
58
65
62
114
96
97
104
2
100
23
90
75
59
71
87
99
102
78
31
29
136
107
79
79
37
77
47
130
56
19
64
65
99
103
149
112
12
53
44
120
20
66
126
89
156
79
37
41
48
120
120
137
89
64
47
113
37
112
29
50
44
109
98
157
45
35
38
116
82
66
62
43
131
11
155
107
77
89
57
82
65
29
78
109
66
95
68
53
71
92
122
63
25
48
89
77
100
40
110
38
42
79
76
146
126
91
1
133
90
135
58
58
147
106
130
24
47
23
67
74
119
129
84
40
91
134
124
110
42
94
93
99
94
13
54
70
40
38
26
77
22
80
13
119
79
102
110
72
63
53
115
19
48
93
117
28
54
130
67
35
86
81
52
167
113
81
126
25
147
35
110
66
14
75
36
27
66
98
71
114
27
42
74
92
75
113
82
68
86
80
13
31
89
88
55
41
96
28
29
79
90
13
88
25
128
120
30
101
78
43
125
128
73
57
89
99
127
93
88
60
95
26
96
70
22
41
131
108
104
132
115
62
89
82
90
74
46
121
89
72
50
28
100
17
92
108
127
127
68
50
156
37
109
42
61
90
60
55
109
67
31
82
115
67
98
123
121
37
102
102
46
48
79
88
60
19
93
8
126
52
97
17
179
20
105
99
37
31
40
47
72
70
37
42
83
62
86
64
88
109
65
129
81
51
85
96
68
139
88
73
41
68
91
45
74
57
85
63
55
32
110
89
65
104
89
94
116
103
74
85
115
76
115
52
73
128
20
92
49
36
100
124
111
37
30
109
92
18
25
102
93
116
20
30
65
101
105
76
36
106
83
82
108
18
112
37
116
40
76
110
47
77
40
62
27
108
132
97
61
47
91
38
105
88
121
99
36
67
59
106
97
56
31
100
83
118
21
83
164
8
80
39
82
81
114
85
59
80
52
50
91
131
70
128
45
85
99
50
44
84
146
38
82
8
117
82
45
70
24
29
20
60
3
148
65
23
96
80
102
107
67
37
62
83
130
93
48
128
92
110
77
99
44
37
83
100
66
76
9
33
87
69
22
68
105
87
125
146
28
142
121
71
23
110
86
101
102
134
69
46
84
86
64
139
106
101
59
114
3
103
26
154
46
57
40
61
118
129
93
79
92
36
96
61
83
59
99
65
68
69
58
68
66
54
115
34
20
29
84
47
66
106
79
92
73
62
120
67
98
107
98
52
105
75
115
53
38
53
88
129
109
73
64
61
129
93
66
49
104
108
84
141
113
105
75
95
94
21
109
137
76
88
38
40
89
55
88
86
54
48
104
82
57
117
154
77
112
74
93
77
37
68
109
41
58
84
108
85
134
85
44
16
102
32
113
121
93
131
82
63
59
73
48
92
80
33
101
113
25
95
102
101
72
108
52
28
106
48
92
77
83
104
11
102
74
12
79
84
86
123
140
35
146
87
82
25
58
76
74
66
84
84
7
103
36
66
46
98
96
119
98
77
19
117
121
112
119
44
108
108
45
59
67
99
95
71
75
101
85
100
118
50
47
78
85
54
93
131
129
80
108
81
55
51
58
125
53
84
135
63
82
43
10
33
101
99
25
124
28
122
92
83
124
73
13
76
129
60
86
69
17
89
68
91
53
29
100
57
81
132
49
102
85
95
120
40
16
77
117
122
86
28
83
128
93
104
67
43
65
125
108
98
110
56
72
80
66
105
84
82
81
40
93
137
27
44
23
101
146
113
132
59
92
109
51
66
116
27
55
62
92
101
105
112
20
80
107
73
80
119
117
65
79
129
47
47
122
117
45
6
32
46
45
66
54
4
111
81
124
69
72
97
61
66
17
110
48
48
33
122
74
100
70
50
11
52
80
17
22
108
95
96
133
47
98
42
80
63
82
30
69
53
117
94
73
88
80
106
43
19
73
14
130
75
29
91
98
100
77
53
83
65
76
31
96
58
34
89
128
88
113
91
111
51
122
10
129
100
113
69
108
101
114
102
128
75
62
37
125
113
94
127
49
71
129
94
105
115
79
58
77
96
107
67
70
59
58
45
42
163
140
100
70
63
63
63
94
41
125
68
68
87
86
7
62
94
57
40
53
142
48
40
91
45
86
124
80
4
111
72
119
22
43
120
13
112
90
38
111
98
67
35
54
114
93
37
29
63
115
83
33
110
114
45
92
35
78
118
79
97
107
71
63
116
97
107
71
75
99
63
68
35
60
66
83
61
45
1
100
25
43
95
58
100
28
137
100
128
109
73
141
109
44
109
114
30
31
12
74
32
80
79
45
103
88
81
50
55
108
111
97
43
30
24
127
39
63
80
67
42
76
92
77
39
143
35
103
111
58
86
102
86
109
50
96
82
90
100
112
5
72
32
56
91
116
105
87
19
67
107
54
60
131
33
121
95
119
107
121
90
54
61
89
78
98
90
98
118
96
98
16
64
115
127
84
122
37
49
70
61
19
72
61
36
41
89
32
106
30
46
88
87
72
133
79
91
103
115
14
73
48
58
98
96
87
105
41
143
119
73
90
8
112
8
63
77
39
87
83
112
106
97
62
55
121
28
27
6
102
124
143
152
133
121
89
70
75
83
79
74
56
77
85
57
78
29
82
18
128
88
74
143
80
107
30
101
105
63
31
91
76
78
101
76
100
83
55
78
83
116
102
87
51
77
93
78
61
40
26
120
163
122
55
108
32
105
120
60
101
17
41
11
120
97
67
72
76
75
110
84
15
107
48
126
115
71
101
82
84
112
37
48
87
11
38
118
26
66
59
52
105
28
58
108
81
86
9
121
59
62
44
94
82
61
132
61
83
95
33
28
141
93
95
112
77
102
47
116
88
94
100
128
83
121
35
127
94
106
127
59
32
114
58
86
9
86
107
74
79
103
93
60
84
143
73
83
133
100
100
142
68
77
108
37
100
102
96
27
105
72
25
107
25
136
57
119
38
82
85
110
103
79
67
106
77
42
113
10
95
70
93
114
40
50
36
118
13
73
17
83
23
124
45
68
15
110
129
31
40
36
84
144
76
116
77
91
81
83
98
121
79
86
60
48
116
115
91
91
79
30
86
55
107
104
96
98
101
88
134
143
72
138
65
147
74
70
81
127
66
120
102
71
88
56
64
31
112
40
143
96
65
78
79
117
67
84
62
27
45
51
115
56
85
53
50
95
112
82
98
85
64
91
29
13
90
39
104
62
97
56
44
113
114
100
87
129
115
44
23
126
90
119
91
38
71
94
79
53
76
76
110
105
94
127
78
113
121
140
92
57
77
76
113
78
53
84
143
66
131
86
76
74
88
90
92
106
148
105
107
44
82
44
131
61
10
90
68
101
123
55
111
116
114
22
52
67
56
44
81
114
111
44
86
82
57
135
137
43
31
58
42
59
50
37
113
55
109
67
131
41
82
110
111
98
39
31
153
70
82
111
54
120
101
68
95
30
76
34
36
29
9
59
34
12
93
164
38
28
112
39
28
69
80
71
118
125
120
66
52
102
82
105
91
79
23
95
148
139
96
142
88
110
91
130
29
106
100
68
75
93
60
116
119
24
70
42
92
129
113
93
61
40
48
46
91
60
84
104
101
83
65
128
94
97
60
76
22
43
124
43
76
66
87
61
94
84
31
138
117
35
112
119
60
82
80
43
52
21
66
98
80
107
64
96
75
62
42
118
86
102
44
81
115
70
26
104
83
72
100
69
20
59
94
40
79
96
124
61
130
71
66
45
67
93
124
47
79
118
52
144
98
55
59
100
57
77
55
42
102
76
61
59
57
111
73
55
72
134
77
84
76
43
102
40
60
21
86
135
42
74
48
64
95
100
60
93
79
57
94
74
71
169
122
43
52
114
64
97
92
27
62
40
33
63
111
48
112
109
81
86
101
68
3
91
80
25
65
82
114
104
108
88
77
49
62
96
78
13
87
111
127
117
21
66
39
109
98
86
11
55
154
29
73
68
100
58
120
64
79
39
72
78
61
98
68
113
34
42
55
77
40
94
104
114
74
94
133
68
58
103
12
120
34
26
119
94
7
51
77
65
53
44
76
86
147
68
10
49
49
70
36
49
148
92
71
67
58
35
116
70
30
37
73
105
143
87
36
58
63
135
21
121
117
97
118
66
66
114
155
79
96
15
89
112
92
112
84
117
72
101
65
5
73
68
28
43
94
98
52
109
92
48
117
84
9
49
122
74
126
5
33
121
39
98
119
56
89
42
47
32
64
26
40
93
54
80
108
78
92
123
71
50
68
74
135
33
45
121
14
113
103
44
102
105
82
85
13
103
37
148
112
75
136
83
117
91
27
113
45
137
122
30
31
113
124
95
56
59
33
67
90
117
38
112
103
72
89
48
98
106
109
119
88
127
130
84
93
103
99
112
49
88
