6
38
6
27
19
33
27
13
25
22
14
26
1
18
17
33
20
6
39
41
26
36
15
9
39
30
12
23
45
21
42
26
25
40
7
1
25
33
19
18
21
17
29
41
26
29
34
25
20
18
18
18
24
25
14
44
6
21
21
30
29
27
17
30
29
44
22
5
3
24
43
21
40
16
42
13
24
41
38
6
6
31
32
18
36
7
14
28
18
38
15
47
19
33
31
8
7
26
24
16
45
5
34
4
45
39
43
16
28
18
39
27
30
32
19
11
27
39
31
30
29
18
48
1
38
21
47
19
24
22
18
23
12
41
25
34
14
15
36
37
27
26
42
30
24
37
29
21
19
14
15
19
28
22
35
19
23
6
42
20
23
39
28
27
12
12
29
12
25
13
27
23
34
20
24
29
20
26
12
35
14
41
19
40
35
34
30
38
28
44
30
25
31
32
22
22
39
21
23
12
28
14
33
23
17
42
4
35
44
38
29
27
35
50
27
23
34
6
19
30
26
30
35
16
50
10
12
15
41
16
9
43
43
34
43
35
14
38
31
25
36
48
13
39
23
19
22
50
29
35
28
18
29
26
22
19
43
20
5
24
26
23
33
25
28
39
37
26
19
19
17
22
7
30
22
5
42
35
12
26
28
29
27
40
20
15
34
14
22
30
12
39
17
29
45
37
52
45
19
25
52
34
14
37
18
32
36
28
33
36
33
25
24
20
19
36
38
19
15
38
21
13
30
34
39
40
28
28
33
13
49
47
43
40
37
45
48
30
8
33
5
27
50
44
35
13
57
30
37
26
24
8
28
28
46
22
38
47
26
44
43
49
54
19
27
30
44
23
32
21
24
18
31
29
31
29
37
34
44
33
17
31
24
32
25
37
24
33
29
19
20
28
22
33
39
14
8
14
22
30
27
38
36
20
33
45
21
39
19
6
39
17
35
30
35
26
27
14
14
3
11
51
12
12
10
45
45
38
16
28
20
40
9
30
34
16
11
7
24
34
28
29
12
36
41
46
32
21
25
28
25
45
24
12
9
27
31
36
12
39
18
12
18
15
15
30
28
37
25
21
14
31
15
46
23
35
8
40
26
9
10
45
21
39
34
31
28
41
40
25
22
15
36
12
27
19
11
33
22
31
24
9
48
21
43
10
11
45
24
27
41
30
35
30
23
3
24
29
6
39
9
27
48
48
28
47
15
12
15
15
31
31
37
57
28
13
38
14
23
10
28
37
16
30
42
35
45
26
31
30
35
21
14
27
27
50
34
32
14
19
33
18
41
37
16
1
42
22
23
32
29
16
26
5
30
27
40
27
34
26
30
37
22
9
46
24
31
35
40
47
35
8
24
23
2
19
29
6
7
25
35
19
27
15
28
39
0
49
9
18
6
21
23
42
12
28
31
26
40
30
12
17
49
13
36
27
28
17
36
44
36
24
33
11
4
16
25
10
38
42
36
31
16
21
30
42
37
28
32
35
27
31
34
49
31
28
23
33
47
18
36
26
27
44
27
21
44
32
14
42
42
10
6
35
8
21
44
35
43
19
50
26
27
44
49
32
13
7
31
51
40
35
40
24
15
30
34
16
34
28
31
33
22
40
25
19
20
25
3
30
26
47
40
11
14
18
31
46
30
25
3
23
23
35
37
45
23
15
21
20
47
15
25
29
40
17
25
35
6
30
21
36
46
31
42
46
2
34
41
30
4
23
50
22
12
49
26
13
28
28
17
6
24
33
28
40
23
29
36
20
45
11
48
35
44
25
23
18
32
20
35
25
13
30
7
17
32
15
29
8
35
27
29
20
21
19
14
9
36
12
21
36
41
21
11
41
41
9
36
43
5
31
21
31
8
11
24
14
12
31
27
24
16
20
23
28
42
24
35
34
24
45
38
51
16
19
18
30
43
11
17
24
26
24
17
38
41
46
8
25
32
15
24
23
41
19
11
36
21
44
44
20
17
26
29
36
19
34
38
33
42
14
41
19
41
33
36
8
33
22
39
30
56
53
28
15
7
18
32
7
40
11
14
31
20
37
32
39
16
25
39
31
40
32
21
44
12
41
31
37
6
21
33
13
33
28
19
21
17
54
17
35
44
12
6
32
22
37
29
13
35
39
29
28
25
34
32
21
32
46
49
25
29
43
9
25
11
31
40
36
40
31
38
28
24
17
52
24
14
7
19
26
23
21
7
14
20
33
16
33
30
34
7
34
23
44
38
29
21
27
33
30
13
31
19
42
32
42
44
10
28
45
22
9
18
37
15
29
35
42
27
29
28
3
20
28
7
11
14
27
16
31
15
41
48
39
21
28
19
18
42
36
21
9
34
42
33
44
12
11
34
43
19
14
38
31
17
24
29
45
6
24
23
37
45
38
20
6
32
34
14
35
46
44
25
29
23
32
22
29
25
30
40
29
43
29
31
32
42
12
22
11
47
19
33
35
40
30
26
30
39
8
28
29
22
15
48
33
49
44
49
22
20
29
10
8
19
25
23
26
38
25
44
16
20
22
19
34
11
42
26
29
20
22
29
43
25
39
32
31
43
28
14
13
33
44
12
19
3
22
31
49
33
31
23
31
33
19
16
18
49
22
27
9
25
20
24
25
45
47
33
35
28
25
28
21
39
38
13
24
9
43
37
25
41
26
20
4
25
27
21
15
43
21
14
38
23
0
18
24
57
28
36
29
31
10
34
29
13
36
32
32
24
21
20
29
34
27
9
44
7
46
17
25
40
55
13
22
18
30
26
28
11
18
31
40
44
29
14
34
17
12
31
18
38
14
52
32
38
22
36
45
20
21
30
37
22
25
19
28
36
53
35
4
48
5
10
8
33
29
22
20
33
32
19
43
18
15
19
26
15
26
20
33
5
32
21
27
28
48
30
26
7
31
13
5
26
37
25
28
40
39
20
49
39
33
41
15
38
34
22
30
45
37
47
33
39
34
50
25
30
21
28
22
40
0
10
23
23
26
41
32
49
32
31
23
21
9
7
27
19
33
30
44
39
3
15
47
31
20
11
22
21
43
13
8
28
26
28
29
34
27
21
4
17
40
4
23
14
29
39
29
28
22
29
28
26
25
13
42
38
32
8
6
31
22
38
21
43
18
19
15
20
3
19
29
30
2
29
24
42
40
19
18
10
29
25
30
31
44
24
23
36
39
37
8
38
24
33
26
30
35
20
26
29
25
37
23
29
39
15
34
55
36
39
20
22
25
32
17
12
52
9
43
17
34
10
9
31
17
29
41
27
29
39
28
40
29
29
21
26
32
17
42
27
35
45
20
16
41
35
20
28
19
26
44
39
24
25
38
10
31
15
40
29
29
25
22
24
1
26
25
23
18
17
14
21
37
40
38
40
22
43
23
17
23
42
32
27
16
14
34
24
59
14
32
26
29
37
18
12
5
27
20
12
40
37
32
11
18
40
30
26
12
42
17
29
28
32
38
5
45
32
33
25
21
18
22
38
29
14
22
44
27
21
10
26
6
18
16
27
24
52
18
20
12
44
29
33
26
26
38
54
13
45
49
12
22
23
13
24
30
33
32
8
9
14
16
47
37
12
29
19
33
35
26
10
6
20
19
25
28
31
27
3
16
42
29
10
18
8
16
31
32
24
34
30
26
27
38
21
43
54
47
28
42
34
21
29
28
40
12
21
7
12
18
18
14
42
32
23
44
25
33
30
32
32
27
27
30
24
59
42
18
35
14
18
22
12
27
13
43
5
38
10
17
8
11
26
14
30
16
29
26
7
21
27
9
23
13
8
21
28
54
21
32
28
35
18
46
47
18
17
13
23
29
6
16
24
17
28
41
25
26
19
47
15
30
33
20
38
31
51
23
26
9
27
27
35
27
18
6
35
19
38
12
26
15
15
11
37
21
56
13
6
32
28
29
16
29
18
25
37
5
22
31
36
41
16
39
14
18
38
22
28
19
26
28
31
45
32
38
15
37
22
48
41
23
24
8
23
11
49
23
47
24
7
17
35
34
21
46
13
14
58
27
34
29
31
10
19
14
20
31
19
27
30
27
43
15
11
13
29
11
23
40
31
44
27
46
22
36
28
31
17
44
23
27
2
26
17
26
36
34
36
24
30
26
12
4
31
40
52
23
29
30
8
28
30
22
13
14
31
52
35
41
16
13
25
37
5
26
13
35
32
28
32
8
30
37
10
15
28
40
15
19
29
10
21
22
36
32
36
24
21
47
46
28
12
14
35
20
32
38
30
28
11
25
41
11
33
30
21
34
4
45
41
17
32
50
20
41
24
6
45
34
25
22
37
1
29
32
12
27
21
10
49
25
24
13
35
22
24
5
40
22
31
33
37
34
46
46
27
34
22
25
25
23
14
26
36
29
40
33
36
33
42
45
25
10
44
38
42
4
19
27
9
49
36
45
31
2
23
16
18
5
27
9
26
40
46
15
16
8
26
35
22
24
23
29
18
36
25
32
45
6
42
33
17
29
19
10
24
35
34
41
6
29
4
13
42
38
31
34
29
26
19
32
31
34
37
29
20
28
33
37
13
21
24
10
37
23
26
19
6
13
9
42
1
36
17
50
8
22
34
31
22
45
40
14
47
32
27
38
34
23
24
49
31
33
41
38
30
31
35
30
11
13
22
12
29
57
34
10
22
34
27
20
34
44
34
13
20
15
25
24
51
22
31
18
19
16
16
37
9
19
37
13
20
14
24
11
23
36
30
22
32
23
48
41
26
16
46
26
12
29
10
36
33
41
9
27
26
30
52
8
26
44
31
13
30
22
24
25
52
51
17
27
37
33
33
28
44
40
41
24
17
31
15
33
36
30
40
18
21
12
21
37
9
40
14
13
35
37
20
11
17
27
35
32
28
37
26
37
1
37
35
28
29
27
26
28
41
1
36
31
38
13
33
29
49
15
30
46
25
14
21
14
23
9
30
4
54
26
18
30
19
41
43
28
26
2
7
32
58
49
3
7
30
8
10
3
27
14
38
66
4
56
38
53
64
11
17
7
23
51
13
31
14
20
16
30
36
37
31
10
28
25
8
11
24
7
4
14
8
6
63
39
23
30
5
3
7
21
9
7
62
30
11
7
1
18
15
30
5
36
0
60
14
1
35
37
14
15
24
4
24
15
22
17
16
22
29
33
40
6
0
8
52
9
26
14
35
55
41
0
34
63
15
32
8
26
25
57
18
8
6
16
7
17
0
0
14
68
15
4
49
26
7
8
23
15
27
46
19
49
22
0
4
3
3
26
3
45
40
37
19
28
15
49
7
49
27
61
42
36
10
44
28
6
50
21
31
21
1
23
9
27
59
15
39
28
49
1
0
3
5
11
9
26
7
7
15
33
24
11
21
40
4
16
11
23
25
8
23
18
18
17
35
9
24
17
40
26
23
53
14
10
35
6
0
14
32
29
8
25
10
8
11
2
35
26
23
8
16
11
14
4
1
33
6
10
56
18
22
4
36
52
47
29
16
6
4
11
40
19
55
0
15
40
29
28
31
68
6
63
4
27
30
54
26
23
9
22
15
59
16
65
3
33
33
44
6
40
6
42
39
40
36
7
18
7
3
10
4
15
0
40
49
1
6
4
9
8
28
32
33
62
46
17
21
49
18
22
7
19
51
38
23
54
34
52
34
34
43
49
40
25
47
6
40
16
4
26
40
56
8
57
34
35
23
5
31
5
37
3
54
11
46
6
36
42
27
18
13
26
59
9
21
33
27
64
29
2
37
19
11
10
26
0
29
18
18
41
24
12
15
51
38
5
6
6
17
20
49
7
19
23
59
60
24
46
27
2
31
0
47
23
51
28
33
46
18
11
3
23
58
15
54
36
66
38
2
17
36
0
40
19
13
24
0
9
33
8
8
13
25
6
16
27
2
1
30
12
41
1
27
2
23
41
13
2
5
24
9
4
32
1
46
15
27
25
37
21
44
50
18
26
26
3
24
28
22
12
17
7
19
6
32
2
35
15
49
34
14
48
49
26
56
3
0
23
31
38
66
43
21
40
33
20
18
1
26
18
5
27
47
23
42
5
5
13
36
15
45
45
19
11
10
47
30
6
4
17
23
33
24
46
30
24
2
19
42
60
4
13
4
16
44
14
29
13
7
14
20
19
15
16
48
44
32
36
59
0
37
0
27
7
10
26
39
48
0
12
64
12
15
12
9
4
34
51
5
62
15
49
30
38
58
62
18
30
20
17
15
48
7
42
46
17
59
1
12
36
36
3
10
11
5
1
37
15
22
14
34
51
57
33
50
0
48
37
9
4
9
21
1
27
40
4
0
14
12
52
15
19
17
13
2
0
62
31
26
56
25
38
53
15
56
26
60
0
13
0
24
30
49
49
38
1
44
1
12
9
41
26
12
7
35
17
2
10
17
31
49
1
24
13
6
57
18
40
31
7
12
47
22
10
33
27
26
23
22
4
10
4
0
11
20
41
41
48
41
21
3
21
34
0
16
5
17
38
33
13
8
29
25
7
40
5
32
59
25
13
30
58
47
13
7
34
3
38
19
20
1
40
29
44
20
26
21
18
5
22
6
27
22
10
15
28
36
26
14
2
8
36
3
48
15
28
20
40
18
23
17
40
23
40
36
16
22
25
28
49
26
2
10
44
5
24
1
8
19
5
0
65
28
47
20
34
14
33
9
32
48
14
11
33
37
19
18
12
63
55
35
8
3
16
59
8
16
18
7
26
2
4
4
1
4
37
2
3
10
10
15
21
46
9
19
20
36
21
26
27
41
9
43
9
17
9
42
7
9
18
26
30
0
44
29
17
5
12
23
2
21
20
40
49
10
19
7
24
10
11
8
5
10
48
23
0
53
12
21
11
12
37
31
30
27
57
53
5
35
63
48
21
35
12
45
26
34
25
15
20
2
2
23
40
36
57
3
25
25
25
19
5
2
59
16
23
34
23
2
4
19
37
46
44
20
34
8
49
5
18
21
4
17
0
6
20
20
23
24
23
30
46
12
37
66
0
16
16
33
5
8
14
41
37
18
16
12
29
62
14
8
30
16
0
20
15
13
22
22
6
0
0
40
23
28
3
4
38
59
2
9
48
1
15
27
45
2
24
31
31
24
19
4
21
34
22
27
3
49
44
28
9
32
26
12
41
12
59
8
30
36
15
46
38
23
13
4
14
3
25
39
9
10
45
48
4
14
5
16
27
23
13
11
45
33
2
20
61
23
25
18
17
38
38
21
53
27
17
33
43
44
22
12
58
7
13
32
5
0
37
6
41
34
13
4
21
12
34
20
23
27
47
15
23
7
33
48
53
40
31
14
13
26
20
41
39
28
24
53
24
2
56
0
7
12
19
0
34
4
17
1
11
15
23
8
64
39
31
56
4
57
26
23
9
31
1
17
7
51
32
0
2
3
11
16
44
8
40
6
40
30
6
16
24
47
23
4
48
22
21
18
44
22
3
437
831
9
57
822
85
821
1007
70
1976
296
1371
973
64
985
1656
1509
848
193
1165
1656
342
949
323
26
1028
551
1265
2178
1250
812
885
117
1408
721
965
929
753
1921
314
1467
1350
411
976
857
491
2037
86
572
1498
840
889
51
1383
219
1292
610
653
337
690
309
1318
1605
591
568
691
1169
929
618
996
78
337
252
717
1986
248
1636
455
806
46
2166
1647
1179
201
1251
541
876
198
1636
64
545
1569
333
10
1016
1211
1502
83
901
823
14
2102
101
1179
248
464
878
1098
1001
52
213
570
892
96
323
1008
1260
1550
496
1141
1510
615
998
27
202
128
1724
968
284
1153
665
1539
1095
1094
664
1050
163
604
1782
513
1050
1100
930
332
2032
1356
1735
758
1011
387
369
1874
436
243
1853
524
14
286
77
1059
806
1247
831
1711
367
1320
1306
2062
2142
966
702
259
277
1118
722
548
2355
536
119
1144
34
1064
636
916
1024
294
1730
1577
603
638
2301
413
572
1248
192
996
163
1219
444
883
739
27
1189
1081
115
1760
629
260
351
20
1155
881
1157
977
411
207
158
1001
1383
1324
335
1103
714
1288
1771
40
87
798
605
1386
1836
199
829
1145
48
851
895
729
2164
1241
852
39
645
1418
458
1366
524
933
1443
542
130
784
78
1503
1715
463
2376
1910
1230
462
1740
767
636
32
817
361
261
672
451
157
896
828
478
427
1142
432
1192
196
614
258
1123
1184
93
812
110
99
880
940
1301
2475
2255
583
1954
1457
855
826
195
13
805
1281
94
1238
1087
984
1084
1312
279
1112
276
683
444
1449
1465
267
465
1144
282
822
466
1304
409
641
54
714
786
1518
1190
1636
1340
577
1277
555
45
1372
345
360
1199
705
946
359
823
1687
932
2231
416
155
176
1433
417
362
499
245
51
162
330
1760
131
1624
1417
991
638
58
523
1081
1115
1372
1208
437
55
1176
1912
250
735
974
1555
801
760
785
852
422
611
429
917
970
960
840
1905
648
794
1051
423
1015
1078
1762
821
91
176
2338
915
669
466
1959
1258
774
2196
1385
1347
310
487
147
1072
48
613
638
68
56
972
68
267
306
1512
654
841
1792
325
2438
57
925
372
1192
213
113
729
1275
115
1318
581
936
270
314
671
506
523
940
1122
434
1729
272
568
406
285
1756
196
1632
164
309
1809
103
1481
198
847
467
684
299
413
1563
592
1300
1015
1264
490
238
721
1127
170
303
1595
2
1457
1130
140
877
102
1550
2269
1391
42
1625
1864
878
1724
483
1270
173
2069
134
422
67
790
132
1351
410
873
1866
772
2007
943
338
942
634
161
818
1324
1031
384
1958
40
1842
1132
1145
166
2437
1269
419
634
1629
1756
948
1975
1942
756
101
401
1229
597
589
1061
548
1507
706
1450
362
1135
113
12
1518
168
681
296
1183
1608
959
377
422
900
1620
29
1179
1690
296
1214
1025
53
1039
1800
1011
710
890
2094
136
167
811
261
1935
1393
160
1135
530
805
194
239
2062
233
587
771
1359
1230
1086
1625
552
1982
863
1149
50
1683
2030
265
1995
1216
1366
210
89
1763
1993
1134
120
1534
223
658
1194
1727
1547
1076
963
1075
907
931
450
825
329
675
261
58
1857
1756
101
1259
318
1026
632
609
35
1590
1351
181
1583
1220
693
458
2101
518
23
60
1312
1496
293
154
1206
1049
1409
15
1102
531
1532
272
468
530
886
419
429
322
452
389
1080
555
1551
138
339
556
707
888
1564
411
1047
632
1374
432
270
186
1346
707
611
1807
2136
1765
427
278
1165
1177
1128
139
830
367
857
380
746
180
1042
580
370
61
101
453
966
1919
1633
675
443
1603
40
1272
746
91
729
808
95
632
1227
190
121
1431
432
539
202
872
1337
1242
309
981
492
370
541
128
19
821
260
118
1761
1276
474
456
917
644
429
795
612
65
1300
286
1052
176
398
1426
640
865
798
419
717
655
1236
1425
81
853
601
1379
43
34
671
675
1426
129
801
494
536
1644
92
35
139
1863
1018
507
456
568
2365
892
389
198
823
145
1481
1902
789
284
730
437
20
3
733
912
73
1360
11
123
404
1781
1282
1936
1006
1359
249
953
48
80
2031
641
1428
78
294
1403
188
521
688
238
1187
798
779
204
1674
2354
203
525
1215
224
1146
744
1630
1292
2274
2290
1259
137
1116
2185
1926
31
1091
427
467
1023
1031
921
2084
356
965
1843
254
1610
1746
1030
212
314
480
1133
1360
2241
472
1327
1166
275
2328
1336
774
1781
989
1496
869
284
749
658
937
1578
1950
392
212
96
1976
383
1442
1033
135
370
42
224
232
1701
1116
572
950
787
229
1557
237
1357
1724
369
985
1771
1384
583
143
1133
1554
1385
715
523
33
964
1797
1444
1738
261
691
664
2036
1794
773
1590
1641
91
755
440
910
324
750
10
198
1118
265
500
1041
142
415
439
76
440
637
1694
156
2115
1876
329
181
1280
632
1781
964
86
425
949
2266
832
2260
261
152
81
1692
1131
486
12
1274
409
667
677
292
552
1732
415
288
112
1052
1312
1653
153
1618
52
1915
1106
53
751
670
636
65
519
163
43
119
164
494
1442
1466
1594
465
609
76
542
56
984
777
1877
1650
350
14
275
1456
293
1453
38
1218
2058
594
142
706
678
220
503
778
560
362
1443
1708
1170
623
1950
543
173
568
361
115
95
1238
1786
1465
133
1597
460
667
60
360
103
699
1762
542
967
632
1310
2
1263
2108
157
1012
1526
1786
869
670
589
1
1482
2049
401
1970
859
1513
1468
502
761
197
848
362
806
1029
183
333
648
1803
522
253
647
663
1122
1212
149
1890
716
963
2056
139
306
367
499
1766
1490
79
518
641
151
1531
42
74
583
1326
1411
453
778
617
426
1143
2001
941
658
1194
1650
1980
1194
4
522
593
1903
519
1404
1147
18
876
57
1807
944
699
229
1980
1713
93
2171
10
672
1395
1000
456
424
467
1145
168
577
1261
553
798
1328
102
2288
664
1056
485
233
553
595
1562
1628
591
700
1312
87
803
1739
675
262
176
1032
1793
1013
1054
421
2342
1798
996
472
204
1309
205
468
0
0
0
0
0
0
0
0
0
0
0
0
0
0
0
0
0
0
0
0
0
0
0
0
0
0
0
0
0
0
0
0
0
0
0
0
0
0
0
0
0
0
0
0
0
0
0
0
0
0
0
0
0
0
0
0
0
0
0
0
0
0
0
0
0
0
0
0
0
0
0
0
0
0
0
0
0
0
0
0
0
0
0
0
0
0
0
0
0
0
0
0
0
0
0
0
0
0
0
0
0
0
0
0
0
0
0
0
0
0
0
0
0
0
0
0
0
0
0
0
0
0
0
0
0
0
0
0
0
0
0
0
0
0
0
0
0
0
0
0
0
0
0
0
0
0
0
0
0
0
0
0
0
0
0
0
0
0
0
0
0
0
0
0
0
0
0
0
0
0
0
0
0
1
0
0
0
0
0
0
0
0
0
0
0
0
0
0
0
0
0
0
0
0
0
0
0
0
0
0
0
0
0
0
0
0
0
0
0
0
0
0
0
0
0
0
0
0
0
0
0
0
0
0
0
0
0
0
0
0
0
0
0
0
0
0
0
0
0
0
0
0
0
0
0
0
0
0
0
0
0
0
0
0
0
0
0
0
0
0
0
0
0
0
0
0
0
0
1
0
0
0
0
0
0
0
0
0
0
0
0
0
0
0
0
0
0
0
0
1
0
0
0
0
0
0
0
0
0
0
0
0
0
0
0
0
0
0
0
0
0
0
0
0
0
0
0
0
0
0
0
0
0
0
0
0
0
0
0
0
0
0
0
0
0
0
0
0
0
0
0
0
0
0
0
0
0
1
0
0
0
0
0
0
0
0
0
0
0
0
0
0
0
0
0
0
0
0
0
1
0
0
0
0
0
0
0
0
0
0
0
0
0
0
0
0
0
0
1
0
1
0
0
0
0
0
0
0
0
0
0
0
0
0
0
0
0
0
0
0
0
0
0
0
0
0
0
0
0
0
0
0
0
0
0
0
0
0
0
0
1
0
0
0
0
0
1
0
0
0
0
0
0
1
0
0
0
1
0
0
0
1
0
0
0
0
0
0
0
0
0
0
0
0
0
0
0
0
0
0
0
0
0
0
0
0
0
1
0
0
0
0
0
0
0
0
0
0
0
0
0
0
1
0
0
0
0
0
0
0
0
0
0
0
0
0
0
0
0
0
1
0
0
0
1
0
0
0
0
0
0
0
0
0
0
0
1
0
0
0
0
0
0
0
0
0
0
0
0
0
0
0
0
0
0
0
0
0
0
0
0
0
0
0
0
0
0
0
0
1
0
0
0
1
0
0
0
0
2
0
0
0
0
0
0
0
0
0
0
0
0
0
0
1
0
0
0
0
0
0
0
0
0
0
0
0
1
0
0
0
0
0
0
0
0
0
0
0
0
0
0
0
0
0
0
0
0
0
0
0
0
0
0
0
0
0
0
0
0
0
0
0
0
0
0
0
0
0
0
0
0
0
1
0
0
0
0
0
0
0
0
0
0
1
0
0
0
0
0
0
0
0
0
0
0
0
0
0
0
0
0
0
1
0
1
0
0
0
0
0
0
0
0
0
0
1
0
0
0
0
0
0
0
0
0
0
0
0
0
0
0
0
0
0
0
0
0
0
0
0
0
0
0
0
0
0
0
0
0
0
0
0
0
0
0
0
0
0
0
0
0
0
0
0
0
0
1
0
0
0
0
0
0
0
0
0
0
0
0
1
0
0
0
0
0
0
0
0
2
0
0
0
0
1
0
0
0
0
0
1
0
0
0
1
0
0
0
0
0
1
0
0
0
0
0
0
0
1
0
0
0
0
0
0
0
0
0
0
0
0
0
0
1
0
0
1
0
0
0
0
0
0
0
0
0
0
0
0
0
0
0
0
0
0
0
1
0
0
0
0
0
0
0
0
0
0
0
0
0
0
0
0
0
0
1
0
0
0
1
0
0
0
0
0
0
0
0
0
0
0
0
0
0
0
0
0
1
0
0
0
0
0
0
0
0
0
0
0
0
0
0
0
0
0
0
0
0
0
0
0
0
0
0
0
0
0
0
0
0
0
0
0
0
0
0
0
0
0
0
0
0
1
0
0
0
0
0
0
0
0
0
0
0
0
0
0
0
0
0
0
0
0
0
0
0
0
0
1
1
0
0
0
0
0
0
0
0
0
0
0
0
0
0
0
0
0
0
0
0
0
0
0
0
1
0
0
0
0
0
0
0
0
0
0
0
0
0
2
0
0
0
0
0
0
0
0
0
0
0
0
0
0
0
0
0
0
0
0
0
0
0
0
1
0
1
1
0
0
0
1
0
0
0
0
0
0
0
0
0
0
0
0
0
0
0
0
0
0
0
0
0
0
0
0
0
0
0
0
0
0
0
0
0
0
0
0
1
0
0
0
0
0
0
0
0
0
0
0
0
0
0
0
0
0
0
0
0
0
0
0
0
0
1
0
0
0
0
1
0
0
0
0
0
0
0
0
0
0
0
1
1
0
0
0
1
0
0
0
0
0
0
0
0
0
0
0
0
0
0
0
0
0
0
0
0
0
0
0
1
0
0
0
0
0
0
0
0
0
0
0
0
1
0
0
0
0
0
0
0
0
0
0
0
0
0
0
0
0
1
0
1
0
0
1
0
0
0
0
1
1
0
0
1
0
0
0
0
0
0
0
0
2
0
1
0
0
0
1
0
0
0
0
0
0
0
0
0
0
0
0
1
1
0
0
0
0
0
0
0
0
0
0
0
1
0
0
0
0
0
0
0
0
0
0
0
0
1
0
1
0
0
0
0
0
0
0
1
0
0
0
0
1
0
1
0
1
0
0
0
0
0
0
0
0
0
0
0
0
0
0
0
0
1
0
1
0
0
0
0
1
0
0
0
0
0
0
0
0
0
0
0
0
0
0
0
0
0
1
0
0
0
0
0
0
0
0
0
0
0
0
0
0
0
0
0
0
0
0
0
0
1
0
0
0
1
0
0
0
0
0
0
0
0
1
1
0
0
0
0
0
0
0
0
0
0
0
0
0
0
0
0
0
1
0
0
0
0
0
0
0
0
0
0
0
0
0
0
0
1
0
0
0
0
0
0
0
0
0
0
0
0
0
0
0
0
0
0
0
0
1
0
0
0
1
0
0
0
0
0
0
0
0
0
0
0
0
0
0
0
0
0
0
0
0
0
0
0
0
0
1
0
1
0
0
0
0
0
0
0
0
0
0
0
0
1
0
1
0
0
0
0
0
0
0
0
1
0
0
0
0
0
0
0
0
0
0
0
0
0
0
0
0
1
0
0
0
0
0
0
0
0
0
0
0
0
0
1
0
0
0
0
0
0
0
0
0
0
1
0
0
1
0
0
0
0
0
0
1
0
0
0
0
0
0
0
1
0
0
0
0
0
0
0
0
0
0
0
0
0
0
0
0
0
0
0
0
0
0
0
0
0
0
0
0
0
0
1
0
0
0
2
0
0
0
0
0
0
0
0
0
0
0
0
0
0
0
0
0
0
0
0
0
0
1
1
0
1
0
0
0
0
0
0
1
0
0
0
0
0
0
0
1
1
0
1
0
0
0
1
0
0
0
0
0
1
0
0
0
0
0
0
0
0
1
0
1
0
0
0
0
0
0
0
0
0
1
0
0
0
0
0
0
0
0
0
0
0
0
0
1
0
0
0
0
0
0
1
0
2
0
0
0
0
0
0
0
0
0
0
1
0
0
0
0
0
0
0
0
0
0
0
0
0
0
0
0
0
0
0
0
0
0
0
1
0
0
0
0
0
0
0
0
0
0
0
0
0
0
0
0
0
0
0
0
0
0
0
0
0
1
0
0
0
0
0
0
0
0
0
0
0
0
0
0
0
0
0
0
0
1
1
0
0
0
0
1
0
0
0
0
0
0
0
0
0
0
0
0
0
0
0
0
0
0
0
0
0
0
0
0
0
0
1
0
1
1
0
0
0
0
0
0
0
0
0
0
0
