0
56
19
21
35
31
58
43
71
9
59
5
23
37
38
10
33
28
17
100
44
21
38
4
19
33
71
2
46
49
26
10
46
23
29
38
68
53
40
59
54
46
8
60
56
22
41
55
33
72
28
38
31
79
47
53
26
45
22
45
77
39
16
25
23
79
55
15
23
82
12
11
21
29
69
46
48
27
32
39
24
19
34
85
31
26
83
32
43
71
80
17
51
80
105
68
33
26
69
40
42
42
49
7
43
49
32
17
39
21
64
35
49
49
23
7
34
39
31
36
73
17
16
37
8
10
49
24
56
41
1
20
30
16
75
59
31
50
52
45
9
58
0
2
18
7
22
72
22
32
47
58
32
59
38
28
38
18
55
44
47
38
85
49
68
21
46
53
55
5
29
18
21
71
12
50
51
46
33
36
27
65
55
40
10
36
35
32
32
34
45
60
27
30
64
80
27
6
20
52
47
87
24
51
34
41
26
37
11
55
26
52
49
38
45
54
34
45
13
63
73
83
35
66
66
54
79
32
74
9
35
85
42
26
94
43
45
44
33
72
19
29
58
25
21
65
57
26
60
55
88
19
63
61
28
12
9
36
12
63
48
51
70
80
19
14
0
65
26
74
26
69
51
63
22
48
30
70
34
26
83
34
10
77
38
63
39
35
34
79
18
67
15
55
53
10
40
45
24
37
65
25
42
32
6
30
16
9
15
37
58
74
15
33
71
39
36
76
50
21
31
77
23
53
29
55
54
54
39
51
47
18
44
81
48
66
43
60
34
25
43
6
37
11
32
22
57
18
55
34
51
50
48
29
79
23
39
60
83
55
92
80
30
54
55
84
31
15
51
62
39
43
28
43
27
27
49
45
52
54
28
52
73
67
9
26
15
83
34
58
32
48
36
40
21
8
27
80
20
26
8
45
19
101
49
78
57
29
61
31
35
60
94
59
41
59
45
43
57
77
42
28
35
44
14
56
45
44
42
33
30
62
51
25
15
9
32
19
61
30
45
48
53
19
26
51
33
71
59
16
26
44
16
58
31
53
32
8
40
84
1
24
25
42
38
21
52
29
38
43
21
44
14
51
24
57
13
38
67
30
44
14
38
83
5
76
28
24
40
29
24
33
30
42
47
55
58
7
52
38
47
7
58
50
27
11
47
61
25
74
21
22
6
69
19
79
28
40
22
13
39
42
55
20
38
84
43
55
67
51
23
60
28
49
26
40
25
33
31
50
24
58
25
47
37
62
46
39
16
40
46
74
52
40
61
39
56
42
59
52
46
44
45
23
39
21
49
69
29
29
6
42
73
83
35
52
90
23
65
75
68
53
33
28
40
53
17
18
82
16
53
1
75
82
34
27
20
27
48
28
43
27
55
33
17
14
15
6
22
51
26
52
62
26
22
30
31
50
28
74
40
62
57
36
37
34
40
33
49
23
12
46
27
34
98
34
45
27
17
45
44
12
41
57
100
68
58
46
50
7
25
20
47
95
25
42
85
43
43
63
12
56
14
28
35
37
77
64
51
19
17
54
70
33
28
55
34
32
65
61
59
91
8
38
51
21
29
37
59
68
47
47
49
94
31
67
19
22
34
100
35
46
36
86
10
60
53
12
48
16
8
45
52
11
47
9
58
54
27
78
52
33
56
32
33
57
37
38
56
82
8
37
60
63
0
11
23
43
24
44
45
20
18
50
31
35
26
30
33
48
35
31
21
48
11
71
16
28
91
30
86
17
70
79
35
63
12
14
44
31
35
47
35
31
86
12
53
92
64
17
41
44
20
15
58
50
17
53
102
25
3
62
49
29
46
46
52
33
18
9
53
56
70
59
64
39
4
48
37
26
43
38
80
38
32
28
89
21
25
4
28
58
51
31
93
55
33
94
63
70
31
16
15
27
24
55
33
35
60
54
14
49
110
24
20
36
47
36
13
82
77
37
2
57
25
80
36
18
46
43
28
67
38
33
35
48
59
23
57
53
69
112
37
60
24
27
44
45
30
21
45
24
23
60
23
51
29
53
52
19
53
6
18
21
58
32
19
48
62
24
68
37
72
97
60
43
48
42
20
19
57
87
51
18
9
32
72
107
48
35
36
34
17
27
51
48
17
43
23
54
23
35
11
7
52
25
0
28
53
26
29
57
11
15
104
45
75
51
49
54
29
90
64
101
20
21
17
13
17
25
98
41
44
59
23
45
109
8
21
67
54
37
12
66
31
43
16
51
27
51
40
38
27
11
68
16
26
39
63
22
85
11
84
73
63
95
22
47
46
103
64
55
33
15
89
74
29
66
76
57
103
59
38
79
49
73
58
54
35
37
49
59
49
83
23
12
41
60
36
25
62
35
48
30
24
43
30
22
94
35
105
41
34
25
12
20
30
48
11
52
68
52
51
47
47
38
22
55
24
48
59
41
25
36
41
40
6
83
24
78
64
20
66
52
15
48
62
66
39
35
62
26
8
67
56
47
38
14
57
16
55
49
76
68
64
53
46
25
39
61
50
27
14
34
5
46
26
51
80
30
41
52
70
33
55
14
60
3
74
47
53
69
22
31
55
54
86
38
29
43
2
42
12
63
56
38
43
7
56
47
18
19
63
30
70
40
31
58
20
64
26
9
6
36
49
9
30
25
67
5
49
76
37
56
40
53
30
57
67
18
43
26
78
55
37
32
49
47
45
13
36
63
15
76
47
55
48
98
28
52
52
29
37
95
54
55
31
40
37
35
2
39
26
23
24
12
7
77
38
26
34
49
41
79
29
52
29
58
37
17
36
37
62
83
32
61
29
62
29
36
4
44
36
52
100
62
1
40
58
66
99
61
83
5
52
30
31
55
79
11
22
75
33
50
27
99
69
19
63
36
18
20
58
29
20
80
101
41
74
22
43
30
16
14
27
66
22
45
26
33
33
16
38
34
27
12
60
23
21
27
46
109
36
53
48
23
89
14
35
97
53
36
47
58
18
19
105
28
8
36
20
74
43
37
53
53
36
73
62
52
69
21
36
87
61
37
49
93
18
34
43
33
44
65
17
65
4
61
11
49
74
62
96
51
46
53
35
43
42
57
52
23
44
29
68
35
41
66
18
50
35
20
30
9
31
36
54
54
29
43
37
28
17
27
79
61
11
37
21
74
27
26
20
38
14
42
19
39
25
62
14
15
64
73
14
51
69
57
30
48
10
43
78
20
37
50
12
43
61
57
21
58
41
39
30
93
10
24
21
50
70
49
56
87
31
49
22
63
29
34
32
28
32
31
49
79
47
14
32
37
3
51
31
35
12
41
37
19
51
29
41
27
94
61
78
49
40
96
69
19
44
5
46
27
44
28
4
19
33
59
46
49
21
103
47
14
5
8
11
14
45
60
78
7
37
58
62
31
26
33
29
22
14
62
31
19
62
27
54
40
72
33
29
82
52
38
5
24
51
66
55
4
76
41
51
15
93
44
64
51
51
21
100
48
70
20
62
35
27
30
36
22
26
61
43
52
49
46
41
75
34
26
47
62
38
28
25
68
88
92
47
57
18
38
61
17
49
43
54
27
66
34
78
55
38
34
91
8
41
50
52
50
30
38
54
13
21
57
53
76
29
73
33
58
58
21
27
45
32
28
42
37
48
48
70
5
31
58
23
72
57
7
49
30
54
18
34
48
96
69
37
99
49
54
30
84
48
33
38
40
61
51
27
25
37
91
22
73
90
21
30
42
61
23
28
17
89
44
94
41
18
63
56
40
47
30
18
55
43
54
52
66
63
61
39
92
72
34
17
34
38
17
30
33
67
44
81
83
74
32
78
38
58
18
27
31
100
32
9
26
9
43
42
31
18
1
24
54
63
33
20
4
39
35
40
27
51
68
38
39
51
58
31
26
38
57
3
14
55
26
34
69
44
42
75
20
46
88
46
57
42
18
40
16
40
6
44
30
64
3
35
26
33
90
41
83
34
70
62
7
15
24
50
51
50
69
26
19
34
52
75
56
40
64
95
22
4
11
26
47
41
5
29
38
39
31
24
84
16
46
74
45
49
42
28
43
38
94
29
3
24
12
37
44
43
45
42
32
60
26
44
41
51
40
28
84
22
63
55
59
36
28
9
48
62
29
50
30
21
21
65
77
17
30
34
36
41
56
58
29
35
47
78
21
41
55
23
92
38
94
56
36
72
6
30
67
58
55
16
51
66
45
9
30
41
19
28
37
34
32
58
26
30
29
61
30
29
22
51
21
9
53
28
53
28
50
57
17
15
72
41
31
36
10
42
35
28
77
31
62
26
30
66
27
11
41
39
15
42
27
16
45
47
34
82
15
47
23
28
59
48
49
37
15
47
33
29
37
15
59
36
26
13
47
46
61
27
59
53
19
45
65
49
80
39
62
70
92
40
13
84
32
29
64
67
56
47
47
54
52
57
26
71
48
54
40
10
56
47
62
66
51
38
88
32
30
50
71
36
56
66
29
9
47
45
36
77
35
65
43
34
76
19
26
14
22
94
41
35
74
87
42
32
46
78
58
74
34
40
43
48
37
63
43
56
65
33
47
82
17
51
76
32
75
71
61
43
70
22
81
41
27
40
35
37
32
26
44
20
57
53
4
28
26
30
35
39
30
64
40
17
21
43
34
56
30
50
60
32
40
60
31
73
37
40
50
47
33
42
36
26
48
7
22
22
55
24
40
46
24
13
87
88
43
56
35
14
16
34
83
31
20
35
58
38
70
29
43
48
30
76
48
50
41
42
20
11
76
4
46
65
74
50
101
46
88
48
27
12
13
87
68
59
10
62
57
105
13
57
52
44
17
54
86
30
69
59
71
15
32
36
65
32
30
33
37
65
27
31
17
47
17
27
53
23
36
26
13
37
31
21
37
81
41
8
85
12
37
77
16
41
29
66
34
32
27
39
38
31
24
25
35
71
38
66
52
36
20
57
25
29
17
18
17
23
3
47
46
69
30
39
73
39
61
44
49
19
50
46
46
86
15
64
19
37
35
17
52
44
48
32
94
43
47
16
66
42
22
19
9
30
16
15
29
24
43
25
22
19
34
14
25
49
70
17
53
6
22
29
87
43
37
30
49
17
30
27
31
27
45
38
35
11
23
58
54
59
35
67
1
38
39
18
62
92
69
29
14
64
13
55
63
47
51
50
59
49
36
72
52
70
17
83
56
64
16
39
67
91
14
50
13
65
36
38
86
55
35
36
63
27
60
62
12
62
23
80
12
48
67
31
62
54
38
33
16
47
47
89
56
35
32
52
72
27
90
62
51
62
57
45
20
62
56
44
53
40
55
90
46
78
41
15
92
22
41
20
55
10
26
73
45
92
18
40
44
33
81
39
53
35
70
65
60
64
39
39
78
62
21
53
69
58
51
19
21
20
73
20
69
27
85
49
60
43
60
9
67
59
55
95
59
21
51
14
40
75
46
36
59
50
63
39
92
56
24
38
70
72
75
38
5
48
72
47
39
39
83
47
89
44
28
54
50
18
27
24
25
24
25
36
44
37
18
37
15
48
17
88
96
55
72
35
84
32
33
44
22
16
85
39
17
75
72
47
23
19
19
37
27
49
19
31
32
24
54
50
27
41
42
48
51
18
60
26
54
24
22
19
53
53
15
23
30
44
75
35
36
22
41
44
68
34
62
35
48
40
18
30
66
28
45
76
22
38
7
41
7
33
49
63
83
22
37
67
34
28
91
37
55
49
66
49
6
42
53
16
30
20
34
61
46
28
58
46
27
14
23
8
28
7
31
5
14
31
18
16
29
23
18
26
32
1
28
8
31
3
1
7
13
2
4
31
27
0
28
30
35
23
8
19
17
13
29
44
3
0
3
23
31
11
45
22
0
7
12
8
13
18
16
18
38
31
7
0
7
27
20
24
10
23
0
14
10
5
8
8
9
28
25
26
11
13
18
19
16
4
10
9
40
29
16
0
37
33
22
4
0
43
26
0
8
36
21
42
38
34
5
30
8
40
22
9
9
1
14
6
3
3
8
16
49
25
34
19
7
15
9
12
33
13
55
18
9
13
18
18
24
8
16
40
12
27
31
11
0
2
38
20
33
33
5
21
23
4
13
16
6
8
23
32
22
30
18
10
8
13
13
0
5
5
26
1
5
15
3
3
4
9
5
5
27
32
7
29
6
24
1
8
17
37
6
26
9
30
30
52
7
30
10
31
0
28
43
5
5
0
38
7
21
5
3
0
15
35
3
0
20
14
22
14
30
8
12
12
17
1
9
29
29
16
1
31
15
42
4
0
43
13
2
34
28
27
2
23
18
1
42
17
5
6
4
0
34
39
26
8
7
5
9
10
29
24
15
7
14
14
18
17
1
5
23
3
32
32
35
21
8
23
37
8
2
5
20
2
29
32
20
6
1
9
40
22
33
4
9
10
32
23
1
29
18
18
7
13
11
9
11
15
20
13
8
7
3
16
3
5
1
18
1
45
20
22
0
25
13
15
4
1
6
13
20
29
23
35
14
31
19
21
26
17
20
8
12
1
7
29
18
20
0
13
12
2
42
15
5
38
22
0
4
20
11
17
34
35
37
13
5
30
34
4
29
8
32
21
31
18
1
4
22
18
0
14
23
7
38
9
8
5
0
8
34
7
30
7
13
24
20
1
21
2
41
29
10
9
18
18
11
2
4
8
25
21
16
13
3
24
6
8
1
20
11
2
36
52
10
11
9
18
29
1
10
37
2
37
31
1
6
5
11
14
2
12
11
21
47
16
32
28
47
3
13
15
35
26
1
0
25
1
5
21
8
15
39
27
1
10
7
20
8
26
8
19
15
19
4
14
4
18
4
6
21
5
9
31
13
8
31
12
22
29
14
1
0
26
21
16
6
17
15
35
16
29
33
39
17
0
15
6
12
27
29
1
52
29
23
18
7
35
0
2
34
33
20
4
3
38
9
4
27
4
4
12
7
3
17
5
13
26
31
24
13
44
21
19
7
7
37
22
31
11
28
43
27
17
12
6
8
11
31
5
21
7
13
14
26
4
31
3
20
41
8
40
42
9
1
7
26
0
16
17
0
8
29
34
31
21
10
8
20
7
11
15
7
28
1
35
17
42
1
14
1
30
41
27
25
3
9
46
24
16
4
33
32
16
39
19
6
7
33
17
13
1
33
7
25
23
31
0
8
3
14
0
45
11
12
41
3
5
19
13
13
19
12
23
17
0
15
7
25
20
11
6
15
12
42
36
22
20
39
13
10
16
11
34
7
27
24
9
12
0
6
24
16
3
19
5
6
38
26
8
25
16
1
10
16
9
19
5
28
45
19
2
7
28
38
18
19
1
29
6
36
2
8
38
1
4
29
17
34
20
12
16
31
12
9
45
21
0
15
2
21
6
20
8
20
20
7
16
39
8
11
23
2
18
4
8
33
4
12
6
1
3
6
33
10
17
32
13
2
8
24
1
2
5
33
2
42
30
10
35
12
15
2
6
2
29
6
0
3
3
18
17
38
2
14
53
21
1
7
24
10
36
9
12
2
5
11
3
24
24
11
20
14
13
17
31
14
1
22
29
46
33
24
9
21
0
13
15
9
3
31
11
4
2
22
9
20
14
19
8
11
27
26
17
24
31
24
31
31
10
34
11
24
3
2
3
21
2
21
15
12
18
12
10
19
8
19
18
35
14
6
12
17
0
7
21
21
35
8
8
0
1
17
2
35
1
5
14
21
32
19
23
4
7
20
22
5
2
8
7
7
16
1
45
4
11
6
47
2
16
27
26
0
7
1
23
20
2
2
8
39
7
12
26
21
21
25
2
11
10
4
18
15
4
44
32
16
10
30
16
19
15
8
8
23
8
41
14
41
10
15
5
6
14
20
40
7
23
20
22
12
17
17
8
16
30
7
23
25
6
1
9
32
38
6
4
1
4
21
14
13
36
49
5
1
11
4
48
25
20
34
24
14
7
6
1
9
17
10
31
0
29
14
13
5
44
11
20
3
12
3
6
2
38
2
31
21
1
8
15
23
30
34
7
18
1
11
22
13
2
8
11
6
2
14
34
37
33
37
9
27
11
11
15
1
5
10
0
13
14
1
21
5
40
26
2
16
34
36
31
5
0
13
21
1
16
3
41
4
18
35
8
21
7
1
16
22
12
45
46
23
20
1
9
21
35
2
23
1
12
5
15
32
0
11
37
16
6
20
8
13
3
12
24
3
17
8
8
36
36
30
10
0
31
0
37
11
18
17
14
22
16
11
21
4
26
3
31
18
30
1
18
30
10
11
13
28
9
16
16
11
6
7
2
10
49
7
20
14
4
30
25
18
38
14
0
3
2
9
18
3
32
3
12
17
12
16
47
7
15
3
17
31
38
5
14
3
27
12
9
10
12
13
13
7
5
11
22
3
32
14
36
36
20
19
17
21
1
2
11
2
4
11
0
16
19
14
12
11
3
22
7
30
24
29
13
13
27
10
14
27
1
17
15
9
17
4
16
15
23
16
3
43
17
1
5
26
25
2
11
24
0
18
17
16
42
36
37
24
10
5
12
6
32
36
45
32
4
28
19
9
4
36
21
11
13
17
21
36
20
0
28
27
14
3
6
8
3
35
21
37
20
19
2
23
19
3
27
18
15
37
3
33
3
9
27
13
36
28
20
45
20
10
13
45
11
18
2
29
0
10
6
5
5
26
11
5
18
33
42
16
14
10
24
16
13
17
20
38
7
16
21
5
37
7
17
12
2
2
2
18
22
27
3
8
23
21
4
11
18
18
9
32
32
12
0
25
17
21
41
3
19
1
14
8
18
15
2
12
22
4
18
9
0
17
3
36
13
24
2
0
33
18
34
30
14
38
22
15
36
24
13
5
44
18
2
19
24
4
1
27
20
36
0
19
8
0
44
18
17
4
7
16
8
0
2
17
1
15
28
7
10
11
0
21
40
42
26
0
25
17
11
15
20
0
5
0
25
29
30
11
7
41
26
5
6
1
11
9
18
16
9
16
1
26
5
14
21
0
42
6
12
5
2
13
6
30
6
17
20
25
33
25
30
0
24
16
4
8
3
19
41
7
0
6
1
40
8
13
5
11
7
20
22
26
14
2
33
24
3
14
47
15
20
20
3
7
12
12
7
10
42
3
27
8
9
0
10
20
3
3
1
13
15
16
11
38
8
25
11
11
35
13
11
2
5
15
1
47
30
6
14
43
41
20
7
34
1
1
18
2
1
10
7
45
36
4
0
5
23
30
20
17
1
12
29
13
3
12
27
17
22
37
10
45
39
11
46
17
7
10
19
16
16
36
31
3
0
24
29
24
16
5
24
1
125
48
954
789
865
2034
1144
1583
14
159
2623
1704
117
465
204
796
2134
1174
817
1666
449
2414
1316
947
432
1115
685
138
1026
91
1166
3049
893
882
655
2508
1642
1690
464
1675
415
2163
1030
1913
612
641
425
2484
38
1979
1781
233
1666
1912
552
103
231
1254
323
1691
544
2842
623
505
1936
238
55
2061
1453
2999
1809
1103
1079
636
837
596
914
1348
627
2514
66
217
1449
669
877
998
809
336
785
1205
812
1051
1584
766
999
1312
204
885
1256
21
2165
1579
480
6
3090
586
2259
1479
706
406
1055
2252
1480
782
772
1137
786
1553
909
1064
2304
144
2157
2753
742
2337
270
2209
351
2014
168
1650
1679
2389
287
2732
1709
1862
724
1854
2875
2294
1694
2221
1177
1466
663
2364
388
983
567
2065
1797
2105
1638
462
1426
555
1849
1116
1417
571
190
481
1191
791
187
2193
623
1161
933
1693
708
1850
1233
437
228
193
252
1122
641
937
1872
3123
654
2073
373
409
1090
363
1271
958
880
1148
2858
571
875
1228
643
613
851
1208
712
724
1141
916
351
2495
304
1024
2320
116
763
2441
509
112
398
911
132
770
1204
1976
561
2137
1112
1166
2871
2756
19
2862
245
1717
862
1646
833
819
154
2088
65
1409
1767
57
2731
1701
169
839
266
689
2009
1204
521
1931
272
25
2250
1766
2398
1854
158
514
3064
996
586
2428
1554
1686
46
988
833
1750
1326
2619
686
597
836
484
369
1402
572
1782
2498
251
8
532
678
210
1142
460
1593
680
466
2605
639
667
119
711
20
498
1443
668
42
2541
938
763
380
988
920
1392
2363
1263
635
2771
1193
1892
412
787
1765
885
1260
117
1596
174
2847
659
2126
2256
321
848
1504
533
524
822
49
1389
151
676
414
2773
530
704
1333
1977
60
250
595
22
1292
2307
2024
1790
1744
1843
86
589
2234
1475
2552
1423
182
1652
498
1478
21
2097
903
623
1303
535
1127
1816
1110
36
210
889
286
976
552
321
1191
1156
68
3032
1384
1876
1942
579
1234
164
648
948
1261
238
33
443
2085
479
1294
667
745
1933
928
160
2690
2044
752
1329
371
1263
1232
1121
277
1846
2609
2470
978
2382
304
467
2719
691
1013
443
882
846
462
1059
2167
186
820
1532
1293
165
475
886
49
1478
210
736
2314
606
289
1066
623
2077
857
1411
1819
194
32
9
1106
1725
2151
1155
1374
242
439
179
1364
325
14
2312
793
2558
1827
1400
2870
551
44
2436
1699
2668
1839
431
2538
627
858
2499
299
1105
437
950
497
1172
1443
2637
1924
1510
161
176
331
784
2073
127
3064
1912
1146
2709
114
113
644
280
940
328
1187
1455
523
2232
1444
50
1119
2872
2339
116
926
1590
1934
1381
1004
820
193
1536
2866
787
913
361
1637
1534
817
1205
560
1962
1524
875
323
157
1073
438
1149
185
414
103
237
626
888
1605
364
777
1162
783
1409
1144
1769
1887
2544
1202
2852
3059
1334
239
647
1349
238
299
191
2145
229
2542
1928
658
2104
1529
1261
1079
226
534
317
1402
1211
2263
887
627
951
2730
164
2365
1353
218
643
83
136
609
1571
1319
541
675
781
373
1790
1142
2627
145
141
509
1031
205
2436
1643
257
1042
1150
1470
256
233
1459
2210
1463
1535
259
1017
2456
66
144
1385
1996
2115
485
2609
98
1808
1472
28
1594
924
822
1929
152
1568
339
1074
2789
1015
477
334
1071
2542
2313
1964
833
608
1730
610
1262
1050
17
297
624
656
1446
1985
214
1492
547
2237
2006
287
292
410
1490
1653
1040
1116
235
36
150
2010
1546
1683
1381
612
1288
933
123
1565
902
1294
782
996
291
633
2121
2360
688
1102
2537
834
614
223
1089
124
1540
311
58
2387
768
2485
1155
1222
122
1286
627
1256
1806
999
1447
1623
2382
1997
799
239
421
417
15
2223
39
1897
739
636
290
2642
1490
1470
861
121
1717
660
905
441
2573
422
239
775
298
82
593
1493
62
249
1391
427
843
192
2867
130
1499
1837
102
122
773
835
1317
70
584
2367
2438
417
812
87
1975
336
2358
2778
965
2551
537
413
362
1602
159
558
140
879
1936
1292
1846
1060
2592
502
2332
20
586
23
241
55
1233
1939
234
981
2847
2615
455
198
141
892
1605
1561
438
1479
418
2589
1119
523
792
1823
462
359
250
834
2376
831
2620
1795
2387
16
692
2345
1785
21
828
170
1567
2203
1294
1648
762
547
335
2458
1716
1199
2114
492
1692
1702
447
61
1072
1764
506
1490
98
700
567
106
355
1597
949
412
1291
1380
1910
758
892
1249
2766
774
1397
1671
18
992
574
1014
522
2111
283
431
41
1626
2531
2137
853
671
1544
1069
118
151
468
533
760
1519
2052
1569
2435
160
871
168
644
1068
486
757
112
1372
1760
2568
314
372
2776
1215
1623
1789
1305
289
1686
145
2338
591
1230
99
399
57
540
1400
610
1061
148
4
1888
1772
1003
132
1064
1265
876
1059
621
2027
1561
1371
3037
431
983
28
367
143
1514
2593
3026
1008
1308
126
743
1523
568
2177
1443
445
1948
1418
130
1572
1329
1589
484
802
249
47
2797
2277
766
898
347
1950
220
682
6
346
53
867
913
2318
814
1931
1154
666
651
1657
491
2501
387
839
598
2343
817
76
687
185
235
120
747
275
1362
1141
1208
147
446
1200
95
2019
106
1145
671
2343
1057
966
868
667
1064
241
285
1409
2032
518
974
472
1168
323
2411
176
641
720
442
216
952
891
90
1583
1862
207
1523
1228
317
830
1994
499
3046
344
993
620
1587
837
468
189
699
446
310
708
2379
1691
604
1020
149
1768
885
1681
1771
1552
557
1213
2559
1572
588
64
1334
833
1017
488
1783
261
470
565
697
306
1242
1467
841
1309
911
136
404
2835
59
218
142
1447
658
1263
1440
1709
123
2028
374
1654
114
243
837
508
2109
119
2281
498
716
284
1411
2615
718
1002
429
970
484
2460
2259
788
1069
34
336
835
41
371
157
443
49
1579
1382
2797
92
1050
2458
164
453
1478
1210
516
2041
1287
2644
237
600
842
2427
31
89
1018
5
2534
1927
2951
796
2961
2139
139
1465
1769
721
499
1968
1350
1607
108
710
1869
1662
836
268
94
1579
83
663
196
52
371
349
2795
1219
2763
838
34
318
403
118
70
18
2789
2798
2506
1750
127
1228
204
257
1049
51
2219
1229
1021
247
476
1398
1517
1691
1183
1844
887
1344
2507
773
1129
622
16
2163
782
1883
323
2653
910
439
1267
211
1661
673
209
305
524
805
10
1403
1493
1847
165
446
452
340
156
1488
2309
204
112
623
191
1157
625
1205
1013
47
470
364
1858
74
384
581
1781
337
1743
159
1117
1219
1912
2424
341
611
477
1441
1278
2804
462
680
2428
468
2743
1300
7
174
1425
3070
2658
1064
1349
2324
748
1592
1952
1571
1204
1216
1267
830
533
668
509
190
2693
1142
752
417
987
2094
1809
1188
3039
1341
587
1410
322
154
1535
2065
2433
497
640
1852
1241
1849
960
654
995
686
139
644
236
660
74
560
2058
1467
2218
752
988
362
967
461
629
642
681
75
1100
561
1182
1430
883
567
1290
1620
994
1245
77
696
119
351
135
322
1557
90
1241
845
199
265
25
1103
278
2897
2531
233
357
588
2328
643
193
36
340
108
963
2304
2642
133
707
965
56
1607
997
1898
1122
2393
1677
1383
1427
1423
1192
122
1202
2934
196
1636
210
217
1525
2119
1119
1647
479
13
1005
33
2329
1016
1597
986
2390
422
2184
8
665
409
1178
26
1385
2538
680
1436
419
1255
887
1139
1551
611
1698
334
29
2130
496
1553
169
210
1863
1076
960
2026
1990
314
261
676
576
545
2452
3
2476
867
1699
925
2462
260
3241
1035
980
648
2083
71
330
1818
1610
2690
1585
402
427
2535
2717
2315
363
1693
1886
677
733
1991
363
1509
2212
263
2993
2379
546
137
1248
1608
567
1718
164
1400
745
2018
362
1684
76
147
1754
2391
154
771
625
283
482
1613
86
1977
198
99
529
1172
463
60
803
35
1302
788
791
135
2718
936
283
1531
810
1702
364
1058
939
2119
1372
650
109
1248
688
213
295
779
2994
304
1555
1417
1427
1617
204
663
110
1403
997
1885
2243
182
788
3138
1384
726
55
810
740
159
687
254
594
691
495
2700
545
967
540
358
872
603
527
588
1409
511
2628
1089
604
1851
1879
1969
79
848
1796
362
1368
637
320
1742
467
724
220
1666
1685
768
1236
2333
1041
2019
440
844
1492
426
1278
1300
734
1533
1010
833
755
626
1079
1036
45
159
1255
1729
1146
470
654
2555
153
247
2338
952
1958
750
2641
362
90
218
1683
1577
1977
1524
2105
2245
3096
648
1512
1952
273
2807
680
2217
677
169
1587
1408
927
363
185
196
680
101
622
846
861
1373
307
1313
846
4
1482
1836
1009
20
2300
1150
755
1099
424
1665
1161
2366
2708
1861
2372
0
0
0
0
0
2
0
0
0
0
0
0
0
0
0
0
0
0
0
0
0
0
0
0
0
0
0
0
0
0
0
0
0
0
0
0
0
0
0
0
0
0
0
0
0
0
0
0
0
0
0
0
0
0
0
0
0
0
0
0
0
0
0
0
0
0
0
0
0
0
0
0
0
0
0
0
0
0
0
0
0
0
0
0
0
0
0
0
0
0
0
0
0
0
0
1
0
0
0
0
0
0
0
0
0
0
0
0
0
0
0
0
0
0
0
0
0
0
0
0
0
0
0
0
0
0
0
0
0
0
0
0
0
0
0
0
0
0
0
0
0
0
0
0
0
0
0
0
0
0
0
0
0
0
0
0
0
0
0
0
0
0
0
0
0
0
0
0
0
0
0
0
0
0
0
0
0
0
0
0
0
0
0
0
0
0
0
0
0
0
0
0
0
0
0
0
0
0
0
0
0
0
0
0
0
0
0
0
0
0
0
0
0
0
0
0
0
0
0
0
0
0
0
0
0
0
0
0
0
0
0
0
0
0
0
0
0
0
0
0
0
0
0
0
0
0
0
0
0
0
0
0
0
0
0
0
0
0
0
0
0
0
0
1
0
0
0
0
0
0
0
0
0
0
0
0
0
0
0
0
0
0
0
0
0
0
0
0
1
1
0
0
0
0
0
0
0
0
0
0
0
0
0
0
0
0
0
0
0
0
0
0
0
0
0
0
0
0
0
0
0
0
0
0
0
0
0
0
0
0
0
0
0
0
0
0
0
0
0
0
0
0
0
0
0
0
0
0
0
0
1
0
0
0
0
0
0
0
0
0
0
0
0
0
0
0
0
0
0
0
0
0
0
0
0
0
0
0
0
0
0
0
0
0
0
0
0
0
0
0
0
0
0
0
0
0
0
0
0
0
0
0
0
0
0
0
0
0
0
0
0
0
0
0
0
0
0
0
0
0
0
0
0
0
0
0
0
0
0
0
0
0
0
0
0
0
0
0
0
0
0
0
0
0
0
0
0
0
0
0
0
0
0
0
0
0
0
0
0
0
0
0
0
0
0
0
0
0
0
0
0
0
0
0
0
0
0
0
0
0
0
0
1
0
0
0
0
0
0
0
0
0
0
0
1
0
0
0
0
0
0
0
0
0
0
0
0
0
0
0
0
0
0
0
0
0
0
0
0
0
0
0
0
0
0
0
0
1
0
0
0
0
0
0
0
0
0
0
0
0
0
0
0
0
0
1
1
2
1
0
1
0
0
0
0
0
0
0
0
0
0
0
0
1
0
0
0
0
0
0
0
0
0
0
0
1
0
0
0
0
0
0
0
0
0
0
0
0
0
0
0
0
0
0
0
0
0
0
0
0
0
0
0
0
0
0
0
1
0
0
0
0
0
0
0
0
0
0
0
0
0
0
0
0
0
0
0
0
0
0
0
0
0
0
0
0
0
0
0
0
0
0
0
0
1
0
0
0
0
0
2
1
0
0
0
0
0
0
0
0
0
0
0
0
0
0
0
0
0
0
0
0
0
0
0
0
0
0
0
0
0
0
0
0
0
0
0
0
0
0
0
0
0
0
0
1
0
0
0
0
0
0
0
0
0
0
1
0
1
0
0
0
0
0
0
0
0
0
0
0
0
0
0
0
0
0
0
0
0
0
0
0
0
0
0
1
0
0
0
0
0
0
0
0
0
0
0
0
0
2
0
0
0
0
1
0
1
0
0
0
0
0
2
0
1
0
0
0
0
1
0
0
0
0
0
0
0
0
0
0
0
0
0
0
0
0
0
0
0
0
0
0
0
0
0
0
0
0
0
1
0
0
0
0
0
0
0
0
0
0
1
0
0
0
0
0
0
0
0
0
0
0
0
0
1
0
1
0
0
0
0
0
0
0
0
0
0
0
0
1
0
0
0
0
0
0
0
0
0
0
0
0
0
0
0
0
0
0
0
0
0
0
0
0
0
0
0
0
0
0
0
0
0
0
0
0
0
0
0
0
0
0
0
0
0
0
0
0
2
0
0
0
0
0
0
0
0
0
0
0
0
0
0
0
0
0
0
0
0
2
0
0
0
0
0
0
0
0
0
0
0
0
0
0
0
0
0
0
0
0
0
0
0
0
0
1
0
0
0
0
0
0
0
0
0
0
0
0
0
0
0
1
0
0
0
0
0
0
0
0
1
0
0
0
0
0
2
0
0
0
0
0
0
0
0
0
0
0
0
0
0
0
0
0
1
0
0
0
0
0
1
0
0
0
0
1
0
0
0
0
0
0
0
0
0
0
0
0
0
0
0
0
1
0
0
0
0
0
0
0
0
0
0
0
0
0
0
0
0
0
0
0
0
0
0
0
0
0
0
0
0
0
0
1
0
0
0
0
0
0
0
0
0
0
0
0
0
0
0
0
0
0
0
0
0
0
0
0
0
0
0
1
0
0
0
0
0
0
0
0
0
0
0
1
0
0
0
0
0
0
0
0
0
0
0
0
0
0
0
0
0
0
0
0
0
0
0
0
0
0
0
0
0
0
0
0
0
1
0
1
0
0
0
0
0
0
0
0
0
0
0
0
0
0
0
0
0
1
0
0
0
0
0
0
0
0
0
0
0
0
0
0
0
0
0
0
0
0
0
0
0
0
0
0
0
0
0
0
0
0
0
0
0
0
0
0
0
0
1
0
0
0
0
0
0
0
0
0
0
0
0
0
0
0
0
0
0
0
0
0
0
0
0
0
0
0
0
0
0
0
0
0
0
0
0
0
0
0
0
0
0
0
0
0
0
0
0
0
1
0
0
0
0
0
0
0
0
0
0
0
0
0
0
0
0
0
0
0
0
0
0
0
1
0
0
0
0
0
0
1
0
0
0
0
0
0
0
1
0
0
0
0
0
0
0
0
0
0
0
0
0
0
0
0
0
0
1
0
1
0
0
0
0
0
0
0
0
1
0
0
0
0
0
0
0
0
0
0
1
0
0
0
0
0
0
0
0
0
0
0
0
0
0
0
0
0
0
0
0
0
0
0
1
0
0
0
0
0
0
0
0
0
0
0
0
0
0
0
0
0
0
0
0
0
1
0
0
0
0
0
0
0
0
0
0
0
0
0
1
0
0
0
0
0
0
0
0
0
0
0
0
0
0
0
0
0
0
0
1
0
0
0
0
0
0
0
0
0
0
1
0
0
0
0
0
0
0
0
0
0
0
0
0
0
0
0
0
0
0
0
0
0
0
0
0
0
0
0
0
0
0
0
0
0
0
0
0
0
0
0
0
0
0
0
0
0
0
0
0
0
0
0
0
0
0
0
0
0
2
0
0
0
0
0
1
0
1
0
0
0
0
0
0
0
0
0
0
0
0
0
1
0
0
1
0
0
0
0
0
1
0
0
0
0
0
0
0
0
0
0
0
0
0
0
0
0
0
0
0
0
0
0
0
0
0
0
0
0
0
1
0
0
1
0
0
1
0
0
0
0
0
0
0
0
0
1
0
1
2
0
0
0
0
0
0
0
0
1
0
0
0
0
0
0
0
0
0
0
0
1
0
0
0
1
0
0
0
0
0
0
0
0
0
0
0
0
0
0
0
0
1
0
0
0
0
0
0
0
0
1
0
0
1
0
0
0
0
0
0
0
0
2
0
0
0
0
0
0
0
0
0
1
0
0
0
0
0
0
0
0
0
0
0
0
0
0
0
0
0
0
0
0
0
0
0
0
0
1
0
0
0
0
0
1
0
0
0
0
0
0
0
0
0
0
0
0
1
0
0
0
0
0
0
1
0
0
0
0
0
0
0
0
0
0
0
0
0
0
1
0
0
0
0
0
0
0
0
0
0
0
0
0
0
0
0
0
0
0
0
0
0
0
0
0
0
0
0
0
0
0
1
1
0
0
0
0
0
0
0
0
0
0
0
1
0
0
0
1
0
0
0
0
0
0
0
0
0
0
0
0
0
0
0
0
1
0
0
0
0
1
0
0
0
0
0
0
0
0
0
0
0
0
0
0
0
0
0
0
0
0
0
0
0
0
0
0
0
0
0
0
0
0
0
0
0
0
0
0
2
0
0
0
0
0
1
0
0
0
1
0
0
0
0
0
0
1
0
0
0
0
0
0
0
0
0
0
0
0
0
0
1
0
0
0
0
0
0
0
0
0
0
0
1
0
0
0
0
0
0
0
0
0
0
0
0
0
0
0
0
0
0
0
0
0
0
0
1
1
0
0
0
0
0
0
0
0
0
1
0
0
0
0
0
1
0
0
0
0
0
0
0
0
0
0
0
1
0
0
0
0
0
0
0
0
1
0
0
0
0
0
0
0
0
0
0
0
0
0
0
0
0
0
0
0
0
1
0
0
0
0
0
0
0
0
0
0
0
0
0
0
1
0
0
0
0
0
0
0
0
0
1
0
0
0
0
0
0
0
0
0
0
0
0
0
0
0
0
0
1
0
0
0
0
0
0
0
0
0
0
0
0
0
0
0
0
0
1
0
0
0
0
0
1
0
0
1
0
0
0
0
0
0
0
0
0
0
0
0
0
0
0
0
0
0
0
0
1
0
0
0
0
0
0
0
0
0
0
0
0
0
0
0
0
1
0
0
0
0
0
0
0
0
1
0
0
0
0
0
0
0
0
0
0
0
0
0
0
0
0
0
0
0
0
0
0
0
0
0
0
0
0
0
1
0
0
0
0
0
0
0
0
0
0
0
0
0
0
0
0
0
0
0
1
0
0
0
0
0
0
0
0
0
0
0
0
0
0
0
0
0
1
0
1
0
0
0
1
0
0
0
0
0
0
0
0
0
1
0
0
0
0
0
0
0
1
0
0
0
1
0
0
0
0
0
0
0
0
0
0
0
1
0
0
0
0
0
0
0
0
0
0
0
0
0
0
0
0
1
0
0
0
0
0
0
0
0
0
0
0
1
0
0
0
0
0
0
0
0
0
0
0
0
0
0
0
0
0
0
0
0
0
0
0
0
0
0
0
0
0
0
0
0
0
0
0
0
0
0
0
1
0
0
0
0
0
0
0
0
0
0
0
0
0
0
0
0
0
0
0
0
1
0
0
0
0
0
0
0
1
0
0
0
0
0
0
0
0
0
0
0
0
0
1
0
0
0
1
0
0
0
0
0
0
0
0
0
0
0
0
0
0
1
0
1
0
0
0
0
0
0
0
0
0
0
1
0
0
0
0
0
0
0
0
0
0
0
0
0
0
0
0
0
0
0
1
0
0
0
0
0
0
0
1
0
0
0
0
0
0
0
0
0
0
0
1
0
0
0
0
0
1
0
0
0
0
0
0
1
0
0
0
0
0
0
1
0
0
0
0
1
0
0
0
0
0
0
0
0
0
0
0
0
1
0
0
0
0
0
0
0
0
0
0
0
0
0
0
0
1
0
0
0
0
0
0
1
0
0
0
0
0
0
0
0
0
0
0
0
0
0
1
0
0
0
0
0
0
0
0
0
0
0
0
0
0
0
0
0
0
0
0
0
0
0
0
0
0
0
0
0
0
0
0
0
0
0
0
0
0
0
0
0
0
0
1
0
0
0
0
0
0
0
0
0
0
0
0
0
0
0
0
0
0
0
0
0
0
0
0
0
0
0
0
0
0
0
0
0
1
0
0
0
1
0
0
