一共有 13 个错误
在 comp.h 中,发生了如下错误:
.\__MAIN__\code.exe 未正确运行.Return with value 1.注意,这可能是由于程序TLE被杀死导致的.
时间 : 世界时间 2023-8-30 21:29:15 ,程序时间 5834
---------------------------------------------------------------
在 comp.h 中,发生了如下错误:
.\__MAIN__\code.exe 未正确运行.Return with value 1.注意,这可能是由于程序TLE被杀死导致的.
时间 : 世界时间 2023-8-30 21:29:17 ,程序时间 7441
---------------------------------------------------------------
在 comp.h 中,发生了如下错误:
.\__MAIN__\code.exe 未正确运行.Return with value 1.注意,这可能是由于程序TLE被杀死导致的.
时间 : 世界时间 2023-8-30 21:29:18 ,程序时间 8642
---------------------------------------------------------------
在 comp.h 中,发生了如下错误:
.\__MAIN__\code.exe 未正确运行.Return with value 1.注意,这可能是由于程序TLE被杀死导致的.
时间 : 世界时间 2023-8-30 21:29:19 ,程序时间 9812
---------------------------------------------------------------
在 comp.h 中,发生了如下错误:
.\__MAIN__\code.exe 未正确运行.Return with value 1.注意,这可能是由于程序TLE被杀死导致的.
时间 : 世界时间 2023-8-30 21:29:20 ,程序时间 10998
---------------------------------------------------------------
在 comp.h 中,发生了如下错误:
.\__MAIN__\code.exe 未正确运行.Return with value 1.注意,这可能是由于程序TLE被杀死导致的.
时间 : 世界时间 2023-8-30 21:29:22 ,程序时间 12199
---------------------------------------------------------------
在 comp.h 中,发生了如下错误:
.\__MAIN__\code.exe 未正确运行.Return with value 1.注意,这可能是由于程序TLE被杀死导致的.
时间 : 世界时间 2023-8-30 21:29:23 ,程序时间 13384
---------------------------------------------------------------
在 comp.h 中,发生了如下错误:
.\__MAIN__\code.exe 未正确运行.Return with value 1.注意,这可能是由于程序TLE被杀死导致的.
时间 : 世界时间 2023-8-30 21:29:24 ,程序时间 14554
---------------------------------------------------------------
在 comp.h 中,发生了如下错误:
.\__MAIN__\code.exe 未正确运行.Return with value 1.注意,这可能是由于程序TLE被杀死导致的.
时间 : 世界时间 2023-8-30 21:29:25 ,程序时间 15740
---------------------------------------------------------------
在 comp.h 中,发生了如下错误:
.\__MAIN__\code.exe 未正确运行.Return with value 1.注意,这可能是由于程序TLE被杀死导致的.
时间 : 世界时间 2023-8-30 21:29:26 ,程序时间 16926
---------------------------------------------------------------
在 comp.h 中,发生了如下错误:
.\__MAIN__\code.exe 未正确运行.Return with value 1.注意,这可能是由于程序TLE被杀死导致的.
时间 : 世界时间 2023-8-30 21:29:28 ,程序时间 18127
---------------------------------------------------------------
在 comp.h 中,发生了如下错误:
.\__MAIN__\code.exe 未正确运行.Return with value 1.注意,这可能是由于程序TLE被杀死导致的.
时间 : 世界时间 2023-8-30 21:29:29 ,程序时间 19312
---------------------------------------------------------------
在 comp.h 中,发生了如下错误:
.\__MAIN__\code.exe 未正确运行.Return with value 1.注意,这可能是由于程序TLE被杀死导致的.
时间 : 世界时间 2023-8-30 21:29:30 ,程序时间 20498
---------------------------------------------------------------
