70.0
146.0
181.0
452.0
535.0
2.0
959.0
801.0
699.0
193.0
533.0
29.0
8.0
80.0
313.0
785.0
916.0
649.0
382.0
750.0
478.0
569.0
760.0
692.0
6.0
585.0
137.0
719.0
474.0
141.0
370.0
908.0
875.0
916.0
607.0
557.0
152.0
578.0
510.0
785.0
873.0
322.0
249.0
242.0
294.0
392.0
458.0
43.0
945.0
646.0
903.0
474.0
385.0
773.0
334.0
362.0
488.0
382.0
770.0
956.0
447.0
777.0
278.0
135.0
393.0
502.0
801.0
245.0
894.0
931.0
1004.0
581.0
89.0
830.0
872.0
381.0
931.0
2.0
611.0
567.0
313.0
591.0
892.0
997.0
568.0
333.0
173.0
835.0
976.0
913.0
945.0
477.0
583.0
412.0
20.0
-202.0
262.0
408.0
212.0
827.0
248.0
789.0
118.0
878.0
154.0
323.0
145.0
47.0
560.0
304.0
251.0
877.0
118.0
780.0
350.0
473.0
426.0
267.0
270.0
196.0
118.0
658.0
342.0
291.0
514.0
-364.0
-536.0
67.0
108.0
722.0
464.0
927.0
304.0
920.0
303.0
452.0
558.0
939.0
1071.0
906.0
379.0
683.0
1264.0
419.0
438.0
164.0
221.0
890.0
870.0
789.0
623.0
192.0
631.0
985.0
123.0
717.0
240.0
295.0
944.0
670.0
466.0
419.0
284.0
713.0
677.0
291.0
813.0
208.0
772.0
242.0
340.0
702.0
886.0
371.0
211.0
515.0
875.0
745.0
320.0
504.0
1150.0
388.0
971.0
892.0
803.0
614.0
13.0
388.0
289.0
806.0
74.0
48.0
659.0
365.0
344.0
434.0
351.0
375.0
120.0
85.0
716.0
109.0
20.0
185.0
711.0
137.0
882.0
423.0
-55.0
177.0
-488.0
207.0
84.0
287.0
216.0
571.0
188.0
384.0
222.0
479.0
557.0
380.0
784.0
730.0
389.0
774.0
189.0
881.0
447.0
149.0
793.0
408.0
294.0
841.0
480.0
957.0
784.0
665.0
145.0
151.0
217.0
773.0
481.0
217.0
886.0
448.0
439.0
341.0
674.0
256.0
62.0
11.0
466.0
877.0
707.0
1123.0
875.0
215.0
771.0
623.0
75.0
91.0
352.0
739.0
90.0
575.0
198.0
162.0
863.0
29.0
351.0
739.0
793.0
125.0
502.0
306.0
238.0
333.0
439.0
922.0
990.0
543.0
717.0
185.0
334.0
181.0
246.0
551.0
1108.0
1090.0
681.0
1078.0
1239.0
881.0
876.0
261.0
441.0
799.0
599.0
1164.0
1283.0
875.0
125.0
488.0
526.0
248.0
763.0
376.0
421.0
286.0
951.0
641.0
544.0
442.0
82.0
177.0
28.0
864.0
479.0
393.0
503.0
832.0
152.0
965.0
290.0
473.0
237.0
622.0
825.0
889.0
746.0
627.0
84.0
284.0
578.0
951.0
255.0
48.0
381.0
512.0
13.0
583.0
397.0
415.0
728.0
508.0
925.0
109.0
916.0
289.0
715.0
475.0
895.0
742.0
360.0
261.0
870.0
1114.0
726.0
409.0
40.0
-126.0
645.0
733.0
599.0
608.0
151.0
70.0
36.0
475.0
316.0
491.0
114.0
554.0
842.0
407.0
44.0
412.0
119.0
949.0
519.0
178.0
291.0
802.0
603.0
233.0
623.0
208.0
940.0
985.0
607.0
422.0
144.0
306.0
576.0
830.0
77.0
935.0
3.0
255.0
678.0
138.0
210.0
239.0
240.0
771.0
808.0
889.0
955.0
713.0
16.0
442.0
798.0
217.0
262.0
95.0
65.0
625.0
208.0
649.0
764.0
149.0
604.0
302.0
190.0
449.0
587.0
612.0
840.0
320.0
3.0
364.0
899.0
301.0
711.0
407.0
383.0
376.0
985.0
775.0
93.0
556.0
535.0
411.0
753.0
814.0
709.0
769.0
655.0
313.0
53.0
-59.0
-201.0
89.0
228.0
757.0
971.0
940.0
608.0
794.0
90.0
861.0
716.0
402.0
274.0
773.0
1098.0
688.0
135.0
19.0
546.0
497.0
446.0
973.0
77.0
456.0
396.0
555.0
503.0
401.0
606.0
0.0
363.0
670.0
710.0
267.0
265.0
675.0
943.0
1266.0
672.0
632.0
411.0
852.0
254.0
-61.0
369.0
55.0
180.0
268.0
688.0
386.0
766.0
269.0
949.0
1442.0
2140.0
1930.0
1097.0
892.0
612.0
261.0
756.0
384.0
237.0
145.0
-9.0
88.0
732.0
40.0
798.0
874.0
219.0
231.0
291.0
94.0
825.0
713.0
555.0
581.0
394.0
410.0
530.0
366.0
866.0
773.0
521.0
488.0
44.0
808.0
670.0
817.0
742.0
783.0
234.0
311.0
40.0
836.0
636.0
125.0
365.0
765.0
636.0
952.0
632.0
702.0
514.0
122.0
211.0
233.0
688.0
207.0
572.0
531.0
285.0
582.0
865.0
153.0
996.0
714.0
933.0
874.0
892.0
730.0
515.0
863.0
849.0
246.0
499.0
864.0
627.0
755.0
1334.0
1260.0
964.0
848.0
400.0
469.0
233.0
514.0
717.0
146.0
242.0
701.0
994.0
517.0
874.0
164.0
337.0
175.0
421.0
307.0
237.0
305.0
37.0
362.0
364.0
787.0
624.0
77.0
143.0
811.0
1288.0
564.0
567.0
436.0
656.0
288.0
-391.0
-261.0
205.0
592.0
206.0
588.0
999.0
207.0
581.0
339.0
583.0
742.0
578.0
73.0
364.0
361.0
556.0
492.0
353.0
625.0
744.0
541.0
798.0
43.0
747.0
220.0
952.0
514.0
800.0
847.0
901.0
270.0
223.0
221.0
547.0
153.0
567.0
160.0
889.0
292.0
357.0
274.0
766.0
917.0
213.0
743.0
67.0
92.0
361.0
371.0
224.0
167.0
672.0
805.0
293.0
738.0
888.0
108.0
758.0
378.0
991.0
241.0
92.0
764.0
526.0
309.0
606.0
283.0
142.0
416.0
167.0
-144.0
-201.0
426.0
605.0
561.0
966.0
74.0
99.0
142.0
836.0
190.0
794.0
371.0
601.0
964.0
780.0
640.0
1124.0
1327.0
790.0
540.0
532.0
634.0
301.0
244.0
680.0
510.0
785.0
428.0
664.0
149.0
544.0
699.0
218.0
399.0
886.0
514.0
600.0
753.0
682.0
197.0
735.0
278.0
111.0
358.0
818.0
379.0
146.0
350.0
412.0
390.0
425.0
822.0
838.0
42.0
639.0
903.0
909.0
271.0
162.0
298.0
527.0
978.0
534.0
452.0
269.0
-23.0
223.0
888.0
416.0
383.0
753.0
603.0
287.0
970.0
287.0
520.0
421.0
922.0
425.0
284.0
755.0
144.0
286.0
857.0
45.0
338.0
765.0
720.0
612.0
584.0
115.0
834.0
215.0
571.0
144.0
881.0
2.0
694.0
834.0
226.0
986.0
876.0
545.0
286.0
63.0
683.0
731.0
681.0
571.0
671.0
936.0
50.0
930.0
169.0
784.0
173.0
154.0
625.0
940.0
109.0
597.0
694.0
1305.0
998.0
965.0
373.0
142.0
849.0
40.0
801.0
230.0
881.0
748.0
186.0
20.0
63.0
37.0
911.0
985.0
684.0
689.0
177.0
679.0
72.0
18.0
272.0
384.0
873.0
117.0
168.0
669.0
804.0
1122.0
328.0
554.0
20.0
276.0
481.0
752.0
646.0
211.0
279.0
249.0
-267.0
-641.0
-295.0
69.0
100.0
436.0
160.0
426.0
727.0
849.0
688.0
102.0
661.0
578.0
341.0
380.0
263.0
-257.0
90.0
38.0
684.0
472.0
118.0
255.0
868.0
434.0
526.0
414.0
838.0
627.0
942.0
264.0
622.0
879.0
303.0
148.0
66.0
364.0
14.0
495.0
548.0
786.0
148.0
637.0
482.0
739.0
809.0
133.0
149.0
603.0
178.0
774.0
215.0
714.0
177.0
268.0
248.0
519.0
996.0
552.0
657.0
291.0
608.0
391.0
324.0
551.0
119.0
930.0
756.0
406.0
599.0
462.0
9.0
422.0
126.0
396.0
87.0
572.0
187.0
372.0
76.0
454.0
583.0
725.0
747.0
870.0
427.0
128.0
93.0
68.0
75.0
502.0
34.0
768.0
588.0
583.0
806.0
488.0
634.0
69.0
468.0
862.0
357.0
969.0
683.0
222.0
421.0
244.0
380.0
327.0
764.0
887.0
324.0
279.0
578.0
455.0
706.0
772.0
967.0
43.0
936.0
769.0
644.0
585.0
614.0
452.0
755.0
49.0
869.0
322.0
56.0
307.0
134.0
213.0
659.0
1058.0
885.0
441.0
993.0
723.0
385.0
817.0
370.0
72.0
444.0
454.0
605.0
913.0
368.0
-99.0
202.0
914.0
800.0
633.0
589.0
1369.0
2239.0
1425.0
1234.0
827.0
513.0
871.0
522.0
214.0
278.0
578.0
942.0
15.0
430.0
592.0
731.0
362.0
245.0
340.0
-312.0
267.0
-221.0
-990.0
-182.0
472.0
210.0
89.0
318.0
279.0
347.0
233.0
410.0
41.0
585.0
574.0
718.0
94.0
778.0
277.0
559.0
540.0
763.0
950.0
673.0
459.0
333.0
211.0
450.0
370.0
225.0
528.0
402.0
176.0
120.0
492.0
705.0
64.0
902.0
1041.0
695.0
524.0
293.0
332.0
238.0
368.0
272.0
881.0
748.0
554.0
904.0
172.0
695.0
96.0
583.0
872.0
616.0
785.0
187.0
857.0
663.0
937.0
173.0
956.0
284.0
272.0
691.0
923.0
530.0
735.0
942.0
824.0
22.0
294.0
129.0
431.0
820.0
498.0
211.0
744.0
780.0
743.0
939.0
517.0
315.0
850.0
900.0
545.0
4.0
795.0
248.0
882.0
40.0
473.0
129.0
841.0
180.0
693.0
167.0
304.0
818.0
301.0
898.0
291.0
307.0
77.0
249.0
9.0
212.0
297.0
466.0
164.0
630.0
102.0
826.0
223.0
34.0
913.0
927.0
257.0
844.0
888.0
276.0
925.0
1009.0
832.0
413.0
503.0
178.0
152.0
-523.0
-699.0
114.0
243.0
699.0
529.0
560.0
954.0
547.0
571.0
92.0
380.0
549.0
426.0
730.0
597.0
656.0
233.0
329.0
458.0
289.0
-33.0
224.0
610.0
1378.0
456.0
155.0
88.0
536.0
973.0
982.0
86.0
337.0
170.0
425.0
35.0
30.0
329.0
525.0
655.0
424.0
644.0
563.0
1226.0
894.0
171.0
-164.0
30.0
207.0
169.0
631.0
495.0
-54.0
860.0
241.0
475.0
632.0
61.0
413.0
740.0
1319.0
387.0
305.0
426.0
240.0
183.0
919.0
365.0
554.0
660.0
491.0
-71.0
159.0
478.0
521.0
725.0
813.0
404.0
218.0
335.0
645.0
424.0
650.0
702.0
577.0
455.0
779.0
314.0
464.0
707.0
863.0
583.0
735.0
58.0
706.0
131.0
231.0
826.0
692.0
369.0
57.0
665.0
521.0
349.0
890.0
182.0
374.0
228.0
155.0
123.0
957.0
978.0
407.0
-444.0
270.0
629.0
5.0
193.0
38.0
618.0
807.0
72.0
784.0
279.0
-162.0
-79.0
505.0
313.0
255.0
691.0
769.0
399.0
905.0
594.0
759.0
31.0
496.0
822.0
556.0
727.0
325.0
54.0
578.0
558.0
351.0
452.0
686.0
220.0
517.0
561.0
572.0
103.0
405.0
143.0
-172.0
-679.0
-68.0
82.0
632.0
757.0
296.0
857.0
101.0
487.0
891.0
868.0
957.0
382.0
408.0
22.0
923.0
846.0
570.0
341.0
2.0
203.0
515.0
414.0
515.0
978.0
371.0
384.0
86.0
774.0
970.0
585.0
417.0
871.0
647.0
27.0
764.0
773.0
769.0
893.0
824.0
905.0
117.0
785.0
925.0
399.0
707.0
430.0
491.0
961.0
28.0
305.0
229.0
944.0
531.0
924.0
536.0
242.0
441.0
1086.0
932.0
623.0
83.0
176.0
405.0
983.0
810.0
413.0
654.0
315.0
341.0
-93.0
46.0
-334.0
292.0
585.0
252.0
-169.0
42.0
180.0
741.0
360.0
417.0
442.0
265.0
111.0
682.0
324.0
360.0
906.0
736.0
713.0
846.0
246.0
671.0
713.0
278.0
631.0
164.0
518.0
887.0
773.0
343.0
877.0
286.0
20.0
587.0
611.0
699.0
316.0
378.0
971.0
1440.0
979.0
552.0
583.0
736.0
863.0
68.0
637.0
861.0
985.0
479.0
200.0
629.0
294.0
216.0
254.0
989.0
80.0
646.0
801.0
54.0
-299.0
-405.0
153.0
631.0
269.0
941.0
616.0
467.0
897.0
661.0
753.0
237.0
618.0
847.0
273.0
173.0
637.0
92.0
266.0
962.0
981.0
492.0
773.0
936.0
490.0
80.0
415.0
953.0
997.0
316.0
820.0
595.0
201.0
-460.0
105.0
752.0
279.0
-141.0
411.0
769.0
698.0
974.0
1128.0
779.0
1025.0
734.0
993.0
883.0
114.0
472.0
923.0
224.0
415.0
13.0
173.0
303.0
688.0
959.0
300.0
514.0
401.0
690.0
337.0
495.0
546.0
744.0
939.0
400.0
684.0
597.0
610.0
324.0
976.0
228.0
756.0
362.0
389.0
92.0
298.0
794.0
389.0
57.0
448.0
377.0
360.0
112.0
611.0
587.0
810.0
951.0
658.0
177.0
888.0
963.0
492.0
745.0
257.0
844.0
448.0
327.0
490.0
435.0
606.0
5.0
314.0
608.0
0.0
106.0
144.0
661.0
693.0
186.0
55.0
-119.0
-135.0
-889.0
63.0
143.0
232.0
779.0
607.0
689.0
311.0
141.0
281.0
660.0
305.0
721.0
773.0
795.0
426.0
909.0
691.0
172.0
366.0
102.0
900.0
135.0
53.0
524.0
288.0
841.0
598.0
893.0
423.0
274.0
23.0
990.0
324.0
755.0
820.0
647.0
-99.0
55.0
302.0
535.0
425.0
821.0
942.0
39.0
597.0
739.0
434.0
219.0
-12.0
-132.0
-236.0
39.0
116.0
81.0
984.0
359.0
83.0
657.0
374.0
18.0
605.0
657.0
713.0
23.0
495.0
461.0
870.0
39.0
393.0
302.0
209.0
429.0
633.0
798.0
772.0
396.0
835.0
788.0
792.0
25.0
131.0
234.0
580.0
646.0
899.0
986.0
1076.0
1086.0
989.0
557.0
635.0
945.0
469.0
53.0
-486.0
-414.0
71.0
125.0
446.0
348.0
815.0
295.0
791.0
761.0
746.0
599.0
266.0
800.0
422.0
326.0
539.0
253.0
354.0
208.0
674.0
459.0
982.0
1357.0
895.0
217.0
142.0
340.0
941.0
722.0
652.0
935.0
346.0
914.0
534.0
731.0
557.0
509.0
312.0
6.0
297.0
722.0
851.0
47.0
769.0
801.0
662.0
379.0
653.0
297.0
-67.0
238.0
212.0
581.0
799.0
478.0
905.0
832.0
550.0
160.0
259.0
174.0
783.0
325.0
256.0
252.0
-60.0
-197.0
132.0
368.0
868.0
1509.0
998.0
673.0
796.0
623.0
337.0
497.0
387.0
244.0
771.0
404.0
909.0
809.0
728.0
592.0
788.0
595.0
323.0
512.0
898.0
287.0
894.0
436.0
201.0
911.0
225.0
410.0
422.0
0.0
615.0
629.0
1316.0
930.0
191.0
613.0
701.0
927.0
897.0
63.0
797.0
840.0
295.0
591.0
-128.0
778.0
982.0
707.0
343.0
443.0
341.0
105.0
298.0
882.0
398.0
956.0
5.0
167.0
-509.0
270.0
119.0
231.0
778.0
451.0
296.0
959.0
1776.0
1394.0
501.0
-224.0
18.0
219.0
454.0
928.0
288.0
496.0
458.0
130.0
607.0
150.0
378.0
549.0
1214.0
428.0
1045.0
1438.0
890.0
959.0
410.0
939.0
606.0
48.0
14.0
468.0
211.0
853.0
683.0
817.0
195.0
245.0
718.0
879.0
907.0
998.0
169.0
483.0
215.0
690.0
619.0
608.0
179.0
530.0
868.0
106.0
831.0
904.0
637.0
411.0
898.0
515.0
927.0
44.0
104.0
-433.0
-109.0
490.0
421.0
462.0
395.0
586.0
487.0
112.0
79.0
791.0
181.0
439.0
458.0
161.0
564.0
202.0
374.0
505.0
73.0
693.0
389.0
114.0
807.0
982.0
345.0
194.0
663.0
475.0
438.0
1229.0
686.0
282.0
783.0
952.0
202.0
423.0
278.0
27.0
462.0
626.0
504.0
958.0
631.0
967.0
88.0
929.0
78.0
226.0
875.0
700.0
682.0
570.0
581.0
541.0
623.0
253.0
337.0
212.0
993.0
996.0
422.0
-67.0
467.0
546.0
-215.0
66.0
438.0
446.0
309.0
242.0
841.0
960.0
122.0
277.0
922.0
244.0
188.0
593.0
526.0
649.0
419.0
424.0
733.0
166.0
219.0
323.0
591.0
437.0
270.0
922.0
639.0
552.0
887.0
469.0
371.0
882.0
584.0
115.0
754.0
130.0
526.0
304.0
199.0
422.0
347.0
300.0
357.0
16.0
716.0
698.0
700.0
983.0
284.0
262.0
166.0
44.0
609.0
435.0
582.0
254.0
14.0
572.0
927.0
1349.0
1202.0
598.0
395.0
573.0
61.0
-532.0
-422.0
378.0
35.0
789.0
521.0
133.0
-149.0
226.0
417.0
339.0
234.0
292.0
519.0
410.0
736.0
454.0
276.0
128.0
423.0
823.0
652.0
817.0
890.0
986.0
857.0
839.0
204.0
827.0
347.0
531.0
420.0
841.0
957.0
478.0
538.0
9.0
542.0
355.0
544.0
730.0
1284.0
641.0
667.0
623.0
47.0
594.0
181.0
824.0
495.0
998.0
163.0
165.0
955.0
165.0
666.0
619.0
133.0
-332.0
149.0
553.0
41.0
995.0
154.0
154.0
941.0
191.0
341.0
779.0
103.0
367.0
335.0
536.0
691.0
42.0
224.0
-365.0
157.0
606.0
317.0
316.0
308.0
291.0
398.0
878.0
128.0
802.0
95.0
809.0
670.0
671.0
989.0
916.0
9.0
10.0
322.0
126.0
746.0
892.0
579.0
-7.0
342.0
300.0
606.0
718.0
1169.0
559.0
193.0
918.0
1827.0
1078.0
983.0
529.0
716.0
273.0
832.0
649.0
373.0
67.0
-183.0
80.0
315.0
335.0
578.0
923.0
418.0
37.0
912.0
695.0
311.0
501.0
219.0
381.0
83.0
246.0
545.0
420.0
455.0
595.0
835.0
899.0
226.0
917.0
306.0
113.0
591.0
984.0
697.0
136.0
610.0
993.0
228.0
503.0
884.0
464.0
923.0
320.0
461.0
762.0
629.0
849.0
442.0
947.0
527.0
292.0
551.0
584.0
939.0
559.0
318.0
229.0
746.0
185.0
33.0
55.0
792.0
906.0
444.0
311.0
1114.0
1017.0
1300.0
890.0
212.0
480.0
226.0
516.0
915.0
889.0
282.0
267.0
921.0
89.0
123.0
-169.0
264.0
156.0
38.0
97.0
798.0
64.0
502.0
85.0
246.0
776.0
549.0
32.0
464.0
565.0
196.0
150.0
953.0
630.0
539.0
301.0
930.0
1342.0
1007.0
786.0
605.0
79.0
656.0
95.0
845.0
494.0
747.0
763.0
648.0
206.0
425.0
734.0
510.0
-34.0
46.0
564.0
662.0
583.0
506.0
321.0
794.0
103.0
174.0
245.0
40.0
397.0
726.0
65.0
490.0
309.0
492.0
715.0
327.0
146.0
311.0
195.0
687.0
559.0
42.0
317.0
221.0
-277.0
-488.0
197.0
-128.0
331.0
6.0
448.0
685.0
552.0
598.0
857.0
934.0
240.0
115.0
349.0
-130.0
-399.0
201.0
790.0
590.0
353.0
224.0
54.0
483.0
314.0
1.0
162.0
495.0
989.0
447.0
918.0
619.0
524.0
529.0
198.0
34.0
696.0
927.0
996.0
192.0
185.0
939.0
505.0
556.0
936.0
859.0
829.0
146.0
955.0
772.0
173.0
975.0
633.0
217.0
118.0
-158.0
81.0
267.0
360.0
641.0
513.0
43.0
439.0
872.0
757.0
399.0
588.0
364.0
701.0
529.0
541.0
888.0
251.0
302.0
520.0
244.0
858.0
189.0
293.0
-103.0
-291.0
38.0
141.0
820.0
813.0
510.0
603.0
389.0
528.0
680.0
265.0
697.0
676.0
781.0
759.0
7.0
221.0
496.0
144.0
582.0
34.0
-332.0
-812.0
-1012.0
-179.0
-323.0
-915.0
30.0
30.0
762.0
197.0
272.0
861.0
624.0
318.0
517.0
604.0
247.0
573.0
636.0
238.0
598.0
62.0
840.0
443.0
790.0
450.0
80.0
91.0
340.0
264.0
304.0
270.0
478.0
835.0
439.0
282.0
668.0
459.0
234.0
292.0
-220.0
-319.0
-107.0
292.0
641.0
952.0
442.0
912.0
285.0
512.0
813.0
841.0
101.0
326.0
27.0
-296.0
-196.0
402.0
620.0
889.0
708.0
351.0
130.0
339.0
233.0
511.0
55.0
886.0
135.0
840.0
1596.0
1755.0
1850.0
1563.0
1367.0
954.0
762.0
524.0
883.0
455.0
48.0
367.0
429.0
545.0
830.0
633.0
790.0
589.0
260.0
593.0
242.0
565.0
400.0
194.0
108.0
287.0
949.0
541.0
474.0
203.0
552.0
500.0
201.0
725.0
79.0
41.0
979.0
84.0
915.0
137.0
99.0
-52.0
459.0
1170.0
1093.0
922.0
449.0
416.0
263.0
430.0
713.0
503.0
158.0
808.0
471.0
747.0
966.0
283.0
778.0
307.0
453.0
393.0
630.0
639.0
1043.0
1065.0
502.0
219.0
34.0
458.0
819.0
896.0
689.0
105.0
699.0
11.0
474.0
695.0
645.0
570.0
77.0
805.0
116.0
452.0
836.0
578.0
770.0
877.0
1174.0
1165.0
1356.0
1324.0
987.0
656.0
266.0
850.0
520.0
493.0
727.0
117.0
848.0
634.0
682.0
759.0
479.0
252.0
243.0
945.0
982.0
701.0
131.0
920.0
954.0
746.0
747.0
681.0
500.0
571.0
168.0
876.0
994.0
922.0
101.0
16.0
759.0
856.0
452.0
420.0
399.0
276.0
555.0
759.0
773.0
677.0
41.0
689.0
936.0
786.0
896.0
113.0
991.0
688.0
741.0
550.0
394.0
460.0
334.0
523.0
376.0
450.0
562.0
533.0
638.0
806.0
547.0
812.0
839.0
664.0
435.0
333.0
719.0
853.0
194.0
714.0
529.0
155.0
781.0
778.0
893.0
29.0
354.0
83.0
321.0
640.0
99.0
227.0
1036.0
981.0
565.0
781.0
911.0
153.0
104.0
940.0
366.0
393.0
186.0
918.0
901.0
489.0
951.0
966.0
1006.0
971.0
479.0
849.0
901.0
836.0
62.0
543.0
471.0
419.0
488.0
199.0
33.0
85.0
357.0
603.0
628.0
172.0
810.0
643.0
224.0
350.0
969.0
30.0
555.0
591.0
729.0
487.0
752.0
172.0
66.0
158.0
407.0
739.0
-35.0
161.0
271.0
295.0
844.0
724.0
700.0
517.0
42.0
886.0
233.0
694.0
457.0
70.0
200.0
184.0
30.0
190.0
501.0
450.0
893.0
287.0
556.0
519.0
169.0
677.0
960.0
126.0
561.0
909.0
406.0
261.0
-112.0
812.0
392.0
774.0
947.0
535.0
1237.0
1589.0
763.0
111.0
442.0
101.0
463.0
540.0
603.0
650.0
1406.0
1582.0
989.0
597.0
870.0
653.0
143.0
578.0
977.0
267.0
461.0
202.0
551.0
916.0
342.0
416.0
75.0
400.0
777.0
319.0
967.0
809.0
556.0
908.0
965.0
154.0
781.0
136.0
462.0
173.0
84.0
553.0
898.0
448.0
768.0
438.0
377.0
272.0
513.0
204.0
34.0
806.0
559.0
519.0
866.0
265.0
841.0
667.0
753.0
981.0
608.0
179.0
571.0
306.0
325.0
154.0
325.0
608.0
503.0
327.0
335.0
290.0
571.0
463.0
201.0
112.0
822.0
359.0
689.0
753.0
1059.0
823.0
178.0
-512.0
-298.0
436.0
898.0
279.0
206.0
847.0
823.0
993.0
63.0
-236.0
-222.0
357.0
35.0
779.0
626.0
840.0
181.0
853.0
217.0
905.0
976.0
139.0
256.0
595.0
127.0
478.0
404.0
95.0
913.0
1138.0
1322.0
968.0
546.0
498.0
64.0
435.0
186.0
78.0
296.0
166.0
69.0
659.0
528.0
213.0
261.0
443.0
590.0
298.0
642.0
950.0
269.0
197.0
195.0
620.0
988.0
771.0
795.0
420.0
74.0
530.0
594.0
962.0
705.0
951.0
899.0
849.0
268.0
375.0
454.0
627.0
803.0
420.0
297.0
760.0
646.0
277.0
331.0
89.0
682.0
975.0
497.0
581.0
442.0
803.0
268.0
371.0
272.0
56.0
539.0
313.0
44.0
683.0
605.0
92.0
500.0
907.0
313.0
49.0
973.0
666.0
26.0
388.0
669.0
-31.0
197.0
159.0
-311.0
163.0
485.0
917.0
388.0
174.0
329.0
328.0
945.0
525.0
756.0
208.0
82.0
201.0
528.0
484.0
681.0
872.0
312.0
318.0
920.0
646.0
717.0
898.0
1557.0
1558.0
767.0
679.0
953.0
703.0
496.0
857.0
699.0
403.0
715.0
414.0
403.0
511.0
482.0
976.0
9.0
554.0
1290.0
1633.0
802.0
1414.0
1194.0
847.0
512.0
604.0
672.0
405.0
235.0
50.0
-114.0
3.0
403.0
960.0
526.0
379.0
13.0
-382.0
138.0
518.0
597.0
556.0
229.0
914.0
607.0
610.0
900.0
349.0
659.0
850.0
684.0
3.0
583.0
805.0
835.0
104.0
159.0
212.0
822.0
728.0
1323.0
1209.0
1711.0
1795.0
1132.0
607.0
368.0
490.0
417.0
92.0
595.0
835.0
347.0
848.0
915.0
948.0
979.0
480.0
663.0
774.0
407.0
199.0
370.0
425.0
15.0
693.0
958.0
960.0
88.0
410.0
937.0
129.0
420.0
585.0
-287.0
344.0
409.0
128.0
-218.0
58.0
409.0
163.0
939.0
192.0
231.0
393.0
645.0
318.0
852.0
368.0
379.0
245.0
324.0
437.0
261.0
861.0
779.0
391.0
411.0
913.0
699.0
669.0
604.0
58.0
84.0
186.0
996.0
940.0
206.0
775.0
937.0
860.0
883.0
610.0
842.0
589.0
128.0
374.0
971.0
1721.0
1012.0
835.0
792.0
96.0
739.0
447.0
43.0
495.0
230.0
565.0
110.0
109.0
947.0
717.0
368.0
307.0
323.0
412.0
497.0
441.0
952.0
646.0
568.0
952.0
1687.0
1295.0
808.0
766.0
16.0
164.0
198.0
361.0
587.0
520.0
406.0
313.0
707.0
629.0
918.0
791.0
23.0
48.0
379.0
297.0
646.0
443.0
755.0
251.0
2.0
53.0
547.0
366.0
512.0
740.0
698.0
277.0
728.0
737.0
173.0
672.0
536.0
499.0
308.0
321.0
206.0
375.0
165.0
213.0
725.0
278.0
888.0
940.0
919.0
679.0
835.0
29.0
28.0
662.0
974.0
691.0
58.0
565.0
202.0
741.0
542.0
354.0
397.0
437.0
154.0
865.0
873.0
694.0
351.0
508.0
503.0
196.0
661.0
360.0
673.0
318.0
840.0
154.0
935.0
538.0
207.0
-312.0
445.0
591.0
691.0
619.0
340.0
707.0
530.0
178.0
581.0
324.0
944.0
1037.0
795.0
123.0
-18.0
33.0
372.0
23.0
918.0
318.0
733.0
931.0
80.0
516.0
999.0
1223.0
1396.0
410.0
261.0
113.0
355.0
1108.0
779.0
544.0
252.0
788.0
661.0
93.0
91.0
387.0
825.0
735.0
610.0
587.0
769.0
1030.0
838.0
826.0
575.0
818.0
716.0
913.0
96.0
590.0
768.0
962.0
49.0
920.0
900.0
893.0
745.0
976.0
478.0
5.0
700.0
214.0
200.0
754.0
469.0
359.0
693.0
880.0
68.0
-224.0
-97.0
671.0
989.0
518.0
64.0
443.0
608.0
208.0
482.0
642.0
1024.0
820.0
365.0
594.0
892.0
1.0
764.0
147.0
251.0
909.0
776.0
333.0
827.0
511.0
618.0
487.0
371.0
65.0
503.0
761.0
879.0
502.0
740.0
130.0
281.0
749.0
412.0
325.0
505.0
1310.0
1461.0
1781.0
825.0
927.0
990.0
879.0
355.0
218.0
94.0
340.0
627.0
95.0
561.0
470.0
578.0
403.0
978.0
805.0
384.0
642.0
433.0
864.0
1454.0
717.0
670.0
668.0
191.0
397.0
619.0
294.0
128.0
341.0
517.0
211.0
0.0
797.0
100.0
601.0
601.0
527.0
409.0
873.0
865.0
912.0
736.0
1326.0
957.0
560.0
46.0
304.0
972.0
889.0
564.0
981.0
860.0
779.0
1027.0
1501.0
855.0
480.0
292.0
880.0
175.0
324.0
914.0
316.0
923.0
207.0
559.0
403.0
612.0
694.0
486.0
658.0
490.0
324.0
-89.0
-467.0
70.0
875.0
171.0
285.0
128.0
464.0
312.0
216.0
494.0
79.0
417.0
526.0
840.0
388.0
701.0
808.0
907.0
955.0
998.0
30.0
305.0
278.0
26.0
611.0
501.0
633.0
892.0
487.0
1017.0
1145.0
682.0
977.0
279.0
628.0
72.0
397.0
788.0
287.0
804.0
218.0
278.0
428.0
440.0
501.0
-252.0
-77.0
41.0
260.0
641.0
769.0
394.0
441.0
540.0
350.0
785.0
319.0
774.0
313.0
220.0
355.0
415.0
892.0
533.0
807.0
714.0
765.0
511.0
168.0
568.0
701.0
505.0
410.0
290.0
843.0
1198.0
918.0
203.0
202.0
544.0
712.0
381.0
424.0
213.0
565.0
699.0
679.0
680.0
533.0
264.0
670.0
85.0
965.0
238.0
884.0
166.0
57.0
368.0
37.0
81.0
544.0
532.0
868.0
590.0
832.0
443.0
280.0
888.0
620.0
260.0
419.0
252.0
323.0
648.0
234.0
896.0
883.0
142.0
589.0
902.0
261.0
834.0
912.0
128.0
299.0
266.0
433.0
526.0
927.0
298.0
627.0
351.0
782.0
264.0
602.0
572.0
533.0
250.0
895.0
499.0
202.0
686.0
714.0
287.0
602.0
866.0
613.0
509.0
498.0
606.0
394.0
199.0
592.0
414.0
679.0
245.0
788.0
556.0
332.0
661.0
466.0
-382.0
78.0
144.0
137.0
492.0
304.0
139.0
640.0
285.0
551.0
803.0
853.0
564.0
254.0
11.0
468.0
-144.0
175.0
52.0
515.0
113.0
75.0
221.0
693.0
227.0
650.0
355.0
-128.0
-248.0
261.0
26.0
193.0
742.0
860.0
773.0
257.0
917.0
1356.0
922.0
1108.0
475.0
912.0
233.0
52.0
681.0
19.0
743.0
375.0
171.0
457.0
990.0
660.0
832.0
958.0
606.0
741.0
633.0
243.0
939.0
815.0
923.0
484.0
486.0
244.0
832.0
391.0
877.0
486.0
805.0
115.0
354.0
1.0
579.0
378.0
-527.0
-572.0
-374.0
-653.0
-250.0
145.0
34.0
198.0
879.0
359.0
683.0
576.0
974.0
759.0
57.0
376.0
196.0
930.0
888.0
153.0
776.0
300.0
118.0
552.0
353.0
329.0
961.0
161.0
114.0
-199.0
-337.0
84.0
926.0
828.0
484.0
126.0
445.0
360.0
632.0
430.0
280.0
964.0
803.0
917.0
226.0
779.0
753.0
169.0
423.0
351.0
427.0
772.0
809.0
584.0
351.0
976.0
584.0
985.0
525.0
742.0
218.0
963.0
790.0
523.0
1052.0
702.0
753.0
755.0
472.0
285.0
982.0
225.0
240.0
521.0
6.0
709.0
474.0
681.0
346.0
16.0
99.0
225.0
371.0
964.0
136.0
864.0
882.0
104.0
52.0
582.0
511.0
-96.0
21.0
135.0
323.0
820.0
203.0
475.0
472.0
841.0
542.0
602.0
234.0
622.0
832.0
8.0
94.0
281.0
766.0
122.0
756.0
44.0
-440.0
-219.0
538.0
242.0
950.0
1395.0
1434.0
574.0
418.0
507.0
776.0
622.0
613.0
707.0
692.0
105.0
411.0
89.0
64.0
537.0
86.0
584.0
336.0
357.0
383.0
25.0
-33.0
255.0
719.0
837.0
504.0
711.0
577.0
957.0
410.0
446.0
387.0
117.0
339.0
66.0
212.0
985.0
219.0
981.0
648.0
1027.0
769.0
678.0
298.0
403.0
-71.0
409.0
409.0
278.0
912.0
1068.0
686.0
938.0
1805.0
1250.0
1147.0
338.0
-465.0
-40.0
562.0
248.0
882.0
560.0
150.0
419.0
128.0
462.0
146.0
276.0
205.0
745.0
683.0
659.0
215.0
-123.0
-401.0
434.0
433.0
575.0
919.0
276.0
265.0
336.0
173.0
973.0
453.0
628.0
255.0
218.0
786.0
932.0
446.0
335.0
235.0
456.0
888.0
908.0
176.0
270.0
238.0
889.0
253.0
245.0
273.0
755.0
368.0
545.0
425.0
1055.0
655.0
356.0
735.0
715.0
146.0
569.0
491.0
354.0
948.0
175.0
646.0
612.0
288.0
338.0
809.0
601.0
930.0
77.0
424.0
378.0
763.0
1.0
-263.0
-126.0
329.0
81.0
171.0
569.0
903.0
797.0
145.0
-84.0
346.0
163.0
617.0
578.0
402.0
948.0
392.0
391.0
960.0
30.0
314.0
200.0
600.0
469.0
383.0
990.0
327.0
768.0
919.0
700.0
466.0
122.0
681.0
494.0
966.0
437.0
351.0
338.0
674.0
710.0
751.0
741.0
755.0
981.0
662.0
625.0
640.0
235.0
94.0
166.0
512.0
473.0
146.0
975.0
633.0
150.0
262.0
142.0
770.0
457.0
244.0
291.0
763.0
400.0
581.0
520.0
131.0
153.0
13.0
664.0
682.0
871.0
426.0
322.0
928.0
216.0
446.0
996.0
943.0
924.0
370.0
382.0
916.0
135.0
206.0
400.0
1161.0
963.0
423.0
322.0
51.0
552.0
1229.0
877.0
663.0
934.0
1086.0
444.0
840.0
653.0
235.0
126.0
159.0
850.0
123.0
887.0
312.0
92.0
648.0
258.0
497.0
650.0
-93.0
327.0
469.0
770.0
199.0
147.0
421.0
461.0
562.0
793.0
411.0
517.0
931.0
964.0
774.0
554.0
207.0
13.0
309.0
16.0
577.0
609.0
866.0
717.0
121.0
322.0
292.0
390.0
589.0
241.0
159.0
335.0
891.0
970.0
88.0
712.0
933.0
784.0
233.0
700.0
470.0
212.0
72.0
111.0
468.0
136.0
305.0
366.0
510.0
904.0
202.0
139.0
168.0
547.0
465.0
746.0
653.0
286.0
620.0
643.0
532.0
953.0
626.0
496.0
734.0
927.0
720.0
722.0
1280.0
513.0
34.0
239.0
427.0
625.0
939.0
688.0
419.0
287.0
526.0
440.0
872.0
232.0
399.0
574.0
273.0
546.0
1324.0
1160.0
793.0
859.0
890.0
669.0
846.0
490.0
116.0
405.0
817.0
260.0
92.0
144.0
806.0
522.0
484.0
144.0
738.0
850.0
669.0
774.0
625.0
859.0
847.0
353.0
526.0
261.0
997.0
1099.0
1737.0
1598.0
826.0
139.0
117.0
914.0
57.0
505.0
74.0
411.0
301.0
236.0
732.0
851.0
829.0
442.0
369.0
199.0
507.0
909.0
331.0
368.0
406.0
1186.0
1240.0
836.0
434.0
184.0
959.0
951.0
74.0
116.0
960.0
14.0
6.0
899.0
937.0
227.0
67.0
743.0
865.0
893.0
453.0
438.0
630.0
507.0
929.0
431.0
289.0
62.0
827.0
839.0
989.0
886.0
274.0
955.0
825.0
512.0
593.0
215.0
111.0
580.0
855.0
158.0
273.0
721.0
329.0
819.0
140.0
595.0
615.0
863.0
579.0
119.0
372.0
195.0
920.0
964.0
913.0
330.0
2.0
63.0
853.0
206.0
657.0
129.0
470.0
707.0
235.0
729.0
227.0
764.0
5.0
332.0
85.0
848.0
899.0
650.0
202.0
587.0
843.0
546.0
540.0
392.0
679.0
585.0
762.0
427.0
497.0
351.0
214.0
726.0
463.0
930.0
55.0
18.0
903.0
279.0
167.0
-249.0
-120.0
-142.0
6.0
-125.0
469.0
350.0
722.0
802.0
181.0
33.0
744.0
196.0
728.0
769.0
204.0
820.0
806.0
635.0
624.0
790.0
586.0
795.0
782.0
31.0
564.0
936.0
-16.0
348.0
382.0
257.0
799.0
1047.0
540.0
312.0
783.0
539.0
928.0
918.0
872.0
524.0
32.0
719.0
979.0
910.0
731.0
416.0
878.0
913.0
471.0
854.0
20.0
443.0
130.0
280.0
947.0
28.0
790.0
968.0
39.0
456.0
774.0
1066.0
896.0
1032.0
903.0
1163.0
906.0
85.0
724.0
403.0
925.0
638.0
844.0
331.0
691.0
729.0
43.0
29.0
818.0
96.0
363.0
673.0
792.0
806.0
402.0
791.0
368.0
-331.0
13.0
386.0
692.0
82.0
88.0
14.0
441.0
275.0
484.0
704.0
600.0
22.0
498.0
101.0
187.0
352.0
344.0
270.0
32.0
852.0
417.0
618.0
496.0
912.0
273.0
300.0
586.0
710.0
930.0
935.0
744.0
489.0
352.0
935.0
35.0
617.0
52.0
506.0
655.0
294.0
183.0
67.0
794.0
581.0
909.0
469.0
-88.0
-380.0
204.0
551.0
1355.0
1790.0
861.0
582.0
600.0
27.0
938.0
792.0
115.0
324.0
961.0
784.0
185.0
145.0
264.0
598.0
466.0
52.0
417.0
552.0
635.0
402.0
552.0
945.0
325.0
803.0
635.0
426.0
166.0
82.0
969.0
198.0
905.0
782.0
971.0
887.0
367.0
646.0
734.0
212.0
54.0
510.0
607.0
803.0
606.0
877.0
613.0
439.0
987.0
581.0
728.0
947.0
673.0
811.0
904.0
296.0
981.0
160.0
64.0
-112.0
340.0
651.0
823.0
547.0
669.0
740.0
36.0
-360.0
-17.0
199.0
227.0
285.0
308.0
408.0
702.0
686.0
719.0
349.0
206.0
603.0
892.0
666.0
814.0
670.0
963.0
1072.0
726.0
996.0
455.0
628.0
337.0
283.0
634.0
924.0
125.0
636.0
256.0
146.0
904.0
935.0
1239.0
978.0
1059.0
729.0
630.0
366.0
331.0
524.0
148.0
808.0
419.0
241.0
648.0
542.0
669.0
675.0
1049.0
558.0
611.0
158.0
446.0
785.0
562.0
896.0
128.0
940.0
108.0
25.0
325.0
227.0
88.0
248.0
92.0
351.0
264.0
970.0
816.0
719.0
913.0
330.0
501.0
624.0
109.0
353.0
651.0
812.0
438.0
805.0
184.0
734.0
327.0
360.0
868.0
392.0
294.0
501.0
425.0
397.0
179.0
285.0
-124.0
283.0
721.0
465.0
78.0
-81.0
204.0
287.0
669.0
819.0
835.0
598.0
602.0
51.0
468.0
716.0
96.0
247.0
219.0
588.0
566.0
38.0
281.0
880.0
856.0
89.0
333.0
578.0
100.0
553.0
794.0
840.0
688.0
188.0
950.0
625.0
707.0
800.0
78.0
532.0
41.0
754.0
34.0
395.0
491.0
424.0
441.0
648.0
342.0
992.0
883.0
380.0
634.0
955.0
521.0
461.0
62.0
536.0
273.0
1005.0
287.0
173.0
652.0
53.0
110.0
734.0
673.0
392.0
641.0
167.0
145.0
338.0
156.0
347.0
222.0
861.0
120.0
525.0
607.0
320.0
685.0
726.0
473.0
165.0
125.0
862.0
41.0
158.0
976.0
926.0
423.0
377.0
505.0
1365.0
1809.0
929.0
880.0
385.0
89.0
127.0
530.0
784.0
342.0
720.0
1450.0
1496.0
890.0
541.0
364.0
612.0
43.0
673.0
181.0
96.0
347.0
910.0
293.0
559.0
166.0
339.0
916.0
954.0
426.0
344.0
639.0
308.0
143.0
450.0
544.0
772.0
422.0
349.0
396.0
859.0
934.0
948.0
413.0
141.0
37.0
374.0
167.0
694.0
532.0
197.0
254.0
255.0
846.0
499.0
540.0
198.0
171.0
685.0
572.0
54.0
408.0
565.0
266.0
370.0
481.0
146.0
405.0
569.0
848.0
-31.0
378.0
545.0
897.0
477.0
160.0
969.0
247.0
922.0
872.0
780.0
1238.0
459.0
563.0
568.0
963.0
611.0
17.0
514.0
443.0
127.0
172.0
624.0
289.0
471.0
-76.0
-557.0
-72.0
88.0
670.0
414.0
211.0
620.0
528.0
118.0
310.0
69.0
679.0
69.0
354.0
228.0
894.0
479.0
324.0
349.0
300.0
235.0
250.0
854.0
323.0
901.0
799.0
309.0
101.0
873.0
14.0
190.0
538.0
162.0
810.0
976.0
815.0
684.0
688.0
797.0
195.0
-378.0
180.0
1004.0
1188.0
829.0
412.0
677.0
31.0
181.0
10.0
726.0
176.0
937.0
978.0
765.0
276.0
101.0
167.0
971.0
509.0
673.0
15.0
-769.0
-237.0
193.0
499.0
632.0
33.0
491.0
572.0
566.0
835.0
704.0
1348.0
1298.0
818.0
791.0
957.0
448.0
-218.0
99.0
213.0
355.0
653.0
403.0
747.0
819.0
647.0
747.0
669.0
30.0
145.0
748.0
819.0
757.0
975.0
576.0
279.0
169.0
706.0
219.0
549.0
400.0
0.0
388.0
-311.0
226.0
301.0
236.0
342.0
835.0
94.0
372.0
493.0
506.0
550.0
192.0
110.0
676.0
464.0
724.0
598.0
820.0
643.0
1236.0
1439.0
1465.0
1573.0
866.0
1010.0
592.0
361.0
-135.0
756.0
242.0
39.0
762.0
708.0
932.0
770.0
180.0
710.0
136.0
932.0
46.0
281.0
4.0
611.0
30.0
483.0
388.0
107.0
592.0
678.0
929.0
858.0
482.0
550.0
81.0
693.0
652.0
402.0
534.0
339.0
117.0
280.0
875.0
24.0
106.0
462.0
757.0
269.0
607.0
231.0
502.0
406.0
707.0
954.0
984.0
60.0
135.0
233.0
496.0
516.0
352.0
120.0
577.0
151.0
733.0
581.0
571.0
436.0
658.0
192.0
866.0
635.0
735.0
306.0
12.0
475.0
587.0
179.0
782.0
511.0
541.0
862.0
550.0
860.0
980.0
992.0
894.0
780.0
532.0
328.0
175.0
51.0
677.0
569.0
237.0
848.0
223.0
551.0
-329.0
-243.0
104.0
26.0
-319.0
535.0
170.0
506.0
828.0
592.0
190.0
722.0
767.0
639.0
945.0
1279.0
591.0
621.0
145.0
281.0
727.0
280.0
647.0
66.0
298.0
56.0
496.0
361.0
325.0
123.0
80.0
341.0
454.0
529.0
598.0
142.0
502.0
811.0
486.0
807.0
659.0
559.0
323.0
899.0
784.0
399.0
865.0
276.0
329.0
699.0
833.0
656.0
786.0
780.0
718.0
541.0
664.0
555.0
393.0
239.0
570.0
521.0
400.0
551.0
560.0
432.0
796.0
125.0
877.0
786.0
18.0
234.0
1.0
545.0
978.0
391.0
450.0
366.0
447.0
331.0
933.0
317.0
30.0
283.0
151.0
257.0
490.0
714.0
233.0
556.0
535.0
587.0
475.0
650.0
14.0
340.0
695.0
711.0
777.0
934.0
626.0
702.0
304.0
226.0
815.0
396.0
909.0
697.0
648.0
602.0
645.0
638.0
508.0
915.0
606.0
507.0
560.0
696.0
783.0
1479.0
1611.0
968.0
980.0
198.0
392.0
719.0
27.0
125.0
36.0
263.0
206.0
204.0
461.0
735.0
686.0
856.0
220.0
177.0
421.0
848.0
519.0
81.0
827.0
38.0
207.0
918.0
786.0
311.0
824.0
54.0
401.0
431.0
373.0
641.0
134.0
736.0
682.0
-36.0
29.0
345.0
918.0
734.0
635.0
552.0
752.0
702.0
709.0
147.0
496.0
401.0
793.0
675.0
178.0
-306.0
-343.0
-310.0
87.0
660.0
450.0
624.0
853.0
294.0
395.0
561.0
40.0
517.0
62.0
808.0
320.0
361.0
810.0
1.0
909.0
221.0
200.0
146.0
696.0
74.0
885.0
148.0
924.0
98.0
623.0
546.0
533.0
568.0
585.0
780.0
480.0
230.0
758.0
941.0
163.0
119.0
34.0
117.0
261.0
782.0
876.0
127.0
754.0
278.0
468.0
44.0
433.0
268.0
693.0
365.0
311.0
890.0
997.0
235.0
871.0
446.0
967.0
179.0
225.0
562.0
183.0
564.0
194.0
396.0
597.0
703.0
396.0
337.0
855.0
768.0
536.0
454.0
112.0
580.0
282.0
64.0
301.0
755.0
147.0
404.0
257.0
1125.0
1604.0
912.0
1312.0
1746.0
937.0
835.0
536.0
862.0
436.0
995.0
750.0
47.0
197.0
679.0
905.0
525.0
735.0
820.0
127.0
-371.0
75.0
67.0
425.0
696.0
580.0
987.0
92.0
438.0
634.0
835.0
389.0
892.0
815.0
195.0
396.0
613.0
1107.0
1026.0
786.0
597.0
200.0
267.0
616.0
959.0
314.0
277.0
968.0
360.0
676.0
808.0
848.0
128.0
786.0
839.0
57.0
410.0
499.0
650.0
898.0
884.0
1067.0
1053.0
705.0
640.0
1338.0
764.0
284.0
928.0
236.0
533.0
265.0
253.0
557.0
147.0
436.0
613.0
424.0
840.0
267.0
887.0
769.0
606.0
568.0
358.0
72.0
737.0
598.0
531.0
735.0
539.0
743.0
445.0
296.0
338.0
-461.0
-853.0
-573.0
-501.0
-270.0
-1075.0
-868.0
-961.0
-241.0
-76.0
240.0
465.0
908.0
864.0
991.0
766.0
562.0
524.0
766.0
348.0
727.0
208.0
186.0
508.0
619.0
811.0
830.0
56.0
-163.0
704.0
511.0
906.0
329.0
187.0
671.0
1250.0
1380.0
1893.0
1721.0
1163.0
702.0
35.0
607.0
807.0
1019.0
834.0
840.0
905.0
666.0
1263.0
930.0
772.0
842.0
161.0
466.0
415.0
594.0
337.0
107.0
664.0
934.0
603.0
579.0
297.0
701.0
337.0
627.0
408.0
994.0
559.0
18.0
206.0
124.0
991.0
172.0
515.0
515.0
-47.0
-279.0
16.0
518.0
454.0
969.0
1248.0
1267.0
650.0
936.0
860.0
657.0
198.0
427.0
427.0
311.0
719.0
957.0
1612.0
1475.0
551.0
878.0
1075.0
1361.0
1320.0
773.0
696.0
642.0
945.0
377.0
375.0
187.0
164.0
-199.0
146.0
629.0
716.0
538.0
70.0
122.0
25.0
432.0
37.0
461.0
897.0
736.0
241.0
23.0
295.0
28.0
617.0
275.0
374.0
111.0
325.0
91.0
190.0
-243.0
20.0
327.0
415.0
427.0
299.0
415.0
759.0
633.0
257.0
875.0
914.0
797.0
576.0
204.0
530.0
444.0
693.0
367.0
914.0
753.0
67.0
846.0
499.0
640.0
1.0
798.0
526.0
766.0
644.0
232.0
20.0
327.0
255.0
87.0
567.0
582.0
403.0
395.0
893.0
538.0
524.0
165.0
677.0
347.0
564.0
628.0
732.0
739.0
763.0
631.0
915.0
1636.0
1474.0
1695.0
826.0
801.0
585.0
177.0
830.0
705.0
827.0
889.0
902.0
727.0
99.0
433.0
418.0
644.0
460.0
651.0
205.0
567.0
339.0
978.0
917.0
107.0
929.0
824.0
992.0
270.0
423.0
453.0
26.0
424.0
198.0
465.0
260.0
680.0
753.0
987.0
287.0
912.0
775.0
578.0
17.0
914.0
669.0
973.0
31.0
-457.0
146.0
894.0
972.0
247.0
78.0
220.0
953.0
541.0
935.0
497.0
390.0
844.0
529.0
921.0
247.0
78.0
120.0
956.0
578.0
908.0
337.0
926.0
1489.0
1202.0
580.0
550.0
959.0
605.0
1334.0
1011.0
647.0
762.0
922.0
476.0
819.0
631.0
795.0
468.0
282.0
962.0
603.0
617.0
666.0
382.0
802.0
507.0
961.0
673.0
126.0
718.0
348.0
46.0
153.0
504.0
162.0
35.0
695.0
544.0
70.0
-337.0
-171.0
-442.0
32.0
135.0
208.0
717.0
210.0
828.0
582.0
795.0
735.0
689.0
318.0
233.0
485.0
678.0
1356.0
1153.0
686.0
487.0
334.0
671.0
857.0
44.0
161.0
426.0
549.0
546.0
926.0
172.0
470.0
904.0
168.0
315.0
902.0
242.0
605.0
208.0
328.0
936.0
479.0
919.0
89.0
122.0
847.0
153.0
0.0
474.0
845.0
839.0
391.0
346.0
770.0
775.0
722.0
557.0
613.0
961.0
560.0
840.0
987.0
305.0
64.0
305.0
531.0
22.0
222.0
618.0
169.0
510.0
917.0
918.0
635.0
648.0
759.0
205.0
625.0
1244.0
1344.0
665.0
571.0
510.0
140.0
810.0
130.0
641.0
583.0
557.0
97.0
527.0
752.0
184.0
588.0
389.0
271.0
257.0
447.0
531.0
-51.0
-214.0
20.0
-225.0
-166.0
-281.0
618.0
908.0
1021.0
683.0
308.0
15.0
345.0
228.0
214.0
265.0
285.0
909.0
970.0
956.0
494.0
473.0
58.0
823.0
40.0
306.0
48.0
140.0
-93.0
512.0
1263.0
1042.0
1224.0
763.0
111.0
771.0
535.0
966.0
101.0
21.0
449.0
891.0
688.0
244.0
487.0
454.0
622.0
209.0
498.0
285.0
407.0
632.0
450.0
821.0
258.0
824.0
436.0
61.0
775.0
412.0
167.0
447.0
262.0
762.0
539.0
748.0
992.0
1484.0
1326.0
895.0
365.0
-559.0
-423.0
173.0
853.0
305.0
155.0
260.0
483.0
981.0
797.0
977.0
647.0
427.0
625.0
622.0
371.0
969.0
778.0
460.0
784.0
996.0
447.0
133.0
897.0
732.0
437.0
214.0
48.0
19.0
497.0
-124.0
744.0
753.0
1373.0
1167.0
492.0
374.0
522.0
412.0
414.0
63.0
911.0
602.0
642.0
749.0
452.0
165.0
187.0
914.0
432.0
305.0
518.0
517.0
813.0
338.0
718.0
536.0
369.0
663.0
496.0
24.0
83.0
447.0
952.0
845.0
955.0
433.0
123.0
427.0
693.0
797.0
1016.0
551.0
672.0
783.0
639.0
742.0
690.0
201.0
948.0
363.0
102.0
836.0
145.0
359.0
72.0
759.0
901.0
982.0
872.0
697.0
702.0
1373.0
878.0
268.0
988.0
268.0
765.0
427.0
867.0
924.0
410.0
151.0
294.0
431.0
334.0
224.0
488.0
821.0
355.0
642.0
804.0
443.0
806.0
1264.0
737.0
874.0
361.0
483.0
998.0
998.0
122.0
484.0
124.0
713.0
416.0
259.0
995.0
944.0
171.0
734.0
141.0
738.0
553.0
218.0
419.0
105.0
-527.0
168.0
868.0
836.0
185.0
97.0
965.0
867.0
653.0
245.0
358.0
917.0
536.0
62.0
81.0
95.0
5.0
118.0
432.0
294.0
98.0
803.0
639.0
143.0
550.0
492.0
496.0
476.0
257.0
592.0
734.0
962.0
345.0
423.0
60.0
441.0
778.0
796.0
14.0
468.0
749.0
396.0
360.0
-535.0
45.0
49.0
748.0
1054.0
408.0
334.0
-149.0
206.0
884.0
53.0
495.0
26.0
149.0
148.0
779.0
484.0
330.0
65.0
599.0
345.0
940.0
613.0
174.0
493.0
454.0
742.0
519.0
963.0
757.0
776.0
623.0
694.0
997.0
170.0
965.0
24.0
445.0
613.0
62.0
401.0
385.0
398.0
-388.0
-242.0
89.0
463.0
208.0
72.0
87.0
269.0
358.0
486.0
389.0
392.0
619.0
120.0
790.0
788.0
800.0
659.0
423.0
419.0
931.0
356.0
652.0
907.0
686.0
247.0
209.0
304.0
40.0
493.0
118.0
236.0
835.0
1605.0
1014.0
972.0
830.0
826.0
835.0
245.0
267.0
433.0
205.0
487.0
707.0
650.0
690.0
256.0
89.0
747.0
592.0
900.0
828.0
866.0
465.0
988.0
697.0
103.0
951.0
188.0
361.0
61.0
70.0
809.0
783.0
194.0
655.0
523.0
988.0
64.0
-706.0
-304.0
102.0
122.0
771.0
402.0
47.0
218.0
545.0
625.0
602.0
306.0
59.0
339.0
379.0
66.0
179.0
603.0
615.0
706.0
992.0
424.0
897.0
595.0
-153.0
-188.0
227.0
-55.0
-304.0
45.0
164.0
610.0
466.0
342.0
88.0
608.0
881.0
489.0
77.0
625.0
3.0
840.0
771.0
1256.0
1475.0
937.0
710.0
226.0
563.0
874.0
270.0
54.0
595.0
21.0
192.0
422.0
318.0
24.0
275.0
138.0
135.0
241.0
901.0
490.0
652.0
704.0
359.0
301.0
196.0
877.0
838.0
711.0
42.0
3.0
332.0
1269.0
641.0
669.0
783.0
659.0
176.0
849.0
175.0
732.0
1133.0
1153.0
782.0
685.0
1066.0
642.0
745.0
634.0
850.0
1019.0
465.0
888.0
681.0
519.0
340.0
727.0
326.0
237.0
203.0
-262.0
-4.0
613.0
741.0
983.0
541.0
359.0
620.0
413.0
67.0
270.0
827.0
212.0
601.0
975.0
107.0
402.0
787.0
261.0
407.0
-131.0
208.0
263.0
394.0
704.0
979.0
917.0
600.0
303.0
1089.0
195.0
48.0
728.0
969.0
163.0
719.0
502.0
538.0
72.0
151.0
504.0
612.0
43.0
169.0
86.0
-346.0
257.0
903.0
232.0
281.0
225.0
600.0
860.0
365.0
268.0
193.0
838.0
338.0
577.0
458.0
796.0
54.0
962.0
389.0
786.0
858.0
775.0
632.0
788.0
707.0
1086.0
894.0
1524.0
1388.0
768.0
360.0
66.0
346.0
458.0
506.0
33.0
151.0
734.0
372.0
977.0
309.0
159.0
68.0
209.0
474.0
339.0
-246.0
96.0
68.0
230.0
651.0
12.0
326.0
800.0
457.0
778.0
501.0
1137.0
1464.0
815.0
302.0
645.0
336.0
237.0
138.0
944.0
620.0
725.0
828.0
685.0
925.0
690.0
122.0
599.0
34.0
56.0
787.0
90.0
487.0
441.0
961.0
280.0
860.0
228.0
702.0
446.0
387.0
185.0
443.0
328.0
389.0
820.0
247.0
806.0
550.0
183.0
517.0
798.0
1051.0
89.0
1.0
205.0
403.0
928.0
932.0
880.0
369.0
661.0
702.0
320.0
75.0
960.0
540.0
573.0
816.0
691.0
802.0
154.0
60.0
198.0
898.0
65.0
412.0
962.0
446.0
960.0
643.0
576.0
994.0
677.0
374.0
676.0
382.0
46.0
322.0
192.0
506.0
124.0
746.0
734.0
666.0
121.0
325.0
901.0
789.0
887.0
150.0
929.0
233.0
59.0
334.0
444.0
489.0
666.0
336.0
241.0
90.0
978.0
619.0
51.0
258.0
-99.0
119.0
225.0
241.0
657.0
110.0
228.0
557.0
459.0
131.0
28.0
921.0
501.0
636.0
864.0
333.0
541.0
96.0
205.0
396.0
689.0
48.0
-601.0
-554.0
-73.0
545.0
393.0
396.0
99.0
413.0
383.0
100.0
403.0
60.0
8.0
573.0
181.0
639.0
285.0
132.0
627.0
862.0
602.0
539.0
164.0
786.0
569.0
436.0
400.0
717.0
57.0
946.0
228.0
263.0
-183.0
270.0
553.0
23.0
889.0
371.0
491.0
713.0
238.0
257.0
515.0
674.0
929.0
696.0
386.0
652.0
859.0
1481.0
846.0
569.0
67.0
345.0
511.0
838.0
87.0
1.0
175.0
142.0
219.0
796.0
645.0
323.0
468.0
409.0
275.0
354.0
706.0
816.0
250.0
655.0
630.0
105.0
875.0
118.0
94.0
419.0
808.0
877.0
969.0
696.0
716.0
254.0
564.0
356.0
735.0
939.0
900.0
877.0
818.0
865.0
932.0
417.0
204.0
341.0
601.0
421.0
791.0
1012.0
556.0
787.0
1209.0
1082.0
464.0
891.0
395.0
154.0
877.0
526.0
561.0
573.0
501.0
53.0
75.0
748.0
749.0
1275.0
461.0
73.0
598.0
15.0
129.0
447.0
940.0
770.0
183.0
175.0
46.0
919.0
849.0
969.0
909.0
827.0
431.0
90.0
996.0
39.0
996.0
909.0
624.0
15.0
337.0
650.0
861.0
511.0
381.0
946.0
491.0
607.0
356.0
855.0
333.0
544.0
453.0
48.0
490.0
607.0
520.0
209.0
842.0
42.0
71.0
178.0
419.0
809.0
453.0
398.0
834.0
383.0
677.0
807.0
717.0
832.0
507.0
199.0
720.0
853.0
97.0
882.0
726.0
942.0
84.0
275.0
296.0
-187.0
213.0
661.0
264.0
703.0
846.0
507.0
687.0
429.0
812.0
329.0
303.0
860.0
41.0
516.0
242.0
88.0
982.0
639.0
205.0
609.0
24.0
960.0
263.0
576.0
768.0
347.0
894.0
239.0
111.0
406.0
295.0
646.0
73.0
572.0
667.0
-170.0
-900.0
-724.0
-613.0
-624.0
118.0
501.0
732.0
597.0
701.0
892.0
67.0
573.0
300.0
-282.0
630.0
361.0
29.0
206.0
634.0
511.0
713.0
805.0
403.0
930.0
638.0
70.0
752.0
210.0
314.0
742.0
399.0
898.0
794.0
71.0
295.0
830.0
887.0
503.0
634.0
731.0
97.0
423.0
278.0
443.0
449.0
670.0
757.0
601.0
203.0
423.0
793.0
435.0
669.0
1049.0
714.0
934.0
560.0
4.0
959.0
846.0
759.0
892.0
409.0
669.0
552.0
313.0
283.0
859.0
255.0
510.0
441.0
927.0
588.0
219.0
731.0
685.0
836.0
612.0
582.0
-86.0
-45.0
316.0
820.0
531.0
105.0
964.0
434.0
964.0
469.0
697.0
180.0
647.0
8.0
109.0
474.0
507.0
804.0
540.0
694.0
19.0
45.0
297.0
785.0
408.0
461.0
842.0
634.0
41.0
318.0
978.0
888.0
472.0
668.0
805.0
451.0
88.0
985.0
449.0
989.0
219.0
350.0
548.0
799.0
888.0
742.0
312.0
25.0
845.0
1545.0
1554.0
1924.0
1229.0
962.0
938.0
801.0
424.0
703.0
371.0
315.0
328.0
753.0
718.0
70.0
895.0
502.0
723.0
5.0
569.0
307.0
960.0
789.0
996.0
114.0
244.0
87.0
942.0
184.0
255.0
0.0
67.0
-304.0
53.0
789.0
621.0
115.0
640.0
667.0
708.0
687.0
261.0
453.0
393.0
788.0
385.0
55.0
621.0
290.0
188.0
155.0
847.0
184.0
815.0
946.0
589.0
673.0
851.0
438.0
900.0
870.0
521.0
533.0
-9.0
-84.0
267.0
584.0
869.0
995.0
332.0
183.0
344.0
255.0
490.0
385.0
493.0
615.0
688.0
204.0
955.0
7.0
234.0
461.0
666.0
38.0
471.0
123.0
898.0
1540.0
670.0
826.0
184.0
649.0
294.0
801.0
728.0
31.0
421.0
867.0
365.0
674.0
1088.0
1024.0
598.0
175.0
713.0
32.0
755.0
203.0
637.0
329.0
760.0
557.0
107.0
139.0
177.0
71.0
449.0
418.0
664.0
409.0
42.0
884.0
394.0
143.0
589.0
948.0
592.0
853.0
832.0
874.0
518.0
54.0
-403.0
357.0
99.0
-40.0
698.0
199.0
252.0
599.0
253.0
674.0
853.0
336.0
372.0
452.0
709.0
331.0
99.0
941.0
927.0
979.0
690.0
618.0
539.0
59.0
488.0
389.0
260.0
184.0
491.0
600.0
470.0
467.0
601.0
342.0
525.0
403.0
685.0
513.0
159.0
163.0
93.0
934.0
290.0
342.0
411.0
554.0
925.0
872.0
375.0
565.0
31.0
55.0
706.0
993.0
267.0
642.0
206.0
974.0
235.0
168.0
533.0
890.0
480.0
997.0
792.0
165.0
679.0
888.0
58.0
557.0
597.0
800.0
867.0
861.0
326.0
24.0
416.0
251.0
202.0
600.0
59.0
130.0
650.0
672.0
677.0
373.0
865.0
454.0
488.0
125.0
-419.0
-377.0
80.0
277.0
306.0
389.0
692.0
67.0
565.0
773.0
977.0
194.0
-338.0
257.0
425.0
942.0
458.0
900.0
98.0
168.0
-794.0
-175.0
1.0
211.0
941.0
954.0
738.0
542.0
262.0
598.0
676.0
163.0
621.0
258.0
467.0
246.0
516.0
595.0
565.0
818.0
760.0
232.0
767.0
560.0
-16.0
162.0
909.0
939.0
901.0
281.0
320.0
-216.0
49.0
431.0
415.0
658.0
323.0
-156.0
159.0
292.0
562.0
273.0
774.0
498.0
1021.0
949.0
710.0
336.0
88.0
184.0
44.0
250.0
425.0
67.0
541.0
450.0
910.0
952.0
529.0
810.0
128.0
871.0
554.0
366.0
612.0
102.0
583.0
53.0
538.0
602.0
187.0
618.0
507.0
627.0
221.0
451.0
244.0
8.0
577.0
706.0
266.0
195.0
823.0
85.0
-39.0
78.0
770.0
701.0
558.0
478.0
396.0
324.0
170.0
838.0
792.0
262.0
83.0
263.0
616.0
949.0
818.0
814.0
475.0
44.0
484.0
744.0
195.0
630.0
821.0
571.0
516.0
67.0
184.0
516.0
199.0
700.0
676.0
688.0
714.0
809.0
755.0
883.0
614.0
145.0
316.0
743.0
242.0
146.0
327.0
131.0
762.0
222.0
-370.0
-320.0
162.0
347.0
1182.0
1093.0
379.0
855.0
914.0
852.0
959.0
916.0
165.0
348.0
301.0
830.0
774.0
17.0
667.0
776.0
774.0
226.0
262.0
48.0
549.0
377.0
792.0
180.0
-42.0
-693.0
17.0
-765.0
88.0
851.0
93.0
651.0
569.0
335.0
814.0
735.0
194.0
953.0
786.0
439.0
708.0
449.0
995.0
582.0
902.0
113.0
910.0
952.0
438.0
473.0
271.0
635.0
118.0
157.0
314.0
430.0
316.0
809.0
561.0
490.0
271.0
665.0
604.0
535.0
949.0
145.0
605.0
846.0
126.0
140.0
94.0
574.0
512.0
294.0
564.0
1050.0
875.0
489.0
708.0
42.0
705.0
736.0
686.0
689.0
239.0
961.0
129.0
638.0
717.0
320.0
671.0
917.0
772.0
397.0
818.0
65.0
367.0
840.0
223.0
225.0
509.0
-316.0
425.0
311.0
479.0
297.0
19.0
650.0
533.0
280.0
3.0
638.0
1232.0
820.0
476.0
353.0
319.0
600.0
3.0
450.0
507.0
744.0
620.0
325.0
932.0
10.0
53.0
241.0
249.0
482.0
203.0
440.0
224.0
611.0
308.0
656.0
1075.0
354.0
13.0
167.0
509.0
86.0
189.0
231.0
602.0
525.0
318.0
580.0
767.0
39.0
457.0
337.0
765.0
335.0
595.0
218.0
822.0
883.0
311.0
950.0
353.0
913.0
683.0
292.0
671.0
793.0
392.0
551.0
262.0
921.0
156.0
966.0
691.0
668.0
409.0
779.0
304.0
816.0
821.0
289.0
14.0
944.0
924.0
356.0
980.0
697.0
964.0
140.0
841.0
8.0
575.0
970.0
615.0
284.0
630.0
307.0
19.0
78.0
315.0
704.0
822.0
999.0
104.0
805.0
454.0
249.0
718.0
340.0
596.0
128.0
313.0
370.0
749.0
906.0
586.0
451.0
-48.0
308.0
-95.0
298.0
878.0
535.0
45.0
659.0
76.0
828.0
844.0
79.0
231.0
28.0
271.0
151.0
599.0
667.0
576.0
949.0
39.0
445.0
694.0
671.0
1137.0
727.0
939.0
749.0
219.0
445.0
77.0
-385.0
-567.0
-610.0
231.0
477.0
917.0
546.0
600.0
730.0
256.0
552.0
189.0
334.0
536.0
47.0
210.0
-225.0
316.0
549.0
126.0
861.0
101.0
568.0
824.0
428.0
853.0
282.0
397.0
323.0
393.0
777.0
476.0
172.0
453.0
739.0
430.0
952.0
1075.0
288.0
55.0
87.0
242.0
776.0
664.0
69.0
76.0
420.0
670.0
247.0
474.0
195.0
309.0
416.0
1114.0
1206.0
580.0
923.0
66.0
531.0
453.0
956.0
799.0
743.0
846.0
751.0
318.0
237.0
215.0
803.0
606.0
904.0
922.0
1657.0
945.0
917.0
1201.0
354.0
53.0
100.0
938.0
734.0
205.0
749.0
788.0
977.0
458.0
485.0
650.0
51.0
257.0
973.0
13.0
552.0
1302.0
1738.0
933.0
77.0
20.0
-53.0
449.0
892.0
274.0
791.0
40.0
50.0
402.0
29.0
562.0
391.0
137.0
743.0
285.0
661.0
502.0
1164.0
991.0
628.0
25.0
311.0
634.0
1575.0
1539.0
975.0
307.0
983.0
768.0
327.0
464.0
391.0
190.0
-216.0
191.0
427.0
16.0
-205.0
204.0
224.0
327.0
722.0
607.0
186.0
600.0
512.0
747.0
871.0
1000.0
840.0
529.0
712.0
918.0
592.0
420.0
698.0
646.0
145.0
329.0
624.0
973.0
105.0
615.0
357.0
869.0
555.0
211.0
566.0
973.0
618.0
631.0
615.0
732.0
12.0
31.0
252.0
171.0
197.0
637.0
531.0
160.0
654.0
992.0
677.0
448.0
816.0
808.0
840.0
53.0
708.0
438.0
52.0
992.0
836.0
546.0
223.0
969.0
599.0
436.0
278.0
397.0
217.0
495.0
822.0
399.0
473.0
226.0
532.0
602.0
184.0
961.0
1091.0
959.0
1452.0
996.0
707.0
488.0
95.0
815.0
168.0
14.0
126.0
362.0
652.0
172.0
73.0
97.0
356.0
809.0
21.0
958.0
267.0
326.0
291.0
653.0
998.0
672.0
996.0
185.0
780.0
668.0
32.0
397.0
448.0
322.0
221.0
454.0
257.0
397.0
774.0
671.0
1385.0
1034.0
1395.0
901.0
1077.0
951.0
759.0
92.0
245.0
350.0
134.0
873.0
437.0
937.0
576.0
945.0
947.0
24.0
82.0
730.0
946.0
401.0
301.0
529.0
406.0
56.0
700.0
1502.0
752.0
560.0
820.0
57.0
717.0
968.0
93.0
249.0
-160.0
257.0
534.0
803.0
266.0
959.0
489.0
573.0
500.0
358.0
577.0
196.0
-458.0
-192.0
710.0
287.0
487.0
163.0
176.0
854.0
548.0
495.0
312.0
126.0
121.0
920.0
201.0
406.0
522.0
289.0
665.0
583.0
994.0
811.0
966.0
718.0
379.0
645.0
254.0
818.0
599.0
44.0
421.0
372.0
456.0
-16.0
-70.0
342.0
595.0
495.0
603.0
683.0
891.0
397.0
103.0
216.0
25.0
910.0
974.0
60.0
681.0
197.0
141.0
95.0
316.0
53.0
552.0
309.0
664.0
591.0
543.0
325.0
920.0
912.0
1479.0
731.0
958.0
680.0
583.0
564.0
1174.0
808.0
174.0
100.0
300.0
45.0
46.0
86.0
867.0
754.0
962.0
117.0
634.0
723.0
576.0
338.0
161.0
286.0
715.0
193.0
89.0
86.0
335.0
679.0
845.0
477.0
95.0
439.0
123.0
442.0
182.0
598.0
263.0
228.0
608.0
642.0
485.0
270.0
611.0
288.0
550.0
931.0
762.0
212.0
-127.0
75.0
446.0
749.0
865.0
999.0
696.0
316.0
785.0
361.0
475.0
743.0
263.0
720.0
125.0
882.0
686.0
43.0
-344.0
239.0
191.0
139.0
649.0
247.0
370.0
958.0
248.0
496.0
713.0
945.0
376.0
988.0
193.0
870.0
723.0
394.0
196.0
7.0
645.0
364.0
61.0
521.0
138.0
480.0
333.0
916.0
94.0
659.0
38.0
338.0
755.0
955.0
655.0
22.0
654.0
227.0
775.0
536.0
570.0
213.0
733.0
862.0
250.0
3.0
279.0
828.0
337.0
254.0
961.0
151.0
900.0
267.0
841.0
1042.0
643.0
868.0
337.0
773.0
843.0
353.0
924.0
984.0
111.0
-526.0
-510.0
77.0
912.0
376.0
52.0
833.0
275.0
311.0
52.0
360.0
539.0
820.0
959.0
1119.0
540.0
415.0
402.0
925.0
977.0
231.0
349.0
204.0
502.0
862.0
913.0
426.0
299.0
230.0
976.0
837.0
906.0
181.0
553.0
527.0
176.0
932.0
977.0
92.0
370.0
865.0
1221.0
863.0
403.0
79.0
505.0
63.0
525.0
69.0
324.0
181.0
742.0
486.0
388.0
557.0
219.0
379.0
654.0
659.0
622.0
537.0
642.0
904.0
595.0
667.0
688.0
425.0
125.0
49.0
373.0
191.0
408.0
-17.0
-199.0
-489.0
235.0
99.0
845.0
820.0
739.0
142.0
195.0
-548.0
-523.0
178.0
876.0
775.0
955.0
848.0
744.0
918.0
1278.0
779.0
549.0
83.0
123.0
105.0
663.0
166.0
296.0
934.0
953.0
882.0
20.0
179.0
861.0
710.0
50.0
954.0
490.0
4.0
434.0
1232.0
540.0
682.0
397.0
202.0
495.0
142.0
844.0
287.0
559.0
874.0
150.0
-100.0
-73.0
146.0
133.0
900.0
1342.0
1643.0
760.0
675.0
1452.0
863.0
802.0
1479.0
694.0
430.0
97.0
396.0
609.0
839.0
929.0
230.0
983.0
583.0
91.0
-477.0
102.0
369.0
337.0
701.0
715.0
688.0
547.0
702.0
730.0
305.0
191.0
890.0
1.0
819.0
1445.0
1607.0
953.0
467.0
70.0
323.0
561.0
260.0
783.0
391.0
723.0
724.0
880.0
413.0
166.0
610.0
1001.0
596.0
585.0
721.0
423.0
135.0
217.0
-179.0
625.0
134.0
323.0
66.0
-477.0
-154.0
-524.0
432.0
876.0
492.0
397.0
137.0
29.0
380.0
168.0
895.0
908.0
892.0
934.0
468.0
495.0
444.0
-66.0
73.0
466.0
625.0
200.0
-399.0
-481.0
41.0
400.0
799.0
1119.0
1367.0
946.0
914.0
992.0
295.0
269.0
679.0
391.0
528.0
73.0
254.0
762.0
606.0
78.0
55.0
272.0
763.0
868.0
875.0
855.0
703.0
699.0
398.0
19.0
577.0
234.0
799.0
372.0
908.0
146.0
2.0
519.0
858.0
535.0
492.0
735.0
863.0
250.0
541.0
462.0
918.0
935.0
1406.0
1316.0
1430.0
1244.0
556.0
68.0
156.0
345.0
891.0
655.0
563.0
714.0
1198.0
1405.0
741.0
560.0
341.0
9.0
680.0
465.0
862.0
273.0
167.0
145.0
405.0
738.0
393.0
253.0
89.0
535.0
596.0
559.0
804.0
415.0
691.0
267.0
489.0
10.0
168.0
121.0
386.0
136.0
918.0
867.0
109.0
498.0
470.0
402.0
263.0
25.0
668.0
685.0
508.0
583.0
611.0
954.0
85.0
594.0
927.0
119.0
803.0
767.0
505.0
50.0
739.0
511.0
152.0
632.0
555.0
57.0
141.0
220.0
372.0
81.0
608.0
600.0
912.0
632.0
402.0
872.0
190.0
435.0
250.0
565.0
243.0
192.0
76.0
488.0
139.0
278.0
335.0
656.0
545.0
724.0
742.0
1184.0
1183.0
501.0
33.0
581.0
802.0
811.0
277.0
112.0
624.0
818.0
305.0
87.0
51.0
46.0
301.0
1113.0
921.0
800.0
634.0
442.0
396.0
76.0
436.0
628.0
48.0
6.0
91.0
175.0
802.0
135.0
619.0
120.0
420.0
986.0
264.0
436.0
534.0
44.0
950.0
853.0
95.0
755.0
787.0
383.0
141.0
550.0
374.0
136.0
129.0
758.0
394.0
548.0
86.0
836.0
473.0
-41.0
639.0
843.0
729.0
494.0
855.0
118.0
665.0
380.0
-92.0
109.0
532.0
948.0
920.0
1350.0
554.0
702.0
-62.0
77.0
-101.0
-347.0
-379.0
112.0
935.0
217.0
893.0
495.0
635.0
155.0
-464.0
190.0
957.0
525.0
781.0
628.0
619.0
931.0
1182.0
1009.0
318.0
708.0
175.0
94.0
892.0
140.0
8.0
44.0
0.0
926.0
93.0
815.0
871.0
542.0
368.0
162.0
507.0
502.0
702.0
739.0
365.0
807.0
303.0
701.0
871.0
642.0
838.0
281.0
728.0
239.0
748.0
534.0
307.0
31.0
9.0
942.0
2.0
5.0
549.0
27.0
575.0
970.0
724.0
10.0
956.0
657.0
625.0
758.0
508.0
399.0
220.0
297.0
121.0
247.0
422.0
183.0
646.0
158.0
140.0
499.0
624.0
210.0
499.0
917.0
737.0
336.0
68.0
732.0
581.0
575.0
176.0
457.0
857.0
663.0
539.0
-111.0
656.0
894.0
609.0
188.0
568.0
972.0
678.0
753.0
573.0
957.0
959.0
131.0
700.0
319.0
674.0
56.0
939.0
140.0
334.0
474.0
999.0
1416.0
899.0
856.0
717.0
1019.0
241.0
736.0
101.0
11.0
572.0
791.0
636.0
918.0
289.0
898.0
769.0
636.0
21.0
3.0
922.0
687.0
385.0
788.0
128.0
493.0
294.0
43.0
369.0
293.0
885.0
269.0
164.0
444.0
619.0
-301.0
166.0
493.0
622.0
532.0
243.0
510.0
423.0
787.0
694.0
593.0
192.0
34.0
-295.0
77.0
600.0
24.0
273.0
-69.0
-184.0
-432.0
375.0
999.0
386.0
347.0
514.0
668.0
576.0
756.0
986.0
85.0
512.0
787.0
28.0
282.0
666.0
584.0
507.0
105.0
72.0
518.0
160.0
55.0
640.0
132.0
990.0
273.0
104.0
567.0
256.0
576.0
164.0
270.0
874.0
580.0
330.0
532.0
502.0
770.0
549.0
857.0
736.0
86.0
197.0
634.0
771.0
959.0
547.0
667.0
493.0
229.0
204.0
586.0
728.0
944.0
670.0
190.0
19.0
909.0
932.0
696.0
873.0
258.0
617.0
288.0
464.0
61.0
730.0
235.0
293.0
607.0
47.0
115.0
598.0
783.0
323.0
824.0
671.0
701.0
553.0
270.0
553.0
346.0
-188.0
597.0
1180.0
945.0
884.0
370.0
900.0
501.0
357.0
19.0
955.0
543.0
801.0
166.0
972.0
537.0
1279.0
926.0
983.0
155.0
28.0
75.0
740.0
1263.0
923.0
540.0
977.0
723.0
765.0
112.0
23.0
731.0
922.0
547.0
583.0
169.0
138.0
295.0
25.0
297.0
291.0
993.0
398.0
418.0
827.0
854.0
343.0
454.0
589.0
950.0
964.0
1162.0
1590.0
894.0
56.0
-70.0
280.0
206.0
999.0
211.0
287.0
609.0
151.0
741.0
230.0
896.0
957.0
466.0
79.0
446.0
-165.0
-39.0
-10.0
314.0
697.0
585.0
78.0
930.0
431.0
656.0
177.0
962.0
229.0
271.0
704.0
466.0
312.0
1086.0
197.0
94.0
186.0
742.0
424.0
799.0
425.0
859.0
227.0
272.0
-156.0
342.0
464.0
-311.0
-179.0
323.0
604.0
292.0
718.0
485.0
427.0
434.0
77.0
360.0
891.0
931.0
1595.0
1496.0
976.0
321.0
390.0
377.0
407.0
205.0
283.0
373.0
27.0
194.0
526.0
990.0
796.0
587.0
413.0
885.0
778.0
716.0
-142.0
-284.0
319.0
840.0
852.0
525.0
770.0
101.0
338.0
357.0
11.0
831.0
967.0
1042.0
242.0
190.0
508.0
562.0
703.0
1201.0
864.0
631.0
805.0
218.0
885.0
813.0
919.0
1493.0
1527.0
918.0
189.0
689.0
365.0
909.0
951.0
584.0
627.0
387.0
794.0
291.0
948.0
96.0
762.0
24.0
352.0
797.0
547.0
437.0
378.0
81.0
721.0
437.0
107.0
-442.0
277.0
232.0
589.0
102.0
524.0
999.0
619.0
539.0
928.0
981.0
311.0
644.0
939.0
242.0
99.0
717.0
212.0
828.0
165.0
73.0
240.0
342.0
845.0
688.0
740.0
24.0
696.0
312.0
370.0
351.0
18.0
357.0
411.0
526.0
736.0
65.0
644.0
517.0
820.0
506.0
948.0
457.0
732.0
1110.0
1023.0
245.0
996.0
668.0
759.0
233.0
286.0
794.0
1159.0
1313.0
518.0
33.0
106.0
836.0
607.0
336.0
941.0
79.0
207.0
362.0
942.0
548.0
1246.0
703.0
255.0
76.0
436.0
924.0
846.0
416.0
218.0
15.0
75.0
627.0
39.0
664.0
660.0
184.0
536.0
468.0
567.0
545.0
697.0
743.0
436.0
126.0
933.0
817.0
451.0
1.0
-329.0
-94.0
-765.0
-421.0
443.0
212.0
563.0
259.0
251.0
792.0
97.0
728.0
123.0
679.0
291.0
500.0
637.0
116.0
-58.0
292.0
443.0
15.0
113.0
95.0
717.0
560.0
577.0
254.0
252.0
6.0
11.0
649.0
704.0
157.0
517.0
348.0
324.0
659.0
747.0
379.0
417.0
688.0
706.0
713.0
76.0
357.0
242.0
55.0
118.0
22.0
218.0
90.0
923.0
591.0
313.0
990.0
622.0
296.0
304.0
384.0
354.0
624.0
275.0
572.0
387.0
177.0
382.0
221.0
38.0
551.0
14.0
818.0
383.0
618.0
772.0
275.0
322.0
247.0
829.0
492.0
364.0
376.0
980.0
812.0
242.0
61.0
999.0
921.0
322.0
327.0
726.0
940.0
945.0
804.0
259.0
238.0
100.0
236.0
898.0
458.0
123.0
666.0
75.0
618.0
731.0
864.0
-70.0
7.0
92.0
380.0
845.0
859.0
170.0
527.0
607.0
849.0
1261.0
827.0
598.0
592.0
729.0
802.0
206.0
57.0
572.0
762.0
528.0
197.0
842.0
140.0
585.0
980.0
10.0
688.0
106.0
675.0
575.0
440.0
845.0
924.0
529.0
910.0
489.0
213.0
61.0
-397.0
-352.0
182.0
1119.0
951.0
736.0
19.0
331.0
369.0
513.0
248.0
630.0
592.0
861.0
654.0
340.0
774.0
861.0
85.0
771.0
664.0
460.0
123.0
393.0
98.0
629.0
922.0
531.0
643.0
138.0
689.0
642.0
300.0
466.0
649.0
797.0
202.0
722.0
542.0
47.0
652.0
176.0
498.0
749.0
895.0
956.0
231.0
706.0
353.0
607.0
717.0
926.0
457.0
896.0
412.0
577.0
928.0
1160.0
989.0
1354.0
581.0
648.0
503.0
708.0
642.0
226.0
301.0
490.0
447.0
67.0
623.0
816.0
6.0
282.0
377.0
404.0
852.0
610.0
433.0
851.0
27.0
31.0
53.0
675.0
356.0
146.0
417.0
340.0
656.0
956.0
733.0
715.0
105.0
777.0
880.0
135.0
380.0
979.0
455.0
591.0
402.0
642.0
320.0
923.0
791.0
176.0
510.0
773.0
410.0
569.0
954.0
245.0
343.0
60.0
428.0
971.0
465.0
417.0
399.0
819.0
44.0
187.0
789.0
281.0
746.0
488.0
122.0
970.0
99.0
-726.0
-721.0
114.0
119.0
43.0
580.0
465.0
639.0
762.0
448.0
210.0
448.0
449.0
601.0
828.0
939.0
183.0
339.0
135.0
-229.0
-124.0
785.0
818.0
186.0
217.0
120.0
813.0
1600.0
803.0
848.0
1284.0
1308.0
1279.0
526.0
836.0
593.0
261.0
909.0
283.0
613.0
663.0
439.0
577.0
821.0
506.0
263.0
665.0
657.0
722.0
1323.0
809.0
776.0
84.0
155.0
976.0
355.0
103.0
901.0
441.0
302.0
835.0
215.0
453.0
496.0
865.0
481.0
92.0
54.0
480.0
891.0
583.0
819.0
295.0
659.0
204.0
457.0
403.0
138.0
882.0
535.0
375.0
549.0
837.0
555.0
429.0
982.0
885.0
436.0
621.0
155.0
307.0
82.0
335.0
161.0
356.0
790.0
144.0
284.0
-194.0
53.0
39.0
344.0
175.0
-480.0
-560.0
213.0
95.0
343.0
980.0
436.0
440.0
886.0
672.0
914.0
868.0
535.0
929.0
48.0
561.0
485.0
874.0
834.0
841.0
26.0
928.0
237.0
412.0
528.0
465.0
949.0
756.0
142.0
575.0
635.0
492.0
1086.0
844.0
132.0
222.0
948.0
182.0
981.0
900.0
527.0
147.0
237.0
125.0
-168.0
360.0
220.0
732.0
134.0
222.0
51.0
899.0
598.0
413.0
542.0
920.0
743.0
620.0
956.0
685.0
647.0
769.0
870.0
711.0
363.0
711.0
609.0
838.0
929.0
897.0
371.0
117.0
862.0
615.0
872.0
9.0
-355.0
107.0
599.0
550.0
42.0
282.0
613.0
482.0
150.0
231.0
564.0
487.0
740.0
264.0
53.0
717.0
642.0
-113.0
275.0
431.0
716.0
750.0
66.0
469.0
429.0
348.0
520.0
998.0
738.0
300.0
651.0
223.0
791.0
699.0
760.0
583.0
697.0
694.0
489.0
340.0
385.0
693.0
640.0
954.0
20.0
470.0
538.0
619.0
284.0
833.0
671.0
923.0
395.0
-66.0
35.0
-248.0
41.0
430.0
73.0
579.0
798.0
789.0
100.0
318.0
586.0
738.0
943.0
536.0
483.0
657.0
341.0
722.0
418.0
288.0
957.0
471.0
362.0
174.0
402.0
374.0
691.0
164.0
734.0
154.0
921.0
742.0
46.0
364.0
749.0
551.0
925.0
85.0
421.0
764.0
677.0
352.0
839.0
1267.0
811.0
995.0
823.0
860.0
763.0
973.0
483.0
912.0
789.0
340.0
339.0
740.0
798.0
648.0
992.0
733.0
585.0
924.0
318.0
608.0
287.0
459.0
289.0
537.0
261.0
730.0
609.0
827.0
193.0
147.0
752.0
304.0
600.0
493.0
111.0
783.0
275.0
28.0
354.0
100.0
23.0
234.0
172.0
25.0
341.0
624.0
435.0
812.0
169.0
865.0
114.0
165.0
574.0
3.0
405.0
86.0
283.0
108.0
366.0
171.0
909.0
914.0
751.0
108.0
5.0
167.0
461.0
171.0
-188.0
-36.0
95.0
261.0
19.0
354.0
408.0
93.0
807.0
398.0
852.0
259.0
341.0
977.0
1682.0
1474.0
1399.0
531.0
25.0
148.0
392.0
139.0
195.0
779.0
116.0
402.0
146.0
637.0
685.0
955.0
1090.0
1354.0
756.0
1318.0
917.0
680.0
213.0
221.0
834.0
438.0
365.0
50.0
498.0
871.0
966.0
20.0
534.0
-208.0
-346.0
98.0
244.0
163.0
926.0
1597.0
802.0
761.0
554.0
284.0
398.0
936.0
616.0
579.0
438.0
651.0
232.0
592.0
373.0
244.0
979.0
212.0
143.0
690.0
949.0
380.0
-229.0
111.0
218.0
194.0
894.0
802.0
451.0
442.0
172.0
241.0
636.0
160.0
929.0
380.0
552.0
696.0
525.0
381.0
942.0
858.0
529.0
124.0
270.0
250.0
523.0
154.0
758.0
815.0
1118.0
896.0
354.0
780.0
889.0
852.0
588.0
923.0
429.0
526.0
231.0
746.0
162.0
330.0
899.0
1070.0
977.0
953.0
668.0
990.0
197.0
989.0
756.0
415.0
606.0
772.0
939.0
577.0
165.0
749.0
236.0
210.0
449.0
845.0
297.0
-123.0
-90.0
253.0
873.0
71.0
651.0
341.0
585.0
946.0
885.0
26.0
505.0
185.0
26.0
778.0
88.0
966.0
671.0
416.0
283.0
344.0
206.0
220.0
714.0
856.0
315.0
709.0
563.0
295.0
677.0
433.0
500.0
398.0
231.0
116.0
651.0
30.0
504.0
767.0
680.0
658.0
255.0
763.0
181.0
185.0
163.0
974.0
1154.0
1533.0
787.0
493.0
754.0
592.0
393.0
347.0
-300.0
-140.0
340.0
817.0
176.0
825.0
982.0
431.0
538.0
841.0
883.0
209.0
577.0
25.0
739.0
581.0
148.0
482.0
202.0
644.0
431.0
295.0
622.0
175.0
127.0
781.0
808.0
925.0
713.0
183.0
751.0
517.0
-176.0
258.0
497.0
338.0
10.0
652.0
161.0
-223.0
451.0
265.0
764.0
709.0
619.0
878.0
77.0
815.0
549.0
31.0
412.0
254.0
536.0
257.0
57.0
998.0
1727.0
1780.0
1737.0
1028.0
731.0
741.0
368.0
281.0
847.0
478.0
858.0
335.0
761.0
412.0
710.0
398.0
440.0
727.0
971.0
128.0
522.0
1066.0
722.0
983.0
836.0
34.0
134.0
-220.0
270.0
649.0
-174.0
-426.0
101.0
91.0
385.0
172.0
368.0
722.0
299.0
735.0
372.0
597.0
687.0
121.0
858.0
141.0
758.0
720.0
168.0
732.0
113.0
225.0
109.0
690.0
782.0
861.0
656.0
726.0
898.0
748.0
436.0
413.0
74.0
541.0
595.0
806.0
996.0
899.0
944.0
235.0
-295.0
164.0
562.0
856.0
528.0
343.0
246.0
895.0
58.0
620.0
691.0
230.0
755.0
329.0
748.0
225.0
573.0
1070.0
455.0
275.0
737.0
463.0
584.0
559.0
720.0
148.0
619.0
234.0
161.0
573.0
1.0
219.0
97.0
801.0
73.0
639.0
885.0
290.0
948.0
402.0
995.0
833.0
190.0
-113.0
284.0
702.0
1361.0
770.0
707.0
785.0
504.0
632.0
263.0
755.0
502.0
185.0
609.0
354.0
-128.0
-280.0
439.0
634.0
410.0
779.0
478.0
670.0
561.0
315.0
309.0
-73.0
579.0
382.0
993.0
584.0
596.0
206.0
203.0
980.0
144.0
847.0
887.0
421.0
236.0
491.0
148.0
16.0
522.0
185.0
573.0
740.0
489.0
1138.0
1275.0
929.0
747.0
724.0
77.0
586.0
771.0
234.0
9.0
693.0
806.0
692.0
676.0
425.0
265.0
1027.0
1406.0
1807.0
1276.0
713.0
375.0
1231.0
442.0
340.0
1125.0
1544.0
715.0
1092.0
797.0
1494.0
1519.0
1014.0
1272.0
1278.0
740.0
1067.0
948.0
622.0
910.0
430.0
777.0
1046.0
1101.0
554.0
1022.0
933.0
509.0
126.0
-55.0
169.0
516.0
298.0
508.0
526.0
652.0
820.0
190.0
539.0
333.0
840.0
790.0
666.0
156.0
369.0
806.0
887.0
126.0
220.0
371.0
873.0
418.0
149.0
61.0
491.0
42.0
185.0
344.0
326.0
718.0
846.0
673.0
114.0
34.0
257.0
422.0
189.0
144.0
405.0
55.0
386.0
993.0
275.0
704.0
437.0
0.0
472.0
684.0
750.0
184.0
200.0
538.0
692.0
824.0
857.0
124.0
37.0
483.0
242.0
329.0
307.0
893.0
77.0
359.0
833.0
291.0
73.0
180.0
246.0
66.0
550.0
767.0
17.0
298.0
451.0
355.0
974.0
172.0
417.0
348.0
15.0
506.0
88.0
492.0
759.0
655.0
846.0
489.0
67.0
647.0
139.0
463.0
682.0
919.0
928.0
1380.0
975.0
160.0
117.0
230.0
-254.0
256.0
158.0
39.0
416.0
114.0
968.0
134.0
132.0
165.0
256.0
309.0
731.0
1131.0
1082.0
1116.0
705.0
599.0
404.0
695.0
422.0
669.0
430.0
353.0
890.0
277.0
69.0
84.0
59.0
506.0
284.0
496.0
964.0
484.0
583.0
936.0
49.0
848.0
794.0
866.0
864.0
402.0
569.0
969.0
194.0
408.0
768.0
281.0
259.0
504.0
484.0
98.0
349.0
229.0
381.0
592.0
556.0
678.0
102.0
155.0
550.0
896.0
918.0
644.0
9.0
213.0
160.0
944.0
713.0
399.0
139.0
647.0
306.0
580.0
496.0
78.0
499.0
195.0
923.0
411.0
100.0
915.0
