651.0
989.0
154.0
754.0
616.0
715.0
255.0
234.0
800.0
692.0
319.0
931.0
925.0
581.0
631.0
276.0
653.0
791.0
163.0
189.0
996.0
419.0
109.0
208.0
348.0
145.0
328.0
645.0
603.0
714.0
109.0
137.0
612.0
311.0
902.0
959.0
703.0
969.0
177.0
667.0
213.0
282.0
776.0
18.0
583.0
859.0
654.0
421.0
511.0
536.0
556.0
112.0
33.0
729.0
62.0
414.0
939.0
106.0
815.0
279.0
539.0
934.0
52.0
61.0
672.0
447.0
959.0
211.0
27.0
601.0
451.0
207.0
71.0
696.0
368.0
641.0
943.0
630.0
79.0
100.0
543.0
266.0
456.0
54.0
263.0
342.0
73.0
307.0
715.0
71.0
843.0
566.0
845.0
435.0
440.0
178.0
639.0
469.0
999.0
149.0
252.0
436.0
99.0
886.0
935.0
982.0
608.0
617.0
54.0
639.0
560.0
697.0
256.0
198.0
477.0
662.0
4.0
114.0
464.0
815.0
548.0
80.0
250.0
105.0
842.0
681.0
680.0
616.0
714.0
970.0
812.0
126.0
888.0
363.0
274.0
298.0
523.0
172.0
432.0
98.0
275.0
228.0
258.0
388.0
311.0
461.0
821.0
921.0
962.0
37.0
826.0
659.0
774.0
390.0
765.0
905.0
465.0
128.0
222.0
600.0
792.0
916.0
311.0
293.0
529.0
404.0
472.0
520.0
253.0
210.0
128.0
715.0
278.0
575.0
373.0
604.0
70.0
165.0
878.0
758.0
312.0
863.0
718.0
47.0
122.0
167.0
3.0
149.0
355.0
904.0
712.0
74.0
697.0
797.0
528.0
818.0
7.0
881.0
85.0
659.0
469.0
793.0
336.0
669.0
280.0
455.0
537.0
569.0
588.0
640.0
320.0
206.0
615.0
480.0
205.0
746.0
15.0
332.0
398.0
126.0
71.0
665.0
303.0
5.0
182.0
779.0
615.0
903.0
768.0
713.0
80.0
377.0
674.0
527.0
815.0
871.0
576.0
939.0
653.0
532.0
545.0
196.0
245.0
241.0
669.0
608.0
319.0
781.0
573.0
22.0
268.0
68.0
877.0
435.0
883.0
154.0
926.0
784.0
308.0
226.0
38.0
651.0
626.0
826.0
300.0
309.0
982.0
105.0
6.0
469.0
130.0
765.0
621.0
59.0
331.0
942.0
356.0
31.0
900.0
967.0
845.0
51.0
590.0
78.0
653.0
70.0
844.0
537.0
305.0
643.0
766.0
339.0
585.0
49.0
628.0
951.0
11.0
180.0
301.0
29.0
187.0
316.0
576.0
27.0
121.0
436.0
148.0
334.0
868.0
902.0
451.0
841.0
502.0
453.0
388.0
900.0
56.0
491.0
313.0
193.0
88.0
404.0
198.0
435.0
23.0
322.0
492.0
952.0
328.0
394.0
892.0
241.0
582.0
584.0
871.0
639.0
581.0
751.0
382.0
312.0
707.0
667.0
518.0
34.0
984.0
10.0
878.0
455.0
589.0
216.0
924.0
722.0
505.0
634.0
4.0
114.0
210.0
486.0
898.0
820.0
234.0
961.0
531.0
981.0
199.0
209.0
631.0
944.0
391.0
644.0
74.0
413.0
387.0
375.0
611.0
667.0
588.0
652.0
324.0
535.0
996.0
134.0
275.0
213.0
719.0
279.0
400.0
383.0
617.0
389.0
960.0
572.0
409.0
336.0
273.0
594.0
822.0
727.0
744.0
775.0
713.0
435.0
151.0
580.0
36.0
443.0
747.0
116.0
73.0
594.0
645.0
339.0
870.0
662.0
239.0
778.0
279.0
570.0
721.0
122.0
493.0
943.0
60.0
711.0
461.0
886.0
136.0
136.0
548.0
738.0
529.0
291.0
562.0
196.0
359.0
166.0
788.0
350.0
678.0
316.0
127.0
195.0
114.0
244.0
346.0
582.0
887.0
320.0
739.0
883.0
961.0
389.0
628.0
964.0
856.0
838.0
623.0
501.0
414.0
534.0
320.0
674.0
347.0
141.0
419.0
679.0
632.0
163.0
93.0
639.0
427.0
691.0
367.0
801.0
891.0
730.0
104.0
512.0
101.0
232.0
738.0
114.0
158.0
109.0
897.0
260.0
202.0
736.0
895.0
748.0
828.0
588.0
859.0
103.0
294.0
997.0
690.0
620.0
723.0
970.0
247.0
456.0
220.0
458.0
568.0
971.0
488.0
684.0
905.0
667.0
423.0
465.0
685.0
72.0
313.0
389.0
713.0
311.0
690.0
518.0
363.0
179.0
449.0
276.0
659.0
121.0
666.0
322.0
714.0
435.0
504.0
859.0
552.0
312.0
783.0
625.0
970.0
249.0
769.0
402.0
52.0
327.0
207.0
228.0
378.0
547.0
938.0
971.0
806.0
126.0
954.0
320.0
885.0
794.0
239.0
980.0
298.0
960.0
566.0
69.0
752.0
292.0
503.0
48.0
626.0
246.0
349.0
688.0
741.0
323.0
253.0
357.0
393.0
603.0
3.0
289.0
11.0
316.0
505.0
471.0
911.0
311.0
825.0
533.0
172.0
41.0
972.0
724.0
200.0
381.0
532.0
981.0
998.0
271.0
296.0
86.0
396.0
204.0
886.0
933.0
674.0
169.0
46.0
125.0
88.0
209.0
867.0
599.0
776.0
67.0
301.0
450.0
916.0
75.0
406.0
342.0
401.0
352.0
82.0
405.0
260.0
510.0
906.0
363.0
571.0
973.0
650.0
240.0
335.0
889.0
97.0
907.0
792.0
675.0
138.0
689.0
842.0
456.0
129.0
742.0
255.0
473.0
503.0
572.0
646.0
227.0
2.0
418.0
674.0
607.0
119.0
94.0
222.0
845.0
697.0
238.0
519.0
140.0
150.0
876.0
994.0
141.0
192.0
712.0
816.0
713.0
106.0
442.0
670.0
952.0
547.0
256.0
962.0
420.0
640.0
676.0
844.0
333.0
725.0
994.0
793.0
134.0
219.0
504.0
910.0
408.0
953.0
423.0
355.0
806.0
36.0
538.0
469.0
632.0
345.0
709.0
88.0
836.0
181.0
183.0
669.0
673.0
923.0
234.0
337.0
782.0
357.0
11.0
958.0
403.0
350.0
557.0
182.0
14.0
944.0
755.0
389.0
825.0
226.0
526.0
446.0
377.0
364.0
643.0
400.0
866.0
773.0
513.0
419.0
346.0
717.0
585.0
710.0
196.0
791.0
495.0
746.0
573.0
425.0
928.0
53.0
972.0
695.0
388.0
264.0
237.0
900.0
838.0
337.0
855.0
267.0
642.0
160.0
783.0
846.0
15.0
972.0
412.0
892.0
764.0
774.0
228.0
112.0
728.0
209.0
623.0
656.0
948.0
791.0
331.0
731.0
724.0
504.0
639.0
78.0
23.0
855.0
549.0
353.0
690.0
213.0
17.0
101.0
659.0
26.0
399.0
313.0
421.0
448.0
972.0
622.0
896.0
355.0
451.0
495.0
867.0
662.0
195.0
293.0
228.0
160.0
39.0
282.0
566.0
927.0
142.0
21.0
253.0
931.0
372.0
453.0
350.0
782.0
969.0
489.0
259.0
731.0
816.0
182.0
429.0
405.0
11.0
619.0
130.0
449.0
429.0
506.0
130.0
878.0
984.0
448.0
525.0
307.0
360.0
207.0
31.0
554.0
280.0
313.0
662.0
701.0
348.0
169.0
35.0
358.0
198.0
692.0
375.0
659.0
308.0
294.0
625.0
425.0
666.0
42.0
413.0
112.0
796.0
209.0
286.0
672.0
127.0
135.0
519.0
546.0
480.0
986.0
871.0
162.0
685.0
485.0
395.0
764.0
867.0
124.0
601.0
564.0
256.0
177.0
202.0
122.0
898.0
534.0
622.0
710.0
599.0
788.0
15.0
25.0
862.0
556.0
511.0
476.0
590.0
571.0
683.0
420.0
494.0
219.0
405.0
70.0
589.0
800.0
316.0
648.0
467.0
528.0
543.0
337.0
63.0
447.0
722.0
593.0
290.0
449.0
287.0
468.0
76.0
257.0
928.0
330.0
461.0
778.0
388.0
731.0
479.0
244.0
513.0
634.0
714.0
626.0
202.0
143.0
56.0
257.0
312.0
345.0
435.0
11.0
997.0
156.0
67.0
741.0
711.0
775.0
172.0
702.0
818.0
985.0
191.0
817.0
705.0
334.0
336.0
68.0
910.0
188.0
656.0
146.0
296.0
587.0
668.0
814.0
397.0
324.0
214.0
897.0
832.0
472.0
42.0
254.0
44.0
813.0
388.0
500.0
666.0
765.0
680.0
76.0
591.0
327.0
642.0
340.0
922.0
266.0
215.0
434.0
173.0
447.0
659.0
701.0
41.0
303.0
636.0
976.0
71.0
333.0
791.0
424.0
348.0
645.0
706.0
361.0
868.0
644.0
906.0
436.0
411.0
50.0
398.0
940.0
623.0
406.0
955.0
201.0
410.0
56.0
274.0
772.0
216.0
349.0
15.0
908.0
83.0
806.0
274.0
192.0
943.0
202.0
115.0
350.0
283.0
334.0
594.0
252.0
292.0
530.0
101.0
533.0
25.0
886.0
662.0
318.0
570.0
140.0
724.0
745.0
26.0
791.0
673.0
330.0
183.0
813.0
923.0
200.0
247.0
513.0
295.0
894.0
606.0
812.0
347.0
387.0
693.0
13.0
90.0
271.0
853.0
966.0
358.0
207.0
612.0
153.0
721.0
818.0
495.0
531.0
908.0
356.0
417.0
256.0
252.0
475.0
931.0
839.0
113.0
513.0
149.0
535.0
785.0
634.0
363.0
50.0
709.0
518.0
819.0
777.0
26.0
577.0
422.0
688.0
283.0
913.0
766.0
892.0
573.0
935.0
871.0
658.0
299.0
82.0
488.0
394.0
67.0
465.0
420.0
203.0
680.0
55.0
428.0
912.0
353.0
619.0
87.0
348.0
26.0
697.0
229.0
419.0
450.0
219.0
48.0
745.0
157.0
76.0
405.0
374.0
131.0
55.0
41.0
842.0
753.0
779.0
935.0
613.0
926.0
906.0
249.0
762.0
784.0
466.0
749.0
77.0
56.0
875.0
362.0
987.0
723.0
146.0
210.0
425.0
626.0
133.0
419.0
264.0
325.0
624.0
705.0
31.0
596.0
376.0
294.0
18.0
958.0
38.0
709.0
481.0
549.0
991.0
195.0
380.0
953.0
193.0
31.0
693.0
628.0
544.0
643.0
22.0
54.0
290.0
379.0
213.0
267.0
839.0
862.0
917.0
962.0
221.0
99.0
456.0
542.0
987.0
254.0
898.0
970.0
653.0
18.0
727.0
640.0
103.0
905.0
767.0
243.0
885.0
218.0
585.0
791.0
427.0
259.0
821.0
573.0
592.0
608.0
591.0
299.0
977.0
882.0
921.0
307.0
499.0
42.0
704.0
67.0
632.0
256.0
738.0
677.0
686.0
400.0
774.0
352.0
676.0
204.0
413.0
614.0
462.0
816.0
735.0
247.0
907.0
249.0
297.0
199.0
718.0
791.0
598.0
99.0
74.0
854.0
571.0
970.0
897.0
551.0
223.0
945.0
103.0
972.0
643.0
263.0
474.0
108.0
742.0
51.0
28.0
324.0
421.0
323.0
44.0
815.0
361.0
382.0
258.0
758.0
209.0
219.0
602.0
315.0
434.0
796.0
11.0
330.0
707.0
622.0
289.0
130.0
158.0
938.0
615.0
787.0
956.0
48.0
16.0
961.0
912.0
90.0
136.0
832.0
599.0
456.0
23.0
231.0
534.0
795.0
334.0
569.0
325.0
683.0
917.0
890.0
691.0
196.0
556.0
200.0
946.0
302.0
49.0
538.0
348.0
485.0
969.0
421.0
637.0
649.0
890.0
260.0
491.0
734.0
24.0
240.0
140.0
470.0
295.0
873.0
327.0
301.0
417.0
411.0
958.0
310.0
303.0
717.0
962.0
557.0
293.0
598.0
751.0
348.0
58.0
632.0
561.0
10.0
853.0
305.0
655.0
48.0
334.0
872.0
383.0
998.0
140.0
237.0
779.0
118.0
723.0
572.0
435.0
166.0
833.0
348.0
35.0
580.0
904.0
787.0
461.0
117.0
998.0
460.0
362.0
695.0
931.0
219.0
958.0
920.0
307.0
208.0
593.0
295.0
166.0
915.0
421.0
345.0
284.0
847.0
260.0
750.0
908.0
650.0
786.0
869.0
566.0
155.0
724.0
341.0
904.0
349.0
103.0
566.0
262.0
203.0
331.0
879.0
790.0
900.0
161.0
769.0
259.0
842.0
507.0
36.0
632.0
533.0
596.0
225.0
607.0
37.0
944.0
87.0
722.0
984.0
701.0
642.0
490.0
481.0
41.0
41.0
150.0
442.0
493.0
575.0
31.0
811.0
523.0
268.0
489.0
67.0
725.0
628.0
220.0
558.0
70.0
217.0
716.0
127.0
828.0
229.0
382.0
648.0
198.0
914.0
773.0
480.0
658.0
861.0
59.0
845.0
547.0
960.0
299.0
363.0
633.0
264.0
671.0
747.0
345.0
62.0
853.0
135.0
359.0
249.0
360.0
580.0
497.0
452.0
444.0
657.0
270.0
236.0
1.0
928.0
238.0
310.0
636.0
298.0
907.0
422.0
851.0
712.0
345.0
674.0
439.0
199.0
754.0
432.0
367.0
811.0
518.0
757.0
978.0
8.0
241.0
137.0
429.0
309.0
780.0
351.0
806.0
338.0
929.0
40.0
744.0
531.0
521.0
258.0
625.0
622.0
16.0
365.0
792.0
649.0
84.0
895.0
698.0
63.0
713.0
401.0
959.0
981.0
73.0
522.0
464.0
919.0
170.0
938.0
300.0
785.0
992.0
657.0
764.0
411.0
277.0
184.0
243.0
756.0
118.0
272.0
858.0
658.0
552.0
19.0
235.0
169.0
258.0
400.0
940.0
787.0
597.0
402.0
638.0
871.0
818.0
283.0
343.0
52.0
946.0
821.0
501.0
455.0
284.0
714.0
316.0
371.0
250.0
356.0
249.0
537.0
877.0
231.0
120.0
409.0
243.0
854.0
115.0
888.0
141.0
795.0
996.0
66.0
118.0
883.0
181.0
505.0
409.0
337.0
454.0
686.0
994.0
634.0
375.0
640.0
48.0
393.0
663.0
275.0
409.0
532.0
100.0
219.0
727.0
615.0
235.0
129.0
745.0
863.0
186.0
365.0
317.0
289.0
972.0
548.0
988.0
44.0
789.0
316.0
511.0
581.0
838.0
590.0
433.0
442.0
156.0
835.0
525.0
472.0
44.0
899.0
9.0
600.0
554.0
785.0
602.0
200.0
994.0
99.0
411.0
183.0
158.0
264.0
144.0
155.0
170.0
443.0
776.0
998.0
244.0
839.0
635.0
437.0
807.0
787.0
79.0
291.0
962.0
177.0
265.0
486.0
365.0
114.0
3.0
665.0
188.0
396.0
57.0
130.0
695.0
390.0
984.0
236.0
560.0
426.0
64.0
263.0
935.0
444.0
281.0
607.0
450.0
323.0
301.0
235.0
641.0
862.0
909.0
143.0
266.0
441.0
599.0
643.0
104.0
744.0
269.0
581.0
233.0
83.0
881.0
613.0
368.0
794.0
440.0
360.0
40.0
99.0
597.0
855.0
578.0
810.0
696.0
648.0
201.0
584.0
646.0
365.0
892.0
655.0
594.0
476.0
124.0
44.0
164.0
680.0
942.0
174.0
81.0
349.0
275.0
287.0
716.0
689.0
318.0
201.0
380.0
337.0
598.0
634.0
269.0
930.0
917.0
819.0
675.0
649.0
104.0
917.0
45.0
517.0
543.0
29.0
198.0
684.0
247.0
346.0
914.0
163.0
295.0
580.0
711.0
722.0
16.0
319.0
745.0
766.0
281.0
985.0
635.0
937.0
657.0
328.0
690.0
391.0
734.0
471.0
36.0
355.0
958.0
491.0
722.0
282.0
156.0
873.0
18.0
141.0
237.0
810.0
112.0
29.0
83.0
857.0
517.0
666.0
513.0
437.0
464.0
85.0
33.0
10.0
661.0
911.0
691.0
349.0
11.0
440.0
318.0
631.0
291.0
420.0
612.0
577.0
677.0
548.0
953.0
98.0
509.0
441.0
740.0
309.0
566.0
46.0
497.0
230.0
629.0
599.0
710.0
998.0
146.0
412.0
85.0
5.0
147.0
690.0
826.0
272.0
465.0
644.0
461.0
347.0
342.0
254.0
570.0
160.0
991.0
266.0
199.0
409.0
287.0
623.0
829.0
354.0
397.0
47.0
163.0
643.0
567.0
383.0
903.0
308.0
142.0
188.0
918.0
114.0
172.0
924.0
311.0
81.0
291.0
635.0
691.0
994.0
327.0
479.0
687.0
328.0
55.0
526.0
893.0
229.0
665.0
943.0
696.0
402.0
268.0
230.0
975.0
367.0
9.0
636.0
276.0
543.0
116.0
614.0
53.0
344.0
48.0
708.0
746.0
401.0
809.0
877.0
40.0
437.0
774.0
401.0
941.0
576.0
270.0
711.0
5.0
311.0
882.0
105.0
581.0
244.0
387.0
325.0
102.0
162.0
333.0
885.0
596.0
518.0
277.0
24.0
672.0
423.0
175.0
122.0
82.0
728.0
188.0
434.0
739.0
99.0
905.0
307.0
194.0
344.0
883.0
573.0
541.0
662.0
874.0
565.0
683.0
617.0
43.0
962.0
912.0
581.0
611.0
641.0
288.0
458.0
376.0
820.0
535.0
641.0
490.0
462.0
697.0
501.0
66.0
202.0
61.0
661.0
106.0
165.0
895.0
641.0
918.0
697.0
943.0
315.0
969.0
923.0
252.0
129.0
835.0
71.0
508.0
664.0
841.0
634.0
592.0
995.0
709.0
233.0
604.0
3.0
784.0
472.0
781.0
265.0
933.0
677.0
246.0
826.0
224.0
231.0
612.0
187.0
247.0
961.0
920.0
558.0
960.0
67.0
190.0
563.0
139.0
178.0
36.0
778.0
417.0
807.0
172.0
399.0
189.0
862.0
573.0
848.0
546.0
576.0
647.0
275.0
357.0
651.0
270.0
555.0
500.0
368.0
569.0
805.0
751.0
382.0
691.0
470.0
566.0
29.0
754.0
808.0
644.0
877.0
70.0
780.0
962.0
784.0
44.0
585.0
967.0
605.0
411.0
998.0
958.0
718.0
263.0
356.0
145.0
285.0
381.0
368.0
637.0
962.0
574.0
32.0
621.0
272.0
207.0
156.0
900.0
825.0
551.0
695.0
349.0
895.0
763.0
549.0
725.0
173.0
39.0
639.0
507.0
957.0
286.0
837.0
366.0
523.0
644.0
44.0
721.0
569.0
794.0
272.0
731.0
612.0
786.0
971.0
130.0
312.0
387.0
743.0
536.0
224.0
847.0
928.0
566.0
488.0
395.0
990.0
185.0
798.0
183.0
754.0
890.0
14.0
406.0
470.0
578.0
61.0
768.0
746.0
53.0
329.0
462.0
68.0
342.0
367.0
22.0
439.0
324.0
244.0
193.0
384.0
980.0
136.0
488.0
621.0
383.0
280.0
358.0
798.0
982.0
931.0
82.0
65.0
898.0
936.0
179.0
97.0
25.0
158.0
889.0
510.0
118.0
987.0
842.0
579.0
959.0
721.0
450.0
124.0
333.0
182.0
247.0
718.0
432.0
226.0
444.0
524.0
969.0
495.0
939.0
927.0
916.0
60.0
929.0
581.0
470.0
483.0
284.0
101.0
603.0
780.0
920.0
562.0
739.0
265.0
659.0
654.0
229.0
387.0
590.0
353.0
829.0
764.0
749.0
714.0
946.0
607.0
337.0
565.0
803.0
885.0
467.0
118.0
484.0
890.0
107.0
717.0
779.0
247.0
371.0
963.0
672.0
184.0
661.0
995.0
284.0
17.0
308.0
396.0
729.0
61.0
850.0
862.0
26.0
768.0
869.0
596.0
116.0
838.0
839.0
545.0
142.0
106.0
7.0
605.0
109.0
339.0
282.0
530.0
83.0
420.0
358.0
418.0
681.0
307.0
728.0
316.0
434.0
397.0
524.0
470.0
729.0
120.0
757.0
797.0
222.0
32.0
206.0
75.0
622.0
998.0
816.0
904.0
553.0
342.0
356.0
412.0
679.0
240.0
76.0
483.0
949.0
490.0
134.0
691.0
612.0
996.0
161.0
434.0
180.0
156.0
938.0
260.0
431.0
922.0
424.0
939.0
488.0
766.0
703.0
423.0
374.0
545.0
178.0
489.0
684.0
914.0
589.0
122.0
939.0
714.0
394.0
681.0
489.0
313.0
322.0
101.0
540.0
154.0
815.0
904.0
522.0
645.0
223.0
477.0
963.0
277.0
619.0
715.0
977.0
705.0
969.0
705.0
446.0
454.0
263.0
325.0
959.0
204.0
441.0
40.0
632.0
791.0
564.0
636.0
592.0
346.0
820.0
153.0
766.0
63.0
435.0
916.0
308.0
50.0
555.0
553.0
611.0
207.0
694.0
955.0
616.0
721.0
884.0
937.0
837.0
380.0
989.0
539.0
883.0
429.0
991.0
493.0
126.0
721.0
266.0
499.0
529.0
339.0
258.0
679.0
524.0
754.0
653.0
302.0
699.0
618.0
846.0
17.0
129.0
954.0
657.0
667.0
413.0
982.0
64.0
999.0
244.0
733.0
397.0
204.0
735.0
870.0
984.0
138.0
22.0
198.0
532.0
831.0
45.0
414.0
469.0
302.0
437.0
475.0
453.0
608.0
862.0
197.0
439.0
581.0
661.0
436.0
99.0
428.0
921.0
792.0
860.0
721.0
290.0
832.0
414.0
495.0
107.0
709.0
436.0
351.0
79.0
440.0
281.0
831.0
962.0
753.0
93.0
598.0
362.0
922.0
402.0
175.0
814.0
467.0
24.0
53.0
581.0
95.0
734.0
62.0
2.0
751.0
897.0
730.0
991.0
981.0
322.0
765.0
672.0
892.0
867.0
67.0
449.0
806.0
786.0
340.0
186.0
142.0
202.0
9.0
546.0
239.0
494.0
829.0
114.0
708.0
951.0
495.0
891.0
282.0
928.0
728.0
67.0
59.0
0.0
440.0
595.0
932.0
751.0
238.0
877.0
497.0
533.0
943.0
749.0
408.0
207.0
605.0
164.0
427.0
140.0
156.0
701.0
786.0
535.0
266.0
866.0
32.0
77.0
694.0
54.0
565.0
98.0
226.0
833.0
980.0
263.0
291.0
511.0
189.0
222.0
849.0
250.0
902.0
889.0
962.0
57.0
38.0
288.0
51.0
121.0
362.0
522.0
994.0
163.0
675.0
990.0
54.0
254.0
616.0
298.0
296.0
927.0
496.0
84.0
302.0
566.0
914.0
518.0
213.0
306.0
169.0
143.0
334.0
328.0
618.0
432.0
133.0
312.0
704.0
429.0
438.0
360.0
922.0
629.0
265.0
733.0
930.0
675.0
704.0
703.0
2.0
710.0
669.0
365.0
307.0
77.0
337.0
609.0
558.0
567.0
923.0
245.0
270.0
970.0
678.0
261.0
453.0
162.0
183.0
679.0
934.0
381.0
237.0
497.0
523.0
781.0
897.0
674.0
792.0
526.0
832.0
788.0
31.0
376.0
438.0
80.0
982.0
390.0
822.0
82.0
438.0
248.0
704.0
286.0
341.0
119.0
201.0
212.0
582.0
279.0
169.0
488.0
864.0
482.0
793.0
925.0
108.0
570.0
451.0
107.0
483.0
830.0
999.0
557.0
680.0
937.0
787.0
16.0
417.0
920.0
187.0
418.0
683.0
603.0
553.0
783.0
214.0
517.0
631.0
418.0
711.0
487.0
634.0
762.0
686.0
490.0
321.0
883.0
991.0
788.0
439.0
150.0
676.0
532.0
869.0
907.0
219.0
929.0
155.0
742.0
28.0
985.0
736.0
128.0
790.0
942.0
265.0
552.0
402.0
821.0
102.0
897.0
447.0
226.0
915.0
918.0
736.0
982.0
982.0
619.0
11.0
962.0
164.0
549.0
260.0
625.0
281.0
277.0
522.0
696.0
775.0
825.0
375.0
489.0
950.0
732.0
13.0
546.0
422.0
336.0
167.0
967.0
161.0
280.0
694.0
975.0
140.0
602.0
102.0
189.0
39.0
461.0
681.0
125.0
723.0
512.0
569.0
291.0
716.0
651.0
291.0
550.0
135.0
690.0
538.0
690.0
949.0
599.0
514.0
430.0
96.0
270.0
687.0
547.0
222.0
672.0
957.0
415.0
156.0
856.0
321.0
697.0
469.0
282.0
271.0
581.0
699.0
405.0
157.0
298.0
61.0
326.0
832.0
539.0
745.0
527.0
510.0
499.0
956.0
640.0
748.0
652.0
920.0
725.0
121.0
273.0
109.0
559.0
570.0
194.0
140.0
648.0
375.0
440.0
815.0
33.0
190.0
834.0
469.0
294.0
327.0
768.0
845.0
677.0
512.0
982.0
912.0
850.0
33.0
411.0
908.0
543.0
306.0
466.0
782.0
690.0
380.0
208.0
824.0
671.0
702.0
0.0
987.0
408.0
233.0
11.0
334.0
674.0
910.0
892.0
968.0
170.0
758.0
475.0
467.0
320.0
66.0
400.0
658.0
707.0
533.0
579.0
612.0
845.0
542.0
97.0
825.0
159.0
754.0
538.0
236.0
816.0
121.0
488.0
690.0
730.0
544.0
818.0
922.0
782.0
735.0
266.0
317.0
186.0
652.0
12.0
40.0
256.0
760.0
585.0
104.0
0.0
416.0
203.0
517.0
856.0
943.0
345.0
754.0
212.0
50.0
797.0
860.0
881.0
660.0
588.0
424.0
598.0
475.0
693.0
578.0
172.0
570.0
206.0
500.0
957.0
192.0
395.0
780.0
492.0
761.0
833.0
857.0
331.0
772.0
674.0
479.0
435.0
829.0
442.0
760.0
695.0
292.0
945.0
613.0
762.0
517.0
426.0
230.0
762.0
569.0
284.0
479.0
509.0
149.0
694.0
988.0
723.0
706.0
456.0
542.0
348.0
533.0
871.0
782.0
532.0
207.0
970.0
761.0
283.0
120.0
587.0
596.0
850.0
416.0
760.0
826.0
435.0
422.0
403.0
332.0
296.0
660.0
126.0
976.0
999.0
274.0
219.0
510.0
493.0
506.0
683.0
590.0
688.0
140.0
5.0
302.0
521.0
475.0
185.0
499.0
882.0
264.0
558.0
269.0
76.0
878.0
137.0
233.0
189.0
773.0
119.0
817.0
807.0
491.0
644.0
294.0
164.0
111.0
5.0
585.0
361.0
656.0
915.0
366.0
225.0
478.0
201.0
330.0
988.0
311.0
768.0
238.0
255.0
381.0
25.0
276.0
238.0
46.0
91.0
674.0
623.0
964.0
749.0
726.0
760.0
789.0
846.0
296.0
300.0
662.0
243.0
758.0
890.0
132.0
345.0
947.0
142.0
507.0
468.0
337.0
476.0
435.0
55.0
698.0
507.0
583.0
237.0
209.0
358.0
272.0
295.0
934.0
577.0
58.0
367.0
890.0
314.0
732.0
860.0
255.0
781.0
222.0
935.0
596.0
101.0
894.0
821.0
752.0
776.0
324.0
550.0
284.0
530.0
15.0
502.0
470.0
284.0
887.0
642.0
611.0
390.0
124.0
469.0
669.0
43.0
646.0
851.0
701.0
93.0
479.0
702.0
83.0
297.0
991.0
975.0
924.0
412.0
118.0
7.0
443.0
701.0
551.0
158.0
691.0
549.0
667.0
917.0
787.0
780.0
371.0
423.0
355.0
750.0
618.0
525.0
942.0
486.0
154.0
282.0
273.0
114.0
870.0
507.0
867.0
311.0
696.0
604.0
125.0
398.0
661.0
991.0
252.0
575.0
949.0
278.0
797.0
933.0
455.0
995.0
288.0
267.0
716.0
270.0
800.0
477.0
987.0
422.0
226.0
985.0
909.0
780.0
276.0
319.0
729.0
997.0
568.0
600.0
435.0
494.0
304.0
867.0
361.0
908.0
356.0
598.0
575.0
628.0
939.0
706.0
963.0
249.0
790.0
559.0
899.0
373.0
99.0
75.0
677.0
778.0
864.0
861.0
999.0
664.0
406.0
119.0
96.0
778.0
553.0
787.0
599.0
52.0
661.0
788.0
275.0
88.0
571.0
280.0
619.0
897.0
172.0
125.0
687.0
383.0
213.0
250.0
262.0
893.0
427.0
744.0
585.0
327.0
145.0
49.0
112.0
528.0
80.0
311.0
924.0
579.0
831.0
736.0
484.0
728.0
347.0
288.0
908.0
673.0
584.0
679.0
803.0
45.0
577.0
301.0
571.0
149.0
652.0
780.0
751.0
262.0
217.0
309.0
824.0
158.0
693.0
29.0
72.0
162.0
810.0
393.0
683.0
247.0
817.0
159.0
146.0
400.0
307.0
959.0
978.0
696.0
260.0
931.0
213.0
768.0
25.0
347.0
80.0
723.0
843.0
595.0
604.0
111.0
693.0
825.0
488.0
479.0
75.0
289.0
999.0
631.0
363.0
556.0
294.0
752.0
336.0
545.0
545.0
989.0
44.0
18.0
423.0
309.0
102.0
178.0
771.0
729.0
413.0
533.0
820.0
864.0
932.0
529.0
431.0
114.0
334.0
508.0
587.0
386.0
499.0
166.0
845.0
271.0
228.0
384.0
590.0
644.0
315.0
229.0
170.0
383.0
319.0
680.0
394.0
247.0
23.0
182.0
228.0
866.0
660.0
61.0
920.0
453.0
932.0
118.0
903.0
909.0
180.0
503.0
880.0
790.0
814.0
307.0
395.0
82.0
220.0
694.0
689.0
364.0
395.0
788.0
875.0
742.0
611.0
553.0
722.0
903.0
574.0
942.0
935.0
81.0
943.0
523.0
421.0
490.0
38.0
280.0
291.0
105.0
993.0
881.0
342.0
796.0
276.0
369.0
799.0
640.0
180.0
925.0
625.0
8.0
320.0
412.0
117.0
657.0
265.0
406.0
225.0
790.0
948.0
75.0
542.0
551.0
230.0
509.0
113.0
95.0
848.0
945.0
701.0
350.0
322.0
410.0
863.0
788.0
780.0
854.0
274.0
952.0
435.0
981.0
644.0
720.0
9.0
71.0
649.0
529.0
345.0
238.0
702.0
2.0
977.0
204.0
600.0
420.0
512.0
469.0
470.0
740.0
298.0
120.0
68.0
260.0
282.0
18.0
850.0
342.0
631.0
580.0
869.0
299.0
874.0
927.0
212.0
300.0
487.0
45.0
821.0
959.0
170.0
673.0
97.0
523.0
436.0
33.0
421.0
335.0
270.0
851.0
179.0
320.0
805.0
358.0
696.0
954.0
471.0
330.0
623.0
618.0
5.0
603.0
230.0
465.0
873.0
522.0
8.0
667.0
721.0
156.0
355.0
816.0
389.0
799.0
410.0
691.0
974.0
811.0
453.0
682.0
79.0
493.0
911.0
13.0
889.0
754.0
649.0
754.0
513.0
129.0
254.0
895.0
20.0
361.0
839.0
666.0
599.0
454.0
927.0
862.0
320.0
542.0
265.0
175.0
369.0
401.0
249.0
496.0
110.0
864.0
976.0
579.0
700.0
397.0
788.0
417.0
709.0
252.0
663.0
786.0
825.0
128.0
727.0
807.0
903.0
536.0
6.0
926.0
12.0
339.0
779.0
741.0
531.0
883.0
401.0
915.0
807.0
886.0
510.0
980.0
541.0
762.0
334.0
651.0
221.0
26.0
377.0
253.0
601.0
36.0
3.0
611.0
311.0
270.0
546.0
640.0
52.0
656.0
877.0
468.0
330.0
722.0
427.0
120.0
243.0
705.0
978.0
579.0
350.0
127.0
1.0
141.0
370.0
689.0
472.0
258.0
753.0
773.0
694.0
593.0
775.0
907.0
299.0
829.0
434.0
355.0
127.0
267.0
508.0
791.0
427.0
557.0
22.0
307.0
343.0
95.0
752.0
778.0
43.0
752.0
511.0
690.0
282.0
260.0
574.0
140.0
932.0
495.0
432.0
957.0
275.0
92.0
612.0
672.0
248.0
7.0
682.0
647.0
639.0
680.0
718.0
559.0
0.0
889.0
355.0
260.0
519.0
417.0
761.0
717.0
478.0
754.0
985.0
306.0
362.0
272.0
304.0
851.0
787.0
500.0
883.0
290.0
568.0
599.0
139.0
451.0
146.0
451.0
801.0
875.0
160.0
758.0
3.0
119.0
236.0
200.0
615.0
911.0
163.0
960.0
847.0
683.0
458.0
409.0
797.0
860.0
927.0
3.0
353.0
406.0
782.0
303.0
290.0
716.0
237.0
243.0
250.0
981.0
354.0
967.0
789.0
622.0
523.0
503.0
90.0
480.0
375.0
426.0
346.0
283.0
163.0
946.0
761.0
379.0
295.0
509.0
995.0
706.0
418.0
91.0
617.0
470.0
419.0
281.0
92.0
340.0
930.0
110.0
785.0
701.0
366.0
100.0
206.0
704.0
9.0
961.0
652.0
425.0
257.0
542.0
421.0
560.0
391.0
488.0
896.0
589.0
365.0
581.0
114.0
355.0
724.0
833.0
471.0
714.0
340.0
474.0
522.0
425.0
975.0
336.0
921.0
435.0
208.0
898.0
869.0
866.0
344.0
909.0
928.0
282.0
786.0
494.0
896.0
855.0
400.0
49.0
51.0
641.0
412.0
427.0
483.0
15.0
179.0
877.0
628.0
122.0
247.0
730.0
299.0
700.0
685.0
947.0
314.0
784.0
39.0
144.0
617.0
11.0
242.0
403.0
871.0
459.0
466.0
192.0
690.0
207.0
260.0
447.0
131.0
408.0
708.0
581.0
221.0
55.0
337.0
759.0
207.0
991.0
446.0
328.0
704.0
51.0
50.0
86.0
187.0
891.0
546.0
592.0
83.0
971.0
629.0
154.0
305.0
141.0
401.0
589.0
675.0
889.0
420.0
152.0
983.0
305.0
893.0
315.0
705.0
538.0
964.0
830.0
505.0
696.0
536.0
822.0
41.0
296.0
584.0
16.0
477.0
212.0
555.0
32.0
619.0
43.0
579.0
460.0
461.0
591.0
223.0
604.0
53.0
27.0
385.0
221.0
864.0
829.0
208.0
103.0
566.0
688.0
46.0
636.0
690.0
621.0
252.0
266.0
333.0
179.0
709.0
354.0
991.0
284.0
721.0
225.0
672.0
146.0
219.0
39.0
212.0
386.0
236.0
127.0
510.0
215.0
33.0
598.0
366.0
786.0
723.0
760.0
997.0
425.0
14.0
535.0
337.0
230.0
396.0
453.0
700.0
138.0
67.0
836.0
410.0
650.0
996.0
899.0
411.0
432.0
589.0
196.0
837.0
108.0
505.0
84.0
758.0
741.0
766.0
811.0
560.0
994.0
807.0
229.0
678.0
366.0
284.0
240.0
430.0
68.0
599.0
375.0
984.0
543.0
512.0
853.0
357.0
470.0
700.0
54.0
563.0
213.0
176.0
819.0
257.0
191.0
460.0
372.0
70.0
283.0
662.0
812.0
855.0
885.0
965.0
31.0
848.0
750.0
952.0
887.0
826.0
918.0
93.0
63.0
582.0
153.0
886.0
615.0
329.0
376.0
521.0
194.0
577.0
730.0
454.0
988.0
31.0
611.0
135.0
623.0
437.0
987.0
19.0
136.0
66.0
665.0
995.0
118.0
236.0
818.0
98.0
427.0
557.0
181.0
174.0
55.0
385.0
961.0
708.0
984.0
230.0
153.0
139.0
22.0
997.0
383.0
110.0
62.0
896.0
654.0
624.0
973.0
413.0
156.0
116.0
904.0
186.0
320.0
67.0
250.0
129.0
665.0
482.0
702.0
526.0
32.0
738.0
317.0
70.0
118.0
945.0
641.0
371.0
288.0
674.0
515.0
318.0
802.0
512.0
363.0
460.0
386.0
857.0
294.0
571.0
23.0
913.0
428.0
78.0
682.0
412.0
618.0
536.0
155.0
384.0
438.0
582.0
959.0
281.0
858.0
112.0
936.0
87.0
690.0
169.0
422.0
6.0
385.0
364.0
477.0
781.0
257.0
738.0
718.0
361.0
961.0
513.0
747.0
586.0
68.0
783.0
357.0
629.0
688.0
560.0
240.0
228.0
948.0
140.0
994.0
364.0
422.0
469.0
192.0
301.0
819.0
751.0
665.0
383.0
848.0
448.0
663.0
715.0
1.0
154.0
571.0
495.0
552.0
559.0
952.0
527.0
840.0
445.0
803.0
848.0
426.0
258.0
873.0
958.0
664.0
865.0
482.0
377.0
720.0
893.0
53.0
667.0
836.0
350.0
979.0
653.0
87.0
674.0
472.0
331.0
970.0
6.0
944.0
221.0
449.0
125.0
886.0
112.0
111.0
151.0
715.0
332.0
233.0
13.0
629.0
430.0
137.0
757.0
846.0
81.0
506.0
162.0
151.0
553.0
436.0
373.0
636.0
729.0
792.0
169.0
713.0
861.0
662.0
531.0
149.0
562.0
236.0
881.0
798.0
397.0
139.0
862.0
638.0
177.0
317.0
931.0
317.0
717.0
577.0
455.0
750.0
533.0
962.0
73.0
510.0
7.0
668.0
333.0
683.0
585.0
385.0
86.0
657.0
522.0
923.0
308.0
43.0
606.0
3.0
990.0
23.0
654.0
762.0
713.0
659.0
543.0
621.0
209.0
135.0
409.0
6.0
775.0
243.0
387.0
545.0
452.0
155.0
525.0
932.0
686.0
248.0
103.0
563.0
833.0
968.0
672.0
491.0
623.0
24.0
113.0
805.0
170.0
666.0
371.0
941.0
945.0
946.0
190.0
291.0
233.0
749.0
476.0
569.0
942.0
844.0
669.0
983.0
379.0
197.0
820.0
284.0
527.0
235.0
921.0
222.0
608.0
775.0
729.0
220.0
868.0
807.0
67.0
969.0
629.0
222.0
252.0
59.0
973.0
907.0
942.0
973.0
251.0
447.0
404.0
66.0
52.0
225.0
929.0
436.0
726.0
980.0
586.0
596.0
592.0
629.0
49.0
762.0
870.0
829.0
483.0
550.0
612.0
949.0
124.0
328.0
905.0
579.0
218.0
550.0
854.0
567.0
759.0
356.0
230.0
747.0
131.0
881.0
609.0
763.0
89.0
335.0
388.0
545.0
968.0
163.0
259.0
724.0
862.0
854.0
865.0
882.0
480.0
811.0
295.0
484.0
236.0
914.0
19.0
393.0
99.0
732.0
819.0
493.0
129.0
328.0
395.0
99.0
39.0
286.0
523.0
217.0
436.0
386.0
517.0
555.0
791.0
98.0
77.0
827.0
31.0
371.0
866.0
311.0
710.0
450.0
764.0
291.0
724.0
31.0
254.0
409.0
16.0
814.0
973.0
30.0
909.0
513.0
298.0
575.0
730.0
904.0
581.0
587.0
785.0
723.0
826.0
907.0
629.0
169.0
705.0
855.0
62.0
689.0
400.0
187.0
151.0
802.0
43.0
98.0
434.0
718.0
679.0
370.0
2.0
588.0
60.0
600.0
553.0
38.0
746.0
245.0
787.0
712.0
509.0
258.0
554.0
523.0
747.0
655.0
276.0
728.0
740.0
738.0
58.0
224.0
20.0
46.0
458.0
252.0
262.0
106.0
351.0
985.0
929.0
412.0
303.0
502.0
231.0
941.0
46.0
537.0
35.0
343.0
706.0
110.0
371.0
317.0
526.0
161.0
39.0
17.0
434.0
15.0
889.0
715.0
723.0
56.0
837.0
281.0
271.0
144.0
491.0
362.0
292.0
878.0
586.0
600.0
385.0
588.0
815.0
797.0
277.0
376.0
22.0
724.0
503.0
546.0
944.0
4.0
781.0
823.0
183.0
672.0
561.0
157.0
566.0
875.0
825.0
305.0
916.0
51.0
910.0
101.0
138.0
226.0
367.0
414.0
562.0
693.0
927.0
533.0
243.0
526.0
428.0
660.0
819.0
13.0
338.0
123.0
108.0
799.0
535.0
123.0
986.0
461.0
560.0
332.0
291.0
545.0
732.0
826.0
184.0
372.0
447.0
941.0
92.0
603.0
594.0
577.0
258.0
379.0
57.0
74.0
356.0
498.0
285.0
460.0
97.0
689.0
891.0
67.0
150.0
263.0
764.0
415.0
977.0
151.0
550.0
674.0
458.0
901.0
644.0
212.0
754.0
724.0
634.0
526.0
808.0
940.0
516.0
622.0
402.0
274.0
886.0
371.0
937.0
929.0
694.0
658.0
481.0
464.0
290.0
952.0
535.0
499.0
348.0
857.0
11.0
206.0
869.0
600.0
168.0
895.0
825.0
559.0
834.0
516.0
207.0
145.0
455.0
765.0
508.0
311.0
673.0
155.0
208.0
472.0
107.0
273.0
641.0
796.0
690.0
674.0
343.0
475.0
598.0
924.0
464.0
41.0
665.0
251.0
300.0
950.0
632.0
560.0
675.0
931.0
119.0
315.0
582.0
438.0
305.0
383.0
852.0
602.0
80.0
261.0
566.0
705.0
162.0
372.0
637.0
996.0
165.0
424.0
610.0
220.0
548.0
32.0
422.0
833.0
843.0
605.0
75.0
915.0
231.0
239.0
123.0
896.0
330.0
921.0
927.0
629.0
805.0
409.0
587.0
496.0
886.0
761.0
648.0
357.0
805.0
305.0
562.0
272.0
674.0
137.0
331.0
587.0
73.0
561.0
295.0
64.0
168.0
748.0
410.0
40.0
224.0
52.0
463.0
293.0
442.0
759.0
91.0
598.0
44.0
307.0
121.0
425.0
612.0
446.0
430.0
766.0
381.0
233.0
128.0
984.0
704.0
5.0
963.0
167.0
660.0
863.0
828.0
837.0
57.0
624.0
505.0
758.0
273.0
432.0
592.0
395.0
760.0
948.0
136.0
576.0
749.0
13.0
462.0
629.0
570.0
340.0
568.0
690.0
873.0
627.0
879.0
390.0
767.0
845.0
944.0
834.0
278.0
64.0
755.0
225.0
485.0
802.0
705.0
851.0
450.0
122.0
703.0
282.0
75.0
537.0
344.0
916.0
825.0
80.0
914.0
547.0
327.0
395.0
631.0
706.0
442.0
271.0
191.0
321.0
472.0
936.0
396.0
418.0
998.0
374.0
486.0
804.0
149.0
849.0
872.0
991.0
468.0
410.0
587.0
466.0
436.0
268.0
209.0
322.0
512.0
371.0
917.0
124.0
779.0
492.0
241.0
45.0
583.0
957.0
40.0
40.0
611.0
486.0
421.0
32.0
300.0
241.0
723.0
886.0
304.0
957.0
319.0
436.0
447.0
665.0
171.0
731.0
451.0
47.0
677.0
922.0
529.0
991.0
207.0
40.0
775.0
670.0
167.0
293.0
273.0
326.0
466.0
84.0
535.0
864.0
573.0
211.0
74.0
495.0
236.0
518.0
695.0
15.0
38.0
97.0
378.0
30.0
377.0
364.0
983.0
474.0
906.0
124.0
700.0
427.0
888.0
247.0
723.0
897.0
394.0
384.0
823.0
561.0
877.0
957.0
157.0
597.0
618.0
613.0
78.0
746.0
928.0
21.0
625.0
606.0
774.0
469.0
198.0
961.0
564.0
391.0
152.0
307.0
42.0
527.0
723.0
407.0
360.0
129.0
286.0
606.0
120.0
143.0
490.0
159.0
977.0
434.0
341.0
981.0
542.0
940.0
248.0
377.0
766.0
684.0
655.0
706.0
949.0
937.0
178.0
995.0
315.0
34.0
407.0
4.0
372.0
549.0
771.0
507.0
392.0
646.0
689.0
620.0
299.0
746.0
634.0
390.0
607.0
29.0
510.0
633.0
776.0
857.0
161.0
621.0
784.0
761.0
137.0
524.0
973.0
237.0
303.0
675.0
656.0
326.0
148.0
716.0
239.0
492.0
822.0
848.0
814.0
653.0
644.0
227.0
25.0
25.0
790.0
377.0
133.0
988.0
648.0
400.0
968.0
844.0
801.0
485.0
381.0
316.0
142.0
659.0
700.0
224.0
428.0
393.0
138.0
266.0
103.0
220.0
365.0
549.0
332.0
325.0
827.0
583.0
654.0
108.0
148.0
628.0
135.0
13.0
292.0
528.0
692.0
594.0
982.0
501.0
23.0
289.0
21.0
847.0
839.0
407.0
204.0
644.0
282.0
317.0
145.0
56.0
254.0
523.0
221.0
495.0
861.0
682.0
696.0
300.0
711.0
638.0
730.0
90.0
252.0
740.0
421.0
137.0
138.0
151.0
129.0
548.0
859.0
897.0
768.0
888.0
115.0
457.0
4.0
591.0
305.0
696.0
197.0
934.0
844.0
561.0
263.0
228.0
376.0
440.0
515.0
708.0
136.0
657.0
517.0
836.0
366.0
845.0
919.0
807.0
273.0
936.0
708.0
824.0
215.0
22.0
518.0
409.0
651.0
496.0
604.0
514.0
504.0
785.0
342.0
645.0
671.0
894.0
91.0
298.0
485.0
430.0
214.0
911.0
737.0
862.0
236.0
106.0
340.0
624.0
17.0
498.0
874.0
44.0
460.0
290.0
168.0
615.0
768.0
416.0
919.0
68.0
188.0
749.0
600.0
225.0
996.0
365.0
255.0
851.0
825.0
74.0
973.0
796.0
88.0
52.0
345.0
716.0
831.0
564.0
215.0
685.0
549.0
137.0
508.0
964.0
346.0
258.0
441.0
245.0
308.0
885.0
110.0
718.0
691.0
984.0
184.0
127.0
640.0
78.0
214.0
847.0
34.0
812.0
496.0
227.0
960.0
708.0
585.0
771.0
926.0
690.0
903.0
485.0
410.0
461.0
0.0
343.0
6.0
928.0
392.0
255.0
531.0
834.0
512.0
844.0
731.0
563.0
257.0
451.0
120.0
200.0
881.0
531.0
964.0
888.0
885.0
722.0
328.0
495.0
104.0
579.0
897.0
387.0
723.0
488.0
632.0
406.0
734.0
61.0
832.0
620.0
21.0
765.0
965.0
941.0
366.0
849.0
907.0
645.0
458.0
701.0
117.0
954.0
619.0
245.0
848.0
566.0
77.0
825.0
679.0
765.0
271.0
853.0
32.0
377.0
404.0
468.0
774.0
644.0
349.0
158.0
665.0
5.0
505.0
511.0
667.0
696.0
240.0
754.0
732.0
511.0
68.0
462.0
840.0
997.0
577.0
727.0
903.0
925.0
183.0
160.0
405.0
70.0
318.0
232.0
139.0
266.0
777.0
283.0
766.0
351.0
973.0
67.0
559.0
109.0
892.0
238.0
291.0
553.0
957.0
49.0
236.0
865.0
311.0
325.0
167.0
489.0
934.0
873.0
23.0
702.0
724.0
360.0
194.0
769.0
428.0
749.0
170.0
783.0
155.0
564.0
367.0
206.0
295.0
451.0
251.0
610.0
637.0
1.0
95.0
937.0
830.0
149.0
132.0
459.0
746.0
962.0
508.0
630.0
120.0
345.0
553.0
753.0
859.0
672.0
102.0
424.0
577.0
434.0
366.0
7.0
417.0
24.0
401.0
858.0
795.0
134.0
230.0
773.0
373.0
936.0
397.0
79.0
266.0
862.0
116.0
469.0
109.0
126.0
869.0
52.0
359.0
129.0
590.0
518.0
390.0
353.0
481.0
97.0
766.0
714.0
109.0
676.0
620.0
149.0
61.0
228.0
672.0
869.0
663.0
982.0
835.0
956.0
119.0
109.0
626.0
229.0
797.0
886.0
546.0
808.0
860.0
658.0
900.0
977.0
677.0
93.0
522.0
737.0
820.0
821.0
555.0
170.0
768.0
340.0
995.0
509.0
369.0
201.0
455.0
335.0
469.0
276.0
168.0
283.0
780.0
497.0
598.0
681.0
533.0
359.0
838.0
384.0
152.0
90.0
247.0
31.0
37.0
157.0
337.0
171.0
901.0
668.0
455.0
852.0
696.0
208.0
647.0
448.0
414.0
404.0
160.0
372.0
714.0
280.0
691.0
224.0
964.0
148.0
589.0
346.0
901.0
656.0
180.0
702.0
249.0
490.0
695.0
597.0
648.0
279.0
627.0
380.0
109.0
909.0
307.0
735.0
155.0
72.0
88.0
157.0
116.0
732.0
58.0
52.0
981.0
971.0
597.0
88.0
318.0
702.0
335.0
49.0
926.0
361.0
633.0
227.0
791.0
739.0
797.0
211.0
165.0
147.0
751.0
334.0
660.0
89.0
207.0
187.0
931.0
380.0
701.0
604.0
532.0
48.0
517.0
72.0
302.0
211.0
718.0
37.0
164.0
71.0
830.0
237.0
79.0
482.0
440.0
734.0
177.0
916.0
128.0
31.0
228.0
801.0
782.0
848.0
371.0
953.0
274.0
809.0
718.0
164.0
47.0
533.0
244.0
721.0
90.0
360.0
156.0
752.0
597.0
6.0
45.0
903.0
551.0
358.0
47.0
610.0
479.0
472.0
713.0
679.0
57.0
683.0
925.0
633.0
663.0
978.0
120.0
51.0
420.0
591.0
430.0
343.0
93.0
73.0
974.0
855.0
425.0
234.0
473.0
932.0
579.0
244.0
409.0
349.0
541.0
485.0
272.0
227.0
270.0
840.0
766.0
114.0
975.0
718.0
560.0
458.0
979.0
165.0
389.0
367.0
46.0
456.0
730.0
190.0
448.0
591.0
200.0
290.0
657.0
176.0
700.0
973.0
487.0
78.0
536.0
596.0
1054.0
153.0
569.0
163.0
975.0
246.0
1.0
46.0
763.0
849.0
653.0
678.0
722.0
856.0
489.0
159.0
344.0
553.0
962.0
97.0
823.0
767.0
844.0
137.0
947.0
665.0
662.0
685.0
250.0
844.0
539.0
998.0
66.0
58.0
810.0
371.0
695.0
642.0
216.0
571.0
629.0
482.0
404.0
275.0
291.0
811.0
563.0
417.0
529.0
892.0
918.0
344.0
875.0
593.0
817.0
710.0
246.0
806.0
469.0
530.0
971.0
958.0
592.0
953.0
802.0
593.0
11.0
691.0
641.0
829.0
44.0
289.0
732.0
723.0
533.0
890.0
727.0
102.0
357.0
103.0
74.0
944.0
374.0
795.0
436.0
142.0
935.0
591.0
995.0
397.0
146.0
557.0
627.0
149.0
240.0
955.0
901.0
308.0
172.0
546.0
426.0
846.0
181.0
0.0
329.0
300.0
904.0
283.0
709.0
346.0
446.0
215.0
778.0
646.0
322.0
201.0
905.0
262.0
309.0
101.0
962.0
168.0
933.0
237.0
601.0
688.0
323.0
371.0
525.0
454.0
509.0
482.0
77.0
350.0
156.0
775.0
163.0
940.0
134.0
333.0
94.0
239.0
238.0
722.0
162.0
557.0
434.0
668.0
163.0
343.0
885.0
296.0
866.0
775.0
822.0
92.0
454.0
927.0
818.0
539.0
855.0
204.0
454.0
697.0
488.0
539.0
863.0
655.0
3.0
995.0
53.0
738.0
841.0
483.0
205.0
327.0
1.0
933.0
366.0
954.0
425.0
627.0
974.0
967.0
523.0
568.0
486.0
296.0
850.0
459.0
227.0
529.0
334.0
896.0
119.0
208.0
267.0
623.0
264.0
720.0
640.0
281.0
174.0
384.0
855.0
864.0
187.0
240.0
936.0
726.0
990.0
404.0
84.0
361.0
720.0
180.0
239.0
293.0
275.0
146.0
628.0
259.0
960.0
918.0
423.0
329.0
600.0
455.0
591.0
658.0
917.0
482.0
891.0
7.0
994.0
976.0
911.0
13.0
88.0
635.0
23.0
49.0
858.0
713.0
171.0
874.0
563.0
197.0
571.0
158.0
63.0
522.0
269.0
543.0
951.0
249.0
381.0
463.0
209.0
925.0
580.0
10.0
680.0
725.0
364.0
612.0
223.0
106.0
194.0
35.0
180.0
961.0
413.0
709.0
43.0
467.0
895.0
804.0
311.0
555.0
642.0
297.0
400.0
192.0
892.0
376.0
738.0
876.0
950.0
419.0
707.0
300.0
761.0
825.0
543.0
968.0
386.0
696.0
255.0
949.0
760.0
648.0
799.0
402.0
747.0
442.0
759.0
136.0
335.0
569.0
373.0
294.0
825.0
8.0
56.0
811.0
794.0
597.0
224.0
813.0
434.0
548.0
836.0
306.0
535.0
558.0
796.0
5.0
149.0
484.0
465.0
107.0
608.0
350.0
345.0
110.0
456.0
913.0
975.0
777.0
212.0
665.0
451.0
886.0
755.0
283.0
246.0
389.0
142.0
126.0
609.0
117.0
626.0
58.0
254.0
328.0
941.0
978.0
862.0
58.0
263.0
734.0
444.0
762.0
379.0
717.0
587.0
276.0
997.0
177.0
340.0
566.0
422.0
131.0
618.0
610.0
390.0
272.0
170.0
284.0
513.0
428.0
692.0
812.0
646.0
926.0
135.0
102.0
964.0
164.0
693.0
160.0
197.0
529.0
234.0
219.0
816.0
100.0
123.0
526.0
81.0
290.0
252.0
335.0
732.0
319.0
779.0
484.0
642.0
593.0
475.0
209.0
891.0
741.0
107.0
426.0
565.0
983.0
569.0
19.0
691.0
972.0
377.0
543.0
914.0
714.0
858.0
134.0
840.0
163.0
618.0
290.0
981.0
701.0
561.0
964.0
87.0
125.0
900.0
954.0
752.0
21.0
259.0
68.0
131.0
924.0
85.0
991.0
552.0
525.0
626.0
289.0
387.0
339.0
530.0
942.0
860.0
995.0
484.0
51.0
546.0
882.0
873.0
665.0
921.0
17.0
794.0
524.0
302.0
758.0
319.0
277.0
448.0
493.0
369.0
44.0
498.0
838.0
690.0
738.0
494.0
777.0
364.0
6.0
188.0
511.0
672.0
830.0
579.0
75.0
336.0
633.0
903.0
546.0
446.0
323.0
220.0
310.0
463.0
904.0
834.0
737.0
666.0
908.0
17.0
408.0
333.0
747.0
431.0
661.0
818.0
708.0
72.0
122.0
982.0
619.0
405.0
747.0
619.0
416.0
336.0
51.0
782.0
898.0
519.0
985.0
803.0
599.0
455.0
813.0
295.0
112.0
850.0
358.0
943.0
345.0
236.0
326.0
127.0
135.0
243.0
880.0
430.0
373.0
989.0
408.0
968.0
232.0
223.0
684.0
19.0
178.0
419.0
178.0
174.0
748.0
409.0
578.0
471.0
639.0
689.0
453.0
236.0
812.0
87.0
998.0
981.0
514.0
672.0
503.0
712.0
521.0
885.0
295.0
620.0
709.0
206.0
876.0
722.0
533.0
1.0
668.0
888.0
564.0
675.0
944.0
80.0
672.0
229.0
10.0
42.0
553.0
547.0
318.0
677.0
252.0
225.0
343.0
443.0
617.0
918.0
588.0
262.0
105.0
254.0
483.0
13.0
964.0
11.0
460.0
628.0
98.0
740.0
194.0
771.0
528.0
208.0
461.0
517.0
45.0
813.0
819.0
707.0
422.0
676.0
424.0
690.0
799.0
351.0
628.0
827.0
124.0
822.0
460.0
634.0
439.0
814.0
99.0
369.0
353.0
643.0
563.0
750.0
86.0
311.0
998.0
114.0
756.0
612.0
74.0
947.0
133.0
862.0
12.0
28.0
598.0
981.0
20.0
635.0
943.0
658.0
858.0
460.0
939.0
791.0
623.0
204.0
194.0
276.0
112.0
513.0
598.0
671.0
438.0
904.0
546.0
531.0
129.0
662.0
674.0
805.0
518.0
587.0
782.0
491.0
214.0
860.0
401.0
389.0
209.0
16.0
290.0
281.0
891.0
502.0
8.0
954.0
582.0
725.0
163.0
152.0
264.0
331.0
153.0
150.0
343.0
586.0
414.0
320.0
250.0
992.0
440.0
963.0
457.0
334.0
962.0
449.0
592.0
891.0
190.0
853.0
560.0
322.0
569.0
461.0
126.0
249.0
241.0
534.0
696.0
235.0
26.0
435.0
613.0
849.0
442.0
929.0
157.0
508.0
210.0
773.0
729.0
46.0
254.0
519.0
20.0
298.0
759.0
667.0
858.0
409.0
759.0
117.0
567.0
255.0
627.0
149.0
508.0
757.0
288.0
939.0
789.0
688.0
279.0
221.0
63.0
617.0
931.0
879.0
992.0
135.0
574.0
626.0
319.0
66.0
982.0
928.0
494.0
809.0
917.0
175.0
36.0
70.0
170.0
180.0
424.0
968.0
898.0
866.0
523.0
450.0
67.0
675.0
382.0
786.0
842.0
13.0
988.0
93.0
51.0
897.0
353.0
305.0
801.0
24.0
547.0
659.0
63.0
439.0
327.0
409.0
230.0
182.0
927.0
59.0
224.0
67.0
483.0
598.0
236.0
843.0
510.0
888.0
235.0
500.0
386.0
147.0
219.0
724.0
150.0
260.0
969.0
366.0
671.0
915.0
4.0
751.0
253.0
264.0
600.0
324.0
432.0
92.0
145.0
535.0
946.0
926.0
992.0
825.0
254.0
959.0
82.0
185.0
42.0
624.0
647.0
662.0
177.0
138.0
33.0
138.0
84.0
702.0
358.0
767.0
610.0
238.0
951.0
231.0
822.0
387.0
506.0
878.0
880.0
297.0
997.0
258.0
750.0
824.0
980.0
295.0
483.0
853.0
228.0
404.0
81.0
112.0
969.0
738.0
60.0
575.0
797.0
214.0
103.0
602.0
858.0
764.0
691.0
832.0
994.0
62.0
948.0
131.0
893.0
886.0
671.0
216.0
707.0
481.0
841.0
202.0
498.0
804.0
306.0
526.0
354.0
651.0
58.0
105.0
527.0
23.0
962.0
721.0
839.0
552.0
366.0
978.0
381.0
884.0
897.0
171.0
373.0
183.0
874.0
200.0
377.0
691.0
501.0
489.0
547.0
505.0
269.0
106.0
291.0
473.0
785.0
444.0
28.0
719.0
21.0
260.0
226.0
143.0
579.0
826.0
679.0
393.0
809.0
677.0
343.0
608.0
908.0
174.0
679.0
8.0
917.0
594.0
77.0
894.0
995.0
435.0
212.0
45.0
626.0
953.0
143.0
214.0
682.0
285.0
633.0
575.0
563.0
223.0
170.0
439.0
463.0
817.0
885.0
385.0
680.0
379.0
591.0
743.0
333.0
280.0
162.0
57.0
175.0
449.0
83.0
655.0
168.0
592.0
984.0
915.0
814.0
456.0
38.0
426.0
685.0
947.0
210.0
60.0
283.0
780.0
431.0
817.0
631.0
374.0
680.0
583.0
308.0
596.0
782.0
50.0
403.0
843.0
652.0
260.0
55.0
965.0
521.0
853.0
269.0
16.0
725.0
875.0
283.0
694.0
0.0
69.0
408.0
5.0
919.0
189.0
397.0
314.0
353.0
205.0
26.0
857.0
409.0
916.0
28.0
441.0
772.0
153.0
350.0
430.0
334.0
414.0
46.0
406.0
184.0
160.0
937.0
905.0
492.0
558.0
561.0
274.0
252.0
361.0
397.0
787.0
736.0
83.0
666.0
272.0
551.0
19.0
521.0
843.0
768.0
487.0
25.0
856.0
689.0
627.0
566.0
361.0
48.0
265.0
410.0
405.0
671.0
809.0
276.0
444.0
389.0
772.0
718.0
478.0
291.0
3.0
355.0
301.0
829.0
806.0
857.0
936.0
306.0
234.0
147.0
122.0
37.0
273.0
258.0
618.0
861.0
608.0
836.0
332.0
217.0
429.0
725.0
656.0
552.0
984.0
782.0
33.0
944.0
428.0
604.0
113.0
582.0
798.0
451.0
771.0
181.0
61.0
586.0
185.0
474.0
82.0
168.0
935.0
456.0
658.0
999.0
103.0
655.0
721.0
407.0
863.0
923.0
930.0
111.0
224.0
897.0
964.0
416.0
288.0
733.0
383.0
914.0
819.0
90.0
264.0
12.0
637.0
666.0
657.0
13.0
731.0
343.0
588.0
704.0
274.0
776.0
201.0
832.0
752.0
640.0
686.0
224.0
82.0
60.0
663.0
534.0
702.0
516.0
750.0
529.0
506.0
523.0
132.0
889.0
604.0
290.0
945.0
294.0
323.0
506.0
113.0
611.0
350.0
473.0
264.0
108.0
44.0
711.0
566.0
886.0
835.0
424.0
406.0
622.0
637.0
949.0
468.0
204.0
584.0
183.0
902.0
937.0
733.0
667.0
276.0
544.0
540.0
621.0
946.0
17.0
933.0
46.0
822.0
627.0
954.0
391.0
413.0
659.0
363.0
251.0
595.0
368.0
994.0
47.0
114.0
633.0
624.0
726.0
290.0
177.0
896.0
947.0
234.0
617.0
467.0
101.0
127.0
975.0
299.0
26.0
627.0
758.0
20.0
517.0
815.0
158.0
983.0
898.0
132.0
29.0
105.0
813.0
997.0
494.0
931.0
357.0
297.0
217.0
356.0
414.0
249.0
819.0
796.0
591.0
821.0
240.0
114.0
953.0
332.0
590.0
385.0
954.0
603.0
860.0
886.0
737.0
765.0
75.0
245.0
530.0
540.0
123.0
52.0
932.0
431.0
329.0
184.0
402.0
468.0
263.0
823.0
927.0
104.0
508.0
742.0
405.0
61.0
638.0
140.0
399.0
19.0
574.0
366.0
821.0
515.0
523.0
284.0
408.0
519.0
562.0
148.0
791.0
478.0
236.0
742.0
730.0
423.0
479.0
888.0
965.0
931.0
354.0
771.0
991.0
24.0
236.0
789.0
643.0
307.0
340.0
384.0
502.0
117.0
190.0
178.0
547.0
562.0
180.0
647.0
123.0
566.0
347.0
396.0
689.0
345.0
592.0
158.0
213.0
141.0
99.0
11.0
335.0
245.0
234.0
622.0
527.0
48.0
233.0
825.0
298.0
6.0
801.0
205.0
216.0
34.0
246.0
822.0
787.0
665.0
654.0
925.0
290.0
266.0
239.0
62.0
503.0
102.0
880.0
963.0
510.0
162.0
882.0
584.0
72.0
994.0
576.0
786.0
735.0
393.0
349.0
105.0
402.0
327.0
637.0
109.0
843.0
281.0
95.0
896.0
471.0
839.0
465.0
216.0
973.0
922.0
821.0
280.0
715.0
429.0
178.0
807.0
101.0
701.0
374.0
777.0
704.0
20.0
747.0
117.0
6.0
914.0
439.0
415.0
419.0
461.0
929.0
887.0
808.0
547.0
936.0
66.0
493.0
285.0
830.0
366.0
588.0
711.0
989.0
788.0
307.0
29.0
265.0
321.0
586.0
384.0
126.0
285.0
726.0
720.0
275.0
689.0
550.0
876.0
440.0
906.0
852.0
929.0
148.0
243.0
886.0
624.0
209.0
130.0
718.0
299.0
356.0
441.0
670.0
448.0
952.0
920.0
768.0
166.0
610.0
817.0
453.0
240.0
3.0
940.0
140.0
521.0
153.0
789.0
229.0
647.0
599.0
98.0
407.0
202.0
462.0
97.0
511.0
247.0
971.0
418.0
50.0
664.0
115.0
184.0
876.0
358.0
997.0
310.0
322.0
594.0
79.0
591.0
773.0
175.0
484.0
871.0
984.0
565.0
996.0
384.0
492.0
306.0
172.0
271.0
826.0
313.0
503.0
585.0
161.0
792.0
285.0
624.0
360.0
956.0
108.0
91.0
982.0
72.0
652.0
724.0
928.0
622.0
999.0
619.0
507.0
37.0
753.0
804.0
731.0
324.0
420.0
196.0
907.0
38.0
31.0
378.0
822.0
86.0
760.0
827.0
509.0
508.0
295.0
510.0
490.0
9.0
725.0
802.0
116.0
863.0
62.0
460.0
52.0
53.0
627.0
93.0
735.0
242.0
378.0
68.0
125.0
527.0
897.0
392.0
466.0
202.0
57.0
361.0
843.0
600.0
720.0
623.0
811.0
587.0
690.0
203.0
86.0
444.0
825.0
13.0
526.0
411.0
146.0
181.0
892.0
477.0
841.0
958.0
657.0
453.0
704.0
823.0
646.0
158.0
900.0
820.0
441.0
31.0
209.0
605.0
72.0
424.0
263.0
990.0
443.0
556.0
237.0
894.0
461.0
376.0
189.0
28.0
115.0
267.0
136.0
919.0
153.0
510.0
291.0
836.0
57.0
902.0
850.0
526.0
741.0
760.0
756.0
848.0
759.0
932.0
991.0
487.0
967.0
685.0
198.0
158.0
133.0
656.0
712.0
609.0
735.0
243.0
763.0
207.0
605.0
160.0
808.0
466.0
739.0
257.0
249.0
800.0
375.0
998.0
320.0
535.0
667.0
133.0
794.0
756.0
5.0
418.0
452.0
517.0
182.0
304.0
796.0
576.0
496.0
230.0
740.0
971.0
995.0
205.0
954.0
54.0
602.0
689.0
251.0
518.0
593.0
918.0
914.0
907.0
170.0
325.0
91.0
507.0
344.0
567.0
733.0
808.0
579.0
713.0
487.0
808.0
414.0
688.0
954.0
141.0
501.0
567.0
951.0
668.0
531.0
215.0
331.0
57.0
835.0
399.0
864.0
835.0
629.0
412.0
182.0
427.0
819.0
570.0
218.0
163.0
732.0
443.0
989.0
949.0
1.0
376.0
768.0
1.0
327.0
38.0
566.0
731.0
4.0
522.0
364.0
524.0
205.0
785.0
620.0
920.0
383.0
169.0
360.0
9.0
29.0
684.0
645.0
546.0
122.0
598.0
605.0
358.0
527.0
100.0
370.0
641.0
447.0
679.0
976.0
871.0
320.0
810.0
386.0
140.0
213.0
200.0
464.0
123.0
314.0
146.0
247.0
796.0
216.0
592.0
458.0
696.0
410.0
701.0
519.0
734.0
463.0
912.0
629.0
11.0
392.0
432.0
917.0
261.0
908.0
463.0
942.0
25.0
531.0
483.0
398.0
446.0
456.0
273.0
821.0
954.0
890.0
322.0
564.0
819.0
420.0
363.0
494.0
920.0
196.0
760.0
21.0
609.0
113.0
425.0
817.0
876.0
33.0
359.0
61.0
170.0
265.0
816.0
970.0
369.0
366.0
97.0
744.0
875.0
180.0
356.0
82.0
567.0
5.0
131.0
385.0
806.0
668.0
587.0
580.0
537.0
11.0
340.0
759.0
770.0
929.0
920.0
401.0
768.0
584.0
826.0
930.0
406.0
54.0
625.0
213.0
942.0
970.0
181.0
498.0
634.0
186.0
706.0
439.0
579.0
699.0
643.0
152.0
326.0
520.0
776.0
605.0
236.0
750.0
250.0
499.0
800.0
192.0
358.0
766.0
639.0
990.0
33.0
581.0
995.0
859.0
491.0
366.0
848.0
687.0
287.0
427.0
147.0
162.0
218.0
93.0
207.0
979.0
186.0
769.0
89.0
424.0
81.0
72.0
767.0
510.0
322.0
243.0
733.0
228.0
339.0
534.0
504.0
859.0
971.0
997.0
943.0
688.0
886.0
669.0
255.0
669.0
991.0
460.0
53.0
916.0
429.0
395.0
265.0
126.0
649.0
298.0
329.0
644.0
295.0
261.0
19.0
428.0
411.0
614.0
512.0
789.0
102.0
876.0
445.0
374.0
889.0
858.0
172.0
132.0
689.0
442.0
467.0
499.0
427.0
220.0
674.0
840.0
50.0
633.0
403.0
156.0
175.0
269.0
493.0
635.0
153.0
461.0
177.0
838.0
861.0
701.0
369.0
981.0
295.0
341.0
141.0
385.0
826.0
237.0
121.0
673.0
188.0
14.0
84.0
35.0
454.0
491.0
313.0
214.0
666.0
16.0
331.0
589.0
934.0
833.0
941.0
134.0
728.0
111.0
256.0
348.0
346.0
287.0
448.0
490.0
976.0
187.0
641.0
546.0
847.0
901.0
605.0
373.0
544.0
96.0
306.0
635.0
254.0
985.0
258.0
205.0
269.0
223.0
363.0
913.0
115.0
375.0
16.0
301.0
35.0
355.0
639.0
72.0
487.0
780.0
877.0
662.0
70.0
821.0
287.0
482.0
503.0
82.0
498.0
721.0
93.0
105.0
165.0
860.0
963.0
647.0
709.0
566.0
258.0
246.0
409.0
351.0
168.0
670.0
48.0
416.0
195.0
722.0
8.0
552.0
775.0
52.0
232.0
191.0
916.0
123.0
256.0
17.0
907.0
404.0
815.0
21.0
42.0
839.0
757.0
78.0
815.0
508.0
851.0
937.0
673.0
462.0
215.0
168.0
101.0
726.0
44.0
343.0
40.0
979.0
410.0
141.0
880.0
672.0
306.0
662.0
24.0
822.0
92.0
550.0
195.0
420.0
324.0
464.0
776.0
876.0
82.0
320.0
759.0
137.0
850.0
310.0
196.0
182.0
820.0
828.0
177.0
408.0
996.0
833.0
737.0
278.0
724.0
391.0
570.0
599.0
337.0
242.0
10.0
957.0
404.0
147.0
758.0
609.0
705.0
364.0
551.0
336.0
901.0
428.0
310.0
188.0
555.0
564.0
680.0
870.0
400.0
531.0
917.0
810.0
576.0
760.0
398.0
475.0
664.0
126.0
334.0
258.0
550.0
989.0
667.0
577.0
630.0
910.0
13.0
684.0
158.0
615.0
30.0
186.0
108.0
440.0
1.0
551.0
263.0
165.0
88.0
998.0
427.0
749.0
633.0
191.0
440.0
578.0
241.0
579.0
5.0
138.0
452.0
231.0
850.0
309.0
427.0
112.0
579.0
912.0
167.0
212.0
796.0
306.0
53.0
866.0
897.0
901.0
859.0
274.0
788.0
231.0
554.0
351.0
277.0
689.0
660.0
268.0
461.0
168.0
423.0
837.0
659.0
722.0
763.0
32.0
659.0
499.0
897.0
700.0
356.0
729.0
685.0
225.0
481.0
805.0
797.0
968.0
826.0
627.0
698.0
331.0
92.0
467.0
390.0
256.0
318.0
297.0
590.0
619.0
957.0
225.0
747.0
578.0
298.0
912.0
60.0
101.0
779.0
439.0
22.0
861.0
432.0
673.0
286.0
219.0
758.0
903.0
918.0
324.0
289.0
866.0
358.0
164.0
885.0
465.0
245.0
890.0
54.0
251.0
577.0
587.0
465.0
103.0
115.0
673.0
267.0
242.0
462.0
340.0
296.0
433.0
689.0
657.0
574.0
559.0
19.0
547.0
619.0
978.0
639.0
847.0
509.0
673.0
472.0
837.0
329.0
936.0
711.0
436.0
357.0
736.0
26.0
372.0
970.0
736.0
375.0
306.0
436.0
217.0
346.0
279.0
212.0
600.0
963.0
394.0
688.0
941.0
651.0
792.0
577.0
828.0
129.0
993.0
773.0
537.0
928.0
876.0
798.0
178.0
251.0
390.0
859.0
903.0
68.0
407.0
438.0
181.0
248.0
973.0
46.0
612.0
111.0
677.0
509.0
182.0
475.0
527.0
741.0
105.0
512.0
698.0
54.0
534.0
963.0
760.0
739.0
986.0
637.0
739.0
118.0
909.0
274.0
328.0
97.0
946.0
460.0
515.0
287.0
918.0
398.0
715.0
633.0
941.0
414.0
687.0
389.0
73.0
570.0
753.0
765.0
76.0
415.0
706.0
460.0
600.0
590.0
998.0
126.0
516.0
768.0
809.0
96.0
898.0
523.0
603.0
133.0
487.0
381.0
216.0
147.0
707.0
592.0
115.0
102.0
682.0
239.0
156.0
731.0
986.0
464.0
79.0
391.0
382.0
738.0
183.0
113.0
417.0
97.0
562.0
254.0
359.0
280.0
631.0
220.0
105.0
919.0
646.0
937.0
960.0
333.0
727.0
100.0
732.0
7.0
837.0
955.0
588.0
289.0
92.0
399.0
57.0
548.0
593.0
621.0
54.0
113.0
889.0
391.0
427.0
749.0
389.0
275.0
19.0
926.0
212.0
962.0
538.0
325.0
665.0
3.0
227.0
612.0
423.0
440.0
528.0
458.0
90.0
994.0
379.0
293.0
736.0
473.0
469.0
319.0
159.0
750.0
326.0
427.0
585.0
277.0
260.0
682.0
958.0
941.0
199.0
945.0
720.0
778.0
860.0
406.0
949.0
429.0
424.0
235.0
840.0
449.0
752.0
170.0
625.0
617.0
279.0
538.0
718.0
481.0
600.0
216.0
954.0
675.0
236.0
897.0
118.0
275.0
597.0
975.0
61.0
300.0
644.0
370.0
252.0
500.0
857.0
74.0
97.0
677.0
425.0
778.0
978.0
86.0
412.0
542.0
506.0
826.0
15.0
569.0
65.0
935.0
640.0
784.0
465.0
122.0
257.0
691.0
872.0
104.0
774.0
813.0
34.0
768.0
298.0
25.0
830.0
784.0
895.0
808.0
949.0
973.0
604.0
72.0
766.0
527.0
172.0
79.0
110.0
452.0
285.0
417.0
566.0
259.0
902.0
510.0
493.0
652.0
133.0
536.0
551.0
166.0
247.0
555.0
526.0
593.0
377.0
453.0
408.0
894.0
767.0
800.0
498.0
980.0
307.0
510.0
292.0
932.0
280.0
693.0
124.0
390.0
287.0
211.0
871.0
629.0
586.0
987.0
381.0
193.0
343.0
720.0
628.0
76.0
824.0
666.0
496.0
856.0
64.0
759.0
402.0
382.0
312.0
115.0
974.0
122.0
148.0
435.0
338.0
909.0
335.0
471.0
12.0
906.0
726.0
30.0
91.0
670.0
12.0
750.0
17.0
202.0
105.0
716.0
966.0
202.0
200.0
553.0
448.0
467.0
49.0
838.0
619.0
481.0
796.0
457.0
156.0
422.0
712.0
288.0
618.0
746.0
363.0
373.0
550.0
327.0
506.0
283.0
498.0
988.0
83.0
209.0
369.0
269.0
137.0
860.0
358.0
57.0
656.0
265.0
431.0
940.0
522.0
307.0
795.0
101.0
65.0
170.0
433.0
506.0
86.0
997.0
3.0
251.0
434.0
537.0
595.0
813.0
107.0
866.0
829.0
872.0
128.0
641.0
950.0
51.0
128.0
439.0
523.0
903.0
360.0
490.0
340.0
617.0
412.0
109.0
130.0
675.0
89.0
540.0
207.0
829.0
328.0
513.0
61.0
144.0
45.0
432.0
546.0
892.0
136.0
466.0
443.0
59.0
755.0
40.0
47.0
805.0
806.0
70.0
877.0
453.0
368.0
555.0
311.0
140.0
615.0
445.0
217.0
316.0
490.0
194.0
189.0
911.0
300.0
812.0
57.0
130.0
43.0
245.0
580.0
156.0
546.0
28.0
932.0
803.0
532.0
502.0
796.0
618.0
331.0
624.0
996.0
171.0
552.0
732.0
97.0
51.0
531.0
3.0
575.0
582.0
940.0
466.0
636.0
177.0
763.0
663.0
646.0
359.0
630.0
798.0
952.0
261.0
489.0
519.0
817.0
506.0
843.0
530.0
877.0
873.0
902.0
230.0
153.0
666.0
671.0
862.0
225.0
192.0
831.0
30.0
956.0
787.0
305.0
796.0
418.0
273.0
53.0
322.0
949.0
968.0
356.0
787.0
230.0
232.0
85.0
236.0
241.0
319.0
192.0
37.0
747.0
860.0
689.0
808.0
547.0
296.0
142.0
497.0
535.0
466.0
156.0
566.0
737.0
154.0
264.0
802.0
114.0
56.0
474.0
372.0
476.0
774.0
198.0
85.0
526.0
923.0
494.0
658.0
348.0
609.0
970.0
39.0
710.0
162.0
362.0
533.0
306.0
870.0
965.0
828.0
644.0
680.0
883.0
373.0
988.0
891.0
616.0
969.0
681.0
374.0
529.0
350.0
973.0
575.0
716.0
436.0
265.0
255.0
75.0
362.0
907.0
426.0
154.0
31.0
844.0
195.0
330.0
374.0
719.0
413.0
724.0
688.0
247.0
172.0
889.0
0.0
248.0
189.0
50.0
196.0
625.0
444.0
764.0
888.0
576.0
621.0
822.0
991.0
646.0
285.0
230.0
412.0
149.0
801.0
376.0
845.0
543.0
975.0
504.0
322.0
537.0
164.0
195.0
781.0
120.0
645.0
25.0
562.0
906.0
154.0
374.0
784.0
457.0
848.0
225.0
569.0
347.0
142.0
548.0
311.0
717.0
827.0
789.0
663.0
234.0
982.0
852.0
954.0
510.0
349.0
998.0
625.0
904.0
810.0
201.0
754.0
47.0
99.0
178.0
657.0
124.0
641.0
748.0
680.0
537.0
700.0
625.0
73.0
816.0
284.0
349.0
595.0
303.0
603.0
625.0
460.0
714.0
129.0
454.0
542.0
226.0
0.0
962.0
325.0
197.0
257.0
224.0
895.0
893.0
902.0
435.0
141.0
917.0
954.0
683.0
234.0
538.0
478.0
20.0
801.0
134.0
710.0
962.0
684.0
539.0
627.0
578.0
706.0
142.0
922.0
101.0
128.0
250.0
205.0
286.0
716.0
414.0
392.0
862.0
365.0
65.0
254.0
389.0
967.0
766.0
845.0
348.0
670.0
907.0
32.0
129.0
713.0
918.0
764.0
547.0
361.0
105.0
285.0
759.0
330.0
157.0
489.0
674.0
177.0
454.0
77.0
592.0
118.0
254.0
15.0
300.0
964.0
52.0
955.0
136.0
503.0
310.0
50.0
496.0
157.0
636.0
969.0
714.0
488.0
247.0
238.0
384.0
747.0
762.0
255.0
482.0
747.0
168.0
406.0
333.0
256.0
254.0
24.0
705.0
412.0
874.0
678.0
378.0
203.0
349.0
870.0
740.0
748.0
421.0
754.0
532.0
967.0
333.0
32.0
733.0
135.0
57.0
908.0
569.0
138.0
45.0
355.0
329.0
702.0
205.0
697.0
662.0
110.0
379.0
126.0
24.0
198.0
60.0
613.0
519.0
699.0
300.0
925.0
537.0
422.0
595.0
587.0
915.0
547.0
79.0
799.0
187.0
917.0
516.0
766.0
389.0
469.0
338.0
928.0
621.0
890.0
999.0
371.0
365.0
123.0
332.0
688.0
615.0
635.0
59.0
804.0
37.0
940.0
25.0
953.0
598.0
735.0
257.0
934.0
60.0
218.0
570.0
445.0
276.0
123.0
953.0
484.0
182.0
620.0
266.0
686.0
646.0
872.0
203.0
650.0
193.0
854.0
697.0
220.0
580.0
371.0
816.0
915.0
362.0
356.0
725.0
547.0
196.0
757.0
62.0
323.0
662.0
475.0
44.0
674.0
472.0
297.0
623.0
718.0
170.0
41.0
299.0
941.0
731.0
392.0
939.0
439.0
860.0
967.0
603.0
460.0
992.0
152.0
665.0
594.0
279.0
22.0
375.0
201.0
411.0
744.0
522.0
571.0
842.0
223.0
287.0
94.0
214.0
542.0
479.0
340.0
2.0
889.0
224.0
69.0
406.0
753.0
182.0
395.0
124.0
536.0
257.0
46.0
195.0
135.0
641.0
401.0
692.0
648.0
31.0
941.0
755.0
281.0
918.0
404.0
304.0
470.0
626.0
609.0
447.0
682.0
400.0
670.0
837.0
967.0
598.0
278.0
469.0
820.0
140.0
852.0
402.0
806.0
643.0
684.0
965.0
115.0
469.0
648.0
624.0
355.0
62.0
157.0
548.0
975.0
385.0
0.0
408.0
631.0
701.0
955.0
620.0
870.0
658.0
245.0
797.0
177.0
63.0
376.0
921.0
176.0
950.0
364.0
693.0
668.0
58.0
908.0
653.0
834.0
503.0
864.0
989.0
134.0
843.0
75.0
773.0
155.0
755.0
822.0
330.0
834.0
1.0
4.0
146.0
514.0
757.0
815.0
816.0
135.0
34.0
771.0
570.0
430.0
675.0
698.0
655.0
647.0
109.0
624.0
276.0
828.0
94.0
23.0
513.0
154.0
830.0
750.0
224.0
245.0
325.0
941.0
901.0
8.0
485.0
389.0
716.0
277.0
362.0
813.0
719.0
562.0
7.0
400.0
656.0
517.0
771.0
837.0
294.0
146.0
948.0
31.0
891.0
658.0
986.0
551.0
349.0
454.0
327.0
70.0
891.0
388.0
782.0
719.0
75.0
561.0
498.0
412.0
217.0
848.0
296.0
424.0
682.0
586.0
791.0
869.0
922.0
94.0
694.0
447.0
203.0
507.0
40.0
929.0
288.0
676.0
852.0
622.0
233.0
787.0
111.0
523.0
39.0
521.0
510.0
427.0
386.0
236.0
622.0
370.0
576.0
475.0
79.0
278.0
769.0
742.0
201.0
779.0
385.0
609.0
757.0
479.0
398.0
946.0
159.0
718.0
227.0
489.0
59.0
558.0
20.0
704.0
341.0
660.0
899.0
603.0
821.0
857.0
491.0
490.0
59.0
464.0
922.0
124.0
928.0
225.0
396.0
207.0
669.0
635.0
29.0
765.0
503.0
493.0
711.0
856.0
860.0
94.0
974.0
194.0
903.0
197.0
688.0
6.0
418.0
403.0
209.0
619.0
956.0
945.0
469.0
882.0
17.0
724.0
655.0
94.0
450.0
24.0
98.0
564.0
636.0
771.0
342.0
595.0
637.0
337.0
398.0
733.0
772.0
889.0
295.0
750.0
73.0
829.0
99.0
61.0
589.0
967.0
207.0
577.0
314.0
379.0
450.0
381.0
14.0
480.0
911.0
167.0
717.0
491.0
764.0
38.0
853.0
821.0
780.0
82.0
790.0
771.0
762.0
16.0
841.0
999.0
464.0
302.0
255.0
421.0
934.0
412.0
646.0
937.0
102.0
740.0
528.0
527.0
448.0
595.0
652.0
194.0
562.0
152.0
961.0
49.0
706.0
492.0
152.0
16.0
71.0
539.0
522.0
75.0
764.0
250.0
786.0
384.0
951.0
321.0
996.0
461.0
65.0
548.0
925.0
727.0
606.0
700.0
621.0
277.0
136.0
539.0
307.0
860.0
447.0
880.0
343.0
412.0
516.0
199.0
910.0
955.0
678.0
765.0
89.0
673.0
253.0
923.0
407.0
372.0
500.0
768.0
837.0
581.0
412.0
524.0
75.0
818.0
935.0
234.0
777.0
661.0
2.0
406.0
433.0
605.0
215.0
744.0
486.0
971.0
978.0
839.0
278.0
304.0
34.0
353.0
908.0
741.0
658.0
625.0
49.0
123.0
825.0
163.0
180.0
165.0
783.0
109.0
55.0
58.0
505.0
982.0
412.0
463.0
654.0
723.0
264.0
389.0
946.0
623.0
407.0
566.0
459.0
731.0
488.0
790.0
843.0
918.0
90.0
904.0
534.0
895.0
599.0
630.0
677.0
745.0
424.0
45.0
873.0
942.0
602.0
592.0
539.0
535.0
335.0
915.0
124.0
731.0
111.0
699.0
992.0
654.0
49.0
21.0
449.0
835.0
853.0
509.0
777.0
334.0
140.0
0.0
552.0
371.0
26.0
947.0
7.0
851.0
594.0
37.0
731.0
72.0
298.0
930.0
462.0
814.0
49.0
930.0
723.0
541.0
831.0
697.0
673.0
532.0
820.0
608.0
554.0
289.0
691.0
389.0
780.0
30.0
560.0
86.0
271.0
870.0
840.0
500.0
272.0
768.0
176.0
869.0
525.0
418.0
505.0
418.0
666.0
227.0
218.0
706.0
724.0
370.0
823.0
70.0
812.0
978.0
520.0
816.0
735.0
562.0
637.0
422.0
763.0
160.0
712.0
899.0
836.0
615.0
99.0
775.0
896.0
113.0
821.0
21.0
775.0
78.0
895.0
462.0
351.0
972.0
971.0
589.0
447.0
681.0
567.0
106.0
507.0
200.0
646.0
115.0
607.0
377.0
400.0
200.0
144.0
204.0
188.0
693.0
279.0
934.0
171.0
630.0
111.0
757.0
870.0
190.0
889.0
785.0
682.0
840.0
149.0
508.0
59.0
137.0
100.0
739.0
87.0
694.0
284.0
733.0
389.0
890.0
372.0
484.0
238.0
915.0
305.0
129.0
738.0
102.0
984.0
869.0
966.0
447.0
812.0
61.0
597.0
750.0
394.0
453.0
164.0
158.0
731.0
849.0
2.0
664.0
11.0
520.0
184.0
16.0
480.0
66.0
101.0
510.0
580.0
651.0
718.0
55.0
902.0
696.0
44.0
813.0
990.0
794.0
478.0
748.0
704.0
713.0
665.0
294.0
403.0
330.0
412.0
322.0
971.0
964.0
641.0
161.0
627.0
871.0
273.0
393.0
863.0
782.0
295.0
325.0
208.0
447.0
416.0
12.0
329.0
153.0
945.0
657.0
387.0
261.0
242.0
116.0
924.0
888.0
738.0
399.0
684.0
607.0
579.0
603.0
11.0
684.0
351.0
67.0
517.0
281.0
11.0
209.0
240.0
186.0
714.0
601.0
816.0
384.0
293.0
939.0
713.0
843.0
514.0
452.0
453.0
231.0
339.0
503.0
413.0
554.0
105.0
319.0
589.0
885.0
592.0
873.0
964.0
794.0
596.0
576.0
369.0
413.0
132.0
913.0
389.0
373.0
726.0
120.0
548.0
381.0
780.0
122.0
917.0
294.0
214.0
461.0
285.0
304.0
160.0
389.0
550.0
704.0
517.0
64.0
126.0
636.0
459.0
68.0
213.0
637.0
841.0
559.0
455.0
572.0
222.0
87.0
52.0
232.0
932.0
348.0
740.0
231.0
926.0
147.0
78.0
131.0
669.0
700.0
866.0
719.0
409.0
390.0
214.0
818.0
350.0
321.0
887.0
971.0
501.0
956.0
880.0
814.0
940.0
104.0
703.0
933.0
337.0
845.0
782.0
907.0
323.0
427.0
775.0
133.0
321.0
732.0
532.0
698.0
504.0
329.0
302.0
892.0
334.0
418.0
324.0
471.0
980.0
225.0
351.0
178.0
44.0
137.0
283.0
716.0
448.0
515.0
393.0
849.0
379.0
433.0
330.0
797.0
587.0
23.0
694.0
696.0
335.0
663.0
119.0
666.0
197.0
796.0
47.0
577.0
728.0
289.0
1.0
424.0
408.0
666.0
583.0
418.0
266.0
579.0
784.0
992.0
74.0
312.0
156.0
312.0
102.0
165.0
418.0
95.0
573.0
711.0
121.0
167.0
415.0
18.0
950.0
196.0
927.0
925.0
447.0
3.0
462.0
811.0
101.0
765.0
866.0
211.0
303.0
795.0
655.0
314.0
476.0
314.0
228.0
695.0
49.0
721.0
729.0
184.0
573.0
784.0
592.0
819.0
104.0
203.0
554.0
551.0
339.0
703.0
99.0
828.0
428.0
741.0
185.0
696.0
752.0
373.0
208.0
644.0
351.0
516.0
706.0
206.0
426.0
145.0
245.0
384.0
408.0
116.0
333.0
465.0
754.0
337.0
116.0
355.0
507.0
332.0
287.0
5.0
636.0
164.0
747.0
529.0
807.0
533.0
159.0
720.0
282.0
80.0
756.0
733.0
382.0
430.0
995.0
720.0
969.0
206.0
157.0
12.0
761.0
179.0
297.0
586.0
426.0
785.0
777.0
311.0
81.0
257.0
998.0
260.0
394.0
579.0
598.0
804.0
287.0
531.0
355.0
260.0
58.0
583.0
525.0
158.0
710.0
328.0
178.0
614.0
408.0
240.0
621.0
657.0
219.0
995.0
781.0
722.0
93.0
881.0
440.0
359.0
932.0
554.0
80.0
796.0
669.0
435.0
308.0
574.0
926.0
992.0
658.0
986.0
418.0
762.0
156.0
119.0
533.0
875.0
920.0
553.0
785.0
16.0
292.0
688.0
16.0
63.0
794.0
577.0
690.0
704.0
592.0
155.0
50.0
513.0
4.0
156.0
252.0
780.0
462.0
45.0
362.0
884.0
894.0
708.0
432.0
824.0
519.0
496.0
868.0
143.0
964.0
498.0
178.0
325.0
451.0
850.0
734.0
749.0
351.0
759.0
659.0
591.0
186.0
571.0
780.0
219.0
786.0
951.0
209.0
919.0
339.0
339.0
892.0
278.0
806.0
296.0
445.0
2.0
880.0
617.0
387.0
75.0
134.0
471.0
99.0
520.0
608.0
637.0
382.0
597.0
548.0
940.0
478.0
134.0
332.0
928.0
353.0
475.0
986.0
154.0
570.0
180.0
611.0
558.0
164.0
887.0
842.0
688.0
232.0
783.0
967.0
795.0
345.0
792.0
495.0
634.0
102.0
137.0
133.0
995.0
16.0
792.0
25.0
88.0
292.0
716.0
841.0
760.0
587.0
487.0
13.0
342.0
104.0
914.0
951.0
256.0
714.0
366.0
834.0
954.0
147.0
912.0
899.0
788.0
656.0
821.0
726.0
442.0
706.0
343.0
162.0
850.0
579.0
390.0
503.0
75.0
821.0
746.0
678.0
52.0
184.0
567.0
514.0
619.0
851.0
498.0
118.0
431.0
661.0
476.0
623.0
696.0
204.0
461.0
28.0
341.0
582.0
795.0
515.0
950.0
166.0
490.0
