56,3 : 0 and 0 and 0 * 2
0
57,1 : 0
58,3 : 0 and 0 and 0 * 296
0
64,1 : 769455802
68,3 : 0 and 0 and 769455802 * 1
769455802
70,1 : 0
71,3 : 0 and 0 and 769455802 * 236
1202942840
73,1 : 0
74,3 : 0 and 0 and 769455802 * 214
1454784380
76,3 : 0 and 0 and 769455802 * 2
1538911604
77,1 : 769455802
80,1 : 0
81,1 : 769455802
83,1 : 0
86,3 : 0 and 0 and 1514322826 * 1
1514322826
90,3 : 0 and 0 and 0 * 1
0
96,3 : 0 and 0 and 1514322826 * 586
2629913060
98,3 : 0 and 0 and 0 * 1
0
100,3 : 0 and 1514322826 and 2214406125 * 0
1514322826
101,3 : 0 and 0 and 3503815862 * 1
3503815862
102,3 : 0 and 0 and 1514322826 * 1
1514322826
103,1 : 1514322826
104,3 : 0 and 0 and 2334636828 * 274
4035331064
106,3 : 0 and 0 and 0 * 1
0
108,3 : 0 and 0 and 2285050880 * 1
2285050880
110,3 : 0 and 0 and 2285050880 * 3
2560185344
111,3 : 0 and 0 and 2334636828 * 300
311379152
114,1 : 0
115,3 : 0 and 0 and 2334636828 * 1
2334636828
119,1 : 1514322826
120,1 : 3576037172
121,3 : 0 and 0 and 1514322826 * 1
1514322826
123,3 : 0 and 0 and 0 * 996
0
125,3 : 0 and 0 and 0 * 1
0
126,3 : 0 and 0 and 1514322826 * 1
1514322826
130,1 : 499629867
131,3 : 0 and 0 and 2661602905 * 2
1028238514
133,1 : 0
135,3 : 0 and 0 and 1262303807 * 10
4033103478
136,1 : 1753401730
137,1 : 0
141,1 : 1753401730
142,1 : 1514322826
143,3 : 0 and 0 and 1514322826 * 1
1514322826
145,3 : 0 and 0 and 3424276845 * 214
2650804510
146,1 : 2285050880
147,1 : 3424276845
148,1 : 1514322826
150,3 : 0 and 0 and 913234798 * 153
2285970622
153,3 : 0 and 0 and 0 * 1
0
157,1 : 3662500740
159,3 : 0 and 0 and 3023306108 * 10
168290008
160,3 : 0 and 0 and 1752546721 * 351
963575743
162,1 : 1752546721
163,3 : 0 and 0 and 1151458693 * 1
1151458693
166,1 : 0
167,3 : 0 and 0 and 2322769780 * 1
2322769780
169,3 : 0 and 0 and 1756596182 * 161
3639111062
170,1 : 2322769780
172,3 : 0 and 0 and 3172217538 * 1
3172217538
173,3 : 0 and 0 and 1752546721 * 327
1852127399
174,1 : 0
176,1 : 3335534663
178,3 : 0 and 0 and 0 * 1
0
180,3 : 0 and 0 and 1752546721 * 320
2469202240
181,1 : 0
184,3 : 0 and 0 and 0 * 2
0
186,1 : 0
188,3 : 0 and 0 and 794346565 * 1
794346565
190,1 : 3229004062
191,1 : 241951887
193,1 : 0
197,1 : 733867973
198,3 : 0 and 0 and 485536658 * 1
485536658
199,1 : 3962872035
201,3 : 0 and 0 and 3962872035 * 1
3962872035
202,1 : 3360833137
207,3 : 0 and 0 and 485536658 * 59
2876859046
211,1 : 1290387641
214,3 : 0 and 0 and 1294653640 * 95
2733011512
216,3 : 0 and 0 and 1317745476 * 286
3213051384
218,3 : 0 and 0 and 4131561191 * 403
2866816421
219,1 : 3599912041
220,3 : 0 and 0 and 1210181883 * 1
1210181883
223,3 : 0 and 0 and 1210181883 * 1
1210181883
225,3 : 0 and 0 and 3962872035 * 1
3962872035
227,1 : 223993123
229,1 : 1210181883
236,3 : 0 and 0 and 1210181883 * 4
545760236
237,3 : 0 and 0 and 3962872035 * 596
3934687356
240,3 : 0 and 0 and 3360833137 * 1
3360833137
241,1 : 2122347320
242,1 : 1480269779
243,1 : 3962872035
247,3 : 0 and 0 and 1210181883 * 1
1210181883
251,1 : 3962872035
253,3 : 0 and 0 and 3613534447 * 1
3613534447
254,1 : 1210181883
255,1 : 1210181883
256,3 : 0 and 0 and 3962872035 * 1
3962872035
258,1 : 3962872035
259,1 : 1210181883
262,1 : 3962872035
264,1 : 4158067973
266,1 : 1210181883
268,1 : 1210181883
271,1 : 3962872035
272,3 : 0 and 0 and 2344174593 * 31
3949935647
273,3 : 0 and 0 and 397284400 * 1
397284400
275,3 : 0 and 0 and 2344174593 * 19
1589644307
276,1 : 2344174593
277,1 : 472327178
278,3 : 0 and 0 and 425792896 * 1
425792896
283,1 : 1210181883
284,3 : 0 and 0 and 1210181883 * 1
1210181883
285,3 : 0 and 0 and 3962872035 * 1
3962872035
286,3 : 0 and 0 and 2582177523 * 88
3893322632
287,1 : 1210181883
288,3 : 0 and 0 and 3706997080 * 2
3119026864
289,3 : 0 and 0 and 2002651052 * 1
2002651052
292,1 : 1210181883
293,1 : 1210181883
295,1 : 1210181883
300,1 : 1001071177
303,3 : 0 and 0 and 3185964300 * 1
3185964300
306,3 : 0 and 0 and 1001071177 * 2
2002142354
310,3 : 0 and 0 and 2606437829 * 306
3001025914
311,1 : 645355031
312,3 : 0 and 0 and 146339732 * 3
439019196
318,3 : 0 and 0 and 2947961370 * 35
99432846
319,1 : 82662812
320,3 : 0 and 0 and 1210181883 * 1
1210181883
325,3 : 0 and 0 and 146339732 * 2
292679464
326,1 : 1076113955
327,1 : 1210181883
328,1 : 1210181883
330,3 : 0 and 0 and 1210181883 * 1
1210181883
331,1 : 1076113955
334,3 : 0 and 0 and 146339732 * 1
146339732
337,1 : 146339732
338,1 : 1210181883
339,1 : 1210181883
341,1 : 1210181883
343,1 : 146339732
344,3 : 0 and 0 and 645355031 * 319
4004791977
345,1 : 1210181883
348,1 : 1210181883
349,3 : 0 and 0 and 1076113955 * 156
370052436
350,1 : 1210181883
351,3 : 0 and 0 and 146339732 * 1
146339732
353,1 : 645355031
354,3 : 0 and 3303785580 and 2606437829 * 0
3303785580
356,3 : 0 and 0 and 1210181883 * 1
1210181883
357,3 : 0 and 0 and 3479248360 * 81
2646242920
362,3 : 0 and 0 and 645355031 * 319
4004791977
363,1 : 146339732
366,1 : 1210181883
373,3 : 0 and 0 and 2606437829 * 305
394588085
375,3 : 0 and 0 and 1076113955 * 153
1436677867
376,1 : 146339732
381,3 : 0 and 0 and 912921496 * 1
912921496
385,3 : 0 and 0 and 1210181883 * 1
1210181883
387,1 : 1210181883
388,1 : 146339732
390,1 : 82662812
395,1 : 146339732
396,3 : 0 and 0 and 1788779596 * 89
287594092
398,3 : 0 and 0 and 146339732 * 1
146339732
402,1 : 1951972055
403,3 : 0 and 0 and 146339732 * 1
146339732
404,1 : 2050826780
405,3 : 0 and 0 and 2606437829 * 262
4281878430
406,3 : 0 and 0 and 1053866855 * 1
1053866855
409,1 : 2723806639
411,3 : 0 and 0 and 2050826780 * 3
1857513044
412,1 : 445899164
414,3 : 0 and 0 and 1951972055 * 130
353296686
415,1 : 1951972055
417,1 : 2050826780
418,1 : 645355031
419,3 : 0 and 0 and 1039151936 * 2
2078303872
421,3 : 0 and 0 and 1039151936 * 247
3267457728
422,3 : 0 and 0 and 2050826780 * 1
2050826780
423,1 : 2050826780
424,1 : 2050826780
425,1 : 645355031
426,1 : 2050826780
431,1 : 2050826780
432,3 : 0 and 0 and 1558217387 * 1
1558217387
433,3 : 0 and 0 and 2701641952 * 90
2629607104
434,3 : 0 and 0 and 1558217387 * 333
3490314351
435,1 : 2701641952
436,3 : 0 and 0 and 3636668995 * 52
128226716
440,3 : 0 and 0 and 1558217387 * 1
1558217387
441,1 : 502680866
447,3 : 0 and 0 and 78224605 * 1
78224605
448,1 : 2050826780
453,1 : 502680866
455,1 : 78224605
457,1 : 1225643849
459,1 : 3601357317
460,1 : 2050826780
462,1 : 502680866
468,1 : 2050826780
469,3 : 0 and 0 and 502680866 * 2
1005361732
471,1 : 2050826780
482,1 : 2050826780
485,1 : 502680866
487,1 : 502680866
491,1 : 1410207989
492,1 : 2178575217
493,3 : 0 and 0 and 2178575217 * 1
2178575217
494,1 : 2178575217
496,1 : 2178575217
497,1 : 808703781
500,3 : 0 and 0 and 2178575217 * 1
2178575217
501,1 : 3134124505
502,3 : 0 and 0 and 2178575217 * 1
2178575217
503,3 : 0 and 0 and 2178575217 * 2
62183138
505,3 : 0 and 0 and 439003946 * 400
3802886560
507,3 : 0 and 0 and 1384050663 * 376
712006472
509,1 : 54928209
510,3 : 0 and 0 and 2582413956 * 1
2582413956
511,3 : 0 and 0 and 2178575217 * 1
2178575217
512,3 : 0 and 304227189 and 2178575217 * 0
304227189
516,3 : 0 and 3951854840 and 1410207989 * 4294967295
2541646851
520,1 : 54928209
521,3 : 0 and 0 and 2829272305 * 1
2829272305
522,1 : 1558217387
523,3 : 0 and 0 and 2178575217 * 1
2178575217
524,3 : 0 and 0 and 808703781 * 1
808703781
528,3 : 0 and 0 and 2178575217 * 1
2178575217
529,3 : 0 and 0 and 2178575217 * 1
2178575217
530,1 : 753702325
531,3 : 0 and 0 and 502680866 * 1
502680866
533,1 : 1152848037
536,3 : 0 and 0 and 502680866 * 2
1005361732
538,3 : 0 and 0 and 502680866 * 1
502680866
541,1 : 2687809818
542,1 : 502680866
543,1 : 1410207989
546,1 : 2049240600
547,3 : 0 and 0 and 808703781 * 111
3866773771
549,3 : 0 and 0 and 2178575217 * 1
2178575217
550,1 : 2178575217
552,1 : 54928209
554,3 : 0 and 0 and 3696068413 * 1
3696068413
555,1 : 630294663
556,3 : 0 and 0 and 1952411105 * 55
8428375
557,1 : 2581144060
559,1 : 2178575217
567,3 : 0 and 0 and 2178575217 * 840
347114184
570,1 : 503134171
571,3 : 0 and 0 and 2178575217 * 2
62183138
573,3 : 0 and 0 and 350081971 * 1
350081971
574,3 : 0 and 0 and 1103857543 * 1
1103857543
576,3 : 0 and 0 and 503134171 * 1
503134171
577,3 : 0 and 0 and 2178575217 * 2
62183138
580,1 : 1731609266
581,1 : 503134171
582,1 : 2178575217
585,3 : 0 and 0 and 2178575217 * 2
62183138
586,3 : 0 and 0 and 1691931851 * 371
641491505
588,3 : 0 and 0 and 2527547360 * 1
2527547360
593,1 : 2527547360
595,1 : 4178972350
597,3 : 0 and 0 and 2178575217 * 2
62183138
602,3 : 0 and 0 and 3908716388 * 63
1435996572
603,3 : 0 and 0 and 1853371149 * 322
4080023130
604,3 : 0 and 0 and 2178575217 * 3
2240758355
607,3 : 0 and 0 and 2730579103 * 1
2730579103
610,3 : 0 and 0 and 1939967987 * 1
1939967987
613,1 : 3566689547
614,1 : 2139587336
616,1 : 1531774285
617,1 : 2537252663
621,1 : 1655789215
625,3 : 0 and 0 and 1655789215 * 1
1655789215
627,1 : 2537252663
633,1 : 2537252663
636,3 : 0 and 0 and 1655789215 * 2
3311578430
642,3 : 0 and 0 and 2508074470 * 161
73063846
643,3 : 0 and 0 and 2508074470 * 152
3270197392
645,3 : 0 and 0 and 2537252663 * 1
2537252663
649,3 : 0 and 0 and 3111975985 * 1
3111975985
652,3 : 0 and 0 and 2537252663 * 3
3316790693
653,1 : 4157762005
656,1 : 1655789215
657,1 : 2508074470
658,1 : 1832213951
662,1 : 2537252663
664,3 : 0 and 0 and 2602257065 * 84
3841228660
666,3 : 0 and 0 and 3997625928 * 1
3997625928
667,1 : 78179034
669,3 : 0 and 0 and 3623812105 * 328
3199396744
672,3 : 0 and 0 and 2537252663 * 2
779538030
673,1 : 2537252663
674,3 : 0 and 0 and 1253746797 * 1
1253746797
676,1 : 2537252663
678,3 : 0 and 0 and 1253746797 * 305
140683741
679,1 : 3174681845
682,3 : 0 and 0 and 60328700 * 375
1148426020
687,1 : 1655789215
688,1 : 2537252663
690,1 : 2566202374
693,3 : 0 and 0 and 2537252663 * 2
779538030
695,1 : 2566202374
700,1 : 2566202374
702,3 : 0 and 0 and 1599328667 * 1
1599328667
703,1 : 2180730394
704,3 : 0 and 0 and 2822768268 * 87
767703444
705,1 : 3462628358
706,1 : 2566202374
707,1 : 3462628358
714,1 : 3462628358
715,3 : 0 and 0 and 3462628358 * 1
3462628358
716,3 : 0 and 0 and 2180730394 * 314
1849543652
720,1 : 3462628358
721,3 : 0 and 0 and 3462628358 * 1
3462628358
723,3 : 0 and 0 and 2849195866 * 395
150935518
726,1 : 3462628358
727,3 : 0 and 855362365 and 2628268142 * 0
855362365
728,1 : 3462628358
730,1 : 2284497941
731,3 : 0 and 0 and 3262962138 * 63
3703151782
732,1 : 3462628358
733,3 : 0 and 0 and 2284497941 * 425
249016029
734,1 : 552948882
737,3 : 0 and 0 and 857840276 * 217
1467746164
738,3 : 0 and 0 and 3462628358 * 1
3462628358
745,3 : 0 and 0 and 3462628358 * 1
3462628358
752,3 : 0 and 0 and 89930418 * 376
3749066096
754,3 : 0 and 0 and 2284497941 * 1
2284497941
756,3 : 0 and 0 and 3462628358 * 1
3462628358
764,1 : 2533806809
766,1 : 3831493327
768,1 : 2721687247
769,3 : 0 and 0 and 2721687247 * 1
2721687247
772,1 : 3499319989
774,1 : 3600903121
776,3 : 0 and 0 and 1360227343 * 1
1360227343
777,3 : 0 and 0 and 3462628358 * 2
2630289420
779,1 : 1706746383
781,3 : 0 and 0 and 3499319989 * 431
673394363
782,3 : 0 and 0 and 3462628358 * 1
3462628358
783,1 : 3499319989
785,1 : 3462628358
786,1 : 2019761005
787,3 : 0 and 0 and 2019761005 * 1
2019761005
788,1 : 2019761005
789,1 : 2019761005
792,1 : 1160900741
795,1 : 3499319989
796,1 : 3499319989
797,1 : 4239409041
798,3 : 0 and 0 and 3462628358 * 1
3462628358
799,3 : 0 and 0 and 3499319989 * 1
3499319989
800,1 : 3462628358
801,1 : 3355799597
802,3 : 0 and 0 and 2019761005 * 110
3130378454
804,1 : 1737903159
806,1 : 3462628358
810,1 : 2567002380
812,1 : 3462628358
813,1 : 3462628358
814,3 : 0 and 2688173588 and 3462628358 * 4294967295
3520512526
820,3 : 0 and 0 and 2567002380 * 145
2848157644
822,3 : 0 and 0 and 3462628358 * 1
3462628358
823,1 : 3462628358
825,3 : 0 and 0 and 119362742 * 1
119362742
826,1 : 1676985340
828,1 : 3176099734
832,1 : 491683120
834,1 : 1121808216
835,1 : 2253987758
839,3 : 0 and 0 and 1698641524 * 298
3684000520
840,1 : 3141723235
842,1 : 3462628358
844,3 : 0 and 0 and 2218785681 * 1
2218785681
847,3 : 0 and 0 and 3643623954 * 1
3643623954
850,1 : 3643623954
851,1 : 3462628358
852,3 : 0 and 0 and 3643623954 * 1
3643623954
855,3 : 0 and 0 and 3643623954 * 2
2992280612
856,3 : 0 and 0 and 1502408090 * 68
3379502312
857,1 : 1698641524
859,3 : 0 and 0 and 3643623954 * 2
2992280612
860,3 : 0 and 0 and 3643623954 * 2
2992280612
862,1 : 3216259290
863,1 : 3643623954
864,1 : 1288543525
865,1 : 166369498
866,3 : 0 and 3041974880 and 3462628358 * 0
3041974880
868,3 : 0 and 0 and 3462628358 * 1
3462628358
869,1 : 166369498
871,3 : 0 and 0 and 3643623954 * 3
2340937270
875,3 : 0 and 1699113082 and 3643623954 * 4294967294
3001799766
887,3 : 0 and 0 and 3462628358 * 2
2630289420
889,3 : 0 and 0 and 588864994 * 1
588864994
891,1 : 4037036061
894,3 : 0 and 0 and 3462628358 * 1
3462628358
896,3 : 0 and 0 and 3261109260 * 78
963451816
898,1 : 3535135342
899,1 : 3462628358
903,1 : 3394158401
904,1 : 4065462802
906,3 : 0 and 0 and 3394158401 * 95
322500895
908,3 : 0 and 0 and 4037036061 * 1
4037036061
911,1 : 3462628358
912,1 : 4037036061
916,3 : 0 and 0 and 3462628358 * 1
3462628358
918,1 : 3855005893
921,3 : 0 and 1302153998 and 1427534377 * 0
1302153998
924,1 : 2403882770
925,1 : 4037036061
926,3 : 0 and 227789255 and 3462628358 * 0
227789255
928,1 : 3572938399
929,1 : 3462628358
930,3 : 0 and 0 and 4037036061 * 4
3263242356
933,3 : 0 and 0 and 3846964481 * 3
2950958851
935,3 : 0 and 0 and 3736092523 * 66
1768970646
936,3 : 0 and 0 and 4037036061 * 1
4037036061
937,1 : 512774849
938,1 : 3462628358
940,1 : 3855005893
941,3 : 0 and 0 and 3462628358 * 1
3462628358
944,1 : 4037036061
947,1 : 1154976427
948,3 : 0 and 0 and 3462628358 * 1
3462628358
951,3 : 0 and 0 and 824448258 * 5
4122241290
954,1 : 4037036061
956,1 : 1154976427
957,1 : 1063848257
958,1 : 3462628358
960,1 : 1154976427
963,3 : 0 and 0 and 3462628358 * 1
3462628358
964,3 : 0 and 0 and 3846964481 * 341
1849862741
970,3 : 0 and 0 and 2787592277 * 373
389833689
971,3 : 0 and 0 and 2026389295 * 1
2026389295
972,3 : 0 and 0 and 3462628358 * 883
3779092658
974,1 : 4104563274
976,3 : 0 and 0 and 2117517465 * 29
1278464341
978,1 : 3462628358
979,3 : 0 and 0 and 3462628358 * 1
3462628358
981,3 : 0 and 0 and 3462628358 * 2
2630289420
987,1 : 18200830
988,1 : 3462628358
989,1 : 1121518289
990,3 : 0 and 0 and 154499183 * 2
308998366
992,3 : 0 and 0 and 3462628358 * 1
3462628358
993,1 : 3231835151
1508,1 : 3462628358
1513,3 : 0 and 3231835151 and 3231835151 * 0
3231835151
1514,1 : 954079643
1515,1 : 954079643
1518,1 : 151731575
1519,3 : 0 and 0 and 18200830 * 425
3440385454
1520,1 : 1121518289
1522,3 : 0 and 0 and 2007283138 * 81
3676144226
1524,3 : 0 and 0 and 3462628358 * 849
2013845478
1525,1 : 3262001130
1527,1 : 154499183
1530,3 : 0 and 0 and 18200830 * 2
36401660
1531,3 : 0 and 1797950482 and 3462628358 * 4294967294
3462628358
1533,3 : 0 and 811848895 and 18200830 * 4294967294
775447235
1538,3 : 0 and 0 and 3932075942 * 365
688641966
1545,1 : 3462628358
1546,1 : 3805965228
1547,3 : 0 and 0 and 154499183 * 1
154499183
1549,1 : 3462628358
1557,1 : 954079643
1558,3 : 0 and 0 and 196819873 * 1
196819873
1560,1 : 3432997877
1561,3 : 0 and 0 and 3462628358 * 1
3462628358
1564,1 : 3462628358
1568,3 : 0 and 3462628358 and 3462628358 * 0
3462628358
1574,3 : 0 and 3462628358 and 3462628358 * 0
3462628358
1575,1 : 989102895
1584,1 : 4009017412
1585,3 : 0 and 3462628358 and 3462628358 * 0
3462628358
1588,3 : 0 and 0 and 1535491949 * 425
4044016629
1594,3 : 0 and 4009017412 and 4009017412 * 0
4009017412
1597,1 : 3462628358
1599,1 : 4009017412
1601,3 : 0 and 0 and 3462628358 * 1
3462628358
1604,3 : 0 and 1535491949 and 1535491949 * 0
1535491949
1609,3 : 0 and 4009017412 and 4009017412 * 0
4009017412
1614,3 : 0 and 0 and 1714110992 * 403
3591962416
1616,3 : 0 and 0 and 1025663842 * 92
4166760248
1617,1 : 1025663842
1618,3 : 0 and 0 and 1623812117 * 291
82923487
1623,1 : 4009017412
1634,3 : 0 and 0 and 4009017412 * 2
3723067528
1636,1 : 3538158718
1637,1 : 1535491949
1638,3 : 0 and 0 and 4009017412 * 1
4009017412
1640,1 : 913864836
1641,1 : 3462628358
1642,3 : 0 and 0 and 4009017412 * 1
4009017412
1646,1 : 4009017412
1650,3 : 0 and 4009017412 and 4009017412 * 0
4009017412
1651,1 : 1714110992
1660,3 : 0 and 4009017412 and 4009017412 * 0
4009017412
1661,3 : 0 and 0 and 1535491949 * 1
1535491949
1662,1 : 1934212900
1663,3 : 0 and 0 and 1209342261 * 2
2418684522
1664,1 : 2471370762
1666,1 : 4009017412
1672,1 : 154626070
1677,3 : 0 and 0 and 4239529538 * 142
717772956
1678,1 : 4009017412
1681,1 : 4260254719
1687,1 : 278928320
1688,3 : 0 and 0 and 4239529538 * 1
4239529538
1689,3 : 0 and 4009017412 and 4009017412 * 0
4009017412
1693,3 : 0 and 0 and 1535491949 * 455
2864134843
1696,3 : 0 and 1535491949 and 1535491949 * 0
1535491949
1705,3 : 0 and 0 and 4009017412 * 2
3723067528
1710,1 : 1535491949
1712,1 : 2429861855
1716,3 : 0 and 0 and 1209342261 * 1
1209342261
1719,3 : 0 and 3906902990 and 3162508957 * 4294967290
2111718432
1723,1 : 4009017412
1727,1 : 1574013070
1729,1 : 2843918572
1733,1 : 4009017412
1740,1 : 3945871232
1743,3 : 0 and 3723067528 and 4009017412 * 4294967295
4009017412
1744,3 : 0 and 3723067528 and 4009017412 * 4294967295
4009017412
1753,3 : 0 and 1669277157 and 1669277157 * 0
1669277157
1754,1 : 1209342261
1755,3 : 0 and 0 and 3951127195 * 409
1103319459
1758,1 : 1154399765
1760,1 : 2697418023
1763,3 : 0 and 0 and 2091203428 * 164
3654945808
1766,1 : 1209342261
1767,3 : 0 and 0 and 3016239520 * 2
1737511744
1772,3 : 0 and 0 and 2009144577 * 1
2009144577
1775,3 : 0 and 0 and 2160041745 * 1
2160041745
1778,3 : 0 and 0 and 926175216 * 222
3747435040
1779,1 : 4009017412
1781,1 : 2739944593
1782,1 : 1209342261
1786,1 : 211180587
1788,3 : 0 and 0 and 3101207255 * 1
3101207255
1789,1 : 1497226032
1792,1 : 2429861855
1793,1 : 1535491949
1797,1 : 3462628358
1798,3 : 0 and 0 and 1209342261 * 1
1209342261
1799,3 : 0 and 0 and 4009017412 * 1
4009017412
1800,3 : 0 and 0 and 3101207255 * 254
1727627602
1803,3 : 0 and 0 and 1154399765 * 2
2308799530
1804,3 : 0 and 0 and 278928320 * 2
557856640
1806,3 : 0 and 0 and 4009017412 * 780
297389872
1807,3 : 0 and 1279711903 and 1027312093 * 0
1279711903
1812,3 : 0 and 0 and 2567117165 * 42
444738530
1814,1 : 4009017412
1816,1 : 2429861855
1819,3 : 0 and 0 and 4009017412 * 2
3723067528
1821,3 : 0 and 0 and 1209342261 * 2
2418684522
1823,3 : 0 and 0 and 3277420500 * 1
3277420500
1825,3 : 0 and 0 and 1120741011 * 84
3947931708
1832,1 : 1148046729
1835,3 : 0 and 3723067528 and 4009017412 * 4294967295
4009017412
1836,3 : 0 and 0 and 3221939950 * 21
3236229510
1837,1 : 1535491949
1840,1 : 1209342261
1842,1 : 2646993581
1847,3 : 0 and 0 and 2141469038 * 206
3055957636
1848,3 : 0 and 0 and 2638809408 * 380
2020195072
1854,1 : 4009017412
1858,1 : 3996976577
1862,1 : 3462628358
1863,1 : 4244740611
1864,3 : 0 and 4009017412 and 4009017412 * 0
4009017412
1866,1 : 4009017412
1869,1 : 2967019717
1872,1 : 1535491949
1873,1 : 4124217902
1874,3 : 0 and 0 and 1535491949 * 429
1596049833
1880,1 : 4009017412
1881,3 : 0 and 0 and 3177801348 * 49
1093443396
1882,1 : 1535491949
1883,1 : 3972588120
1887,3 : 0 and 1535491949 and 1535491949 * 0
1535491949
1888,3 : 0 and 0 and 2967019717 * 1
2967019717
1889,1 : 1535491949
1896,1 : 1723423078
1897,1 : 2928561608
1898,1 : 2930780093
1901,1 : 1279711903
1903,1 : 4009017412
1911,3 : 0 and 0 and 1535491949 * 1
1535491949
1912,1 : 2930780093
1922,3 : 0 and 0 and 1535491949 * 1
1535491949
1926,3 : 0 and 0 and 2160041745 * 1
2160041745
1929,3 : 0 and 0 and 4009017412 * 2
3723067528
1934,3 : 0 and 2225067310 and 3147135150 * 0
2225067310
1940,3 : 0 and 0 and 4009017412 * 1
4009017412
1946,1 : 4009017412
1952,3 : 0 and 0 and 2913278507 * 164
1036305292
1954,1 : 2618478870
1955,1 : 4009017412
1972,1 : 278928320
1973,3 : 0 and 0 and 1154399765 * 370
1926150746
1977,1 : 1564316253
1979,3 : 0 and 0 and 4244740611 * 953
3673576747
1984,3 : 0 and 100453370 and 4009017412 * 3
3537571014
1993,3 : 0 and 1027312093 and 1027312093 * 0
1027312093
1997,1 : 4009017412
1998,3 : 0 and 0 and 3601304034 * 325
2192706538
2003,1 : 1646969377
2005,3 : 0 and 1646969377 and 382559716 * 0
1646969377
2007,3 : 0 and 0 and 1209342261 * 1
1209342261
2014,1 : 3077711713
2015,1 : 3462628358
2016,3 : 0 and 0 and 1535491949 * 1
1535491949
2021,1 : 4225906589
2026,1 : 1535491949
2028,1 : 4009017412
2029,1 : 384221634
2036,3 : 0 and 0 and 2049468151 * 1
2049468151
2037,1 : 1535491949
2040,3 : 0 and 0 and 3213562419 * 2
2132157542
2050,1 : 3312685000
2058,1 : 3985028194
2060,3 : 0 and 0 and 4009017412 * 983
2379105564
2064,1 : 1473465902
2068,3 : 0 and 0 and 1877558589 * 4
3215267060
2069,3 : 0 and 0 and 284859859 * 269
3612858039
2073,3 : 0 and 0 and 4279616088 * 16
4049347968
2079,1 : 814710938
2084,1 : 1114631091
2085,1 : 3962930739
2087,1 : 2201309522
2091,1 : 2201309522
2098,1 : 2883729352
2099,1 : 922906554
2101,3 : 0 and 571705018 and 1455925948 * 0
571705018
2103,1 : 3805082611
2104,1 : 2527459210
2109,1 : 595694236
2113,3 : 0 and 0 and 2780651343 * 373
2095832603
2114,3 : 0 and 0 and 2527459210 * 5
4047361458
2125,3 : 0 and 0 and 595694236 * 1
595694236
2126,1 : 2527459210
2127,1 : 2201309522
2132,1 : 3715762391
2133,1 : 595694236
2134,1 : 706017377
2136,3 : 0 and 0 and 1049022041 * 273
2915175657
2137,1 : 2201309522
2141,1 : 3715762391
2142,3 : 0 and 0 and 2527459210 * 1
2527459210
2144,1 : 2271679164
2147,1 : 595694236
2150,3 : 0 and 706017377 and 706017377 * 0
706017377
2152,3 : 0 and 3346227073 and 2716722998 * 4294967290
4225758269
2154,3 : 0 and 0 and 950192797 * 193
2998583389
2156,1 : 595694236
2157,1 : 1505059713
2158,1 : 595694236
2160,3 : 0 and 0 and 1905179898 * 1
1905179898
2163,3 : 0 and 2903039138 and 1382665226 * 4294967295
1520373912
2167,3 : 0 and 0 and 2527459210 * 1
2527459210
2168,1 : 1180935422
2169,3 : 0 and 0 and 1905179898 * 416
2280855104
2170,3 : 0 and 0 and 621654761 * 1
621654761
2180,1 : 3963477735
2181,1 : 2527459210
2184,3 : 0 and 0 and 2527459210 * 2
759951124
2187,3 : 0 and 0 and 1038870332 * 2
2077740664
2193,3 : 0 and 894911997 and 298303999 * 4294967294
298303999
2197,1 : 595694236
2200,1 : 595694236
2203,1 : 595694236
2204,1 : 706017377
2207,3 : 0 and 2394715674 and 672782600 * 4294967294
1049150474
2209,3 : 0 and 0 and 1962461126 * 183
2648100490
2210,3 : 0 and 0 and 1560199697 * 49
3435341121
2211,3 : 0 and 0 and 1560199697 * 49
3435341121
2212,3 : 0 and 0 and 3340362570 * 383
3753577398
2217,3 : 0 and 0 and 706017377 * 661
2821018229
2218,1 : 2527459210
2226,3 : 0 and 0 and 3550564941 * 62
1091694246
2232,3 : 0 and 0 and 3492199044 * 129
3817077892
2237,1 : 3963477735
2242,3 : 0 and 0 and 857496959 * 1
857496959
2249,1 : 4275851536
2252,1 : 4244730448
2256,1 : 706017377
2258,1 : 706017377
2263,1 : 1089673914
2267,3 : 0 and 0 and 193900320 * 2
387800640
2268,1 : 787038008
2269,1 : 2527459210
2271,1 : 595694236
2273,3 : 0 and 0 and 2018833727 * 1
2018833727
2274,1 : 1578441495
2275,3 : 0 and 0 and 1905179898 * 2
3810359796
2281,1 : 2840133766
2289,1 : 2840133766
2290,3 : 0 and 274702855 and 2744731228 * 0
274702855
2293,1 : 718798773
2295,1 : 2622830755
2296,1 : 2035769770
2298,3 : 0 and 0 and 2839557268 * 410
282342664
2301,3 : 0 and 0 and 602541065 * 1
602541065
2305,3 : 0 and 0 and 595694236 * 2
1191388472
2307,1 : 1387990145
2312,3 : 0 and 2890457189 and 2840133766 * 0
2890457189
2315,1 : 3233083960
2318,3 : 0 and 0 and 1661374889 * 1
1661374889
2323,1 : 595694236
2328,3 : 0 and 3588949919 and 706017377 * 2
706017377
2330,3 : 0 and 2840133766 and 3206557595 * 0
2840133766
2333,1 : 1018691933
2347,3 : 0 and 0 and 2434908966 * 221
1243969486
2348,1 : 929192447
2349,1 : 3428304782
2352,1 : 382858926
2353,3 : 0 and 0 and 2084880629 * 242
2029938586
2355,1 : 1266345207
2361,1 : 3228589500
2363,1 : 2435612375
2364,1 : 2631730039
2366,3 : 0 and 0 and 1578590877 * 1
1578590877
2372,3 : 0 and 3664275723 and 291376267 * 0
3664275723
2375,3 : 0 and 1240954442 and 1603224480 * 4294967295
3932697258
2377,3 : 0 and 0 and 3228589500 * 2
2162211704
2378,3 : 0 and 4256321828 and 4121936363 * 0
4256321828
2379,3 : 0 and 3247362253 and 620477221 * 0
3247362253
2386,1 : 2902439812
2389,3 : 0 and 0 and 3053605738 * 1
3053605738
2399,3 : 0 and 0 and 4129298450 * 109
3416932266
2403,3 : 0 and 0 and 2699903322 * 312
556246448
2405,3 : 0 and 0 and 4164024200 * 1
4164024200
2406,3 : 0 and 0 and 730800362 * 2
1461600724
2408,1 : 620477221
2412,1 : 945376263
2415,3 : 0 and 1241362878 and 820853896 * 0
1241362878
2416,3 : 0 and 620477221 and 620477221 * 0
620477221
2417,3 : 0 and 0 and 2397536209 * 185
1162567177
2419,1 : 4260708403
2420,1 : 6814024
2421,3 : 0 and 4087796252 and 732138364 * 3
1989244048
2424,3 : 0 and 0 and 540265342 * 125
3108658310
2426,3 : 0 and 0 and 3708939938 * 305
1650282242
2428,1 : 610773545
2429,1 : 1102956611
2431,1 : 1299667727
2434,3 : 0 and 0 and 3228589500 * 2
2162211704
2435,3 : 0 and 3245609684 and 2649826173 * 0
3245609684
2439,3 : 0 and 0 and 4248185963 * 50
1955900646
2440,1 : 1043474918
2449,3 : 0 and 0 and 789158035 * 1
789158035
2451,1 : 1043474918
2453,3 : 0 and 3564166934 and 730800362 * 2
730800362
2457,3 : 0 and 1179904881 and 1179904881 * 0
1179904881
2460,3 : 0 and 0 and 2860560772 * 20
1376640592
2464,1 : 1043474918
2465,3 : 0 and 0 and 1991598515 * 1
1991598515
2468,1 : 730800362
2471,1 : 611605552
2475,3 : 0 and 0 and 1043474918 * 691
3781629906
2477,1 : 4145944764
2479,3 : 0 and 1241362878 and 820853896 * 0
1241362878
2480,3 : 0 and 0 and 1043474918 * 673
2178950566
2481,1 : 2902439812
2483,3 : 0 and 0 and 4009017412 * 1
4009017412
2488,3 : 0 and 3318710104 and 1476302554 * 4294967293
3184769738
2490,1 : 730800362
2491,3 : 0 and 0 and 3853139296 * 1
3853139296
2498,1 : 1191387147
2499,1 : 4145944764
2502,1 : 620118590
2510,3 : 0 and 0 and 2685301783 * 28
2174005892
2512,3 : 0 and 0 and 1103723844 * 265
429042532
2514,3 : 0 and 3791346736 and 3195563225 * 0
3791346736
2517,1 : 498699829
2520,3 : 0 and 0 and 2902439812 * 586
22680616
2525,1 : 1648693663
2526,3 : 0 and 746318127 and 746318127 * 0
746318127
2530,3 : 0 and 1427671752 and 620477221 * 4294967295
807194531
2532,3 : 0 and 1043474918 and 1043474918 * 0
1043474918
2534,3 : 0 and 0 and 3337820978 * 1
3337820978
2535,1 : 620477221
2536,3 : 0 and 0 and 3197433697 * 165
3590549893
2539,1 : 620477221
2541,1 : 2685301783
2543,3 : 0 and 0 and 448159848 * 236
2686509024
2546,3 : 0 and 0 and 3004144774 * 2
1713322252
2549,1 : 3228589500
2555,1 : 1043474918
2558,1 : 3828709839
2559,3 : 0 and 0 and 3564016434 * 1
3564016434
2561,1 : 595694236
2562,1 : 373243871
2567,3 : 0 and 0 and 3828709839 * 339
852512029
2569,1 : 3586577950
2570,1 : 1228621322
2572,1 : 1855041010
2580,3 : 0 and 0 and 3150414373 * 250
1624578082
2581,3 : 0 and 1178532869 and 1178532869 * 0
1178532869
2582,1 : 3307061492
2584,3 : 0 and 0 and 1178532869 * 1
1178532869
2589,3 : 0 and 0 and 1101988392 * 7
3418951448
2591,3 : 0 and 0 and 4274168573 * 320
1934343232
2602,1 : 1178532869
2605,3 : 0 and 3370632677 and 1034886324 * 0
3370632677
2609,3 : 0 and 1771253192 and 865858313 * 0
1771253192
2624,3 : 0 and 0 and 2456640869 * 208
4175159824
2625,1 : 865858313
2627,3 : 0 and 0 and 1502557215 * 1
1502557215
2630,3 : 0 and 0 and 4000346353 * 1
4000346353
2631,1 : 4018567276
2632,3 : 0 and 1292491585 and 305499396 * 0
1292491585
2634,1 : 613583178
2635,1 : 4144075363
2638,3 : 0 and 2335375034 and 1815231771 * 2
1670871280
2642,3 : 0 and 0 and 2349340407 * 272
3365430896
2644,1 : 4260972985
2646,1 : 3133293843
2648,3 : 0 and 0 and 755535172 * 2
1511070344
2654,1 : 4000346353
2659,1 : 865858313
2660,3 : 0 and 0 and 2460950316 * 235
2797706596
2663,1 : 339663374
2664,3 : 0 and 3411104467 and 4000346353 * 4294967294
4000346353
2666,1 : 449152237
2668,3 : 0 and 0 and 1482593842 * 1
1482593842
2671,3 : 0 and 2091406446 and 1031278253 * 0
2091406446
2672,1 : 3991339390
2673,3 : 0 and 0 and 1815231771 * 1
1815231771
2674,3 : 0 and 0 and 1502557215 * 743
4003481081
2677,1 : 44940077
2679,1 : 2729911185
2680,3 : 0 and 0 and 2907057406 * 14
2044098020
2681,1 : 755535172
2682,1 : 3708278457
2689,3 : 0 and 0 and 1815231771 * 2
3630463542
2690,3 : 0 and 0 and 755535172 * 849
1499233924
2693,1 : 788249625
2694,3 : 0 and 1739458619 and 1425000703 * 4294967294
3184424509
2700,1 : 2622479307
2702,1 : 4022000577
2706,1 : 4000346353
2708,3 : 0 and 0 and 1673859119 * 1
1673859119
2709,1 : 329928853
2713,3 : 0 and 0 and 2425787748 * 304
3000067776
2717,1 : 1639953000
2719,1 : 4262669949
2723,3 : 0 and 0 and 2255023410 * 661
216822298
2724,1 : 1458207881
2726,1 : 778570877
2729,3 : 0 and 0 and 3579905746 * 273
2356692466
2731,1 : 1502557215
2733,3 : 0 and 0 and 755535172 * 1
755535172
2734,3 : 0 and 0 and 569826858 * 2
1139653716
2736,3 : 0 and 1199961988 and 3263298860 * 4294967294
3263298860
2739,1 : 1572271688
2740,1 : 831132866
2741,1 : 1870902790
2742,3 : 0 and 0 and 1679020688 * 1
1679020688
2744,1 : 966247198
2745,3 : 0 and 0 and 3986365915 * 3
3369163153
2746,3 : 0 and 755535172 and 755535172 * 0
755535172
2749,3 : 0 and 755535172 and 848893827 * 0
755535172
2750,1 : 966247198
2755,1 : 755535172
2758,1 : 2575244660
2759,1 : 3637888223
2761,1 : 1296378741
2762,1 : 2987220157
2763,1 : 1671591363
2765,1 : 1815231771
2771,1 : 4144075363
2778,1 : 421110567
2784,3 : 0 and 3731953546 and 1865976773 * 4294967295
1865976773
2787,1 : 1673859119
2790,1 : 2764338649
2793,1 : 1398478138
2801,3 : 0 and 0 and 4144075363 * 1
4144075363
2810,3 : 0 and 3674196665 and 3674196665 * 0
3674196665
2826,1 : 2626797863
2828,1 : 912538759
2829,1 : 4228746868
2838,3 : 0 and 0 and 865858313 * 2
1731716626
2843,3 : 0 and 1105670278 and 1458207881 * 0
1105670278
2847,3 : 0 and 0 and 506223353 * 1
506223353
2848,3 : 0 and 0 and 2520572594 * 343
1267973246
2849,1 : 286274660
2855,3 : 0 and 0 and 755535172 * 862
2731256568
2859,3 : 0 and 0 and 356325528 * 36
4237784416
2864,1 : 730752187
2872,3 : 0 and 848893827 and 848893827 * 0
848893827
2875,3 : 0 and 0 and 833135867 * 1
833135867
2877,1 : 788249625
2879,3 : 0 and 0 and 755535172 * 2
1511070344
2884,1 : 1815231771
2890,1 : 123622203
2891,3 : 0 and 0 and 529265098 * 306
3041330036
2892,3 : 0 and 0 and 406090061 * 310
1333867326
2898,3 : 0 and 0 and 3288616036 * 86
3648104856
2900,1 : 2592652690
2901,3 : 0 and 0 and 3954704136 * 2
3614440976
2908,3 : 0 and 3665642351 and 2095739242 * 0
3665642351
2910,3 : 0 and 0 and 2552917100 * 2
810866904
2911,1 : 1180598059
2913,1 : 865858313
2914,3 : 0 and 1108333199 and 2032932056 * 0
1108333199
2916,3 : 0 and 0 and 76503545 * 387
3837068139
2918,1 : 2491278008
2919,1 : 4250693360
2921,1 : 4144075363
2922,3 : 0 and 0 and 2535530881 * 3
3311625347
2923,1 : 123622203
2925,3 : 0 and 1180213984 and 1184505538 * 0
1180213984
2926,3 : 0 and 1113643338 and 1236818375 * 0
1113643338
2927,3 : 0 and 0 and 3876388365 * 3
3039230503
2935,1 : 4047370136
2938,3 : 0 and 0 and 123622203 * 2
247244406
2941,1 : 394647530
2947,1 : 1253648706
2948,1 : 2240099733
2953,3 : 0 and 0 and 3732449684 * 400
2626221888
2955,1 : 748171999
2957,3 : 0 and 0 and 755535172 * 1
755535172
2958,1 : 384025481
2962,1 : 1237692947
2963,1 : 1783064686
2965,1 : 755535172
2967,3 : 0 and 1641320018 and 1079538475 * 0
1641320018
2970,1 : 1040977467
2972,3 : 0 and 764445215 and 1686470837 * 4294967294
1686470837
2974,1 : 2315606236
2979,1 : 1708482689
2985,3 : 0 and 0 and 2023472536 * 1
2023472536
2994,1 : 865858313
2995,3 : 0 and 0 and 3305244496 * 135
3826375472
2996,1 : 1783064686
2997,3 : 0 and 0 and 266996161 * 3
800988483
