AAAABC -> ABC
AAAABC -> ABC
AAACAB -> CAB
AAACC -> CC
ACAAAB -> ACB
BAAAAC -> BAC
BAAAAC -> BAC
BAAAB -> BB
BC
ACC
BCCC
ACCCC
BCCCCC
ACCCCCC
BABCCCC
BCABCCC
BCCABCC
BCCCABC
BCCCCAB
AABCCC
BCABCCC
ABCBCCC
AAACCCC
AABABCC
AABCABC
AABCCAB
ACABCC
BCCABCC
AABABCC
ACBCBCC
ACAACCC
ACABABC
ACABCAB
ACCABC
BCCCABC
AABCABC
ACABABC
ACCBCBC
ACCAACC
ACCABAB
ACCCAB
BCCCCAB
AABCCAB
ACABCAB
ACCABAB
ACCCBCB
ACCCAAC
BABCC
ACABCC
BCCABCC
AABABCC
ACBCBCC
ACAACCC
ACABABC
ACABCAB
BBCBCC
ACBCBCC
BACCBCC
BBABBCC
BBCACCC
BBCBABC
BBCBCAB
BAACCC
ACAACCC
BBCACCC
BABCCCC
BAAABCC
BAACABC
BAACCAB
BABABC
ACABABC
BBCBABC
BAACABC
BABBCBC
BABAACC
BABABAB
BABCAB
ACABCAB
BBCBCAB
BAACCAB
BABABAB
BABCBCB
BABCAAC
BCABC
ACCABC
BCCCABC
AABCABC
ACABABC
ACCBCBC
ACCAACC
ACCABAB
BABABC
ACABABC
BBCBABC
BAACABC
BABBCBC
BABAACC
BABABAB
BCBCBC
ACCBCBC
BABBCBC
BCACCBC
BCBABBC
BCBCACC
BCBCBAB
BCAACC
ACCAACC
BABAACC
BCBCACC
BCABCCC
BCAAABC
BCAACAB
BCABAB
ACCABAB
BABABAB
BCBCBAB
BCAACAB
BCABBCB
BCABAAC
BCCAB
ACCCAB
BCCCCAB
AABCCAB
ACABCAB
ACCABAB
ACCCBCB
ACCCAAC
BABCAB
ACABCAB
BBCBCAB
BAACCAB
BABABAB
BABCBCB
BABCAAC
BCABAB
ACCABAB
BABABAB
BCBCBAB
BCAACAB
BCABBCB
BCABAAC
BCCBCB
ACCCBCB
BABCBCB
BCABBCB
BCCACCB
BCCBABB
BCCBCAC
BCCAAC
ACCCAAC
BABCAAC
BCABAAC
BCCBCAC
BCCABCC
BCCAAAB
AABC
BCABC
ACCABC
BCCCABC
AABCABC
ACABABC
ACCBCBC
ACCAACC
ACCABAB
BABABC
ACABABC
BBCBABC
BAACABC
BABBCBC
BABAACC
BABABAB
BCBCBC
ACCBCBC
BABBCBC
BCACCBC
BCBABBC
BCBCACC
BCBCBAB
BCAACC
ACCAACC
BABAACC
BCBCACC
BCABCCC
BCAAABC
BCAACAB
BCABAB
ACCABAB
BABABAB
BCBCBAB
BCAACAB
BCABBCB
BCABAAC
ABCBC
BCBCBC
ACCBCBC
BABBCBC
BCACCBC
BCBABBC
BCBCACC
BCBCBAB
AACCBC
BCACCBC
ABCCCBC
AAABCBC
AACABBC
AACCACC
AACCBAB
ABABBC
BCBABBC
AACABBC
ABBCBBC
ABAACBC
ABABACC
ABABBAB
ABCACC
BCBCACC
AACCACC
ABABACC
ABCBCCC
ABCAABC
ABCACAB
ABCBAB
BCBCBAB
AACCBAB
ABABBAB
ABCACAB
ABCBBCB
ABCBAAC
AAACC
BCAACC
ACCAACC
BABAACC
BCBCACC
BCABCCC
BCAAABC
BCAACAB
ABCACC
BCBCACC
AACCACC
ABABACC
ABCBCCC
ABCAABC
ABCACAB
AABCCC
BCABCCC
ABCBCCC
AAACCCC
AABABCC
AABCABC
AABCCAB
AAAABC
BCAAABC
ABCAABC
AABCABC
AAABCBC
AAAAACC
AAAABAB
ABC
ABC
AAACAB
BCAACAB
ABCACAB
AABCCAB
AAAABAB
AAACBCB
AAACAAC
CAB
CC
AABAB
BCABAB
ACCABAB
BABABAB
BCBCBAB
BCAACAB
BCABBCB
BCABAAC
ABCBAB
BCBCBAB
AACCBAB
ABABBAB
ABCACAB
ABCBBCB
ABCBAAC
AAACAB
BCAACAB
ABCACAB
AABCCAB
AAAABAB
AAACBCB
AAACAAC
CAB
AABBCB
BCABBCB
ABCBBCB
AAACBCB
AABACCB
AABBABB
AABBCAC
AABAAC
BCABAAC
ABCBAAC
AAACAAC
AABBCAC
AABABCC
AABAAAB
ACAB
BCCAB
ACCCAB
BCCCCAB
AABCCAB
ACABCAB
ACCABAB
ACCCBCB
ACCCAAC
BABCAB
ACABCAB
BBCBCAB
BAACCAB
BABABAB
BABCBCB
BABCAAC
BCABAB
ACCABAB
BABABAB
BCBCBAB
BCAACAB
BCABBCB
BCABAAC
BCCBCB
ACCCBCB
BABCBCB
BCABBCB
BCCACCB
BCCBABB
BCCBCAC
BCCAAC
ACCCAAC
BABCAAC
BCABAAC
BCCBCAC
BCCABCC
BCCAAAB
AABAB
BCABAB
ACCABAB
BABABAB
BCBCBAB
BCAACAB
BCABBCB
BCABAAC
ABCBAB
BCBCBAB
AACCBAB
ABABBAB
ABCACAB
ABCBBCB
ABCBAAC
AAACAB
BCAACAB
ABCACAB
AABCCAB
AAAABAB
AAACBCB
AAACAAC
CAB
AABBCB
BCABBCB
ABCBBCB
AAACBCB
AABACCB
AABBABB
AABBCAC
AABAAC
BCABAAC
ABCBAAC
AAACAAC
AABBCAC
AABABCC
AABAAAB
ACBCB
BCCBCB
ACCCBCB
BABCBCB
BCABBCB
BCCACCB
BCCBABB
BCCBCAC
AABBCB
BCABBCB
ABCBBCB
AAACBCB
AABACCB
AABBABB
AABBCAC
ACACCB
BCCACCB
AABACCB
ACBCCCB
ACAABCB
ACACABB
ACACCAC
ACBABB
BCCBABB
AABBABB
ACACABB
ACBBCBB
ACBAACB
ACBABAC
ACBCAC
BCCBCAC
AABBCAC
ACACCAC
ACBABAC
ACBCBCC
ACBCAAB
ACAAC
BCCAAC
ACCCAAC
BABCAAC
BCABAAC
BCCBCAC
BCCABCC
BCCAAAB
AABAAC
BCABAAC
ABCBAAC
AAACAAC
AABBCAC
AABABCC
AABAAAB
ACBCAC
BCCBCAC
AABBCAC
ACACCAC
ACBABAC
ACBCBCC
ACBCAAB
ACABCC
BCCABCC
AABABCC
ACBCBCC
ACAACCC
ACABABC
ACABCAB
ACAAAB
BCCAAAB
AABAAAB
ACBCAAB
ACABCAB
ACAABCB
ACAAAAC
ACB
BAB
ACAB
BCCAB
ACCCAB
BCCCCAB
AABCCAB
ACABCAB
ACCABAB
ACCCBCB
ACCCAAC
BABCAB
ACABCAB
BBCBCAB
BAACCAB
BABABAB
BABCBCB
BABCAAC
BCABAB
ACCABAB
BABABAB
BCBCBAB
BCAACAB
BCABBCB
BCABAAC
BCCBCB
ACCCBCB
BABCBCB
BCABBCB
BCCACCB
BCCBABB
BCCBCAC
BCCAAC
ACCCAAC
BABCAAC
BCABAAC
BCCBCAC
BCCABCC
BCCAAAB
AABAB
BCABAB
ACCABAB
BABABAB
BCBCBAB
BCAACAB
BCABBCB
BCABAAC
ABCBAB
BCBCBAB
AACCBAB
ABABBAB
ABCACAB
ABCBBCB
ABCBAAC
AAACAB
BCAACAB
ABCACAB
AABCCAB
AAAABAB
AAACBCB
AAACAAC
CAB
AABBCB
BCABBCB
ABCBBCB
AAACBCB
AABACCB
AABBABB
AABBCAC
AABAAC
BCABAAC
ABCBAAC
AAACAAC
AABBCAC
AABABCC
AABAAAB
ACBCB
BCCBCB
ACCCBCB
BABCBCB
BCABBCB
BCCACCB
BCCBABB
BCCBCAC
AABBCB
BCABBCB
ABCBBCB
AAACBCB
AABACCB
AABBABB
AABBCAC
ACACCB
BCCACCB
AABACCB
ACBCCCB
ACAABCB
ACACABB
ACACCAC
ACBABB
BCCBABB
AABBABB
ACACABB
ACBBCBB
ACBAACB
ACBABAC
ACBCAC
BCCBCAC
AABBCAC
ACACCAC
ACBABAC
ACBCBCC
ACBCAAB
ACAAC
BCCAAC
ACCCAAC
BABCAAC
BCABAAC
BCCBCAC
BCCABCC
BCCAAAB
AABAAC
BCABAAC
ABCBAAC
AAACAAC
AABBCAC
AABABCC
AABAAAB
ACBCAC
BCCBCAC
AABBCAC
ACACCAC
ACBABAC
ACBCBCC
ACBCAAB
ACABCC
BCCABCC
AABABCC
ACBCBCC
ACAACCC
ACABABC
ACABCAB
ACAAAB
BCCAAAB
AABAAAB
ACBCAAB
ACABCAB
ACAABCB
ACAAAAC
ACB
BBCB
ACBCB
BCCBCB
ACCCBCB
BABCBCB
BCABBCB
BCCACCB
BCCBABB
BCCBCAC
AABBCB
BCABBCB
ABCBBCB
AAACBCB
AABACCB
AABBABB
AABBCAC
ACACCB
BCCACCB
AABACCB
ACBCCCB
ACAABCB
ACACABB
ACACCAC
ACBABB
BCCBABB
AABBABB
ACACABB
ACBBCBB
ACBAACB
ACBABAC
ACBCAC
BCCBCAC
AABBCAC
ACACCAC
ACBABAC
ACBCBCC
ACBCAAB
BACCB
ACACCB
BCCACCB
AABACCB
ACBCCCB
ACAABCB
ACACABB
ACACCAC
BBCCCB
ACBCCCB
BACCCCB
BBABCCB
BBCABCB
BBCCABB
BBCCCAC
BAABCB
ACAABCB
BBCABCB
BABCBCB
BAAACCB
BAABABB
BAABCAC
BACABB
ACACABB
BBCCABB
BAABABB
BACBCBB
BACAACB
BACABAC
BACCAC
ACACCAC
BBCCCAC
BAABCAC
BACABAC
BACCBCC
BACCAAB
BBABB
ACBABB
BCCBABB
AABBABB
ACACABB
ACBBCBB
ACBAACB
ACBABAC
BACABB
ACACABB
BBCCABB
BAABABB
BACBCBB
BACAACB
BACABAC
BBBCBB
ACBBCBB
BACBCBB
BBACCBB
BBBABBB
BBBCACB
BBBCBAC
BBAACB
ACBAACB
BACAACB
BBBCACB
BBABCCB
BBAAABB
BBAACAC
BBABAC
ACBABAC
BACABAC
BBBCBAC
BBAACAC
BBABBCC
BBABAAB
BBCAC
ACBCAC
BCCBCAC
AABBCAC
ACACCAC
ACBABAC
ACBCBCC
ACBCAAB
BACCAC
ACACCAC
BBCCCAC
BAABCAC
BACABAC
BACCBCC
BACCAAB
BBABAC
ACBABAC
BACABAC
BBBCBAC
BBAACAC
BBABBCC
BBABAAB
BBCBCC
ACBCBCC
BACCBCC
BBABBCC
BBCACCC
BBCBABC
BBCBCAB
BBCAAB
ACBCAAB
BACCAAB
BBABAAB
BBCBCAB
BBCABCB
BBCAAAC
BAAC
ACAAC
BCCAAC
ACCCAAC
BABCAAC
BCABAAC
BCCBCAC
BCCABCC
BCCAAAB
AABAAC
BCABAAC
ABCBAAC
AAACAAC
AABBCAC
AABABCC
AABAAAB
ACBCAC
BCCBCAC
AABBCAC
ACACCAC
ACBABAC
ACBCBCC
ACBCAAB
ACABCC
BCCABCC
AABABCC
ACBCBCC
ACAACCC
ACABABC
ACABCAB
ACAAAB
BCCAAAB
AABAAAB
ACBCAAB
ACABCAB
ACAABCB
ACAAAAC
ACB
BBCAC
ACBCAC
BCCBCAC
AABBCAC
ACACCAC
ACBABAC
ACBCBCC
ACBCAAB
BACCAC
ACACCAC
BBCCCAC
BAABCAC
BACABAC
BACCBCC
BACCAAB
BBABAC
ACBABAC
BACABAC
BBBCBAC
BBAACAC
BBABBCC
BBABAAB
BBCBCC
ACBCBCC
BACCBCC
BBABBCC
BBCACCC
BBCBABC
BBCBCAB
BBCAAB
ACBCAAB
BACCAAB
BBABAAB
BBCBCAB
BBCABCB
BBCAAAC
BABCC
ACABCC
BCCABCC
AABABCC
ACBCBCC
ACAACCC
ACABABC
ACABCAB
BBCBCC
ACBCBCC
BACCBCC
BBABBCC
BBCACCC
BBCBABC
BBCBCAB
BAACCC
ACAACCC
BBCACCC
BABCCCC
BAAABCC
BAACABC
BAACCAB
BABABC
ACABABC
BBCBABC
BAACABC
BABBCBC
BABAACC
BABABAB
BABCAB
ACABCAB
BBCBCAB
BAACCAB
BABABAB
BABCBCB
BABCAAC
BAAAB
ACAAAB
BCCAAAB
AABAAAB
ACBCAAB
ACABCAB
ACAABCB
ACAAAAC
ACB
BBCAAB
ACBCAAB
BACCAAB
BBABAAB
BBCBCAB
BBCABCB
BBCAAAC
BABCAB
ACABCAB
BBCBCAB
BAACCAB
BABABAB
BABCBCB
BABCAAC
BAABCB
ACAABCB
BBCABCB
BABCBCB
BAAACCB
BAABABB
BAABCAC
BAAAAC
ACAAAAC
BBCAAAC
BABCAAC
BAABCAC
BAAABCC
BAAAAAB
BAC
BAC
BB
