0
0
0
1300
1119
3347
192
1845
516
1925
1203
2932
913
1549
4294
1266
323
310
1459
2252
606
2706
3625
1681
422
3820
313
1347
2861
2147
2106
752
2865
123
1683
7
229
2488
993
615
446
3075
587
538
1705
1451
3595
413
609
1515
2865
3017
1579
2410
579
1603
2317
308
1124
418
648
1113
1029
308
2106
774
2514
516
3315
1883
506
627
2485
506
1347
3655
568
4556
2636
2099
1458
144
2496
2
846
2868
1732
814
1766
2986
966
331
1835
2734
2140
4273
2249
2759
877
1282
2672
934
394
2716
850
1842
6
3498
780
1122
220
1355
1683
263
1359
898
250
2526
4023
940
2043
4220
2010
2208
3917
2231
1108
3847
1306
891
1841
161
2615
734
3781
2073
2628
2644
456
3044
80
958
1679
2051
3489
108
1015
819
3115
763
2901
2761
4290
258
263
2415
1598
1174
921
2454
747
220
923
1448
237
3098
3123
245
500
1038
1718
81
234
507
1636
908
1447
2355
3818
4664
821
2516
1388
3315
3506
1104
723
1126
2300
1719
1966
119
812
2362
3926
1818
3185
1271
1416
3514
2289
3146
2600
3412
1457
1771
3302
295
1224
306
2611
1467
118
2619
1122
472
248
72
31
2965
1082
3789
1692
573
3812
432
2560
729
626
1973
884
3301
793
1346
2722
48
2696
19
739
1379
654
1837
263
2874
3211
61
922
4035
3194
737
2916
1907
823
716
224
409
551
680
1657
2299
1027
843
860
1855
152
961
176
868
847
1675
462
1181
4553
3009
1327
474
517
2106
1621
545
224
1974
3319
735
1841
208
1759
3616
1238
321
206
1160
2506
2874
207
1841
1737
2159
847
826
2225
388
611
3188
2745
1380
170
471
159
2881
352
1194
1905
3529
842
2776
3117
4131
695
1699
3530
1257
37
3233
1392
1401
1110
16
3667
3442
2188
1617
186
3911
1103
46
268
2025
3790
65
1617
442
1503
1798
489
514
1894
3203
1136
1967
659
1364
1026
1828
381
542
4165
2172
1127
2127
1195
1140
775
156
2162
75
234
1439
967
47
1133
2902
3019
2136
1114
3695
623
174
394
302
1544
1712
673
1987
1117
1050
1359
1156
150
482
1160
2705
2192
1790
1586
2137
2753
2291
1459
392
636
3514
3355
421
1915
2892
1143
1505
796
2085
198
2746
1331
921
392
1066
4894
693
1144
1167
2466
913
3295
1412
35
132
53
2323
74
3464
2244
989
3716
2210
487
3474
3680
1043
1991
274
1663
1141
1347
288
493
157
303
3616
2132
1739
884
802
3579
146
1509
968
2745
2447
2113
1897
1605
2534
4396
2517
2087
858
2279
1881
1341
3472
672
2142
178
94
262
1868
158
521
1778
2710
2186
4268
3120
2102
1692
559
1483
1167
340
3781
104
1832
1472
594
3511
741
3434
1303
2899
3645
3095
2073
1631
2181
234
700
920
3449
3153
530
2882
3362
648
1750
1382
2884
2015
1470
992
2246
275
235
159
2085
1822
491
1412
365
1944
2671
4290
3554
737
748
2667
28
2508
1282
2787
955
3430
288
2058
14
596
2224
4517
2407
524
4766
1897
107
527
1922
1071
79
1800
393
1533
6
191
3004
954
821
2283
3898
1192
362
1829
4365
3397
2518
433
248
209
1751
295
2483
141
133
483
519
1059
158
716
1785
1345
448
59
848
19
2897
397
2311
1022
1127
1409
1022
2557
3075
2388
1252
1295
66
1066
1324
2471
2979
3856
3260
1835
498
227
495
1040
2119
321
3217
671
1207
1403
3323
1871
3169
976
808
3520
3423
1420
3491
973
955
475
2794
2002
1855
2833
570
4753
2175
2409
501
2887
4681
103
3237
953
1263
565
1719
1401
1069
2566
861
621
2786
1132
490
657
523
505
479
4085
509
322
2349
1415
1015
2992
2327
2600
3210
1502
1687
1895
3696
1503
112
2182
2695
277
1037
3285
2232
2085
2191
2103
1823
1936
3505
944
1476
3417
2287
1456
1183
215
993
1332
781
1792
1100
119
252
2306
2070
871
914
732
2431
1671
2187
306
503
1281
211
143
2388
1932
1910
573
242
2086
65
4332
2253
2579
3199
736
1221
960
941
800
2467
830
1033
470
637
170
1966
293
3589
601
700
2047
1832
1602
863
406
3599
732
796
19
741
1561
640
4154
5
1504
1402
1722
939
513
1905
3785
640
10
811
2240
2740
47
795
1454
3907
644
419
686
72
2858
2140
2243
1341
977
1400
4397
1281
1167
129
224
9
856
469
2688
425
484
12
1531
725
1490
2449
3105
2994
1722
3180
3932
2626
1177
2323
3003
730
1064
1877
326
4413
1753
522
200
107
1372
168
1645
645
956
1895
1281
1421
3867
179
78
1903
1982
768
260
1702
1936
13
799
207
1800
1119
1232
1137
1080
1609
1187
1349
1978
484
3621
389
1879
1042
1313
22
71
912
3059
1072
1791
2077
1921
969
1177
729
826
317
3403
2411
1907
984
3604
2085
3856
715
1370
955
2245
2010
2949
3285
1794
447
1543
1535
3132
1609
455
1140
1382
437
38
1799
1013
2155
1086
4594
951
1239
3095
1220
1307
1266
2393
1852
3823
800
272
2179
2186
1292
1753
129
1428
1038
1429
2079
2698
3351
30
3713
1589
1516
42
974
975
1177
145
1621
2401
62
195
544
2320
741
443
2508
2373
2288
429
600
103
4
917
2702
1779
1344
2490
2525
20
1005
2317
1345
930
1006
1709
686
1083
1072
239
430
1081
756
1808
1423
441
42
1675
1332
460
388
1933
1784
524
307
1450
1422
5
1921
902
2629
3759
2257
2941
2807
1124
2255
1264
2332
815
1970
3108
1098
1752
442
1976
4154
470
825
1366
1827
458
418
2524
2199
232
3395
1193
836
3709
562
3148
2896
2098
162
379
2416
1201
2004
3179
2447
3592
1920
381
963
615
495
1802
1460
2141
2090
1275
2595
1234
974
2854
681
1832
990
1268
801
1491
497
2282
775
1394
806
1257
1978
3536
1219
3900
1097
2289
1677
2182
1640
3482
2511
2744
423
994
3877
1378
2243
1951
744
745
1621
2189
2833
1153
4267
2163
474
4105
501
4058
28
549
2324
1931
3231
2050
2975
1062
2558
830
1041
1945
264
125
2435
3367
2393
1699
1555
2429
4258
3232
178
2
3683
4543
1088
1365
1543
1146
1304
1795
2257
3069
36
353
325
2073
1936
839
2101
3508
132
980
241
187
3071
522
788
201
520
3062
1389
212
646
3053
2018
1301
1535
457
2275
640
1385
4400
2838
438
3691
3743
1927
2562
934
940
2595
532
2601
3182
4724
1567
948
1708
37
4272
2821
830
2681
251
2878
3885
788
452
858
401
1251
1167
193
2183
1444
1200
951
1085
985
715
8
2115
727
3750
5
504
2003
2984
220
2620
3997
98
1096
2103
1793
4077
1207
2352
3364
1124
2700
1082
1232
1307
3116
3463
236
1087
2912
1466
587
4359
955
951
1574
1013
3043
532
2387
2790
85
1565
532
1088
779
965
148
3315
1085
461
1795
4029
3705
675
1618
170
1770
598
636
157
1176
1494
1594
881
3490
1289
1886
2033
2220
4108
569
2462
265
436
1358
2873
1352
1477
2881
2148
1946
89
337
1764
1997
28
4026
1487
1315
1729
1074
2914
3483
852
1517
1457
799
1581
1853
2509
1152
399
976
764
1024
1008
742
3113
1146
722
737
962
435
1952
2001
1046
1012
829
80
1055
1542
668
369
213
1720
2180
133
1529
3033
86
3756
2544
184
2736
3598
3536
1692
2364
603
2136
4214
659
280
1738
382
317
918
463
2086
229
2811
2815
2274
1599
3481
1360
4240
1786
1597
2539
1200
380
2911
1920
1751
865
2235
3101
1361
1135
4012
2166
2795
1322
2093
4056
1875
2978
3209
739
913
838
2255
1748
1173
3614
2730
1326
1780
496
975
4465
1769
278
2568
1114
3340
1244
1644
486
1172
4108
1215
700
626
313
28
1528
1746
3483
1739
1560
821
837
2046
943
792
979
2340
72
1453
2108
1334
858
1925
1791
2388
2425
4201
1316
277
1127
2586
4182
1274
1794
689
3330
1414
3462
1644
1318
2450
1625
2735
1946
195
886
31
419
778
17
1174
3236
932
475
838
813
2841
2461
278
1365
1829
2205
593
75
1780
2159
925
80
1021
740
714
1265
3011
3121
2876
196
3433
648
91
550
936
1735
2628
3236
407
409
1376
1777
3098
1015
1110
2042
150
2481
3329
826
530
1590
1654
551
996
2648
118
1942
119
2277
880
1950
810
2106
2404
447
3506
1993
4172
382
1946
293
4714
634
181
4194
3314
3277
1434
4223
1553
121
276
3327
254
22
3910
604
2516
1824
514
646
3601
844
1123
406
1572
2220
1348
1047
668
22
864
2322
249
1474
1262
3541
1019
1596
124
1025
1705
1954
2088
2320
288
22
1509
1149
1172
4097
2511
1028
212
259
1215
240
1295
142
889
2640
4474
181
1685
2444
2109
78
1311
2995
1668
1069
1887
235
3240
8
2504
1285
164
59
618
2191
540
2165
1586
2287
3476
1100
1602
634
2471
3522
2971
759
4340
3678
591
2849
4758
995
1773
3246
679
2441
554
1127
750
468
1196
2101
440
2012
4371
3436
271
1804
1557
1875
2244
2054
2733
3205
3351
2872
377
3990
1374
1052
506
3587
150
3605
163
3088
1572
3686
3079
535
2780
1201
205
492
3885
11
1447
268
107
255
786
437
3651
2515
306
851
528
651
311
3243
3285
3889
1039
1168
2647
2362
3080
571
928
2540
677
239
1748
3077
1480
3772
2464
1601
1920
2497
3073
1781
1724
4324
1549
3290
769
1361
1781
2639
1249
2368
4661
3324
2323
1775
3162
375
1334
928
158
3770
1279
2756
1505
2001
2471
2697
325
315
3527
2318
4685
3302
1041
3421
163
2897
606
817
3111
261
881
690
1176
2280
346
414
669
1533
4803
3514
2773
3288
738
1588
3248
1666
3176
49
3652
1648
1551
3825
802
4295
252
6
909
1072
535
1484
1917
1522
7
870
672
2849
2446
171
92
3116
883
544
1735
947
3775
762
2319
925
876
399
1796
73
2205
737
361
396
4393
262
1906
756
2919
3515
1161
1960
1028
402
352
4018
2333
4330
893
642
2135
2998
2274
1702
512
774
3702
247
1670
935
3878
1173
2002
1722
2278
514
583
1822
2435
51
203
177
2038
1562
179
797
1608
435
426
1526
2948
986
1523
3265
3434
1958
2721
1121
172
644
376
2539
42
1910
1269
2491
4394
1661
2287
1261
87
438
1606
2319
293
155
748
562
410
1387
115
1950
1603
1732
3372
2209
356
1244
2017
4170
1032
183
1115
137
790
1489
1854
1823
3341
435
1042
2533
56
273
1494
2388
804
4221
1677
430
2559
1878
2256
1371
202
669
1688
1975
1570
2360
1540
4356
2827
3352
1811
1046
3868
229
1589
302
939
1236
231
1183
3946
258
1251
2616
1962
605
222
499
1807
383
2574
1595
2677
4448
878
3739
4390
2054
155
3972
492
151
885
696
1847
1488
920
3186
2892
3801
74
4066
3483
214
427
3669
1786
1863
693
960
79
3664
1090
3654
2602
990
860
389
2438
1181
2568
1881
2538
646
112
3987
3312
174
1856
1306
2656
1259
2012
2818
872
2164
2419
425
830
3891
3215
3124
58
3342
805
870
2132
3487
431
59
2733
4257
384
290
2096
2857
763
1591
1776
574
759
809
3449
4268
620
4436
1132
1083
327
2696
1599
938
111
611
1596
813
500
636
1828
825
1325
668
2065
856
3310
939
1368
144
141
2433
1625
3118
1065
944
2
2919
749
2919
3776
705
2251
2709
297
2031
574
660
2886
568
2979
2299
588
702
477
105
2880
95
216
436
450
1733
3573
653
748
812
1473
420
722
3909
1743
1724
2635
1248
167
2094
823
836
407
4841
3593
140
781
2168
717
2177
3060
976
1040
1525
3234
363
1936
94
1772
1801
1595
3172
368
3172
1318
3450
2584
268
3534
2495
1138
347
146
1099
1249
810
1013
2859
286
200
3632
3282
1140
1844
2327
117
2599
310
1007
3449
3519
1742
2873
658
1786
3175
2711
1325
1186
89
2174
1975
233
1917
1116
289
137
1142
1355
1855
3623
3649
1340
483
176
3626
44
2561
344
2648
785
2974
531
2546
1168
2367
734
752
165
1048
1371
3105
3801
2747
1311
183
2511
807
2448
812
1216
2145
2468
2516
1386
1800
2753
1082
692
1002
758
3223
928
2952
1528
1575
1311
165
1391
2399
1407
1296
2525
453
1045
928
241
1474
747
2163
1626
523
1046
1368
2175
2027
2328
982
4387
2866
2051
257
2177
694
2042
2225
1557
2580
2896
644
676
2248
2604
1646
2048
321
4347
1107
772
2112
840
185
3913
981
1766
745
27
63
1359
2325
1
24
2515
2836
1802
1289
607
853
1745
1562
225
144
930
1663
2697
3842
1271
2042
3347
936
160
2445
1174
4383
1508
2065
4259
2706
2024
980
3233
319
1246
4321
1342
629
2093
206
1879
468
124
912
120
10
2235
1282
1506
3399
663
1292
950
1091
3072
1427
524
1722
2693
1258
910
346
570
3343
2622
353
3423
344
3337
1222
278
16
245
1269
48
423
1500
1875
562
2486
174
1929
481
18
458
390
1780
2114
426
1305
2126
3786
668
3944
543
2356
1613
806
2104
960
3808
1169
2168
783
1645
1541
3859
1815
4007
1121
275
1026
1218
6
773
1648
4430
2574
2839
3250
283
2952
168
3859
610
1985
368
1450
1317
2249
901
1427
577
1415
742
1860
1044
247
248
1783
415
1770
3252
1225
533
115
1319
542
916
350
2728
4233
491
849
1206
331
1874
1640
1466
2019
917
3147
699
1224
1114
1873
135
932
1543
552
1094
50
1220
3417
1667
2203
1636
2133
721
922
1027
1845
1466
875
883
422
2722
1766
136
1367
287
3245
929
559
226
2954
1452
3416
1422
302
9
2435
352
1063
2078
153
305
2425
1608
504
184
2052
1437
2510
2128
756
642
1138
1034
1543
259
1383
852
1030
1804
215
2127
2599
1848
2763
1167
503
2807
1839
1707
387
3329
623
2915
1661
1729
1971
2762
1128
4556
98
42
512
2100
2423
645
1063
462
2147
223
865
1675
146
859
1720
769
1645
3043
906
1058
274
701
1427
2120
291
980
924
2751
3239
2929
3423
163
3135
1017
1408
1134
2537
2803
2022
70
576
667
299
44
1086
1175
1247
2089
1583
957
1351
3918
1761
429
2803
707
3610
334
2896
1012
1356
3287
2288
2454
1063
1110
336
489
2436
4305
3666
4586
1647
2702
1537
872
651
2827
866
2059
1716
1240
75
1515
509
494
1277
300
879
1949
178
2869
1977
3656
3273
225
64
439
1648
974
2453
3753
1348
3810
1206
4277
103
3110
2707
1148
3062
1951
372
90
1553
151
2363
2748
283
1777
3510
854
1694
938
2094
1223
413
2260
2419
2993
422
194
1670
328
4126
249
385
1304
437
1484
2504
2594
1524
336
555
2369
903
730
1607
261
2433
323
2253
1461
964
2376
1598
204
1739
1939
1822
1959
469
454
349
3434
29
2184
452
75
3990
1421
508
3033
33
2876
823
1553
825
2729
3251
1182
822
1614
792
1111
1114
2320
1492
1612
1239
1514
683
162
2461
1503
3324
310
1540
3617
1530
2058
1716
370
1593
1281
317
1114
466
2309
1223
1659
850
162
1679
1605
766
3901
2692
1876
2501
2203
1577
3327
2333
1758
2266
1530
2809
1025
3625
835
1037
2216
2118
272
61
290
88
2936
43
2790
2089
416
638
555
391
3824
2649
1102
767
3012
202
4082
1121
242
1158
2381
1186
1508
733
374
1681
2282
2846
1720
4737
2583
4349
1591
1826
2334
1026
2267
849
522
1883
16
2944
938
1864
3171
9
746
4756
205
575
576
1605
780
773
2235
420
3607
1028
1466
3810
669
2581
601
1665
2049
1594
1564
817
2836
3112
1337
969
1487
4899
2792
1349
1581
468
910
1623
193
4002
983
2629
2197
2236
2067
1508
968
533
342
1021
2491
3040
853
1319
1318
1336
1798
269
3645
2575
1922
1105
630
1331
174
1853
2454
2440
2864
2717
1757
1997
257
1919
498
1863
2193
1386
158
104
799
1069
844
1828
2142
981
141
1938
3043
122
5
1407
1678
3296
1781
1557
559
2047
7
729
4102
2000
465
121
1181
750
620
3965
2087
1200
347
1627
117
2015
548
1546
1335
1446
266
595
1420
623
640
1117
1002
853
4597
3495
2710
841
939
1243
3367
1620
1130
527
998
498
16
634
1072
663
454
717
273
1148
3024
1884
3708
1947
1360
1131
2677
244
916
1944
2046
665
1666
690
733
903
1190
1129
1671
1364
193
2005
1398
2782
1032
89
1847
1711
3804
2166
573
2000
1034
903
4284
427
1262
307
3691
923
1348
739
4334
171
3418
276
1863
2734
1495
142
259
1189
1152
1221
3073
3060
1887
1219
3870
3718
1193
1337
4170
1848
1938
769
1153
707
1422
3755
2601
1877
721
1216
307
3007
1658
2282
4445
534
1585
604
505
2112
219
552
592
166
2698
2098
2070
922
3800
2118
1179
1526
919
2666
90
1787
426
1319
1322
191
855
618
1307
1830
733
3191
177
696
939
1590
1252
1285
260
2323
2322
1273
1261
135
3860
1581
589
1302
1524
1447
3024
168
114
4358
1062
265
1830
3347
592
3809
1466
1013
3814
1566
2532
2875
4541
1394
631
1029
1945
1749
569
1433
401
3914
3186
2430
2312
2010
75
642
900
3903
1851
151
3132
1351
2695
1438
1130
595
2258
2204
72
61
79
2262
1824
908
1896
2368
216
544
2679
2269
891
3856
3188
337
608
2258
732
4068
3148
2642
3088
1736
276
1686
1102
823
909
3047
1393
2018
1022
1095
2641
1330
4838
1402
1242
3148
714
362
695
458
1644
94
1847
903
2651
1163
982
1824
54
2196
602
1351
456
3231
1381
3292
1471
353
1367
232
973
1721
2813
1579
801
36
1210
3736
4001
345
476
230
1579
26
1440
2742
3741
370
1759
468
2251
1878
744
633
871
231
1792
2559
2644
2289
649
200
1254
1120
1539
1201
768
579
986
30
296
355
1508
2563
1394
2020
254
981
1038
1890
355
1386
1455
3797
1798
1634
2093
1226
2778
2373
2259
1778
1942
2206
3665
915
544
351
16
1414
719
1908
1262
2108
144
947
785
504
498
262
2821
1014
2424
2676
2025
3613
788
1388
78
731
547
371
2657
2076
286
146
249
692
1
2089
1350
1070
403
1398
1442
920
277
486
861
2750
478
2079
496
2087
455
4133
3070
4105
595
1427
1424
292
316
414
1872
960
1241
2099
1492
3956
674
2957
32
666
2384
1810
1600
144
2627
764
553
46
719
856
4263
3210
356
3408
4216
1332
2633
3692
2698
1323
1591
2101
1447
767
3048
990
1513
3317
2513
3328
2954
3136
394
1953
18
650
76
3538
2306
553
1706
975
1819
1275
3863
4420
47
179
3847
2110
1489
1930
751
1090
3550
435
2708
2615
3516
1921
1880
1101
1526
2593
896
729
231
139
1644
1188
1625
1835
1296
1153
2092
1378
1627
1259
829
1371
228
2770
2099
1675
1739
4470
1296
935
211
2825
3395
4263
1727
1329
877
3156
246
1997
182
2817
1314
1534
2138
3486
199
1170
261
1957
1690
1261
445
3578
2043
2288
353
2099
2827
1613
2842
788
2718
2003
441
587
3728
2537
966
892
208
1993
213
1982
1065
1847
614
1418
1375
842
848
229
3773
2212
1897
593
776
4773
177
990
3335
3012
376
13
506
2678
726
442
512
30
813
844
472
2861
227
2275
1886
2051
3987
683
127
1326
4292
1122
1543
1166
3404
1953
3054
2606
3053
2225
2648
1254
353
3880
628
1943
55
1937
591
1993
4067
2038
2201
297
417
853
3553
1217
3767
1313
411
2029
758
3097
2673
816
935
597
2723
801
1126
1304
4126
1368
1779
628
1114
2029
1570
588
2779
764
1492
898
3413
2864
1515
2647
619
1884
4075
990
3089
3574
766
567
815
1186
828
2375
1643
1189
3152
2191
3664
4654
521
55
1162
3758
3411
2565
430
2471
441
1303
1020
1168
4132
4740
3307
921
1728
1965
854
800
2258
2334
133
207
2404
168
3595
4175
1745
3494
2663
3735
1182
243
2862
61
1064
319
1176
3368
1969
3585
2400
112
3810
433
123
1874
983
616
227
1123
2625
1991
1769
1901
190
1641
972
166
1115
470
908
1316
2264
2894
576
4860
1869
2239
46
124
1231
2704
2820
3402
764
1144
1213
334
126
912
588
539
1560
361
853
2186
695
1304
2668
1187
1570
1075
4123
727
3217
2330
3614
532
1344
2189
2396
1337
1816
1167
2426
398
88
1532
3456
1060
1005
2950
2980
96
4097
1520
1784
1766
28
437
3092
763
3777
231
502
47
3303
874
2219
66
1120
423
3892
164
2415
3909
1172
521
458
3432
410
784
1203
982
1822
4099
766
1614
3847
765
148
1432
300
2147
2585
1343
1547
1117
206
2665
2948
625
1771
1068
1679
1205
2266
208
204
42
3095
2850
1939
283
1992
225
1222
974
47
3426
1496
171
3166
2797
3302
2291
719
1625
2506
2082
3620
1469
7
2476
1373
1457
1370
3762
2283
1016
1424
1891
1909
1064
474
1647
1445
2025
1921
607
278
1295
1420
2597
1511
184
3223
93
380
100
3174
3012
2272
2457
1188
118
1840
538
4075
1762
3687
429
1824
4282
567
1663
1338
1372
487
2618
625
1312
3231
2904
811
1709
399
552
3446
430
53
3286
275
3178
243
347
2826
3527
127
1957
2297
219
3287
1318
2917
880
1718
3066
2727
833
1362
2894
546
941
3180
3051
3244
314
708
1046
4005
1154
1610
2772
211
610
2403
340
193
1859
3567
4567
1099
97
276
3047
564
2984
1532
2179
3223
727
547
58
684
1837
97
1708
168
2736
1276
1267
39
256
401
2420
1143
1941
275
3735
1617
1598
415
306
444
542
627
1819
4368
1036
4404
3069
1939
1784
2256
1178
1319
216
1552
2114
2169
1134
2046
37
278
2056
1270
1867
3007
675
1023
3786
1884
140
1031
1970
414
1200
1684
875
1346
2909
1808
1575
2918
3372
1627
3396
673
502
1836
4712
1095
1171
928
2748
1205
1314
3006
87
64
1731
225
1543
633
3150
2751
1346
577
1122
511
2982
1339
3549
2821
3237
4651
1017
356
1525
1288
1800
2467
438
143
1342
2687
754
1920
3815
671
1572
490
482
736
1472
3606
3025
3803
132
499
1621
464
2771
2666
312
453
209
2644
2489
2336
3138
3418
219
1294
3008
2740
2567
2093
167
2210
680
874
3032
1455
360
17
209
1183
1287
1204
2882
24
2487
3667
221
1363
478
1595
1901
608
2893
106
447
1904
1062
1054
256
565
2642
3956
2739
1325
1427
129
734
1318
735
2253
3319
1429
511
1943
3177
1166
47
3090
2017
2855
2896
1898
1318
950
574
2023
796
188
3190
2097
2968
1475
2508
1915
62
466
3278
1503
194
183
4627
2564
907
2326
3488
841
46
1020
3175
581
2202
632
2318
775
3110
3319
166
2234
4600
3359
2462
2320
769
2056
2413
215
2787
709
110
4247
2554
877
1011
1271
3110
813
3731
3393
1087
3136
1688
3223
1566
3793
3491
1105
2980
2801
1459
610
6
316
755
3277
925
554
279
3232
1235
2150
2854
1518
2012
1049
988
2523
2702
564
3421
762
2726
1530
4072
74
1123
3322
1267
1385
1821
3561
1203
1691
998
1502
2732
989
387
2061
2204
1655
956
426
2938
2239
343
142
1256
2104
2345
1202
782
2207
802
1736
1510
684
1775
1192
1405
2647
488
684
2022
879
1176
1460
2014
1974
1548
958
1066
3948
1095
4072
4286
273
131
1603
2384
1245
1229
554
3689
1588
399
312
1904
984
1770
911
4420
1793
2355
297
1084
2184
224
441
206
829
918
1058
748
3060
3919
1938
2147
861
771
2647
1171
3049
1124
432
1993
309
1588
3249
284
2942
1931
3492
2478
483
1417
3276
525
790
1794
603
2153
2999
1624
2037
1233
1066
874
1215
250
2606
1034
165
480
2824
3785
972
21
1939
3040
190
1245
653
71
2402
216
1107
4075
156
1279
23
751
2957
1528
2852
1289
269
1227
1214
263
294
2960
2638
333
630
910
1986
2854
899
3945
2731
1210
1414
1227
343
2794
4234
987
209
1876
463
1504
143
1880
211
296
1042
1586
261
3553
2391
2319
3217
468
3109
2643
322
1688
943
1468
261
231
1535
129
2320
3475
187
3431
2571
771
2400
316
3449
1883
1138
2491
41
672
3136
3803
1980
1393
1066
3424
1457
525
1328
1977
2537
3092
3625
4365
2958
3821
684
213
2177
3255
1994
633
4513
1151
3759
343
2891
660
176
3693
2551
3153
2132
1031
887
2722
576
3494
448
320
1444
1016
2379
2833
160
124
1928
445
2520
2426
2655
2132
2062
945
32
1511
2374
4102
308
684
1942
865
958
1083
333
1207
192
245
1754
1770
2406
387
2050
3080
504
1733
674
622
192
1516
401
1876
1679
4346
3122
3382
2833
1084
1931
1060
1030
2792
2726
574
1641
2260
1068
1225
2971
1545
45
193
3708
346
591
1402
57
1989
1139
4130
2874
2697
2483
4715
1796
2358
1314
393
257
1782
351
901
3980
3453
996
2628
2491
1462
1941
32
324
784
709
443
3287
3669
1086
55
1108
3066
495
1955
1066
819
80
535
2221
2006
863
718
1123
1715
1343
1362
1710
3385
923
1535
103
758
26
1062
908
2132
378
4360
849
1466
559
2282
1112
2540
2393
1171
3012
1701
3018
1736
682
4188
1690
2383
678
1397
2606
1453
2811
33
3722
2057
278
2225
301
1259
1367
2202
1404
4322
1564
1603
2788
1101
1563
2620
1860
3629
2704
4456
2679
1152
2543
2554
1524
1596
2275
441
1348
1419
430
1672
598
145
340
727
2823
3426
343
1294
1487
282
804
948
783
814
2397
329
1104
891
421
3589
1227
4072
2461
3062
3243
4171
1605
1495
1112
1910
4182
1648
832
39
4290
1537
2124
405
680
1404
3738
1096
2304
1482
1480
3087
517
384
2826
1934
989
223
2058
2508
2364
1820
2995
2679
1123
269
2394
728
1230
2180
2305
2196
55
550
1014
3684
433
2617
1343
448
1827
101
1369
1774
3129
321
1532
4425
397
3441
640
943
759
3413
1208
1300
4098
762
67
166
1214
825
2430
1869
1201
1256
2662
622
1758
1065
17
1378
1964
2588
2493
2749
2406
2465
2537
2002
2380
3514
2561
4404
3145
1280
1139
1078
4535
2571
1645
918
639
3688
811
1383
2106
1955
673
3694
403
4484
2734
3860
2429
2553
34
2784
964
597
2429
542
2601
2865
754
1687
2251
1219
552
1040
2239
177
2385
154
567
1139
957
3260
2060
1184
1480
1694
4440
126
413
52
1310
27
2891
2981
1968
2246
901
3022
369
2274
3572
992
2964
652
46
2906
927
1393
2128
808
2256
23
2517
906
810
1602
760
470
3290
1517
1922
665
3263
2255
4502
111
1444
733
68
1564
2076
521
3102
1662
3737
1611
170
2488
2171
827
2217
181
1077
639
1364
3091
1971
1238
1717
1470
1328
1651
1242
906
1434
542
1044
2059
1370
163
2999
381
788
118
2904
634
1043
1402
2153
4249
787
370
3630
1183
45
1614
226
1453
1689
1824
1792
1234
2275
2554
2779
2763
2208
576
3941
728
494
742
1352
2031
3990
1200
871
1840
478
750
932
449
1383
443
218
1976
2417
1873
922
875
712
941
955
286
2017
824
4141
1586
2704
4282
3988
2188
983
14
1040
2293
1092
486
303
3797
2682
3268
1053
3802
959
3954
342
733
499
439
354
2351
3484
381
180
39
3164
26
2781
741
1030
1135
1624
222
301
181
1552
491
3251
591
1522
383
1167
2801
806
3199
2638
193
108
1895
457
2118
1780
2976
2353
68
4450
594
2890
2693
1201
3666
1616
1155
4589
86
3287
2162
3104
3630
1127
2603
2903
773
3617
1819
423
2279
2618
1249
701
2974
1199
2880
2291
1198
914
2128
85
3584
2150
3811
2006
3563
2670
561
603
1182
703
1386
2592
295
3889
873
76
163
2361
2275
315
2452
2935
4230
1988
2653
410
1346
1377
3043
3987
528
1776
2295
2457
420
211
3744
907
844
550
3990
4744
1227
714
89
2502
1753
1605
1210
1642
1648
3860
1291
2374
3443
1430
2148
2254
2920
148
1741
154
3190
2337
2844
1024
1937
22
1673
3123
3199
2156
1231
2550
2028
1309
2090
2869
1374
257
68
814
103
2422
3740
2982
2071
2960
1097
2069
1250
1617
1767
279
1541
1464
1426
1377
186
324
1513
1232
2201
283
760
339
3476
4015
625
3442
215
1951
570
1547
187
270
2538
1505
309
415
1995
4057
3214
2387
1917
140
1389
1296
977
1285
4324
499
285
3677
0
2009
1999
117
271
2922
710
387
1021
3107
2035
2852
2194
3324
1071
16
2139
98
768
242
870
671
113
576
2659
1300
3365
795
168
702
936
993
3639
2440
4016
3933
612
1805
1012
142
1654
983
465
1493
350
3804
577
483
1164
34
2459
578
1382
4428
1021
2280
3141
2399
3875
700
752
2535
74
938
3443
465
2839
3937
3050
1296
3934
3847
1920
1134
375
3484
1634
296
1471
2638
4587
1585
2664
2207
152
3420
2380
2512
3121
785
799
4916
1083
3372
460
958
3111
3994
1543
4934
3073
4379
497
460
3868
3819
1880
1455
2473
2190
3703
860
4176
1985
31
2544
1992
2400
2018
3675
3544
842
525
2486
611
2977
3348
839
1706
840
696
2651
288
321
2115
2883
1273
2781
1359
58
1068
2935
1336
2902
1394
2211
2291
3383
3412
479
720
716
87
1502
1178
1587
4283
3258
1548
1559
211
1980
3377
3899
2408
4533
1670
1035
2179
2523
367
2355
1546
3334
1654
134
2751
2991
473
318
760
1626
271
2849
815
2138
779
1935
2200
1556
3997
1111
118
1820
1060
2153
1203
2447
93
653
329
393
28
2080
964
1225
1852
519
2836
1346
418
1170
1184
1133
1617
1364
2872
1087
1248
4566
1463
1423
3276
940
2246
266
861
2852
1694
617
3714
897
2473
880
2937
168
744
3347
3798
2706
1802
3773
794
3250
3858
53
336
1902
811
2146
659
1325
335
1193
3246
1371
3549
2563
252
1009
405
3777
537
2947
194
1964
3832
739
1044
2626
971
1042
800
2070
1920
900
734
492
3680
429
1539
2113
430
622
740
505
69
2450
709
1100
2220
682
424
631
1560
2183
1456
828
2948
4060
3660
452
3025
8
684
447
3355
2969
519
980
614
1964
2172
1370
3498
2568
849
833
544
725
3843
2296
447
1011
2080
287
2787
1211
1443
377
3062
1030
3843
1772
262
1968
2630
1261
834
2775
394
1727
506
784
2583
1647
2861
3348
2063
514
1565
508
3785
1776
2515
1929
734
866
2949
2455
804
3813
1549
2827
390
2061
1215
4347
2217
1148
4249
2629
2011
241
181
2111
2325
845
3182
940
1356
3516
2371
469
55
1229
1695
1828
1294
1941
3032
1089
2034
2813
160
220
1025
911
81
692
85
1876
2286
262
422
98
1065
3591
1026
550
2515
676
3276
2353
1656
779
2324
524
4731
4444
2149
621
236
914
2195
2776
4146
419
898
3934
1015
1873
3440
204
307
1059
3212
3105
241
251
3361
2413
461
3683
1902
1591
1047
1215
702
2400
216
61
38
2262
352
1032
413
439
753
2096
907
832
1358
1241
1243
563
3010
206
1486
1585
429
588
187
4133
652
1698
771
1451
3345
2397
3231
2297
71
106
1917
444
659
187
520
1661
135
735
2325
1444
1179
1478
2750
3837
2065
941
2280
3529
3663
3128
433
4314
161
1796
944
761
217
4230
1438
1906
325
1357
674
1181
1930
1395
3238
640
1044
4290
2162
1225
1524
1109
609
2956
1762
550
1706
790
404
1172
4616
258
3128
2189
276
181
913
2537
8
2086
2893
548
43
4041
93
269
97
2555
2180
423
1031
117
2072
1242
2045
2687
1311
59
67
1935
1635
1134
38
1214
958
764
1152
2142
1087
3301
4387
4247
4395
1016
767
1620
1084
3741
2379
300
2861
194
191
853
2999
259
2036
3066
102
53
1596
3938
1762
885
290
463
2751
113
1676
121
2304
3678
1371
3063
143
156
1200
190
1478
345
309
743
1591
2539
485
974
777
724
4261
2881
2178
1027
4068
565
1483
1023
971
1623
56
3383
2237
85
3304
852
1685
1749
536
487
933
1291
412
1752
680
189
60
258
1
115
3718
26
875
1118
1100
313
815
3132
2935
2187
358
1121
3667
186
2486
245
885
154
2533
1143
1898
2436
2395
915
1134
1877
1829
1094
337
3454
870
4569
680
141
2163
1299
91
28
2416
3156
2740
1550
485
250
3632
403
2314
188
430
3410
1489
1502
2186
3156
2044
1079
450
75
202
3296
1021
2767
1259
533
2031
12
1475
3198
1081
1946
4298
407
830
2764
2090
2412
2912
2868
220
1331
1415
2638
709
2147
1302
200
1834
4407
2153
2889
702
3279
2120
687
71
2281
3106
361
175
654
1183
436
179
738
2323
2789
2372
2599
1406
4451
1911
237
177
255
653
774
96
872
46
3506
2495
3374
4114
726
1181
3907
241
2555
241
1415
2386
4257
677
662
459
2185
121
210
2439
1497
584
2149
1178
542
791
2022
1629
1282
3271
3364
3015
3067
2110
2533
1712
3860
81
1686
177
4551
1585
365
1321
1347
752
4153
1964
1505
262
36
951
1010
558
2838
546
2919
43
1406
1036
4450
322
328
2199
8
505
2024
2312
4245
287
4133
1228
1009
1203
696
855
2657
2591
2406
959
1360
2251
86
811
1056
1377
172
251
323
74
14
1867
522
2731
2817
4401
148
681
3623
1412
2758
243
1677
240
2215
1000
253
1780
1155
2236
141
1778
37
1691
242
920
1398
1123
3412
2719
2401
2054
2468
1457
840
1475
4050
650
3703
2599
545
791
17
266
239
3383
1733
3399
928
965
209
1217
1153
1125
3164
226
72
2434
441
3496
627
855
2667
1475
1671
1784
2885
466
133
2069
3328
2288
2192
211
2511
3584
697
1671
1017
3779
1360
919
3037
2538
3940
1365
3550
1293
1799
1501
1501
1899
1260
99
2607
2118
375
2580
2802
1227
2889
1923
3530
732
1287
91
293
1499
1982
661
1426
2357
2147
464
1078
418
239
9
1295
2088
2704
2589
2175
3598
4373
2545
1456
206
3156
3502
221
2660
1297
3929
1348
3288
3188
4257
1011
1016
2617
756
2538
947
1568
213
1177
269
525
141
1054
793
127
1439
64
573
1667
432
988
1874
2213
206
1829
203
3541
2741
579
1203
2042
942
444
1787
2590
254
1383
3988
1510
1841
824
3040
1755
2737
305
2345
1531
708
1711
1204
2278
3549
2357
181
1976
1589
3312
864
1035
1544
459
695
421
1404
2696
1645
1026
2882
1233
2844
2620
402
795
932
2325
1040
4219
1728
2745
2102
1502
3041
576
2928
197
78
2126
1558
894
4656
2811
3767
1389
4185
2429
3185
3466
548
1838
2407
990
3623
298
1595
2551
4
1631
988
80
2702
2175
1111
2306
2919
3105
376
2325
451
3848
646
863
3333
824
1527
1802
333
4005
700
2606
1955
3728
1822
1203
3633
138
353
2630
212
2366
3783
929
517
394
808
3183
1698
2583
2562
1727
823
894
172
65
1970
1007
4407
1429
2423
389
210
1677
224
1008
1558
2120
1088
332
4228
1254
676
1553
714
2118
1828
219
421
316
1008
2293
2402
767
4033
1531
92
3279
3286
22
3970
899
2581
298
763
1663
1617
2155
2212
93
739
117
1875
1264
622
142
960
283
2984
2474
2097
1830
1891
3020
236
194
1821
2700
2536
711
1102
1797
3332
406
293
39
1251
605
1715
2564
1348
2561
2468
1332
3594
1906
74
931
2241
92
4138
1464
188
2501
421
980
1612
216
2942
1717
1281
2329
186
1021
1752
2006
1173
895
3177
796
765
1128
1967
36
1489
3396
3274
2019
1862
129
1716
576
4141
670
165
2145
3906
3823
2126
470
1478
522
2455
179
3189
1549
70
1202
1926
3997
3072
2117
142
2760
794
2834
1651
1324
821
343
559
576
3756
2829
1278
1577
1672
849
1830
1616
1454
761
49
3113
2491
2798
261
1269
1322
424
1295
2998
2096
1044
717
404
4526
507
345
930
2632
1225
2212
655
591
2291
2593
115
3112
547
263
1791
1189
2992
1898
1284
1883
121
1777
3162
2013
1187
1334
581
818
1881
3235
738
804
2386
1057
1838
1824
2709
2875
836
160
1262
4271
2441
12
3228
1214
2693
3859
896
1531
2264
386
1291
29
4298
373
2345
1953
2536
658
3044
753
4004
1790
3497
1670
706
1545
23
4426
2777
4507
1230
3183
365
2087
1184
1267
523
903
2496
141
554
427
933
3004
1824
2228
358
1615
724
35
1116
1452
852
891
3053
1852
3031
1522
2418
2262
171
2553
13
3773
1372
2765
68
1186
336
201
2861
1229
1553
1835
2920
3599
3732
1949
780
1265
424
2229
1727
215
3473
3409
1399
621
1162
2346
29
1662
3205
1632
1110
1748
2511
1287
1845
217
896
2066
3506
1299
3000
2950
3342
2245
3245
1576
2245
608
409
893
115
3208
338
1281
2480
370
641
4361
482
2416
791
1605
978
587
194
670
3537
331
1201
1483
3423
2735
2170
4003
896
778
3379
1836
612
821
928
2854
248
1925
182
4404
637
170
1852
484
308
512
108
1383
4294
1650
3556
940
1227
2313
2479
3042
3080
1897
996
1251
2470
89
795
2900
2709
1543
323
112
1154
1200
212
1426
172
2165
1407
2139
362
1536
586
1963
3489
1001
627
3500
1184
2263
395
3895
2574
239
1366
3982
3897
3327
548
1860
3684
226
73
1267
2750
1853
2572
2612
3156
3383
2998
1099
969
2308
1415
1691
4801
313
1098
1889
216
3226
1940
2593
305
649
95
1488
2689
44
3160
1859
140
1497
2839
1955
1041
1828
3553
3344
2511
1298
818
1303
1329
5
2683
758
1292
526
852
220
1528
903
2700
276
1883
4012
409
1327
3127
537
1807
3523
1533
229
1721
221
2623
2257
3940
2138
3518
1015
400
744
216
355
1220
24
2405
1096
2348
1352
1611
1905
2876
3824
654
2872
624
233
41
373
2068
1915
2300
1820
604
2248
862
1436
3087
2533
1920
303
1573
2171
2376
4037
2002
3146
3417
852
596
847
3874
2210
453
2359
616
2234
3281
3079
3620
3483
2476
2151
1258
3060
1871
1091
872
1158
54
1846
378
3249
537
794
1343
211
3674
1075
2256
2600
2105
546
80
1022
1817
1114
2341
2257
2808
2763
2747
1759
2793
143
2520
1345
581
3573
2392
1281
1757
3481
1238
1626
1591
2745
2078
1618
860
2008
1789
402
1009
1393
1082
129
1799
462
878
1005
1704
644
3553
3817
74
4303
3493
3479
2232
235
3175
4488
3441
2267
1528
743
2039
389
691
444
1570
3433
937
1083
3830
1777
975
148
1037
3430
2735
4038
4065
1771
3078
2677
3871
2625
2570
1930
3508
558
241
2708
499
1976
821
2687
1805
2065
2732
2884
1475
2061
3723
1551
1766
1280
3093
120
119
732
863
1306
3488
1775
2186
632
1706
3689
2837
1109
2355
454
1283
1979
438
120
1238
1037
4208
3462
3925
1560
2183
1246
2445
4178
543
804
459
2591
4255
614
1302
1684
198
4044
2340
1508
189
2772
2028
1
1787
1508
194
2354
445
274
137
502
3248
963
294
1491
2496
2050
2717
3099
1055
2263
313
387
2567
2830
709
1807
1064
2508
247
1754
1852
3294
935
3729
3942
2769
529
1054
40
1600
3077
1180
4463
709
1648
304
911
3592
2008
2489
1895
1890
134
4441
4089
796
462
2421
2321
3043
1682
2777
1211
1101
543
2087
824
1171
1615
4007
2097
696
456
1680
2627
3758
2928
4039
2390
1129
1157
798
4202
2591
1057
1570
2403
3821
275
974
1354
1271
236
1326
15
2207
2174
1921
566
192
1483
2772
414
1914
2643
1913
1206
1726
2360
1744
1577
497
879
819
1357
2540
3166
2269
362
1904
923
2641
1751
4642
2792
4554
984
259
1925
67
2692
960
597
748
4319
3999
3089
771
1226
557
3182
1963
1126
1063
1814
3521
2190
515
584
1921
3508
353
1930
2296
1505
2220
179
2331
2708
3460
1793
902
2756
1200
697
882
1283
3302
3103
3298
3472
1921
3547
1096
2823
2427
273
762
3261
389
512
4538
111
1621
2044
1503
176
799
2163
2527
1296
1244
882
2956
355
662
957
3174
3736
3616
720
2442
1284
330
634
1524
1598
1312
2638
3147
392
1144
1037
439
2340
863
2116
2522
3489
2094
227
2241
2413
1226
1330
3089
1527
804
2222
1345
694
3912
452
990
901
2806
701
3474
3730
3215
2238
3367
211
708
546
168
1103
226
698
1571
3389
1313
600
151
1648
2231
38
418
4045
3897
95
3416
1198
2438
2229
653
3429
219
407
2282
436
1047
2675
488
1061
2045
1152
2576
568
476
1345
3064
3608
331
425
2882
2068
1072
2549
1260
339
485
2653
2533
3604
1957
1017
4103
905
3909
1973
581
2338
469
878
609
4495
434
3246
2657
536
1777
271
1828
4053
1371
1549
2027
53
1351
898
2140
4355
1308
2430
791
2986
130
177
1634
764
770
3229
2591
1113
2802
55
1387
1656
3778
2770
181
910
1830
1024
67
1284
1184
4268
2122
843
2425
1335
1396
1832
3113
969
3244
490
2409
2597
3922
876
595
1230
2919
1118
1663
3476
1667
3861
1494
2091
1601
1774
1652
2062
1745
3870
3552
758
1928
4419
1016
461
1245
1487
1840
2021
1805
810
2254
1079
157
2330
3759
1032
312
221
3073
129
2721
1947
2029
3783
4306
1409
2715
2311
1977
4377
157
2404
101
310
743
4331
1835
1830
1009
2516
4602
1155
3685
866
202
870
4793
1348
742
1303
1189
2074
2360
1847
1685
1435
4407
2285
126
1702
2580
119
265
154
11
3390
900
1667
1509
514
1258
1057
2127
687
3867
3515
530
1083
228
707
174
344
3539
647
731
2853
585
126
2454
816
2703
630
1060
326
464
2211
84
521
2490
1515
1475
327
2276
1168
623
625
2444
940
1346
1635
335
50
122
896
882
811
1355
583
12
7
1541
2794
531
2429
2848
2517
1433
932
3590
1376
2924
603
233
1396
321
116
1222
2323
1721
719
517
3051
579
1154
438
2161
2337
2347
1980
3250
1866
628
2322
4050
205
3728
2817
1327
871
858
2262
3326
649
1465
485
2923
1844
1558
416
1411
1898
3158
371
139
12
1251
3936
2276
715
2295
1723
1075
1802
1332
2470
1128
1841
1783
2380
3099
208
297
969
2661
1980
1128
2050
273
265
155
1394
3623
1130
3162
1840
1970
743
3375
436
4
662
1361
1511
2790
847
1175
1228
1523
1032
146
1293
2282
1244
214
3665
2968
2181
2636
2730
58
3328
866
1835
3914
1401
3563
1874
1356
928
422
721
248
2154
2827
3808
1220
351
1909
2323
643
1366
578
2523
1780
2462
3766
1936
3327
391
1837
1184
