0
554279
1108558
1832233
2555908
4411431
6266954
8614325
10961696
13696546
16431396
20338653
24245910
28690579
33135248
38652106
44168964
50643400
57117836
65059254
73000672
81476223
89951774
99746458
109541142
119686087
129831032
141164792
152498552
163998665
175498778
187018645
198538512
210781353
223024194
236474904
249925614
264373303
278820992
293765027
308709062
324959989
341210916
357558653
373906390
390632661
407358932
425131986
442905040
461015297
479125554
497579573
516033592
534536022
553038452
573026740
593015028
614234238
635453448
657082355
678711262
701793164
724875066
748046360
771217654
794820499
818423344
842802906
867182468
892414873
917647278
942976803
968306328
994500760
1020695192
1048339036
1075982880
1104280631
1132578382
1161734916
1190891450
1221018548
1251145646
1281493904
1311842162
1342386670
1372931178
1404110126
1435289074
1467229417
1499169760
1532506012
1565842264
1599565638
1633289012
1667274886
1701260760
1735960734
1770660708
1805622620
